
======================================================================
#Extract Aozora Bunko Text Files
#Working folder: /home/level/Work
#Source: ./aozorabunko
#Target: ./AozoraTxt
#Commit List: ./AozoraTxt/etc/commit_3.txt (312)
#Date: Sun Mar  3 18:30:25 JST 2019
#Extracting
1/312: 60c26c2db7	cards/000005/files/53194_ruby_44732.zip
>> update 53194_ruby_hatsukoi.txt
>> update 53194_ruby_utf8_hatsukoi.txt
2/312: 47c64adaeb	cards/000008/files/1083_ruby_3812.zip
>> update 1083_ruby_nishin_gyojo.txt
>> update 1083_ruby_utf8_nishin_gyojo.txt
3/312: d03674051c	cards/000008/files/47357_ruby_65438.zip
>> update 47357_ruby_seikatsuno_tankyu.txt
>> update 47357_ruby_utf8_seikatsuno_tankyu.txt
4/312: 7f665baaa9	cards/000019/files/42383_ruby_19889.zip
>> update 42383_ruby_ningyono_hiisama.txt
>> update 42383_ruby_utf8_ningyono_hiisama.txt
5/312: 95247525e7	cards/000023/files/1699_ruby_1922.zip
>> update 1699_ruby_kasojinbutsu.txt
>> update 1699_ruby_utf8_kasojinbutsu.txt
6/312: 88f62e1756	cards/000026/files/55774_ruby_63520.zip
>> update 55774_ruby_santoshano_naka.txt
>> update 55774_ruby_utf8_santoshano_naka.txt
7/312: 88f62e1756	cards/000026/files/55778_ruby_63521.zip
>> update 55778_ruby_sono_isshukan.txt
>> update 55778_ruby_utf8_sono_isshukan.txt
8/312: 396aefcb36	cards/000034/files/233_ruby_2990.zip
>> git-mv 233_ruby_danmark_ruby.txt 233_ruby_denmaruku_kokuno_hanashi.txt
>> git-mv 233_ruby_utf8_danmark_ruby.txt 233_ruby_utf8_denmaruku_kokuno_hanashi.txt
9/312: 396aefcb36	cards/000034/files/519_ruby_2965.zip
>> update 519_ruby_koseieno_saidaiibutsu.txt
>> update 519_ruby_utf8_koseieno_saidaiibutsu.txt
10/312: 90698bd8d9	cards/000035/files/249_ruby_3658.zip
>> update 249_ruby_dangaino_sakkaku.txt
>> update 249_ruby_utf8_dangaino_sakkaku.txt
11/312: 4f090d10ed	cards/000035/files/255_ruby_2192.zip
>> update 255_ruby_dokeno_hana.txt
>> update 255_ruby_utf8_dokeno_hana.txt
12/312: 4ecc877831	cards/000035/files/276_ruby_1040.zip
>> update 276_ruby_kahei.txt
>> update 276_ruby_utf8_kahei.txt
13/312: f27e2eb41d	cards/000035/files/1565_ruby_8220.zip
>> update 1565_ruby_shayo.txt
>> update 1565_ruby_utf8_shayo.txt
14/312: 4f090d10ed	cards/000035/files/1575_ruby_24932.zip
>> update 1575_ruby_das_gemeine.txt
>> update 1575_ruby_utf8_das_gemeine.txt
15/312: 7953a75c28	cards/000035/files/1578_ruby_5242.zip
>> git-mv 1578_ruby_aitobinitsuite.txt 1578_ruby_aito_bini_tsuite.txt
>> git-mv 1578_ruby_utf8_aitobinitsuite.txt 1578_ruby_utf8_aito_bini_tsuite.txt
16/312: 90698bd8d9	cards/000035/files/1587_ruby_18163.zip
>> update 1587_ruby_mono_omou_ashi.txt
>> update 1587_ruby_utf8_mono_omou_ashi.txt
17/312: 90698bd8d9	cards/000035/files/1588_ruby_18036.zip
>> update 1588_ruby_hekigan_takuhatsu.txt
>> update 1588_ruby_utf8_hekigan_takuhatsu.txt
18/312: 90698bd8d9	cards/000035/files/1589_ruby_18015.zip
>> update 1589_ruby_monmon_nikki.txt
>> update 1589_ruby_utf8_monmon_nikki.txt
19/312: 90698bd8d9	cards/000035/files/1590_ruby_18034.zip
>> update 1590_ruby_shianno_haiboku.txt
>> update 1590_ruby_utf8_shianno_haiboku.txt
20/312: 90698bd8d9	cards/000035/files/1591_ruby_18016.zip
>> update 1591_ruby_kasukana_koe.txt
>> update 1591_ruby_utf8_kasukana_koe.txt
21/312: 90698bd8d9	cards/000035/files/1592_ruby_17960.zip
>> update 1592_ruby_ichinichino_roku.txt
>> update 1592_ruby_utf8_ichinichino_roku.txt
22/312: 90698bd8d9	cards/000035/files/1593_ruby_18017.zip
>> update 1593_ruby_ippo_zenshin_niho_taikyaku.txt
>> update 1593_ruby_utf8_ippo_zenshin_niho_taikyaku.txt
23/312: 90698bd8d9	cards/000035/files/1594_ruby_18018.zip
>> update 1594_ruby_fujini_tsuite.txt
>> update 1594_ruby_utf8_fujini_tsuite.txt
24/312: 90698bd8d9	cards/000035/files/1595_ruby_18019.zip
>> update 1595_ruby_shojiki_noto.txt
>> update 1595_ruby_utf8_shojiki_noto.txt
25/312: 90698bd8d9	cards/000035/files/1596_ruby_18020.zip
>> update 1596_ruby_yobo.txt
>> update 1596_ruby_utf8_yobo.txt
26/312: 90698bd8d9	cards/000035/files/1597_ruby_18021.zip
>> update 1597_ruby_shokutsu.txt
>> update 1597_ruby_utf8_shokutsu.txt
27/312: 90698bd8d9	cards/000035/files/1598_ruby_18022.zip
>> update 1598_ruby_ichimon_itto.txt
>> update 1598_ruby_utf8_ichimon_itto.txt
28/312: 90698bd8d9	cards/000035/files/1599_ruby_18035.zip
>> update 1599_ruby_tengu.txt
>> update 1599_ruby_utf8_tengu.txt
29/312: 90698bd8d9	cards/000035/files/1600_ruby_18033.zip
>> update 1600_ruby_geijutsu_girai.txt
>> update 1600_ruby_utf8_geijutsu_girai.txt
30/312: 90698bd8d9	cards/000035/files/1601_ruby_18037.zip
>> update 1601_ruby_wagahanseio_kataru.txt
>> update 1601_ruby_utf8_wagahanseio_kataru.txt
31/312: 90698bd8d9	cards/000035/files/1602_ruby_18023.zip
>> update 1602_ruby_shoshi.txt
>> update 1602_ruby_utf8_shoshi.txt
32/312: 90698bd8d9	cards/000035/files/1603_txt_18024.zip
>> update 1603_txt_kakumei.txt
>> update 1603_txt_utf8_kakumei.txt
33/312: 90698bd8d9	cards/000035/files/1604_ruby_18025.zip
>> update 1604_ruby_shosetsuno_omoshirosa.txt
>> update 1604_ruby_utf8_shosetsuno_omoshirosa.txt
34/312: 90698bd8d9	cards/000035/files/1605_ruby_18026.zip
>> update 1605_ruby_totoni_tsuite.txt
>> update 1605_ruby_utf8_totoni_tsuite.txt
35/312: 1dd59af5f7	cards/000035/files/2255_ruby_5624.zip
>> update 2255_ruby_udaijin_sanetomo.txt
>> update 2255_ruby_utf8_udaijin_sanetomo.txt
36/312: 4f090d10ed	cards/000035/files/2262_txt_34628.zip
>> git-mv 2262_txt_sarumen_kanjya_kyu.txt 2262_txt_sarumen_kanja_kyu.txt
>> git-mv 2262_txt_utf8_sarumen_kanjya_kyu.txt 2262_txt_utf8_sarumen_kanja_kyu.txt
37/312: c8b4975d33	cards/000035/files/2282_ruby_1996.zip
>> update 2282_ruby_tsugaru.txt
>> update 2282_ruby_utf8_tsugaru.txt
38/312: 90698bd8d9	cards/000035/files/18346_ruby_12211.zip
>> update 18346_ruby_kokorono_oja.txt
>> update 18346_ruby_utf8_kokorono_oja.txt
39/312: 90698bd8d9	cards/000035/files/18349_ruby_12213.zip
>> update 18349_ruby_konwakuno_ben.txt
>> update 18349_ruby_utf8_konwakuno_ben.txt
40/312: 90698bd8d9	cards/000035/files/18350_ruby_32521.zip
>> update 18350_ruby_sakegirai.txt
>> update 18350_ruby_utf8_sakegirai.txt
41/312: 90698bd8d9	cards/000035/files/18351_ruby_12209.zip
>> update 18351_ruby_bannento_joseito.txt
>> update 18351_ruby_utf8_bannento_joseito.txt
42/312: 90698bd8d9	cards/000035/files/18359_ruby_32523.zip
>> update 18359_ruby_sakkano_zo.txt
>> update 18359_ruby_utf8_sakkano_zo.txt
43/312: 90698bd8d9	cards/000035/files/18360_ruby_32525.zip
>> update 18360_ruby_sangatsu_sanjunichi.txt
>> update 18360_ruby_utf8_sangatsu_sanjunichi.txt
44/312: 90698bd8d9	cards/000035/files/24457_ruby_32392.zip
>> update 24457_ruby_koten_ryutodabi.txt
>> update 24457_ruby_utf8_koten_ryutodabi.txt
45/312: 90698bd8d9	cards/000035/files/43573_ruby_17862.zip
>> update 43573_ruby_shunchu.txt
>> update 43573_ruby_utf8_shunchu.txt
46/312: 90698bd8d9	cards/000035/files/45668_ruby_20027.zip
>> update 45668_ruby_rokugatsu_jukunichi.txt
>> update 45668_ruby_utf8_rokugatsu_jukunichi.txt
47/312: 90698bd8d9	cards/000035/files/45671_ruby_20800.zip
>> update 45671_ruby_mushumi.txt
>> update 45671_ruby_utf8_mushumi.txt
48/312: 90698bd8d9	cards/000035/files/45673_ruby_20799.zip
>> update 45673_ruby_watashino_chosakushu.txt
>> update 45673_ruby_utf8_watashino_chosakushu.txt
49/312: 90698bd8d9	cards/000035/files/45674_ruby_20803.zip
>> update 45674_ruby_shishin.txt
>> update 45674_ruby_utf8_shishin.txt
50/312: 90698bd8d9	cards/000035/files/45675_ruby_20802.zip
>> update 45675_ruby_jishinno_nasa.txt
>> update 45675_ruby_utf8_jishinno_nasa.txt
51/312: 90698bd8d9	cards/000035/files/45676_ruby_20801.zip
>> update 45676_ruby_sekaiteki.txt
>> update 45676_ruby_utf8_sekaiteki.txt
52/312: 90698bd8d9	cards/000035/files/45688_ruby_21351.zip
>> update 45688_ruby_goshogawara.txt
>> update 45688_ruby_utf8_goshogawara.txt
53/312: 90698bd8d9	cards/000035/files/45689_ruby_21352.zip
>> update 45689_ruby_sunakoya.txt
>> update 45689_ruby_utf8_sunakoya.txt
54/312: 90698bd8d9	cards/000035/files/45690_ruby_21353.zip
>> update 45690_ruby_mudai.txt
>> update 45690_ruby_utf8_mudai.txt
55/312: 90698bd8d9	cards/000035/files/45691_ruby_21557.zip
>> update 45691_ruby_yokozuna.txt
>> update 45691_ruby_utf8_yokozuna.txt
56/312: dc1ab7af39	cards/000040/files/47287_ruby_42321.zip
>> update 47287_ruby_soredemo_watashiwa_iku.txt
>> update 47287_ruby_utf8_soredemo_watashiwa_iku.txt
57/312: 70cb42d9fb	cards/000042/files/24398_ruby_14325.zip
>> update 24398_ruby_matsuri.txt
>> update 24398_ruby_utf8_matsuri.txt
58/312: 70cb42d9fb	cards/000042/files/24400_ruby_13274.zip
>> update 24400_ruby_hoshi.txt
>> update 24400_ruby_utf8_hoshi.txt
59/312: b845747355	cards/000050/files/3245_ruby_19569.zip
>> update 3245_ruby_ehonno_haru.txt
>> update 3245_ruby_utf8_ehonno_haru.txt
60/312: 683e3be4c2	cards/000050/files/43466_ruby_25777.zip
>> update 43466_ruby_koyahijiri.txt
>> update 43466_ruby_utf8_koyahijiri.txt
61/312: 73f88f1a09	cards/000051/files/1442_ruby_1060.zip
>> update 1442_ruby_kumono_iroiro.txt
>> update 1442_ruby_utf8_kumono_iroiro.txt
62/312: 73f88f1a09	cards/000051/files/1446_ruby_1063.zip
>> update 1446_ruby_gengotaino.txt
>> update 1446_ruby_utf8_gengotaino.txt
63/312: 723b5147ce	cards/000051/files/1448_ruby_4974.zip
>> update 1448_ruby_kyoukaku.txt
>> update 1448_ruby_utf8_kyoukaku.txt
64/312: 723b5147ce	cards/000051/files/1451_ruby_3806.zip
>> update 1451_ruby_mizu.txt
>> update 1451_ruby_utf8_mizu.txt
65/312: 38c0b4a98a	cards/000051/files/1452_ruby_16916.zip
>> update 1452_ruby_unmei.txt
>> update 1452_ruby_utf8_unmei.txt
66/312: 723b5147ce	cards/000051/files/3611_ruby_4010.zip
>> update 3611_ruby_sasainayode.txt
>> update 3611_ruby_utf8_sasainayode.txt
67/312: a16389ca48	cards/000051/files/4331_ruby_42047.zip
>> update 4331_ruby_doryokuron.txt
>> update 4331_ruby_utf8_doryokuron.txt
70/312: 455c6f9bba	cards/000061/files/377_ruby_2753.zip
>> git-mv 377_ruby_kokugo_oninno_hensen.txt 377_ruby_kokugo_on'inno_hensen.txt
>> git-mv 377_ruby_utf8_kokugo_oninno_hensen.txt 377_ruby_utf8_kokugo_on'inno_hensen.txt
71/312: a237fd6097	cards/000067/files/641_ruby_21646.zip
>> update 641_ruby_nekomachi.txt
>> update 641_ruby_utf8_nekomachi.txt
72/312: 4df587161a	cards/000067/files/859_ruby_21655.zip
>> update 859_ruby_02tsukini_hoeru.txt
>> update 859_ruby_utf8_02tsukini_hoeru.txt
73/312: 4df587161a	cards/000067/files/1768_ruby_18600.zip
>> update 1768_ruby_aoneko.txt
>> update 1768_ruby_utf8_aoneko.txt
74/312: 4df587161a	cards/000067/files/1769_ruby_18601.zip
>> update 1769_ruby_choo_yumemu.txt
>> update 1769_ruby_utf8_choo_yumemu.txt
75/312: ff6f0ed86c	cards/000067/files/1771_ruby_4225.zip
>> git-mv 1771_ruby_nissinsenso_ibun.txt 1771_ruby_nisshinsenso_ibun.txt
>> git-mv 1771_ruby_utf8_nissinsenso_ibun.txt 1771_ruby_utf8_nisshinsenso_ibun.txt
76/312: 4df587161a	cards/000067/files/1788_ruby_18602.zip
>> update 1788_ruby_02junjo_shokyokushu.txt
>> update 1788_ruby_utf8_02junjo_shokyokushu.txt
77/312: 4df587161a	cards/000067/files/1789_ruby_20545.zip
>> update 1789_ruby_01teihon_aoneko.txt
>> update 1789_ruby_utf8_01teihon_aoneko.txt
78/312: 7fdb2867bf	cards/000072/files/864_ruby_3401.zip
>> update 864_ruby_umon30.txt
>> update 864_ruby_utf8_umon30.txt
79/312: 03492edf2b	cards/000074/files/414_ruby_19797.zip
>> update 414_ruby_deinei.txt
>> update 414_ruby_utf8_deinei.txt
80/312: 03492edf2b	cards/000074/files/426_ruby_19827.zip
>> update 426_ruby_rojo.txt
>> update 426_ruby_utf8_rojo.txt
81/312: 9995d28a5e	cards/000074/files/427_ruby_19792.zip
>> git-mv 427_ruby_sakurano_kino_shita .txt 427_ruby_sakurano_kino_shita.txt
>> git-mv 427_ruby_utf8_sakurano_kino_shita .txt 427_ruby_utf8_sakurano_kino_shita.txt
82/312: 627ce52036	cards/000076/files/440_ruby_2581.zip
>> update 440_ruby_fuji.txt
>> update 440_ruby_utf8_fuji.txt
83/312: 996c7b06bb	cards/000076/files/1281_ruby_13577.zip
>> update 1281_ruby_shokuma.txt
>> update 1281_ruby_utf8_shokuma.txt
84/312: 8457eecb0f	cards/000076/files/1282_ruby_1855.zip
>> update 1282_ruby_boshijojo.txt
>> update 1282_ruby_utf8_boshijojo.txt
85/312: b542fb6fa6	cards/000076/files/1283_ruby_5364.zip
>> update 1283_ruby_tsuruwa_yamiki.txt
>> update 1283_ruby_utf8_tsuruwa_yamiki.txt
86/312: 717a4c758c	cards/000076/files/1284_ruby_13099.zip
>> update 1284_ruby_kawaakari.txt
>> update 1284_ruby_utf8_kawaakari.txt
87/312: afc0ff8b65	cards/000076/files/1285_ruby_1814.zip
>> update 1285_ruby_oshaku.txt
>> update 1285_ruby_utf8_oshaku.txt
88/312: 1a98a472b4	cards/000081/files/468_ruby_3642.zip
>> git-mv 468_ruby_saikachibuchi_ruby.txt 468_ruby_saikachibuchi.txt
>> git-mv 468_ruby_utf8_saikachibuchi_ruby.txt 468_ruby_utf8_saikachibuchi.txt
89/312: 53af310217	cards/000081/files/1924_ruby_14067.zip
>> git-mv 1924_ruby_gusukobudori.txt 1924_ruby_gusukobudorino_denki.txt
>> git-mv 1924_ruby_utf8_gusukobudori.txt 1924_ruby_utf8_gusukobudorino_denki.txt
90/312: 455c6f9bba	cards/000081/files/4461_ruby_6367.zip
>> update 4461_ruby_bungo_shiko_50.txt
>> update 4461_ruby_utf8_bungo_shiko_50.txt
91/312: 68aa45efa2	cards/000082/files/480_ruby_6016.zip
>> update 480_ruby_tamamono_mae.txt
>> update 480_ruby_utf8_tamamono_mae.txt
92/312: 729e9a36e7	cards/000082/files/966_ruby_2121.zip
>> git-mv 966_ruby_08obitorino_ike.txt 966_ruby_09haruno_yukidoke.txt
>> git-mv 966_ruby_utf8_08obitorino_ike.txt 966_ruby_utf8_09haruno_yukidoke.txt
93/312: 058950b0ea	cards/000082/files/1293_ruby_5382.zip
>> update 1293_ruby_01ofumino_tamashii.txt
>> update 1293_ruby_utf8_01ofumino_tamashii.txt
94/312: 46046fe7d3	cards/000082/files/1295_ruby_6315.zip
>> update 1295_ruby_04yuyano_nikai.txt
>> update 1295_ruby_utf8_04yuyano_nikai.txt
95/312: 95cf07226e	cards/000082/files/1307_ruby_6254.zip
>> update 1307_ruby_seiado_kidan.txt
>> update 1307_ruby_utf8_seiado_kidan.txt
96/312: 267f17bd29	cards/000082/files/33197_ruby_48031.zip
>> git-mv 33197_ruby_tanteiyawa.txt 33197_ruby_tantei_yawa.txt
>> git-mv 33197_ruby_utf8_tanteiyawa.txt 33197_ruby_utf8_tantei_yawa.txt
97/312: a6165c5ffc	cards/000082/files/45492_ruby_24517.zip
>> update 45492_ruby_yukionna.txt
>> update 45492_ruby_utf8_yukionna.txt
98/312: 4d16f89c69	cards/000094/files/530_ruby_20931.zip
>> update 530_ruby_kuroneko.txt
>> update 530_ruby_utf8_kuroneko.txt
99/312: 794786463f	cards/000094/files/605_ruby_20933.zip
>> update 605_ruby_morgue.txt
>> update 605_ruby_utf8_morgue.txt
100/312: 4d16f89c69	cards/000094/files/882_ruby_20929.zip
>> update 882_ruby_asshakeno_hokai.txt
>> update 882_ruby_utf8_asshakeno_hokai.txt
101/312: 6704eed92b	cards/000094/files/1871_ruby_17551.zip
>> update 1871_ruby_otoshianato_furiko.txt
>> update 1871_ruby_utf8_otoshianato_furiko.txt
102/312: 4d16f89c69	cards/000094/files/2523_ruby_19896.zip
>> update 2523_ruby_william_wilson.txt
>> update 2523_ruby_utf8_william_wilson.txt
103/312: 12fcf911c9	cards/000094/files/2524_ruby_19895.zip
>> update 2524_ruby_maelstrom_no_senka.txt
>> update 2524_ruby_utf8_maelstrom_no_senka.txt
104/312: 12fcf911c9	cards/000094/files/2526_ruby_17669.zip
>> update 2526_ruby_hayasugiru_maiso.txt
>> update 2526_ruby_utf8_hayasugiru_maiso.txt
105/312: 6704eed92b	cards/000094/files/42338_ruby_15461.zip
>> update 42338_ruby_nusumareta_tegami.txt
>> update 42338_ruby_utf8_nusumareta_tegami.txt
106/312: cdedfab564	cards/000096/files/2117_ruby_2061.zip
>> update 2117_ruby_nijushinzo.txt
>> update 2117_ruby_utf8_nijushinzo.txt
107/312: eee9b0fc2c	cards/000104/files/3056_ruby_6942.zip
>> update 3056_ruby_ariajinno_kodoku.txt
>> update 3056_ruby_utf8_ariajinno_kodoku.txt
108/312: 7d42dbc7af	cards/000106/files/2415_ruby_6159.zip
>> update 2415_ruby_omoide.txt
>> update 2415_ruby_utf8_omoide.txt
109/312: 1dd08f41e4	cards/000106/files/52296_ruby_41540.zip
>> update 52296_ruby_mikanyama_sansaku.txt
>> update 52296_ruby_utf8_mikanyama_sansaku.txt
110/312: 996c7b06bb	cards/000119/files/1743_ruby_5730.zip
>> update 1743_ruby_hikarito_kazeto_yume.txt
>> update 1743_ruby_utf8_hikarito_kazeto_yume.txt
111/312: deb21b6b5f	cards/000121/files/628_ruby_649.zip
>> update 628_ruby_gongitsune.txt
>> update 628_ruby_utf8_gongitsune.txt
112/312: deb21b6b5f	cards/000121/files/1754_ruby_5376.zip
>> update 1754_ruby_watarosanto_ushi.txt
>> update 1754_ruby_utf8_watarosanto_ushi.txt
113/312: 75c8b33839	cards/000121/files/3040_ruby_4300.zip
>> update 3040_ruby_he.txt
>> update 3040_ruby_utf8_he.txt
114/312: 271cdfc953	cards/000125/files/665_ruby_1503.zip
>> git-mv 665_ruby_jingai03.txt 665_ruby_03hamo_samuba_cho.txt
>> git-mv 665_ruby_utf8_jingai03.txt 665_ruby_utf8_03hamo_samuba_cho.txt
115/312: 271cdfc953	cards/000125/files/1067_ruby_1929.zip
>> git-mv 1067_ruby_jingai05.txt 1067_ruby_05inkora_parusutorisu.txt
>> git-mv 1067_ruby_utf8_jingai05.txt 1067_ruby_utf8_05inkora_parusutorisu.txt
116/312: 271cdfc953	cards/000125/files/1320_ruby_1925.zip
>> git-mv 1320_ruby_jingai01.txt 1320_ruby_01homo_kodassu.txt
>> git-mv 1320_ruby_utf8_jingai01.txt 1320_ruby_utf8_01homo_kodassu.txt
117/312: fb1dc8588c	cards/000129/files/2058_ruby_19627.zip
>> update 2058_ruby_shibue_chusai.txt
>> update 2058_ruby_utf8_shibue_chusai.txt
118/312: 12fcf911c9	cards/000129/files/2084_ruby_17360.zip
>> update 2084_ruby_izawa_ranken.txt
>> update 2084_ruby_utf8_izawa_ranken.txt
119/312: 563bc5e2f8	cards/000129/files/2522_ruby_5001.zip
>> update 2522_ruby_seinen.txt
>> update 2522_ruby_utf8_seinen.txt
120/312: 19f669e7a2	cards/000129/files/2595_ruby_20435.zip
>> update 2595_ruby_asobi.txt
>> update 2595_ruby_utf8_asobi.txt
121/312: a12c53873c	cards/000129/files/45224_ruby_19890.zip
>> update 45224_ruby_gan.txt
>> update 45224_ruby_utf8_gan.txt
122/312: e77e4ac2cd	cards/000136/files/731_ruby_3216.zip
>> git-mv 731_ruby_seisanryohari.txt 731_ruby_02seisanryohari.txt
>> git-mv 731_ruby_utf8_seisanryohari.txt 731_ruby_utf8_02seisanryohari.txt
123/312: 5adc7efcd9	cards/000140/files/50131_txt_42213.zip
>> update 50131_txt_asao_monogatari.txt
>> update 50131_txt_utf8_asao_monogatari.txt
124/312: 7d6cc6af10	cards/000148/files/782_ruby_2315.zip
>> update 782_ruby_meian.txt
>> update 782_ruby_utf8_meian.txt
125/312: 167bc23980	cards/000148/files/789_ruby_5639.zip
>> update 789_ruby_wagahaiwa_nekodearu.txt
>> update 789_ruby_utf8_wagahaiwa_nekodearu.txt
126/312: fc72f0d254	cards/000148/files/798_ruby_2413.zip
>> update 798_ruby_tegami.txt
>> update 798_ruby_utf8_tegami.txt
127/312: 0b6639b0c9	cards/000148/files/799_ruby_6024.zip
>> update 799_ruby_yume_juya.txt
>> update 799_ruby_utf8_yume_juya.txt
128/312: 721541678a	cards/000148/files/2671_ruby_6335.zip
>> update 2671_ruby_neko_chuhen.txt
>> update 2671_ruby_utf8_neko_chuhen.txt
129/312: 597d2a70f8	cards/000150/files/46596_ruby_50369.zip
>> update 46596_ruby_01chabanashi1915.txt
>> update 46596_ruby_utf8_01chabanashi1915.txt
130/312: 597d2a70f8	cards/000150/files/46615_ruby_50368.zip
>> update 46615_ruby_02chabanashi1916.txt
>> update 46615_ruby_utf8_02chabanashi1916.txt
131/312: 75eceab6ca	cards/000153/files/816_ruby_5621.zip
>> update 816_ruby_ichiakuno_suna.txt
>> update 816_ruby_utf8_ichiakuno_suna.txt
132/312: b46bc5996e	cards/000153/files/4103_ruby_9483.zip
>> update 4103_ruby_birodo.txt
>> update 4103_ruby_utf8_birodo.txt
133/312: e1fa9c7c5c	cards/000153/files/43031_ruby_16275.zip
>> update 43031_ruby_ichi_rikoshugishato_yujintono_taiwa.txt
>> update 43031_ruby_utf8_ichi_rikoshugishato_yujintono_taiwa.txt
134/312: e1fa9c7c5c	cards/000153/files/43070_ruby_16276.zip
>> update 43070_ruby_kaseino_shibai.txt
>> update 43070_ruby_utf8_kaseino_shibai.txt
135/312: 4916d670d8	cards/000153/files/46947_ruby_32324.zip
>> update 46947_ruby_torikage.txt
>> update 46947_ruby_utf8_torikage.txt
136/312: 07676fd387	cards/000153/files/49677_ruby_49019.zip
>> update 49677_ruby_kantenchi.txt
>> update 49677_ruby_utf8_kantenchi.txt
137/312: c3622b082b	cards/000160/files/3052_ruby_20533.zip
>> update 3052_ruby_jigokuno_shisha.txt
>> update 3052_ruby_utf8_jigokuno_shisha.txt
138/312: 4f19d2b94c	cards/000164/files/2948_ruby_6093.zip
>> update 2948_ruby_gokuchu_seikatsu.txt
>> update 2948_ruby_utf8_gokuchu_seikatsu.txt
139/312: 9a01d2b02f	cards/000165/files/2392_ruby_18.zip
>> git-mv 2392_ruby_kaijinjyuumankan .txt 2392_ruby_kaijinjyuumankan.txt
>> git-mv 2392_ruby_utf8_kaijinjyuumankan .txt 2392_ruby_utf8_kaijinjyuumankan.txt
140/312: 19f669e7a2	cards/000165/files/2395_ruby_24.zip
>> git-mv 2395_ruby_nijugonenkanno_bunjinno.txt 2395_ruby_nijugonenkanno_bunjin.txt
>> git-mv 2395_ruby_utf8_nijugonenkanno_bunjinno.txt 2395_ruby_utf8_nijugonenkanno_bunjin.txt
141/312: 7953a75c28	cards/000166/files/892_ruby_20935.zip
>> update 892_ruby_xanthis.txt
>> update 892_ruby_utf8_xanthis.txt
142/312: 2abcfe977c	cards/000168/files/3511_ruby_4087.zip
>> update 3511_ruby_yoruno_kutsu.txt
>> update 3511_ruby_utf8_yoruno_kutsu.txt
143/312: b11ec07d02	cards/000183/files/45301_ruby_39771.zip
>> git-mv 45301_ruby_lamp_no_tayori .txt 45301_ruby_lamp_no_tayori.txt
>> git-mv 45301_ruby_utf8_lamp_no_tayori .txt 45301_ruby_utf8_lamp_no_tayori.txt
144/312: eadffc017c	cards/000183/files/45320_ruby_37038.zip
>> git-mv 45320_ruby_shinshofukei.txt 45320_ruby_shinsho_fukei.txt
>> git-mv 45320_ruby_utf8_shinshofukei.txt 45320_ruby_utf8_shinsho_fukei.txt
145/312: 418a3240d4	cards/000183/files/45402_ruby_39785.zip
>> update 45402_ruby_yukigeshiki.txt
>> update 45402_ruby_utf8_yukigeshiki.txt
146/312: 103e69e347	cards/000183/files/45405_ruby_39781.zip
>> git-mv 45405_ruby_yabuno_hotori .txt 45405_ruby_yabuno_hotori.txt
>> git-mv 45405_ruby_utf8_yabuno_hotori .txt 45405_ruby_utf8_yabuno_hotori.txt
147/312: 900e864676	cards/000212/files/33229_ruby_19203.zip
>> update 33229_ruby_kodomono_sukecchicho.txt
>> update 33229_ruby_utf8_kodomono_sukecchicho.txt
148/312: 761a61ada4	cards/000214/files/1098_ruby_4607.zip
>> git-mv 1098_ruby_shojobyou.txt 1098_ruby_shojobyo.txt
>> git-mv 1098_ruby_utf8_shojobyou.txt 1098_ruby_utf8_shojobyo.txt
149/312: 6a2dac2f06	cards/000214/files/1669_ruby_8218.zip
>> update 1669_ruby_futon.txt
>> update 1669_ruby_utf8_futon.txt
150/312: f64dc418c3	cards/000218/files/1914_ruby_63481.zip
>> update 1914_ruby_jinseiron_note.txt
>> update 1914_ruby_utf8_jinseiron_note.txt
151/312: 4389868830	cards/000226/files/1150_ruby_38564.zip
>> update 1150_ruby_uchuno_hajimari.txt
>> update 1150_ruby_utf8_uchuno_hajimari.txt
152/312: a12c53873c	cards/000259/files/3552_ruby_1895.zip
>> update 3552_ruby_narashige_zappitsu.txt
>> update 3552_ruby_utf8_narashige_zappitsu.txt
153/312: 455c6f9bba	cards/000271/files/1556_ruby_1907.zip
>> update 1556_ruby_takiguchi_nyudo.txt
>> update 1556_ruby_utf8_takiguchi_nyudo.txt
154/312: ab88d28e77	cards/000279/files/1704_ruby_6918.zip
>> update 1704_ruby_mimizuno_tawagoto.txt
>> update 1704_ruby_utf8_mimizuno_tawagoto.txt
155/312: 2b4293504f	cards/000281/files/3596_ruby_38216.zip
>> update 3596_ruby_nihon_ideorogi_ron.txt
>> update 3596_ruby_utf8_nihon_ideorogi_ron.txt
156/312: 3cf6504e49	cards/000284/files/2938_txt_23390.zip
>> update 2938_txt_shina_mokurokugaku.txt
>> update 2938_txt_utf8_shina_mokurokugaku.txt
157/312: 95247525e7	cards/000290/files/1800_ruby_9298.zip
>> update 1800_ruby_tangesazen_nikkonomaki.txt
>> update 1800_ruby_utf8_tangesazen_nikkonomaki.txt
158/312: 95247525e7	cards/000290/files/24376_ruby_19087.zip
>> update 24376_ruby_tangesazen_ken'un.txt
>> update 24376_ruby_utf8_tangesazen_ken'un.txt
159/312: fd61c99f43	cards/000291/files/45649_ruby_26492.zip
>> update 45649_ruby_horoki_shoshutsu.txt
>> update 45649_ruby_utf8_horoki_shoshutsu.txt
160/312: 40e874df4c	cards/000295/files/42145_ruby_22356.zip
>> update 42145_ruby_imado_shinju.txt
>> update 42145_ruby_utf8_imado_shinju.txt
161/312: a01d0f5e86	cards/000296/files/47061_ruby_28378.zip
>> update 47061_ruby_gakumonno_susume.txt
>> update 47061_ruby_utf8_gakumonno_susume.txt
162/312: 455c6f9bba	cards/000301/files/1872_ruby_3491.zip
>> git-mv 1872_ruby_housouyawa.txt 1872_ruby_02hoso_yawa.txt
>> git-mv 1872_ruby_utf8_housouyawa.txt 1872_ruby_utf8_02hoso_yawa.txt
163/312: cbc819ad76	cards/000303/files/1875_ruby_42799.zip
>> update 1875_ruby_ishikarigawa.txt
>> update 1875_ruby_utf8_ishikarigawa.txt
164/312: 103e69e347	cards/000305/files/50382_ruby_38322.zip
>> git-mv 50382_ruby_kugatsu_juyokkano_asa .txt 50382_ruby_kugatsu_juyokkano_asa.txt
>> git-mv 50382_ruby_utf8_kugatsu_juyokkano_asa .txt 50382_ruby_utf8_kugatsu_juyokkano_asa.txt
165/312: 723b5147ce	cards/000305/files/50384_ruby_38363.zip
>> update 50384_ruby_ranpuno_kage.txt
>> update 50384_ruby_utf8_ranpuno_kage.txt
166/312: 723b5147ce	cards/000305/files/50393_ruby_38194.zip
>> update 50393_ruby_meshi_matsu_ma.txt
>> update 50393_ruby_utf8_meshi_matsu_ma.txt
167/312: 560ee0666b	cards/000307/files/43681_ruby_17722.zip
>> update 43681_ruby_hitotsuno_etiquette.txt
>> update 43681_ruby_utf8_hitotsuno_etiquette.txt
168/312: 4a0c2e8d26	cards/000311/files/4832_ruby_37804.zip
>> update 4832_ruby_01nikki1913.txt
>> update 4832_ruby_utf8_01nikki1913.txt
169/312: 4916d670d8	cards/000311/files/33187_ruby_11224.zip
>> update 33187_ruby_05gokuchueno_tegami1938.txt
>> update 33187_ruby_utf8_05gokuchueno_tegami1938.txt
170/312: a2e9ec987e	cards/000311/files/46235_ruby_37805.zip
>> update 46235_ruby_02nikki1914.txt
>> update 46235_ruby_utf8_02nikki1914.txt
171/312: 00c5d8ec3d	cards/000329/files/18376_ruby_12074.zip
>> update 18376_ruby_momotaro.txt
>> update 18376_ruby_utf8_momotaro.txt
172/312: 95cf07226e	cards/000331/files/2663_ruby_5331.zip
>> update 2663_ruby_ameno_kaiso.txt
>> update 2663_ruby_utf8_ameno_kaiso.txt
173/312: 7db429bbee	cards/000363/files/42286_ruby_36920.zip
>> update 42286_ruby_karamazofuno_kyodai_01.txt
>> update 42286_ruby_utf8_karamazofuno_kyodai_01.txt
174/312: 6753ca931b	cards/000372/files/44908_ruby_47928.zip
>> update 44908_ruby_shinano_kodaihoritsu.txt
>> update 44908_ruby_utf8_shinano_kodaihoritsu.txt
175/312: eceb468b5c	cards/000388/files/4908_ruby_8545.zip
>> update 4908_ruby_ginza.txt
>> update 4908_ruby_utf8_ginza.txt
176/312: 2ab8af8041	cards/000448/files/46449_ruby_24267.zip
>> update 46449_ruby_shikento_ikinawa.txt
>> update 46449_ruby_utf8_shikento_ikinawa.txt
177/312: bb52c198ee	cards/000457/files/43528_txt_17117.zip
>> update 43528_txt_kotobano_umino_okugaki.txt
>> update 43528_txt_utf8_kotobano_umino_okugaki.txt
178/312: 683e3be4c2	cards/000525/files/3507_ruby_11857.zip
>> update 3507_ruby_hino_hashira.txt
>> update 3507_ruby_utf8_hino_hashira.txt
179/312: 47c64adaeb	cards/000726/files/45988_ruby_27536.zip
>> update 45988_ruby_yanagihara_akiko.txt
>> update 45988_ruby_utf8_yanagihara_akiko.txt
180/312: af94a0cc29	cards/000748/files/46576_ruby_38774.zip
>> update 46576_ruby_showa_yugekitai.txt
>> update 46576_ruby_utf8_showa_yugekitai.txt
181/312: b7cafaf9b2	cards/000800/files/45251_ruby_47704.zip
>> update 45251_ruby_017kyokato_satomi.txt
>> update 45251_ruby_utf8_017kyokato_satomi.txt
182/312: cf0a6c3606	cards/000810/files/49947_ruby_39182.zip
>> git-mv 49947_ruby_shokudoraku_haruno_maki.txt 49947_ruby_kuidoraku_haruno_maki.txt
>> git-mv 49947_ruby_utf8_shokudoraku_haruno_maki.txt 49947_ruby_utf8_kuidoraku_haruno_maki.txt
183/312: cf0a6c3606	cards/000810/files/50686_ruby_42715.zip
>> git-mv 50686_ruby_shokudoraku_akino_maki.txt 50686_ruby_kuidoraku_akino_maki.txt
>> git-mv 50686_ruby_utf8_shokudoraku_akino_maki.txt 50686_ruby_utf8_kuidoraku_akino_maki.txt
184/312: 70cb42d9fb	cards/000879/files/36_ruby_627.zip
>> update 36_ruby_genkaku_sanbo.txt
>> update 36_ruby_utf8_genkaku_sanbo.txt
185/312: 2863c45d14	cards/000879/files/69_ruby_1321.zip
>> update 69_ruby_kappa.txt
>> update 69_ruby_utf8_kappa.txt
186/312: 70cb42d9fb	cards/000879/files/87_ruby_639.zip
>> update 87_ruby_konanno_ogi.txt
>> update 87_ruby_utf8_konanno_ogi.txt
187/312: 70cb42d9fb	cards/000879/files/107_ruby_596.zip
>> update 107_ruby_nenmatsuno_ichinichi.txt
>> update 107_ruby_utf8_nenmatsuno_ichinichi.txt
188/312: 04e7a7a7b1	cards/000879/files/153_ruby_2349.zip
>> update 153_ruby_susanono_mikoto.txt
>> update 153_ruby_utf8_susanono_mikoto.txt
189/312: 70cb42d9fb	cards/000879/files/167_ruby_588.zip
>> update 167_ruby_tenkibo.txt
>> update 167_ruby_utf8_tenkibo.txt
190/312: 418207b2b7	cards/000885/files/3323_ruby_6447.zip
>> git-mv 3323_ruby_shishono_bokumetsu.txt 3323_ruby_hiratsukasanto_watashi.txt
>> git-mv 3323_ruby_utf8_shishono_bokumetsu.txt 3323_ruby_utf8_hiratsukasanto_watashi.txt
191/312: 445c95b19a	cards/000908/files/51391_ruby_40326.zip
>> update 51391_ruby_006bunkyu_gannen_jugatsu.txt
>> update 51391_ruby_utf8_006bunkyu_gannen_jugatsu.txt
192/312: 89ac484123	cards/000914/files/4328_ruby_7734.zip
>> update 4328_ruby_christmas_carol.txt
>> update 4328_ruby_utf8_christmas_carol.txt
193/312: 352255f921	cards/000924/files/49192_ruby_39847.zip
>> update 49192_ruby_konokoo_nokoshite.txt
>> update 49192_ruby_utf8_konokoo_nokoshite.txt
194/312: 090f4af2ea	cards/000997/files/398_ruby_2016.zip
>> update 398_ruby_inochino_shoya.txt
>> update 398_ruby_utf8_inochino_shoya.txt
195/312: b797029f5c	cards/001029/files/43291_ruby_20925.zip
>> update 43291_ruby_meditationes.txt
>> update 43291_ruby_utf8_meditationes.txt
196/312: 7953a75c28	cards/001030/files/4805_ruby_14296.zip
>> update 4805_ruby_naoko.txt
>> update 4805_ruby_utf8_naoko.txt
197/312: 4d8c9aa5aa	cards/001030/files/55418_ruby_48736.zip
>> update 55418_ruby_aibiki.txt
>> update 55418_ruby_utf8_aibiki.txt
198/312: 4d8c9aa5aa	cards/001030/files/55421_ruby_48738.zip
>> update 55421_ruby_tabino_e.txt
>> update 55421_ruby_utf8_tabino_e.txt
199/312: 336282b211	cards/001054/files/18371_ruby_34702.zip
>> update 18371_ruby_hakubutsukan.txt
>> update 18371_ruby_utf8_hakubutsukan.txt
201/312: 022dc0b255	cards/001081/files/42233_ruby_37101.zip
>> git-mv 42233_ruby_tenchiujo.txt 42233_ruby_tenchi_ujo.txt
>> git-mv 42233_ruby_utf8_tenchiujo.txt 42233_ruby_utf8_tenchi_ujo.txt
203/312: b445430739	cards/001095/files/42917_ruby_24768.zip
>> update 42917_ruby_gutara_senki.txt
>> update 42917_ruby_utf8_gutara_senki.txt
204/312: 83f2ad77da	cards/001095/files/43205_ruby_23201.zip
>> update 43205_ruby_03misshitsu_daihanzai.txt
>> update 43205_ruby_utf8_03misshitsu_daihanzai.txt
205/312: 83f2ad77da	cards/001095/files/43212_ruby_23208.zip
>> update 43212_ruby_10fukumen_yashiki.txt
>> update 43212_ruby_utf8_10fukumen_yashiki.txt
206/312: 06ba28a3b4	cards/001095/files/43215_ruby_23211.zip
>> update 43215_ruby_13guyo.txt
>> update 43215_ruby_utf8_13guyo.txt
207/312: 83f2ad77da	cards/001095/files/43219_ruby_23303.zip
>> update 43219_ruby_17kazokuwa_rokunin.txt
>> update 43219_ruby_utf8_17kazokuwa_rokunin.txt
208/312: 83f2ad77da	cards/001095/files/43222_ruby_23306.zip
>> update 43222_ruby_20kojiki_danshaku.txt
>> update 43222_ruby_utf8_20kojiki_danshaku.txt
209/312: 6486eb5021	cards/001095/files/45799_ruby_38354.zip
>> update 45799_ruby_takeyabuno_ie.txt
>> update 45799_ruby_utf8_takeyabuno_ie.txt
210/312: 6486eb5021	cards/001095/files/45807_ruby_38246.zip
>> update 45807_ruby_chiisana_heya.txt
>> update 45807_ruby_utf8_chiisana_heya.txt
211/312: 6486eb5021	cards/001095/files/45810_ruby_38248.zip
>> update 45810_ruby_fumoto.txt
>> update 45810_ruby_utf8_fumoto.txt
212/312: 1ddb190077	cards/001095/files/45815_ruby_38247.zip
>> update 45815_ruby_nagashimano_shi.txt
>> update 45815_ruby_utf8_nagashimano_shi.txt
213/312: 6486eb5021	cards/001095/files/45816_ruby_38430.zip
>> git-mv 45816_ruby_tanitansanno_shizukana.txt 45816_ruby_tanitanzono_shizukana_shosetsu.txt
>> git-mv 45816_ruby_utf8_tanitansanno_shizukana.txt 45816_ruby_utf8_tanitanzono_shizukana_shosetsu.txt
214/312: 6486eb5021	cards/001095/files/45820_ruby_38353.zip
>> update 45820_ruby_kan'inni_yosu.txt
>> update 45820_ruby_utf8_kan'inni_yosu.txt
215/312: 6486eb5021	cards/001095/files/45825_ruby_38352.zip
>> git-mv 45825_ruby_iyokuteki_sosaku_bunshono.txt 45825_ruby_iyokuteki_sosaku_bunshono_keishiki.txt
>> git-mv 45825_ruby_utf8_iyokuteki_sosaku_bunshono.txt 45825_ruby_utf8_iyokuteki_sosaku_bunshono_keishiki.txt
216/312: 6486eb5021	cards/001095/files/45830_ruby_38245.zip
>> update 45830_ruby_sobomu.txt
>> update 45830_ruby_utf8_sobomu.txt
217/312: 6486eb5021	cards/001095/files/45832_ruby_38428.zip
>> update 45832_ruby_kotanno_fukakuo_haisu.txt
>> update 45832_ruby_utf8_kotanno_fukakuo_haisu.txt
218/312: 6486eb5021	cards/001095/files/45833_ruby_38427.zip
>> git-mv 45833_ruby_kindanni_karamaru_shiteki.txt 45833_ruby_kindanni_karamaru_shiteki_yoso.txt
>> git-mv 45833_ruby_utf8_kindanni_karamaru_shiteki.txt 45833_ruby_utf8_kindanni_karamaru_shiteki_yoso.txt
219/312: 6486eb5021	cards/001095/files/45835_ruby_38431.zip
>> update 45835_ruby_nigetai_kokoro.txt
>> update 45835_ruby_utf8_nigetai_kokoro.txt
220/312: 6486eb5021	cards/001095/files/45840_ruby_38429.zip
>> update 45840_ruby_sakuraecho_sonota.txt
>> update 45840_ruby_utf8_sakuraecho_sonota.txt
221/312: 51dd76aa19	cards/001097/files/42692_ruby_21001.zip
>> update 42692_ruby_jiromonogatari_1.txt
>> update 42692_ruby_utf8_jiromonogatari_1.txt
222/312: d4308eed90	cards/001097/files/43790_ruby_20882.zip
>> update 43790_ruby_jiromonogatari_3.txt
>> update 43790_ruby_utf8_jiromonogatari_3.txt
223/312: b5aa45f62b	cards/001120/files/42767_ruby_15339.zip
>> update 42767_ruby_mujintoniikiru_jurokunin.txt
>> update 42767_ruby_utf8_mujintoniikiru_jurokunin.txt
224/312: 9ca3ebdce5	cards/001121/files/47067_ruby_38070.zip
>> update 47067_ruby_suishono_sen.txt
>> update 47067_ruby_utf8_suishono_sen.txt
225/312: d3f2a51e50	cards/001154/files/44707_ruby_38251.zip
>> update 44707_ruby_bunkatowa.txt
>> update 44707_ruby_utf8_bunkatowa.txt
226/312: d3f2a51e50	cards/001154/files/44708_ruby_38252.zip
>> git-mv 44708_ruby_nihonbunkano_tokushitsu.txt 44708_ruby_nihon_bunkano_tokushitsu.txt
>> git-mv 44708_ruby_utf8_nihonbunkano_tokushitsu.txt 44708_ruby_utf8_nihon_bunkano_tokushitsu.txt
227/312: 1ddb190077	cards/001154/files/44709_ruby_38253.zip
>> update 44709_ruby_sensoto_bunka.txt
>> update 44709_ruby_utf8_sensoto_bunka.txt
228/312: d3f2a51e50	cards/001154/files/44710_ruby_38255.zip
>> update 44710_ruby_seinenno_hokorito_tashinami.txt
>> update 44710_ruby_utf8_seinenno_hokorito_tashinami.txt
229/312: d3f2a51e50	cards/001154/files/44711_ruby_38254.zip
>> update 44711_ruby_seinenno_yumeto_yuutsu.txt
>> update 44711_ruby_utf8_seinenno_yumeto_yuutsu.txt
230/312: d3f2a51e50	cards/001154/files/44712_txt_38256.zip
>> update 44712_txt_hitokoto.txt
>> update 44712_txt_utf8_hitokoto.txt
231/312: d3f2a51e50	cards/001154/files/44713_txt_38257.zip
>> git-mv 44713_txt_santobuuvusenshu_suisenno.txt 44713_txt_santo_buvu_senshu_suisenno_kotoba.txt
>> git-mv 44713_txt_utf8_santobuuvusenshu_suisenno.txt 44713_txt_utf8_santo_buvu_senshu_suisenno_kotoba.txt
232/312: d3f2a51e50	cards/001154/files/44715_txt_38259.zip
>> git-mv 44715_txt_akutagawasho18_senpyo.txt 44715_txt_akutagawasho_dai18kai_senpyo.txt
>> git-mv 44715_txt_utf8_akutagawasho18_senpyo.txt 44715_txt_utf8_akutagawasho_dai18kai_senpyo.txt
233/312: d3f2a51e50	cards/001154/files/44718_txt_38263.zip
>> git-mv 44718_txt_chihobungakuno_shoko.txt 44718_txt_chiho_bungakuno_shoko.txt
>> git-mv 44718_txt_utf8_chihobungakuno_shoko.txt 44718_txt_utf8_chiho_bungakuno_shoko.txt
234/312: c62cc9584e	cards/001154/files/44732_ruby_38403.zip
>> update 44732_ruby_nihonjintowa.txt
>> update 44732_ruby_utf8_nihonjintowa.txt
235/312: aecec616ad	cards/001164/files/43670_ruby_18588.zip
>> update 43670_ruby_keizaigaku_kazei_shogenri.txt
>> update 43670_ruby_utf8_keizaigaku_kazei_shogenri.txt
236/312: 996c7b06bb	cards/001168/files/46363_ruby_25564.zip
>> update 46363_ruby_kaisoroku.txt
>> update 46363_ruby_utf8_kaisoroku.txt
237/312: 9dae7a5432	cards/001191/files/55276_ruby_59506.zip
>> update 55276_ruby_hikaku_shinwagaku.txt
>> update 55276_ruby_utf8_hikaku_shinwagaku.txt
238/312: 6fa2bb3be4	cards/001224/files/46076_ruby_49472.zip
>> update 46076_ruby_mato.txt
>> update 46076_ruby_utf8_mato.txt
239/312: ebe8e7f7bb	cards/001234/files/46340_ruby_24806.zip
>> update 46340_ruby_faraday_no_den.txt
>> update 46340_ruby_utf8_faraday_no_den.txt
240/312: 683e3be4c2	cards/001235/files/49866_ruby_41853.zip
>> update 49866_ruby_henshin.txt
>> update 49866_ruby_utf8_henshin.txt
242/312: 1e4c07873e	cards/001310/files/47742_ruby_37699.zip
>> update 47742_ruby_marunouchi.txt
>> update 47742_ruby_utf8_marunouchi.txt
243/312: af94a0cc29	cards/001312/files/47709_txt_34081.zip
>> update 47709_txt_suzakino_insho.txt
>> update 47709_txt_utf8_suzakino_insho.txt
244/312: e4d8b231eb	cards/001341/files/55302_txt_50625.zip
>> update 55302_txt_06danchoteinikki_makino_go.txt
>> update 55302_txt_utf8_06danchoteinikki_makino_go.txt
245/312: d446413c70	cards/001373/files/55979_ruby_50386.zip
>> update 55979_ruby_fuefukigawano_joryu.txt
>> update 55979_ruby_utf8_fuefukigawano_joryu.txt
246/312: d446413c70	cards/001373/files/55980_ruby_50555.zip
>> update 55980_ruby_okuchichibuno_yamatabi_nikki.txt
>> update 55980_ruby_utf8_okuchichibuno_yamatabi_nikki.txt
247/312: d446413c70	cards/001373/files/55981_ruby_50387.zip
>> update 55981_ruby_kamasawa_ko.txt
>> update 55981_ruby_utf8_kamasawa_ko.txt
248/312: 37af654785	cards/001383/files/56698_ruby_59448.zip
>> update 56698_ruby_01sasameyuki_jokan.txt
>> update 56698_ruby_utf8_01sasameyuki_jokan.txt
252/312: 47c64adaeb	cards/001421/files/50422_ruby_43515.zip
>> update 50422_ruby_santarono_nikki_daiichi.txt
>> update 50422_ruby_utf8_santarono_nikki_daiichi.txt
253/312: 8b4f07048a	cards/001421/files/50423_ruby_46749.zip
>> update 50423_ruby_santarono_nikki_daisan.txt
>> update 50423_ruby_utf8_santarono_nikki_daisan.txt
254/312: 6894bbf14c	cards/001430/files/50346_ruby_39142.zip
>> update 50346_ruby_tomeiningen.txt
>> update 50346_ruby_utf8_tomeiningen.txt
255/312: 1d5e8a47dd	cards/001446/files/50533_ruby_40151.zip
>> update 50533_ruby_aru_shokkono_shuki.txt
>> update 50533_ruby_utf8_aru_shokkono_shuki.txt
256/312: 1d5e8a47dd	cards/001446/files/50534_ruby_39743.zip
>> update 50534_ruby_baienno_nioi.txt
>> update 50534_ruby_utf8_baienno_nioi.txt
257/312: d52d382b15	cards/001475/files/50977_ruby_46356.zip
>> update 50977_ruby_denshinbashirato_myona_otoko.txt
>> update 50977_ruby_utf8_denshinbashirato_myona_otoko.txt
258/312: 54a7a60ddf	cards/001475/files/50978_ruby_46213.zip
>> update 50978_ruby_tsubameto_kojikinoko.txt
>> update 50978_ruby_utf8_tsubameto_kojikinoko.txt
259/312: 54a7a60ddf	cards/001475/files/50984_ruby_46369.zip
>> update 50984_ruby_yuyake_monogatari.txt
>> update 50984_ruby_utf8_yuyake_monogatari.txt
260/312: 54a7a60ddf	cards/001475/files/50988_ruby_46355.zip
>> update 50988_ruby_tsubameno_hanashi.txt
>> update 50988_ruby_utf8_tsubameno_hanashi.txt
261/312: 54a7a60ddf	cards/001475/files/50991_ruby_46358.zip
>> update 50991_ruby_nakunatta_ningyou.txt
>> update 50991_ruby_utf8_nakunatta_ningyou.txt
262/312: f8992c0301	cards/001475/files/51011_ruby_49966.zip
>> update 51011_ruby_akai_tebukuro.txt
>> update 51011_ruby_utf8_akai_tebukuro.txt
263/312: 54a7a60ddf	cards/001475/files/51021_ruby_47919.zip
>> update 51021_ruby_monogusa_jijiino_raise.txt
>> update 51021_ruby_utf8_monogusa_jijiino_raise.txt
264/312: 924bab300f	cards/001475/files/51026_ruby_47924.zip
>> git-mv 51026_ruby_chisana_akaihana.txt 51026_ruby_chiisana_akaihana.txt
>> git-mv 51026_ruby_utf8_chisana_akaihana.txt 51026_ruby_utf8_chiisana_akaihana.txt
265/312: 54a7a60ddf	cards/001475/files/51034_ruby_47929.zip
>> update 51034_ruby_nobara.txt
>> update 51034_ruby_utf8_nobara.txt
266/312: ccccc19bfe	cards/001475/files/51067_ruby_48971.zip
>> update 51067_ruby_okina_kani.txt
>> update 51067_ruby_utf8_okina_kani.txt
267/312: 54a7a60ddf	cards/001475/files/51101_ruby_48137.zip
>> update 51101_ruby_aoi_hanano_kaori.txt
>> update 51101_ruby_utf8_aoi_hanano_kaori.txt
268/312: 54a7a60ddf	cards/001475/files/51512_ruby_48105.zip
>> update 51512_ruby_oppai.txt
>> update 51512_ruby_utf8_oppai.txt
269/312: 54a7a60ddf	cards/001475/files/51562_ruby_48100.zip
>> update 51562_ruby_kogarashino_fuku_ban.txt
>> update 51562_ruby_utf8_kogarashino_fuku_ban.txt
270/312: 54a7a60ddf	cards/001475/files/51578_ruby_48098.zip
>> update 51578_ruby_shashin'yasan.txt
>> update 51578_ruby_utf8_shashin'yasan.txt
271/312: 54a7a60ddf	cards/001475/files/51590_ruby_48101.zip
>> update 51590_ruby_shirokumano_ko.txt
>> update 51590_ruby_utf8_shirokumano_ko.txt
272/312: 54a7a60ddf	cards/001475/files/51620_ruby_48102.zip
>> update 51620_ruby_tsumetai_meron.txt
>> update 51620_ruby_utf8_tsumetai_meron.txt
273/312: 54a7a60ddf	cards/001475/files/52047_ruby_46572.zip
>> update 52047_ruby_ojiisanga_sutetara.txt
>> update 52047_ruby_utf8_ojiisanga_sutetara.txt
274/312: 54a7a60ddf	cards/001475/files/52059_ruby_46574.zip
>> update 52059_ruby_kuroi_choto_okasan.txt
>> update 52059_ruby_utf8_kuroi_choto_okasan.txt
275/312: 54a7a60ddf	cards/001475/files/52071_ruby_46575.zip
>> update 52071_ruby_suirenwa_saitaga.txt
>> update 52071_ruby_utf8_suirenwa_saitaga.txt
276/312: 54a7a60ddf	cards/001475/files/52100_ruby_46577.zip
>> update 52100_ruby_nekoto_oshiruko.txt
>> update 52100_ruby_utf8_nekoto_oshiruko.txt
277/312: 54a7a60ddf	cards/001475/files/52109_ruby_46578.zip
>> update 52109_ruby_furui_hasami.txt
>> update 52109_ruby_utf8_furui_hasami.txt
278/312: 54a7a60ddf	cards/001475/files/52113_ruby_46579.zip
>> update 52113_ruby_masachanto_akai_ringo.txt
>> update 52113_ruby_utf8_masachanto_akai_ringo.txt
279/312: d52d382b15	cards/001475/files/52121_ruby_47064.zip
>> update 52121_ruby_warawanakatta_shonen.txt
>> update 52121_ruby_utf8_warawanakatta_shonen.txt
280/312: 54a7a60ddf	cards/001475/files/52961_ruby_46818.zip
>> update 52961_ruby_arashino_maeno_kito_torino.txt
>> update 52961_ruby_utf8_arashino_maeno_kito_torino.txt
281/312: 54a7a60ddf	cards/001475/files/52963_ruby_46817.zip
>> update 52963_ruby_aru_marino_issho.txt
>> update 52963_ruby_utf8_aru_marino_issho.txt
282/312: 54a7a60ddf	cards/001475/files/52964_ruby_46821.zip
>> update 52964_ruby_aruyono_hoshitachino_hanashi.txt
>> update 52964_ruby_utf8_aruyono_hoshitachino_hanashi.txt
283/312: 54a7a60ddf	cards/001475/files/52967_ruby_46822.zip
>> update 52967_ruby_okamio_damashita_ojiisan.txt
>> update 52967_ruby_utf8_okamio_damashita_ojiisan.txt
285/312: 1dd59af5f7	cards/001520/files/51821_ruby_47916.zip
>> update 51821_ruby_mingeitowa_nanika.txt
>> update 51821_ruby_utf8_mingeitowa_nanika.txt
286/312: cf0a6c3606	cards/001529/files/52211_ruby_46185.zip
>> update 52211_ruby_ezo_obake_retsuden.txt
>> update 52211_ruby_utf8_ezo_obake_retsuden.txt
287/312: 22a10a3d58	cards/001562/files/52415_ruby_50559.zip
>> update 52415_ruby_07sekihekino_maki.txt
>> update 52415_ruby_utf8_07sekihekino_maki.txt
288/312: 022dc0b255	cards/001569/files/53492_ruby_49727.zip
>> update 53492_ruby_tsunkono_hotori.txt
>> update 53492_ruby_utf8_tsunkono_hotori.txt
289/312: 9e4d82784a	cards/001579/files/53241_ruby_49664.zip
>> update 53241_ruby_04jojo_shokyokushu.txt
>> update 53241_ruby_utf8_04jojo_shokyokushu.txt
290/312: 2f852f25ef	cards/001581/files/55186_ruby_51747.zip
>> update 55186_ruby_mukashino_nishikatamachino_hito.txt
>> update 55186_ruby_utf8_mukashino_nishikatamachino_hito.txt
291/312: 879947606e	cards/001581/files/55187_ruby_50742.zip
>> update 55187_ruby_kengaku.txt
>> update 55187_ruby_utf8_kengaku.txt
292/312: 09d6169291	cards/001652/files/54365_txt_65431.zip
>> update 54365_txt_utano_nai_uta.txt
>> update 54365_txt_utf8_utano_nai_uta.txt
293/312: ca4e5e1ffc	cards/001670/files/54638_ruby_53763.zip
>> update 54638_ruby_311kijo.txt
>> update 54638_ruby_utf8_311kijo.txt
294/312: 202efd962d	cards/001670/files/54654_ruby_58720.zip
>> update 54654_ruby_153kojinboki.txt
>> update 54654_ruby_utf8_153kojinboki.txt
295/312: 202efd962d	cards/001670/files/54660_ruby_58725.zip
>> update 54660_ruby_154takono_kikei.txt
>> update 54660_ruby_utf8_154takono_kikei.txt
296/312: 794786463f	cards/001670/files/55088_ruby_55289.zip
>> update 55088_ruby_gakusei_monogatari.txt
>> update 55088_ruby_utf8_gakusei_monogatari.txt
297/312: 0f9115fcda	cards/001670/files/56114_ruby_55958.zip
>> update 56114_ruby_06mugenno_koi.txt
>> update 56114_ruby_utf8_06mugenno_koi.txt
298/312: e86d835ad2	cards/001670/files/56209_ruby_62512.zip
>> update 56209_ruby_058minagesuru_onna.txt
>> update 56209_ruby_utf8_058minagesuru_onna.txt
299/312: e86d835ad2	cards/001670/files/56210_ruby_60097.zip
>> update 56210_ruby_069kinno_koi.txt
>> update 56210_ruby_utf8_069kinno_koi.txt
300/312: e86d835ad2	cards/001670/files/56218_ruby_60093.zip
>> update 56218_ruby_061yukino_ashiato.txt
>> update 56218_ruby_utf8_061yukino_ashiato.txt
301/312: e86d835ad2	cards/001670/files/56315_ruby_62503.zip
>> update 56315_ruby_053kouta_omasa.txt
>> update 56315_ruby_utf8_053kouta_omasa.txt
307/312: 08a7f7a3f3	cards/001758/files/55891_ruby_56940.zip
>> update 55891_ruby_venice_ni_shisu.txt
>> update 55891_ruby_utf8_venice_ni_shisu.txt
308/312: 43ee1ddb98	cards/001774/files/56171_ruby_53103.zip
>> update 56171_ruby_girisha_juji.txt
>> update 56171_ruby_utf8_girisha_juji.txt
310/312: 1fcc74e5be	cards/001869/files/57787_ruby_64306.zip
>> update 57787_ruby_mominokiwa_nokotta03.txt
>> update 57787_ruby_utf8_mominokiwa_nokotta03.txt
311/312: 1fcc74e5be	cards/001869/files/57788_ruby_63806.zip
>> update 57788_ruby_mominokiwa_nokotta01.txt
>> update 57788_ruby_utf8_mominokiwa_nokotta01.txt
#Creating ./AozoraTxt/etc/filename_illegal.txt
Title  Total: 29811 (Accepted:296/Reject:0/Rename:68/Empty:0/Multi txt:0/NPD:0)
Git Failed  : 0
Start: Sun Mar  3 18:30:25 JST 2019
End  : Sun Mar  3 18:42:56 JST 2019
