
======================================================================
#Extract Aozora Bunko Text Files
#Working folder: /mnt/c/Work
#Source: ./aozorabunko
#Target: ./AozoraTxt
#Date: Mon Jul  1 21:24:15 JST 2019
#Git pull
From https://github.com/aozorabunko/aozorabunko
   f9dcc25b59..026667bead  master     -> origin/master
Updating f9dcc25b59..026667bead
Fast-forward
 cards/000214/card48854.html                   |   2 +-
 cards/000214/card48860.html                   |   2 +-
 cards/001569/card59202.html                   | 234 ++++++++++++++++++++++++++
 cards/001569/files/59202_68469.html           | 107 ++++++++++++
 cards/001569/files/59202_ruby_68420.zip       | Bin 0 -> 30227 bytes
 cards/001997/card59355.html                   | 229 +++++++++++++++++++++++++
 cards/001997/files/59355_68470.html           | 108 ++++++++++++
 cards/001997/files/59355_ruby_68421.zip       | Bin 0 -> 4502 bytes
 89 files changed, 3082 insertions(+), 2412 deletions(-)
Date: Mon Jul  1 21:25:51 JST 2019
#Updating
-rwxrwxrwx 1 level level 0 Jun 30 07:31 ./AozoraTxt/etc/update
-rwxrwxrwx 1 level level 30227 Jul  1 21:25 ./aozorabunko/cards/001569/files/59202_ruby_68420.zip
1/2: ./aozorabunko/cards/001569/files/59202_ruby_68420.zip
>> add 59202_ruby_biwakono_mizu.txt
>> add 59202_ruby_utf8_biwakono_mizu.txt
>> https://www.aozora.gr.jp/cards/001569/card59202.html
>> 琵琶湖の水、中谷宇吉郎、
-rwxrwxrwx 1 level level 4502 Jul  1 21:25 ./aozorabunko/cards/001997/files/59355_ruby_68421.zip
2/2: ./aozorabunko/cards/001997/files/59355_ruby_68421.zip
>> add 59355_ruby_shanhaino_ehon.txt
>> add 59355_ruby_utf8_shanhaino_ehon.txt
>> https://www.aozora.gr.jp/cards/001997/card59355.html
>> 上海の絵本、三岸好太郎、
#Creating ./AozoraTxt/etc/filename_illegal.txt
Title Total : 30216/334 (Accept:2/Reject:0/Update:0/Rename:0/Empty:0/Multi txt:0/NPD:0)
Git Failed  : 0
Start: Mon Jul  1 21:24:15 JST 2019
End  : Mon Jul  1 21:26:22 JST 2019

======================================================================
#Extract Aozora Bunko Text Files
#Working folder: /mnt/c/Work
#Source: ./aozorabunko
#Target: ./AozoraTxt
#Date: Tue Jul  2 22:33:01 JST 2019
#Git pull
From https://github.com/aozorabunko/aozorabunko
   026667bead..380a7b3420  master     -> origin/master
Updating 026667bead..380a7b3420
Fast-forward
 cards/001224/card46096.html                   |   2 +-
 cards/001569/card59202.html                   |   2 +-
 cards/001779/card58590.html                   | 234 ++++++++++++++++++++++++++
 cards/001779/card58699.html                   | 234 ++++++++++++++++++++++++++
 cards/001779/card59399.html                   | 230 +++++++++++++++++++++++++
 cards/001779/files/58590_68472.html           | 216 ++++++++++++++++++++++++
 cards/001779/files/58590_ruby_68423.zip       | Bin 0 -> 13121 bytes
 cards/001779/files/58699_68471.html           | 177 +++++++++++++++++++
 cards/001779/files/58699_ruby_68422.zip       | Bin 0 -> 9339 bytes
 cards/001779/files/59399_68517.html           |  67 ++++++++
 cards/001779/files/59399_ruby_68468.zip       | Bin 0 -> 1900 bytes
 cards/001997/card59355.html                   |   2 +-
 119 files changed, 3204 insertions(+), 2038 deletions(-)
Date: Tue Jul  2 22:34:54 JST 2019
#Updating
-rwxrwxrwx 1 level level 0 Jul  1 21:26 ./AozoraTxt/etc/update
-rwxrwxrwx 1 level level 13121 Jul  2 22:34 ./aozorabunko/cards/001779/files/58590_ruby_68423.zip
1/3: ./aozorabunko/cards/001779/files/58590_ruby_68423.zip
>> add 58590_ruby_egawa_ranko.txt
>> add 58590_ruby_utf8_egawa_ranko.txt
>> https://www.aozora.gr.jp/cards/001779/card58590.html
>> 江川蘭子、江戸川乱歩、
-rwxrwxrwx 1 level level 9339 Jul  2 22:34 ./aozorabunko/cards/001779/files/58699_ruby_68422.zip
2/3: ./aozorabunko/cards/001779/files/58699_ruby_68422.zip
>> add 58699_ruby_akuryo_monogatari.txt
>> add 58699_ruby_utf8_akuryo_monogatari.txt
>> https://www.aozora.gr.jp/cards/001779/card58699.html
>> 悪霊物語、江戸川乱歩、
-rwxrwxrwx 1 level level 1900 Jul  2 22:34 ./aozorabunko/cards/001779/files/59399_ruby_68468.zip
3/3: ./aozorabunko/cards/001779/files/59399_ruby_68468.zip
>> add 59399_ruby_akuryo_monogatari_jisaku_kaisetsu.txt
>> add 59399_ruby_utf8_akuryo_monogatari_jisaku_kaisetsu.txt
>> https://www.aozora.gr.jp/cards/001779/card59399.html
>> 「悪霊物語」自作解説、江戸川乱歩、
#Creating ./AozoraTxt/etc/filename_illegal.txt
Title Total : 30222/334 (Accept:3/Reject:0/Update:0/Rename:0/Empty:0/Multi txt:0/NPD:0)
Git Failed  : 0
Start: Tue Jul  2 22:33:01 JST 2019
End  : Tue Jul  2 22:35:41 JST 2019

======================================================================
#Extract Aozora Bunko Text Files
#Working folder: /mnt/c/Work
#Source: ./aozorabunko
#Target: ./AozoraTxt
#Date: Wed Jul  3 23:04:18 JST 2019
#Git pull
From https://github.com/aozorabunko/aozorabunko
   380a7b3420..c6e28d0cb2  master     -> origin/master
Updating 380a7b3420..c6e28d0cb2
Fast-forward
 cards/001344/card55415.html                   | 229 ++++++++++++++++++++++++++
 cards/001344/files/55415_68473.html           |  63 +++++++
 cards/001344/files/55415_txt_68424.zip        | Bin 0 -> 1492 bytes
 cards/001779/card58590.html                   |   2 +-
 cards/001779/card58699.html                   |   2 +-
 cards/001779/card59399.html                   |   2 +-
 70 files changed, 1469 insertions(+), 1182 deletions(-)
Date: Wed Jul  3 23:05:47 JST 2019
#Updating
-rwxrwxrwx 1 level level 0 Jul  2 22:35 ./AozoraTxt/etc/update
-rwxrwxrwx 1 level level 1492 Jul  3 23:05 ./aozorabunko/cards/001344/files/55415_txt_68424.zip
1/1: ./aozorabunko/cards/001344/files/55415_txt_68424.zip
>> add 55415_txt_adachigaharano_onibaba.txt
>> add 55415_txt_utf8_adachigaharano_onibaba.txt
>> https://www.aozora.gr.jp/cards/001344/card55415.html
>> 安達ヶ原の鬼婆々（餘白録）、喜田貞吉、
#Creating ./AozoraTxt/etc/filename_illegal.txt
Title Total : 30224/334 (Accept:1/Reject:0/Update:0/Rename:0/Empty:0/Multi txt:0/NPD:0)
Git Failed  : 0
Start: Wed Jul  3 23:04:18 JST 2019
End  : Wed Jul  3 23:06:48 JST 2019

======================================================================
#Extract Aozora Bunko Text Files
#Working folder: /mnt/c/Work
#Source: ./aozorabunko
#Target: ./AozoraTxt
#Date: Thu Jul  4 22:26:08 JST 2019
#Git pull
From https://github.com/aozorabunko/aozorabunko
   c6e28d0cb2..872b8b19fb  master     -> origin/master
Updating c6e28d0cb2..872b8b19fb
Fast-forward
 cards/001248/card50606.html                   |  229 ++
 cards/001248/files/50606_68474.html           |   64 +
 cards/001248/files/50606_txt_68425.zip        |  Bin 0 -> 2159 bytes
 cards/001344/card55415.html                   |    2 +-
 cards/001569/card59206.html                   |  234 ++
 cards/001569/files/59206_68475.html           |  102 +
 cards/001569/files/59206_ruby_68426.zip       |  Bin 0 -> 5753 bytes
 64 files changed, 13948 insertions(+), 1058 deletions(-)
Date: Thu Jul  4 22:28:08 JST 2019
#Updating
-rwxrwxrwx 1 level level 0 Jul  3 23:06 ./AozoraTxt/etc/update
-rwxrwxrwx 1 level level 2159 Jul  4 22:27 ./aozorabunko/cards/001248/files/50606_txt_68425.zip
1/2: ./aozorabunko/cards/001248/files/50606_txt_68425.zip
>> add 50606_txt_ankono_aji.txt
>> add 50606_txt_utf8_ankono_aji.txt
>> https://www.aozora.gr.jp/cards/001248/card50606.html
>> アンコウの味、佐藤垢石、
-rwxrwxrwx 1 level level 5753 Jul  4 22:27 ./aozorabunko/cards/001569/files/59206_ruby_68426.zip
2/2: ./aozorabunko/cards/001569/files/59206_ruby_68426.zip
>> add 59206_ruby_yuki_sandai.txt
>> add 59206_ruby_utf8_yuki_sandai.txt
>> https://www.aozora.gr.jp/cards/001569/card59206.html
>> 雪三題、中谷宇吉郎、
#Creating ./AozoraTxt/etc/filename_illegal.txt
Title Total : 30228/334 (Accept:2/Reject:0/Update:0/Rename:0/Empty:0/Multi txt:0/NPD:0)
Git Failed  : 0
Start: Thu Jul  4 22:26:08 JST 2019
End  : Thu Jul  4 22:28:43 JST 2019

======================================================================
#Extract Aozora Bunko Text Files
#Working folder: /mnt/c/Work
#Source: ./aozorabunko
#Target: ./AozoraTxt
#Date: Fri Jul  5 23:37:43 JST 2019
#Git pull
From https://github.com/aozorabunko/aozorabunko
   872b8b19fb..e6872512ce  master     -> origin/master
Updating 872b8b19fb..e6872512ce
Fast-forward
 cards/001248/card50606.html                   |   2 +-
 cards/001569/card59206.html                   |   2 +-
 cards/001670/card56357.html                   | 234 +++++++++++++
 cards/001670/files/56357_68476.html           | 464 ++++++++++++++++++++++++++
 cards/001670/files/56357_ruby_68427.zip       | Bin 0 -> 16128 bytes
 59 files changed, 1726 insertions(+), 1034 deletions(-)
Date: Fri Jul  5 23:39:30 JST 2019
#Updating
-rwxrwxrwx 1 level level 0 Jul  4 22:28 ./AozoraTxt/etc/update
-rwxrwxrwx 1 level level 16128 Jul  5 23:39 ./aozorabunko/cards/001670/files/56357_ruby_68427.zip
1/1: ./aozorabunko/cards/001670/files/56357_ruby_68427.zip
>> add 56357_ruby_104ikibotoke.txt
>> add 56357_ruby_utf8_104ikibotoke.txt
>> https://www.aozora.gr.jp/cards/001670/card56357.html
>> 銭形平次捕物控、活き仏、野村胡堂、
#Creating ./AozoraTxt/etc/filename_illegal.txt
Title Total : 30230/334 (Accept:1/Reject:0/Update:0/Rename:0/Empty:0/Multi txt:0/NPD:0)
Git Failed  : 0
Start: Fri Jul  5 23:37:43 JST 2019
End  : Fri Jul  5 23:40:10 JST 2019

======================================================================
#Extract Aozora Bunko Text Files
#Working folder: /mnt/c/Work
#Source: ./aozorabunko
#Target: ./AozoraTxt
#Date: Sat Jul  6 09:48:03 JST 2019
#Git pull
From https://github.com/aozorabunko/aozorabunko
   e6872512ce..24ebef924d  master     -> origin/master
Updating e6872512ce..24ebef924d
Fast-forward
 cards/001475/card51591.html                   | 234 +++++++++++++++++++++++++
 cards/001475/card53472.html                   | 234 +++++++++++++++++++++++++
 cards/001475/files/51591_68478.html           | 117 +++++++++++++
 cards/001475/files/51591_ruby_68429.zip       | Bin 0 -> 4663 bytes
 cards/001475/files/53472_68477.html           | 119 +++++++++++++
 cards/001475/files/53472_ruby_68428.zip       | Bin 0 -> 6493 bytes
 cards/001670/card56357.html                   |   2 +-
 135 files changed, 4554 insertions(+), 3147 deletions(-)
Date: Sat Jul  6 09:48:56 JST 2019
#Updating
-rwxrwxrwx 1 level level 0 Jul  5 23:40 ./AozoraTxt/etc/update
-rwxrwxrwx 1 level level 4663 Jul  6 09:48 ./aozorabunko/cards/001475/files/51591_ruby_68429.zip
1/2: ./aozorabunko/cards/001475/files/51591_ruby_68429.zip
>> add 51591_ruby_suzume.txt
>> add 51591_ruby_utf8_suzume.txt
>> https://www.aozora.gr.jp/cards/001475/card51591.html
>> すずめ、小川未明、
-rwxrwxrwx 1 level level 6493 Jul  6 09:48 ./aozorabunko/cards/001475/files/53472_ruby_68428.zip
2/2: ./aozorabunko/cards/001475/files/53472_ruby_68428.zip
>> add 53472_ruby_hatsunatsuno_sorade_warau_onna.txt
>> add 53472_ruby_utf8_hatsunatsuno_sorade_warau_onna.txt
>> https://www.aozora.gr.jp/cards/001475/card53472.html
>> 初夏の空で笑う女、小川未明、
#Creating ./AozoraTxt/etc/filename_illegal.txt
Title Total : 30234/334 (Accept:2/Reject:0/Update:0/Rename:0/Empty:0/Multi txt:0/NPD:0)
Git Failed  : 0
Start: Sat Jul  6 09:48:03 JST 2019
End  : Sat Jul  6 09:49:22 JST 2019

======================================================================
#Extract Aozora Bunko Text Files
#Working folder: /mnt/c/Work
#Source: ./aozorabunko
#Target: ./AozoraTxt
#Date: Sun Jul  7 07:37:00 JST 2019
#Git pull
From https://github.com/aozorabunko/aozorabunko
   24ebef924d..d45414f467  master     -> origin/master
Updating 24ebef924d..d45414f467
Fast-forward
 cards/001248/card50595.html                   | 229 ++++++++++++++++++++++++++
 cards/001248/files/50595_68479.html           |  69 ++++++++
 cards/001248/files/50595_ruby_68430.zip       | Bin 0 -> 2410 bytes
 cards/001475/card51591.html                   |   2 +-
 cards/001475/card53472.html                   |   2 +-
 soramoyou/soramoyouindex.html                 | 213 ++++++++++++++----------
 64 files changed, 1275 insertions(+), 938 deletions(-)
Date: Sun Jul  7 07:37:46 JST 2019
#Updating
-rwxrwxrwx 1 level level 0 Jul  6 09:49 ./AozoraTxt/etc/update
-rwxrwxrwx 1 level level 2410 Jul  7 07:37 ./aozorabunko/cards/001248/files/50595_ruby_68430.zip
1/1: ./aozorabunko/cards/001248/files/50595_ruby_68430.zip
>> add 50595_ruby_senjogaharano_keikoku.txt
>> add 50595_ruby_utf8_senjogaharano_keikoku.txt
>> https://www.aozora.gr.jp/cards/001248/card50595.html
>> 戦場ヶ原の溪谷、佐藤垢石、
#Creating ./AozoraTxt/etc/filename_illegal.txt
Title Total : 30236/334 (Accept:1/Reject:0/Update:0/Rename:0/Empty:0/Multi txt:0/NPD:0)
Git Failed  : 0
Start: Sun Jul  7 07:37:00 JST 2019
End  : Sun Jul  7 07:38:12 JST 2019
