
======================================================================
#Extract Aozora Bunko Text Files
#Working folder: /mnt/c/Work
#Source: ./aozorabunko
#Target: ./AozoraTxt
#Date: Wed Jan  1 14:40:15 JST 2020
#Git pull
From https://github.com/aozorabunko/aozorabunko
   f79dabcf6e..cf7d54ac7a  master     -> origin/master
Updating f79dabcf6e..cf7d54ac7a
Fast-forward
 aozora-manual/index-input.html                | 1010 +++++++-
 aozora-manual/index.html                      |  416 +++-
 banner/pd-locked-mini.png                     |  Bin 6112 -> 5540 bytes
 banner/pd-locked.png                          |  Bin 5591 -> 16048 bytes
 cards/000291/card59364.html                   |    2 +-
 cards/001052/card59900.html                   |    6 +-
 cards/001569/card57465.html                   |    2 +-
 cards/001958/card58813.html                   |  234 ++
 cards/001958/files/58813_69950.html           |  196 ++
 cards/001958/files/58813_ruby_69897.zip       |  Bin 0 -> 10236 bytes
 soramoyou/soramoyou2019.html                  |  232 ++
 soramoyou/soramoyouindex.html                 |  195 +-
 60 files changed, 39476 insertions(+), 6679 deletions(-)
Date: Wed Jan  1 14:41:18 JST 2020
#Updating
-rwxrwxrwx 1 level level 0 Dec 31 07:41 ./AozoraTxt/etc/update
-rwxrwxrwx 1 level level 10236 Jan  1 14:41 ./aozorabunko/cards/001958/files/58813_ruby_69897.zip
1/1: ./aozorabunko/cards/001958/files/58813_ruby_69897.zip
>> add 58813_ruby_men.txt
>> add 58813_ruby_utf8_men.txt
>> https://www.aozora.gr.jp/cards/001958/card58813.html
>> 面、富田常雄、
#Creating ./AozoraTxt/etc/filename_illegal.txt
Title Total : 30806/364 (Accept:1/Reject:0/Update:0/Rename:0/Empty:0/Multi txt:0/NPD:0)
Git Failed  : 0
Start: Wed Jan  1 14:40:15 JST 2020
End  : Wed Jan  1 14:41:58 JST 2020

======================================================================
#Extract Aozora Bunko Text Files
#Working folder: /mnt/c/Work
#Source: ./aozorabunko
#Target: ./AozoraTxt
#Date: Thu Jan  2 11:28:50 JST 2020
#Git pull
From https://github.com/aozorabunko/aozorabunko
   cf7d54ac7a..d496335847  master     -> origin/master
Updating cf7d54ac7a..d496335847
Fast-forward
 cards/001383/card59300.html                   | 234 +++++++++
 cards/001383/files/59300_69951.html           | 685 ++++++++++++++++++++++++++
 cards/001383/files/59300_ruby_69898.zip       | Bin 0 -> 397869 bytes
 cards/001654/card54262.html                   |   2 +-
 cards/001654/card54263.html                   |   2 +-
 cards/001958/card58813.html                   |   2 +-
 38 files changed, 1115 insertions(+), 190 deletions(-)
Date: Thu Jan  2 11:30:12 JST 2020
#Updating
-rwxrwxrwx 1 level level 0 Jan  1 14:41 ./AozoraTxt/etc/update
-rwxrwxrwx 1 level level 397869 Jan  2 11:30 ./aozorabunko/cards/001383/files/59300_ruby_69898.zip
1/1: ./aozorabunko/cards/001383/files/59300_ruby_69898.zip
>> add 59300_ruby_nekoto_shozoto_futarino_onna_bunko.txt
>> add 59300_ruby_utf8_nekoto_shozoto_futarino_onna_bunko.txt
>> https://www.aozora.gr.jp/cards/001383/card59300.html
>> 猫と庄造と二人のをんな、谷崎潤一郎、
#Creating ./AozoraTxt/etc/filename_illegal.txt
Title Total : 30808/364 (Accept:1/Reject:0/Update:0/Rename:0/Empty:0/Multi txt:0/NPD:0)
Git Failed  : 0
Start: Thu Jan  2 11:28:50 JST 2020
End  : Thu Jan  2 11:31:02 JST 2020

======================================================================
#Extract Aozora Bunko Text Files
#Working folder: /mnt/c/Work
#Source: ./aozorabunko
#Target: ./AozoraTxt
#Date: Fri Jan  3 11:43:51 JST 2020
#Git pull
From https://github.com/aozorabunko/aozorabunko
   d496335847..01f6fc4524  master     -> origin/master
Updating d496335847..01f6fc4524
Fast-forward
 cards/001383/card59300.html                   |    2 +-
 cards/002043/card60202.html                   |  231 ++
 cards/002043/files/60202_69808.html           |  284 +++
 cards/002043/files/60202_ruby_69807.zip       |  Bin 0 -> 9844653 bytes
 35 files changed, 6860 insertions(+), 225 deletions(-)
Date: Fri Jan  3 11:44:41 JST 2020
#Updating
-rwxrwxrwx 1 level level 0 Jan  2 11:30 ./AozoraTxt/etc/update
-rwxrwxrwx 1 level level 9844653 Jan  3 11:44 ./aozorabunko/cards/002043/files/60202_ruby_69807.zip
1/1: ./aozorabunko/cards/002043/files/60202_ruby_69807.zip
>> add 60202_NPD_ruby_yokka_hakuma.txt
>> add 60202_NPD_ruby_utf8_yokka_hakuma.txt
>> https://www.aozora.gr.jp/cards/002043/card60202.html
>> 四日白魔、THE FOUR WHITE DAYS、ロンドン危機シリーズ、A STORY IN THE "DOOM OF LONDON" SERIES、フレッド・Ｍ・ホワイト　Fred M. White、奥増夫訳、
#Creating ./AozoraTxt/etc/filename_illegal.txt
Title Total : 30808/366 (Accept:1/Reject:0/Update:0/Rename:0/Empty:0/Multi txt:0/NPD:1)
Git Failed  : 0
Start: Fri Jan  3 11:43:51 JST 2020
End  : Fri Jan  3 11:45:13 JST 2020

======================================================================
#Extract Aozora Bunko Text Files
#Working folder: /mnt/c/Work
#Source: ./aozorabunko
#Target: ./AozoraTxt
#Date: Sat Jan  4 15:15:13 JST 2020
#Git pull
From https://github.com/aozorabunko/aozorabunko
   01f6fc4524..b6205434e6  master     -> origin/master
Updating 01f6fc4524..b6205434e6
Fast-forward
 cards/001091/card59636.html                   |  247 ++
 cards/001091/card59742.html                   |  247 ++
 cards/001091/files/59636_69953.html           |  101 +
 cards/001091/files/59636_ruby_69900.zip       |  Bin 0 -> 3223 bytes
 cards/001091/files/59742_69952.html           |  267 +++
 cards/001091/files/59742_ruby_69899.zip       |  Bin 0 -> 9964 bytes
 cards/002043/card60202.html                   |    2 +-
 53 files changed, 7942 insertions(+), 985 deletions(-)
Date: Sat Jan  4 15:16:09 JST 2020
#Updating
-rwxrwxrwx 1 level level 0 Jan  3 11:45 ./AozoraTxt/etc/update
-rwxrwxrwx 1 level level 3223 Jan  4 15:16 ./aozorabunko/cards/001091/files/59636_ruby_69900.zip
1/2: ./aozorabunko/cards/001091/files/59636_ruby_69900.zip
>> add 59636_ruby_narazumono.txt
>> add 59636_ruby_utf8_narazumono.txt
>> https://www.aozora.gr.jp/cards/001091/card59636.html
>> ならずもの、グリム　Grimm、矢崎源九郎訳、
-rwxrwxrwx 1 level level 9964 Jan  4 15:16 ./aozorabunko/cards/001091/files/59742_ruby_69899.zip
2/2: ./aozorabunko/cards/001091/files/59742_ruby_69899.zip
>> add 59742_ruby_isamashii_chibino_shitateyasan.txt
>> add 59742_ruby_utf8_isamashii_chibino_shitateyasan.txt
>> https://www.aozora.gr.jp/cards/001091/card59742.html
>> いさましい　ちびの仕立屋さん、グリム　Grimm、矢崎源九郎訳、
#Creating ./AozoraTxt/etc/filename_illegal.txt
Title Total : 30812/366 (Accept:2/Reject:0/Update:0/Rename:0/Empty:0/Multi txt:0/NPD:0)
Git Failed  : 0
Start: Sat Jan  4 15:15:13 JST 2020
End  : Sat Jan  4 15:16:58 JST 2020

======================================================================
#Extract Aozora Bunko Text Files
#Working folder: /mnt/c/Work
#Source: ./aozorabunko
#Target: ./AozoraTxt
#Date: Sun Jan  5 16:27:02 JST 2020
#Git pull
From https://github.com/aozorabunko/aozorabunko
   b6205434e6..d59579e997  master     -> origin/master
Updating b6205434e6..d59579e997
Fast-forward
 cards/000148/card58277.html                   | 229 +++++++++++++++++++++++++
 cards/000148/files/58277_69955.html           | 151 +++++++++++++++++
 cards/000148/files/58277_ruby_69902.zip       | Bin 0 -> 1805 bytes
 cards/001091/card59636.html                   |   2 +-
 cards/001091/card59742.html                   |   2 +-
 cards/001637/card59055.html                   | 234 ++++++++++++++++++++++++++
 cards/001637/card59056.html                   | 234 ++++++++++++++++++++++++++
 cards/001637/files/59055_69954.html           |  78 +++++++++
 cards/001637/files/59055_ruby_69901.zip       | Bin 0 -> 991 bytes
 cards/001637/files/59056_69956.html           | 127 ++++++++++++++
 cards/001637/files/59056_txt_69903.zip        | Bin 0 -> 1723 bytes
 114 files changed, 3582 insertions(+), 2539 deletions(-)
Date: Sun Jan  5 16:28:29 JST 2020
#Updating
-rwxrwxrwx 1 level level 0 Jan  4 15:16 ./AozoraTxt/etc/update
-rwxrwxrwx 1 level level 1805 Jan  5 16:28 ./aozorabunko/cards/000148/files/58277_ruby_69902.zip
1/3: ./aozorabunko/cards/000148/files/58277_ruby_69902.zip
>> add 58277_ruby_jugunko.txt
>> add 58277_ruby_utf8_jugunko.txt
>> https://www.aozora.gr.jp/cards/000148/card58277.html
>> 從軍行、夏目漱石、
-rwxrwxrwx 1 level level 991 Jan  5 16:28 ./aozorabunko/cards/001637/files/59055_ruby_69901.zip
2/3: ./aozorabunko/cards/001637/files/59055_ruby_69901.zip
>> add 59055_ruby_aru_hi.txt
>> add 59055_ruby_utf8_aru_hi.txt
>> https://www.aozora.gr.jp/cards/001637/card59055.html
>> ある日、中野鈴子、
-rwxrwxrwx 1 level level 1723 Jan  5 16:28 ./aozorabunko/cards/001637/files/59056_txt_69903.zip
3/3: ./aozorabunko/cards/001637/files/59056_txt_69903.zip
>> add 59056_txt_omaewa_konogoro_yoku_nemuru.txt
>> add 59056_txt_utf8_omaewa_konogoro_yoku_nemuru.txt
>> https://www.aozora.gr.jp/cards/001637/card59056.html
>> お前は此の頃よくねむる、中野鈴子、
#Creating ./AozoraTxt/etc/filename_illegal.txt
Title Total : 30818/366 (Accept:3/Reject:0/Update:0/Rename:0/Empty:0/Multi txt:0/NPD:0)
Git Failed  : 0
Start: Sun Jan  5 16:27:02 JST 2020
End  : Sun Jan  5 16:29:45 JST 2020

======================================================================
#Extract Aozora Bunko Text Files
#Working folder: /mnt/c/Work
#Source: ./aozorabunko
#Target: ./AozoraTxt
#Date: Mon Jan  6 22:53:08 JST 2020
#Git pull
From https://github.com/aozorabunko/aozorabunko
   d59579e997..72827e264b  master     -> origin/master
Updating d59579e997..72827e264b
Fast-forward
 cards/000137/card51869.html                   |   10 +-
 cards/000137/files/51869_70061.html           | 1378 +++++++++++++++++++++++++
 cards/000137/files/51869_ruby_70060.zip       |  Bin 0 -> 93293 bytes
 cards/000148/card58277.html                   |    2 +-
 cards/001637/card59055.html                   |    2 +-
 cards/001637/card59056.html                   |    2 +-
 cards/002130/card60082.html                   |  231 +++++
 cards/002130/files/60082_69487.html           |  149 +++
 cards/002130/files/60082_txt_69486.zip        |  Bin 0 -> 11864 bytes
 45 files changed, 2073 insertions(+), 319 deletions(-)
Date: Mon Jan  6 22:54:20 JST 2020
#Updating
-rwxrwxrwx 1 level level 0 Jan  5 16:29 ./AozoraTxt/etc/update
-rwxrwxrwx 1 level level 93293 Jan  6 22:54 ./aozorabunko/cards/000137/files/51869_ruby_70060.zip
1/2: ./aozorabunko/cards/000137/files/51869_ruby_70060.zip
>> update 51869_ruby_05homei_gobusaku_tsukimono.txt
>> update 51869_ruby_utf8_05homei_gobusaku_tsukimono.txt
>> https://www.aozora.gr.jp/cards/000137/card51869.html
>> ――泡鳴五部作、憑き物、岩野泡鳴、
-rwxrwxrwx 1 level level 11864 Jan  6 22:54 ./aozorabunko/cards/002130/files/60082_txt_69486.zip
2/2: ./aozorabunko/cards/002130/files/60082_txt_69486.zip
>> add 60082_NPD_txt_kankakuno_kara.txt
>> add 60082_NPD_txt_utf8_kankakuno_kara.txt
>> https://www.aozora.gr.jp/cards/002130/card60082.html
>> 感覚の殻、O. H. ダンバー　O. H. Dunbar、The Creative CAT 訳、
#Creating ./AozoraTxt/etc/filename_illegal.txt
Title Total : 30818/368 (Accept:2/Reject:0/Update:1/Rename:0/Empty:0/Multi txt:0/NPD:1)
Git Failed  : 0
Start: Mon Jan  6 22:53:08 JST 2020
End  : Mon Jan  6 22:55:37 JST 2020
