
======================================================================
#Extract Aozora Bunko Text Files
#Working folder: /mnt/c/Work
#Source: ./aozorabunko
#Target: ./AozoraTxt
#Date: Mon Dec  2 10:57:50 JST 2019
#Git pull
From https://github.com/aozorabunko/aozorabunko
   e2bd2856da..d2ee189ea5  master     -> origin/master
Updating e2bd2856da..d2ee189ea5
Fast-forward
 cards/000255/card47262.html                   |   2 +-
 cards/000255/card47419.html                   |   2 +-
 cards/001341/card49656.html                   |  12 +-
 cards/001341/card49661.html                   |  12 +-
 cards/001749/card54141.html                   | 234 +++++++++++++++++++++++++
 cards/001749/card59319.html                   | 234 +++++++++++++++++++++++++
 cards/001749/files/54141_69719.html           |  95 ++++++++++
 cards/001749/files/54141_ruby_69674.zip       | Bin 0 -> 1081 bytes
 cards/001749/files/59319_69718.html           | 136 +++++++++++++++
 cards/001749/files/59319_ruby_69673.zip       | Bin 0 -> 1738 bytes
 cards/002091/card59877.html                   | 234 +++++++++++++++++++++++++
 cards/002091/files/59877_69720.html           |  67 +++++++
 cards/002091/files/59877_ruby_69675.zip       | Bin 0 -> 3844 bytes
 161 files changed, 7253 insertions(+), 6014 deletions(-)
Date: Mon Dec  2 10:58:40 JST 2019
#Updating
-rwxrwxrwx 1 level level 0 Nov 30 13:16 ./AozoraTxt/etc/update
-rwxrwxrwx 1 level level 1081 Dec  2 10:58 ./aozorabunko/cards/001749/files/54141_ruby_69674.zip
1/3: ./aozorabunko/cards/001749/files/54141_ruby_69674.zip
>> add 54141_ruby_shujitsu_kosen.txt
>> add 54141_ruby_utf8_shujitsu_kosen.txt
>> https://www.aozora.gr.jp/cards/001749/card54141.html
>> 秋日口占、三好達治、
-rwxrwxrwx 1 level level 1738 Dec  2 10:58 ./aozorabunko/cards/001749/files/59319_ruby_69673.zip
2/3: ./aozorabunko/cards/001749/files/59319_ruby_69673.zip
>> add 59319_ruby_kanrin_shosho.txt
>> add 59319_ruby_utf8_kanrin_shosho.txt
>> https://www.aozora.gr.jp/cards/001749/card59319.html
>> 寒林小唱、三好達治、
-rwxrwxrwx 1 level level 3844 Dec  2 10:58 ./aozorabunko/cards/002091/files/59877_ruby_69675.zip
3/3: ./aozorabunko/cards/002091/files/59877_ruby_69675.zip
>> add 59877_ruby_kunen_bo.txt
>> add 59877_ruby_utf8_kunen_bo.txt
>> https://www.aozora.gr.jp/cards/002091/card59877.html
>> 九年母、青木正児、
#Creating ./AozoraTxt/etc/filename_illegal.txt
Title Total : 30720/360 (Accept:3/Reject:0/Update:0/Rename:0/Empty:0/Multi txt:0/NPD:0)
Git Failed  : 0
Start: Mon Dec  2 10:57:50 JST 2019
End  : Mon Dec  2 10:59:12 JST 2019

======================================================================
#Extract Aozora Bunko Text Files
#Working folder: /mnt/c/Work
#Source: ./aozorabunko
#Target: ./AozoraTxt
#Date: Wed Dec  4 00:06:51 JST 2019
#Git pull
From https://github.com/aozorabunko/aozorabunko
   d2ee189ea5..8ab09dd342  master     -> origin/master
Updating d2ee189ea5..8ab09dd342
Fast-forward
 cards/001336/card51295.html                   | 229 ++++++++++++
 cards/001336/files/51295_69722.html           |  68 ++++
 cards/001336/files/51295_txt_69677.zip        | Bin 0 -> 2909 bytes
 cards/001341/card56225.html                   | 234 +++++++++++++
 cards/001341/files/56225_69721.html           | 487 ++++++++++++++++++++++++++
 cards/001341/files/56225_ruby_69676.zip       | Bin 0 -> 40520 bytes
 cards/002091/card59877.html                   |   2 +-
 119 files changed, 2957 insertions(+), 1858 deletions(-)
Date: Wed Dec  4 00:07:39 JST 2019
#Updating
-rwxrwxrwx 1 level level 0 Dec  2 10:59 ./AozoraTxt/etc/update
-rwxrwxrwx 1 level level 2909 Dec  4 00:07 ./aozorabunko/cards/001336/files/51295_txt_69677.zip
1/2: ./aozorabunko/cards/001336/files/51295_txt_69677.zip
>> add 51295_txt_raihoshano_moderu.txt
>> add 51295_txt_utf8_raihoshano_moderu.txt
>> https://www.aozora.gr.jp/cards/001336/card51295.html
>> 來訪者のモデル、木場貞、
-rwxrwxrwx 1 level level 40520 Dec  4 00:07 ./aozorabunko/cards/001341/files/56225_ruby_69676.zip
2/2: ./aozorabunko/cards/001341/files/56225_ruby_69676.zip
>> add 56225_ruby_raihosha.txt
>> add 56225_ruby_utf8_raihosha.txt
>> https://www.aozora.gr.jp/cards/001341/card56225.html
>> 来訪者、永井荷風、
#Creating ./AozoraTxt/etc/filename_illegal.txt
Title Total : 30724/360 (Accept:2/Reject:0/Update:0/Rename:0/Empty:0/Multi txt:0/NPD:0)
Git Failed  : 0
Start: Wed Dec  4 00:06:51 JST 2019
End  : Wed Dec  4 00:08:50 JST 2019

======================================================================
#Extract Aozora Bunko Text Files
#Working folder: /mnt/c/Work
#Source: ./aozorabunko
#Target: ./AozoraTxt
#Date: Wed Dec  4 23:24:44 JST 2019
#Git pull
From https://github.com/aozorabunko/aozorabunko
   8ab09dd342..04821a8013  master     -> origin/master
Updating 8ab09dd342..04821a8013
Fast-forward
 cards/001336/card51295.html                   |   2 +-
 cards/001341/card56225.html                   |   2 +-
 cards/001937/card59875.html                   | 234 ++++++++++++++++++++++++++
 cards/001937/files/59875_69723.html           |  75 +++++++++
 cards/001937/files/59875_ruby_69678.zip       | Bin 0 -> 4464 bytes
 77 files changed, 1746 insertions(+), 1443 deletions(-)
Date: Wed Dec  4 23:25:47 JST 2019
#Updating
-rwxrwxrwx 1 level level 0 Dec  4 00:08 ./AozoraTxt/etc/update
-rwxrwxrwx 1 level level 4464 Dec  4 23:25 ./aozorabunko/cards/001937/files/59875_ruby_69678.zip
1/1: ./aozorabunko/cards/001937/files/59875_ruby_69678.zip
>> add 59875_ruby_chichito_mitsuno_nagareru_chi.txt
>> add 59875_ruby_utf8_chichito_mitsuno_nagareru_chi.txt
>> https://www.aozora.gr.jp/cards/001937/card59875.html
>> 乳と蜜の流れる地、笠信太郎、
#Creating ./AozoraTxt/etc/filename_illegal.txt
Title Total : 30726/360 (Accept:1/Reject:0/Update:0/Rename:0/Empty:0/Multi txt:0/NPD:0)
Git Failed  : 0
Start: Wed Dec  4 23:24:44 JST 2019
End  : Wed Dec  4 23:26:45 JST 2019

======================================================================
#Extract Aozora Bunko Text Files
#Working folder: /mnt/c/Work
#Source: ./aozorabunko
#Target: ./AozoraTxt
#Date: Thu Dec  5 23:00:32 JST 2019
#Git pull
From https://github.com/aozorabunko/aozorabunko
   04821a8013..81a71aaf19  master     -> origin/master
Updating 04821a8013..81a71aaf19
Fast-forward
 cards/001670/card56391.html                   | 234 ++++++++++++++++
 cards/001670/files/56391_69724.html           | 369 ++++++++++++++++++++++++++
 cards/001670/files/56391_ruby_69679.zip       | Bin 0 -> 13686 bytes
 cards/001937/card59875.html                   |   2 +-
 47 files changed, 1789 insertions(+), 1189 deletions(-)
Date: Thu Dec  5 23:01:48 JST 2019
#Updating
-rwxrwxrwx 1 level level 0 Dec  4 23:26 ./AozoraTxt/etc/update
-rwxrwxrwx 1 level level 13686 Dec  5 23:01 ./aozorabunko/cards/001670/files/56391_ruby_69679.zip
1/1: ./aozorabunko/cards/001670/files/56391_ruby_69679.zip
>> add 56391_ruby_141nimaino_koban.txt
>> add 56391_ruby_utf8_141nimaino_koban.txt
>> https://www.aozora.gr.jp/cards/001670/card56391.html
>> 銭形平次捕物控、二枚の小判、野村胡堂、
#Creating ./AozoraTxt/etc/filename_illegal.txt
Title Total : 30728/360 (Accept:1/Reject:0/Update:0/Rename:0/Empty:0/Multi txt:0/NPD:0)
Git Failed  : 0
Start: Thu Dec  5 23:00:32 JST 2019
End  : Thu Dec  5 23:03:40 JST 2019

======================================================================
#Extract Aozora Bunko Text Files
#Working folder: /mnt/c/Work
#Source: ./aozorabunko
#Target: ./AozoraTxt
#Date: Sat Dec  7 09:52:53 JST 2019
#Git pull
From https://github.com/aozorabunko/aozorabunko
   81a71aaf19..93a819fa37  master     -> origin/master
Updating 81a71aaf19..93a819fa37
Fast-forward
 cards/000599/card58454.html                   |   8 +-
 cards/000800/card56834.html                   | 234 +++++++++++++++++++++++++
 cards/000800/files/56834_69725.html           | 239 ++++++++++++++++++++++++++
 cards/000800/files/56834_ruby_69680.zip       | Bin 0 -> 15443 bytes
 cards/001670/card56391.html                   |   2 +-
 cards/001763/card58823.html                   | 234 +++++++++++++++++++++++++
 cards/001763/files/58823_69726.html           |  70 ++++++++
 cards/001763/files/58823_txt_69681.zip        | Bin 0 -> 1790 bytes
 136 files changed, 5169 insertions(+), 4299 deletions(-)
Date: Sat Dec  7 09:54:33 JST 2019
#Updating
-rwxrwxrwx 1 level level 0 Dec  5 23:03 ./AozoraTxt/etc/update
-rwxrwxrwx 1 level level 15443 Dec  7 09:54 ./aozorabunko/cards/000800/files/56834_ruby_69680.zip
1/2: ./aozorabunko/cards/000800/files/56834_ruby_69680.zip
>> add 56834_ruby_kaju.txt
>> add 56834_ruby_utf8_kaju.txt
>> https://www.aozora.gr.jp/cards/000800/card56834.html
>> 果樹、水上滝太郎、
-rwxrwxrwx 1 level level 1790 Dec  7 09:54 ./aozorabunko/cards/001763/files/58823_txt_69681.zip
2/2: ./aozorabunko/cards/001763/files/58823_txt_69681.zip
>> add 58823_txt_akikosanno_tabako_shogatsu.txt
>> add 58823_txt_utf8_akikosanno_tabako_shogatsu.txt
>> https://www.aozora.gr.jp/cards/001763/card58823.html
>> 晶子さんの煙草正月、佐藤春夫、
#Creating ./AozoraTxt/etc/filename_illegal.txt
Title Total : 30732/360 (Accept:2/Reject:0/Update:0/Rename:0/Empty:0/Multi txt:0/NPD:0)
Git Failed  : 0
Start: Sat Dec  7 09:52:53 JST 2019
End  : Sat Dec  7 09:55:46 JST 2019

======================================================================
#Extract Aozora Bunko Text Files
#Working folder: /mnt/c/Work
#Source: ./aozorabunko
#Target: ./AozoraTxt
#Date: Sun Dec  8 08:06:47 JST 2019
#Git pull
From https://github.com/aozorabunko/aozorabunko
   93a819fa37..386cff8385  master     -> origin/master
Updating 93a819fa37..386cff8385
Fast-forward
 cards/000280/card59236.html                   | 234 +++++++++++++++
 cards/000280/files/59236_69728.html           | 115 ++++++++
 cards/000280/files/59236_ruby_69683.zip       | Bin 0 -> 15087 bytes
 cards/000416/card56971.html                   | 234 +++++++++++++++
 cards/000416/files/56971_69727.html           |  81 +++++
 cards/000416/files/56971_ruby_69682.zip       | Bin 0 -> 6740 bytes
 cards/001763/card58823.html                   |   2 +-
 167 files changed, 7398 insertions(+), 5577 deletions(-)
Date: Sun Dec  8 08:08:16 JST 2019
#Updating
-rwxrwxrwx 1 level level 0 Dec  7 09:55 ./AozoraTxt/etc/update
-rwxrwxrwx 1 level level 15087 Dec  8 08:08 ./aozorabunko/cards/000280/files/59236_ruby_69683.zip
1/2: ./aozorabunko/cards/000280/files/59236_ruby_69683.zip
>> add 59236_ruby_ryoshino_musume.txt
>> add 59236_ruby_utf8_ryoshino_musume.txt
>> https://www.aozora.gr.jp/cards/000280/card59236.html
>> 漁師の娘、徳冨蘆花、
-rwxrwxrwx 1 level level 6740 Dec  8 08:08 ./aozorabunko/cards/000416/files/56971_ruby_69682.zip
2/2: ./aozorabunko/cards/000416/files/56971_ruby_69682.zip
>> add 56971_ruby_kyushu_yori.txt
>> add 56971_ruby_utf8_kyushu_yori.txt
>> https://www.aozora.gr.jp/cards/000416/card56971.html
>> 九州より、――生田花世氏に、伊藤野枝、
#Creating ./AozoraTxt/etc/filename_illegal.txt
Title Total : 30736/360 (Accept:2/Reject:0/Update:0/Rename:0/Empty:0/Multi txt:0/NPD:0)
Git Failed  : 0
Start: Sun Dec  8 08:06:47 JST 2019
End  : Sun Dec  8 08:09:21 JST 2019

======================================================================
#Extract Aozora Bunko Text Files
#Working folder: /mnt/c/Work
#Source: ./aozorabunko
#Target: ./AozoraTxt
#Date: Tue Dec 10 00:11:38 JST 2019
#Git pull
From https://github.com/aozorabunko/aozorabunko
   386cff8385..9401f35487  master     -> origin/master
Updating 386cff8385..9401f35487
Fast-forward
 cards/000148/card58278.html                   | 229 ++++++++++++++++++++++++++
 cards/000148/files/58278_69729.html           |  64 +++++++
 cards/000148/files/58278_txt_69684.zip        | Bin 0 -> 992 bytes
 cards/000280/card59236.html                   |   2 +-
 cards/000416/card56971.html                   |   2 +-
 cards/001373/card56547.html                   |  18 +-
 cards/001373/files/56547_69812.html           |  88 ++++++++++
 cards/001373/files/56547_ruby_69811.zip       | Bin 0 -> 3599 bytes
 cards/001763/card58823.html                   |   2 +-
 67 files changed, 1359 insertions(+), 984 deletions(-)
Date: Tue Dec 10 00:12:23 JST 2019
#Updating
-rwxrwxrwx 1 level level 0 Dec  8 08:09 ./AozoraTxt/etc/update
-rwxrwxrwx 1 level level 992 Dec 10 00:12 ./aozorabunko/cards/000148/files/58278_txt_69684.zip
1/2: ./aozorabunko/cards/000148/files/58278_txt_69684.zip
>> add 58278_txt_minasokono_kan.txt
>> add 58278_txt_utf8_minasokono_kan.txt
>> https://www.aozora.gr.jp/cards/000148/card58278.html
>> 水底の感、夏目漱石、
-rwxrwxrwx 1 level level 3599 Dec 10 00:12 ./aozorabunko/cards/001373/files/56547_ruby_69811.zip
2/2: ./aozorabunko/cards/001373/files/56547_ruby_69811.zip
>> update 56547_ruby_shimikobore.txt
>> update 56547_ruby_utf8_shimikobore.txt
>> https://www.aozora.gr.jp/cards/001373/card56547.html
>> 紙魚こぼれ、木暮理太郎、
#Creating ./AozoraTxt/etc/filename_illegal.txt
Title Total : 30738/360 (Accept:2/Reject:0/Update:1/Rename:0/Empty:0/Multi txt:0/NPD:0)
Git Failed  : 0
Start: Tue Dec 10 00:11:38 JST 2019
End  : Tue Dec 10 00:13:09 JST 2019

======================================================================
#Extract Aozora Bunko Text Files
#Working folder: /mnt/c/Work
#Source: ./aozorabunko
#Target: ./AozoraTxt
#Date: Wed Dec 11 00:13:17 JST 2019
#Git pull
From https://github.com/aozorabunko/aozorabunko
   9401f35487..96b38decbc  master     -> origin/master
Updating 9401f35487..96b38decbc
Fast-forward
 cards/000148/card58278.html                   |   2 +-
 cards/001867/card58325.html                   | 234 ++++++++++++++++++++++
 cards/001867/card58326.html                   | 234 ++++++++++++++++++++++
 cards/001867/files/58325_69730.html           | 272 ++++++++++++++++++++++++++
 cards/001867/files/58325_ruby_69685.zip       | Bin 0 -> 20334 bytes
 cards/001867/files/58326_69731.html           |  97 +++++++++
 cards/001867/files/58326_ruby_69686.zip       | Bin 0 -> 4334 bytes
 122 files changed, 4908 insertions(+), 4076 deletions(-)
Date: Wed Dec 11 00:14:24 JST 2019
#Updating
-rwxrwxrwx 1 level level 0 Dec 10 00:13 ./AozoraTxt/etc/update
-rwxrwxrwx 1 level level 20334 Dec 11 00:14 ./aozorabunko/cards/001867/files/58325_ruby_69685.zip
1/2: ./aozorabunko/cards/001867/files/58325_ruby_69685.zip
>> add 58325_ruby_ojisanno_hanashi.txt
>> add 58325_ruby_utf8_ojisanno_hanashi.txt
>> https://www.aozora.gr.jp/cards/001867/card58325.html
>> おじさんの話、小山清、
-rwxrwxrwx 1 level level 4334 Dec 11 00:14 ./aozorabunko/cards/001867/files/58326_ruby_69686.zip
2/2: ./aozorabunko/cards/001867/files/58326_ruby_69686.zip
>> add 58326_ruby_shiori.txt
>> add 58326_ruby_utf8_shiori.txt
>> https://www.aozora.gr.jp/cards/001867/card58326.html
>> 栞、小山清、
#Creating ./AozoraTxt/etc/filename_illegal.txt
Title Total : 30742/360 (Accept:2/Reject:0/Update:0/Rename:0/Empty:0/Multi txt:0/NPD:0)
Git Failed  : 0
Start: Wed Dec 11 00:13:17 JST 2019
End  : Wed Dec 11 00:17:02 JST 2019

======================================================================
#Extract Aozora Bunko Text Files
#Working folder: /mnt/c/Work
#Source: ./aozorabunko
#Target: ./AozoraTxt
#Date: Thu Dec 12 01:09:41 JST 2019
#Git pull
From https://github.com/aozorabunko/aozorabunko
   96b38decbc..932f6f75d4  master     -> origin/master
Updating 96b38decbc..932f6f75d4
Fast-forward
 cards/001341/card49663.html                   |  16 +-
 cards/001341/card49673.html                   |  20 +--
 cards/001341/files/49663_69823.html           |  63 +++++++
 cards/001341/files/49663_ruby_69822.zip       | Bin 0 -> 3438 bytes
 cards/001341/files/49673_69833.html           | 114 +++++++++++++
 cards/001341/files/49673_ruby_69832.zip       | Bin 0 -> 9378 bytes
 cards/001475/card51618.html                   | 234 ++++++++++++++++++++++++++
 cards/001475/card53055.html                   | 234 ++++++++++++++++++++++++++
 cards/001475/files/51618_69733.html           |  69 ++++++++
 cards/001475/files/51618_ruby_69688.zip       | Bin 0 -> 1231 bytes
 cards/001475/files/53055_69732.html           | 108 ++++++++++++
 cards/001475/files/53055_ruby_69687.zip       | Bin 0 -> 4207 bytes
 cards/001867/card58325.html                   |   2 +-
 cards/001867/card58326.html                   |   2 +-
 113 files changed, 3102 insertions(+), 2244 deletions(-)
Date: Thu Dec 12 01:11:42 JST 2019
#Updating
-rwxrwxrwx 1 level level 0 Dec 11 00:16 ./AozoraTxt/etc/update
-rwxrwxrwx 1 level level 3438 Dec 12 01:11 ./aozorabunko/cards/001341/files/49663_ruby_69822.zip
1/4: ./aozorabunko/cards/001341/files/49663_ruby_69822.zip
>> update 49663_ruby_mizuno_nagare.txt
>> update 49663_ruby_utf8_mizuno_nagare.txt
>> https://www.aozora.gr.jp/cards/001341/card49663.html
>> 水のながれ、永井荷風、
-rwxrwxrwx 1 level level 9378 Dec 12 01:11 ./aozorabunko/cards/001341/files/49673_ruby_69832.zip
2/4: ./aozorabunko/cards/001341/files/49673_ruby_69832.zip
>> update 49673_ruby_reibyo.txt
>> update 49673_ruby_utf8_reibyo.txt
>> https://www.aozora.gr.jp/cards/001341/card49673.html
>> 霊廟、永井荷風、
-rwxrwxrwx 1 level level 1231 Dec 12 01:11 ./aozorabunko/cards/001475/files/51618_ruby_69688.zip
3/4: ./aozorabunko/cards/001475/files/51618_ruby_69688.zip
>> add 51618_ruby_tsuzuresase.txt
>> add 51618_ruby_utf8_tsuzuresase.txt
>> https://www.aozora.gr.jp/cards/001475/card51618.html
>> つづれさせ、小川未明、
-rwxrwxrwx 1 level level 4207 Dec 12 01:11 ./aozorabunko/cards/001475/files/53055_ruby_69687.zip
4/4: ./aozorabunko/cards/001475/files/53055_ruby_69687.zip
>> add 53055_ruby_enpono_haha.txt
>> add 53055_ruby_utf8_enpono_haha.txt
>> https://www.aozora.gr.jp/cards/001475/card53055.html
>> 遠方の母、小川未明、
#Creating ./AozoraTxt/etc/filename_illegal.txt
Title Total : 30746/360 (Accept:4/Reject:0/Update:2/Rename:0/Empty:0/Multi txt:0/NPD:0)
Git Failed  : 0
Start: Thu Dec 12 01:09:41 JST 2019
End  : Thu Dec 12 01:14:37 JST 2019

======================================================================
#Extract Aozora Bunko Text Files
#Working folder: /mnt/c/Work
#Source: ./aozorabunko
#Target: ./AozoraTxt
#Date: Fri Dec 13 00:47:11 JST 2019
#Git pull
From https://github.com/aozorabunko/aozorabunko
   932f6f75d4..4580081c10  master     -> origin/master
Updating 932f6f75d4..4580081c10
Fast-forward
 cards/000296/card50266.html                   | 234 ++++++++++++++++++++++++++
 cards/000296/files/50266_69734.html           |  67 ++++++++
 cards/000296/files/50266_ruby_69689.zip       | Bin 0 -> 5583 bytes
 cards/000599/card58454.html                   |  14 +-
 cards/000599/files/58454_69844.html           |  68 ++++++++
 cards/000599/files/58454_ruby_69834.zip       | Bin 0 -> 2674 bytes
 cards/001341/card49636.html                   |  14 +-
 cards/001341/card49652.html                   |  22 +--
 cards/001341/card49653.html                   |  16 +-
 cards/001341/card49656.html                   |  16 +-
 cards/001341/card49661.html                   |  14 +-
 cards/001341/files/49636_69837.html           | 152 +++++++++++++++++
 cards/001341/files/49636_ruby_38367.zip       | Bin 12380 -> 12431 bytes
 cards/001341/files/49652_69843.html           | 141 ++++++++++++++++
 cards/001341/files/49652_ruby_69842.zip       | Bin 0 -> 9164 bytes
 cards/001341/files/49653_69839.html           | 110 ++++++++++++
 cards/001341/files/49653_ruby_69838.zip       | Bin 0 -> 9005 bytes
 cards/001341/files/49656_69841.html           | 163 ++++++++++++++++++
 cards/001341/files/49656_ruby_69840.zip       | Bin 0 -> 14821 bytes
 cards/001341/files/49661_69836.html           | 121 +++++++++++++
 cards/001475/card51618.html                   |   2 +-
 cards/001475/card53055.html                   |   2 +-
 cards/001761/card59480.html                   | 234 ++++++++++++++++++++++++++
 cards/001761/files/59480_69735.html           |  66 ++++++++
 cards/001761/files/59480_txt_69690.zip        | Bin 0 -> 2066 bytes
 144 files changed, 5723 insertions(+), 4260 deletions(-)
Date: Fri Dec 13 00:47:58 JST 2019
#Updating
-rwxrwxrwx 1 level level 0 Dec 12 01:14 ./AozoraTxt/etc/update
-rwxrwxrwx 1 level level 5583 Dec 13 00:47 ./aozorabunko/cards/000296/files/50266_ruby_69689.zip
1/7: ./aozorabunko/cards/000296/files/50266_ruby_69689.zip
>> add 50266_ruby_kihinno_sengen_chitokuno_mohan.txt
>> add 50266_ruby_utf8_kihinno_sengen_chitokuno_mohan.txt
>> https://www.aozora.gr.jp/cards/000296/card50266.html
>> 〔気品の泉源、智徳の模範〕、福澤諭吉、
-rwxrwxrwx 1 level level 2674 Dec 13 00:47 ./aozorabunko/cards/000599/files/58454_ruby_69834.zip
2/7: ./aozorabunko/cards/000599/files/58454_ruby_69834.zip
>> update 58454_ruby_imano_shaseibun.txt
>> update 58454_ruby_utf8_imano_shaseibun.txt
>> https://www.aozora.gr.jp/cards/000599/card58454.html
>> 今の寫生文、島村抱月、
-rwxrwxrwx 1 level level 12431 Dec 13 00:47 ./aozorabunko/cards/001341/files/49636_ruby_38367.zip
3/7: ./aozorabunko/cards/001341/files/49636_ruby_38367.zip
>> git-mv 49636_ruby_katsushikamiyage.txt 49636_ruby_katsushika_miyage.txt
>> git-mv 49636_ruby_utf8_katsushikamiyage.txt 49636_ruby_utf8_katsushika_miyage.txt
>> https://www.aozora.gr.jp/cards/001341/card49636.html
>> 葛飾土産、永井荷風、
-rwxrwxrwx 1 level level 9164 Dec 13 00:47 ./aozorabunko/cards/001341/files/49652_ruby_69842.zip
4/7: ./aozorabunko/cards/001341/files/49652_ruby_69842.zip
>> update 49652_ruby_terajimano_ki.txt
>> update 49652_ruby_utf8_terajimano_ki.txt
>> https://www.aozora.gr.jp/cards/001341/card49652.html
>> 寺じまの記、永井荷風、
-rwxrwxrwx 1 level level 9005 Dec 13 00:47 ./aozorabunko/cards/001341/files/49653_ruby_69838.zip
5/7: ./aozorabunko/cards/001341/files/49653_ruby_69838.zip
>> update 49653_ruby_denzuin.txt
>> update 49653_ruby_utf8_denzuin.txt
>> https://www.aozora.gr.jp/cards/001341/card49653.html
>> 伝通院、永井荷風、
-rwxrwxrwx 1 level level 14821 Dec 13 00:47 ./aozorabunko/cards/001341/files/49656_ruby_69840.zip
6/7: ./aozorabunko/cards/001341/files/49656_ruby_69840.zip
>> update 49656_ruby_natsuno_machi.txt
>> update 49656_ruby_utf8_natsuno_machi.txt
>> https://www.aozora.gr.jp/cards/001341/card49656.html
>> 夏の町、永井荷風、
-rwxrwxrwx 1 level level 2066 Dec 13 00:47 ./aozorabunko/cards/001761/files/59480_txt_69690.zip
7/7: ./aozorabunko/cards/001761/files/59480_txt_69690.zip
>> add 59480_txt_seikakuto_hyojo.txt
>> add 59480_txt_utf8_seikakuto_hyojo.txt
>> https://www.aozora.gr.jp/cards/001761/card59480.html
>> 性格と表情、小津安二郎、
#Creating ./AozoraTxt/etc/filename_illegal.txt
Title Total : 30750/360 (Accept:7/Reject:0/Update:4/Rename:2/Empty:0/Multi txt:0/NPD:0)
Git Failed  : 0
Start: Fri Dec 13 00:47:11 JST 2019
End  : Fri Dec 13 00:49:24 JST 2019

======================================================================
#Extract Aozora Bunko Text Files
#Working folder: /mnt/c/Work
#Source: ./aozorabunko
#Target: ./AozoraTxt
#Date: Sat Dec 14 01:35:50 JST 2019
#Git pull
From https://github.com/aozorabunko/aozorabunko
   4580081c10..48980d59b9  master     -> origin/master
Updating 4580081c10..48980d59b9
Fast-forward
 cards/000027/card58158.html                   |  234 ++++
 cards/000027/files/58158_69736.html           |   95 ++
 cards/000027/files/58158_ruby_69691.zip       |  Bin 0 -> 8421 bytes
 cards/000214/card48968.html                   |  243 ++++
 cards/000214/files/48968_69737.html           |  123 ++
 cards/000214/files/48968_ruby_69692.zip       |  Bin 0 -> 5720 bytes
 cards/000296/card50266.html                   |    2 +-
 cards/001331/card48283.html                   |    2 +-
 cards/001331/card48284.html                   |    2 +-
 cards/001334/card48286.html                   |    2 +-
 cards/001334/card48287.html                   |    2 +-
 cards/001341/card49636.html                   |  Bin 8461 -> 8294 bytes
 cards/001341/card49640.html                   |   10 +-
 cards/001341/card49652.html                   |   12 +-
 cards/001341/card49653.html                   |   14 +-
 cards/001341/card49656.html                   |   12 +-
 cards/001341/card49658.html                   |   16 +-
 cards/001341/card49659.html                   |   10 +-
 cards/001341/card49661.html                   |   12 +-
 cards/001341/card49663.html                   |   12 +-
 cards/001341/card49664.html                   |   16 +-
 cards/001341/card49673.html                   |   12 +-
 cards/001341/files/49636_69846.html           |  Bin 0 -> 9164 bytes
 cards/001341/files/49640_69847.html           |   91 ++
 cards/001341/files/49640_ruby_37909.zip       |  Bin 9877 -> 9877 bytes
 cards/001341/files/49652_69848.html           |  141 +++
 cards/001341/files/49652_ruby_69842.zip       |  Bin 9164 -> 9164 bytes
 cards/001341/files/49653_69849.html           |  110 ++
 cards/001341/files/49653_ruby_69838.zip       |  Bin 9005 -> 9006 bytes
 cards/001341/files/49656_69850.html           |  163 +++
 cards/001341/files/49656_ruby_69840.zip       |  Bin 14821 -> 14821 bytes
 cards/001341/files/49658_69856.html           |  352 ++++++
 cards/001341/files/49658_ruby_37636.zip       |  Bin 69401 -> 69496 bytes
 cards/001341/files/49659_69851.html           |   93 ++
 cards/001341/files/49659_ruby_37913.zip       |  Bin 10185 -> 10188 bytes
 cards/001341/files/49661_69852.html           |  121 ++
 cards/001341/files/49661_ruby_37914.zip       |  Bin 7834 -> 7922 bytes
 cards/001341/files/49663_69853.html           |   63 +
 cards/001341/files/49663_ruby_69822.zip       |  Bin 3438 -> 3438 bytes
 cards/001341/files/49664_69857.html           |  205 ++++
 cards/001341/files/49664_ruby_38373.zip       |  Bin 14377 -> 14467 bytes
 cards/001341/files/49673_69854.html           |  114 ++
 cards/001341/files/49673_ruby_69832.zip       |  Bin 9378 -> 9378 bytes
 cards/001373/card56547.html                   |   10 +-
 cards/001373/files/56547_69845.html           |   88 ++
 cards/001579/card53503.html                   |    8 +-
 cards/001579/files/53503_69855.html           | 1525 +++++++++++++++++++++++++
 cards/001761/card59480.html                   |    2 +-
 174 files changed, 8746 insertions(+), 4598 deletions(-)
Date: Sat Dec 14 01:36:38 JST 2019
#Updating
-rwxrwxrwx 1 level level 0 Dec 13 00:49 ./AozoraTxt/etc/update
-rwxrwxrwx 1 level level 8421 Dec 14 01:36 ./aozorabunko/cards/000027/files/58158_ruby_69691.zip
1/12: ./aozorabunko/cards/000027/files/58158_ruby_69691.zip
>> add 58158_ruby_okujonendakeno_zettenni_tatsu_ki.txt
>> add 58158_ruby_utf8_okujonendakeno_zettenni_tatsu_ki.txt
>> https://www.aozora.gr.jp/cards/000027/card58158.html
>> 奥常念岳の絶巓に立つ記、小島烏水、
-rwxrwxrwx 1 level level 5720 Dec 14 01:36 ./aozorabunko/cards/000214/files/48968_ruby_69692.zip
2/12: ./aozorabunko/cards/000214/files/48968_ruby_69692.zip
>> add 48968_ruby_robono_ogusa.txt
>> add 48968_ruby_utf8_robono_ogusa.txt
>> https://www.aozora.gr.jp/cards/000214/card48968.html
>> 路傍の小草、田山録弥、
-rwxrwxrwx 1 level level 9877 Dec 14 01:36 ./aozorabunko/cards/001341/files/49640_ruby_37909.zip
3/12: ./aozorabunko/cards/001341/files/49640_ruby_37909.zip
>> update 49640_ruby_ginza.txt
>> update 49640_ruby_utf8_ginza.txt
>> https://www.aozora.gr.jp/cards/001341/card49640.html
>> 銀座、永井荷風、
-rwxrwxrwx 1 level level 9164 Dec 14 01:36 ./aozorabunko/cards/001341/files/49652_ruby_69842.zip
4/12: ./aozorabunko/cards/001341/files/49652_ruby_69842.zip
>> update 49652_ruby_terajimano_ki.txt
>> update 49652_ruby_utf8_terajimano_ki.txt
>> https://www.aozora.gr.jp/cards/001341/card49652.html
>> 寺じまの記、永井荷風、
-rwxrwxrwx 1 level level 9006 Dec 14 01:36 ./aozorabunko/cards/001341/files/49653_ruby_69838.zip
5/12: ./aozorabunko/cards/001341/files/49653_ruby_69838.zip
>> update 49653_ruby_denzuin.txt
>> update 49653_ruby_utf8_denzuin.txt
>> https://www.aozora.gr.jp/cards/001341/card49653.html
>> 伝通院、永井荷風、
-rwxrwxrwx 1 level level 14821 Dec 14 01:36 ./aozorabunko/cards/001341/files/49656_ruby_69840.zip
6/12: ./aozorabunko/cards/001341/files/49656_ruby_69840.zip
>> update 49656_ruby_natsuno_machi.txt
>> update 49656_ruby_utf8_natsuno_machi.txt
>> https://www.aozora.gr.jp/cards/001341/card49656.html
>> 夏の町、永井荷風、
-rwxrwxrwx 1 level level 69496 Dec 14 01:36 ./aozorabunko/cards/001341/files/49658_ruby_37636.zip
7/12: ./aozorabunko/cards/001341/files/49658_ruby_37636.zip
>> git-mv 49658_ruby_hiyorigeta.txt 49658_ruby_hiyori_geta.txt
>> git-mv 49658_ruby_utf8_hiyorigeta.txt 49658_ruby_utf8_hiyori_geta.txt
>> https://www.aozora.gr.jp/cards/001341/card49658.html
>> 日和下駄、一名　東京散策記、永井荷風、
-rwxrwxrwx 1 level level 10188 Dec 14 01:36 ./aozorabunko/cards/001341/files/49659_ruby_37913.zip
8/12: ./aozorabunko/cards/001341/files/49659_ruby_37913.zip
>> update 49659_ruby_fukagawano_sanpo.txt
>> update 49659_ruby_utf8_fukagawano_sanpo.txt
>> https://www.aozora.gr.jp/cards/001341/card49659.html
>> 深川の散歩、永井荷風、
-rwxrwxrwx 1 level level 7922 Dec 14 01:36 ./aozorabunko/cards/001341/files/49661_ruby_37914.zip
9/12: ./aozorabunko/cards/001341/files/49661_ruby_37914.zip
>> update 49661_ruby_hosuiro.txt
>> update 49661_ruby_utf8_hosuiro.txt
>> https://www.aozora.gr.jp/cards/001341/card49661.html
>> 放水路、永井荷風、
-rwxrwxrwx 1 level level 3438 Dec 14 01:36 ./aozorabunko/cards/001341/files/49663_ruby_69822.zip
10/12: ./aozorabunko/cards/001341/files/49663_ruby_69822.zip
>> update 49663_ruby_mizuno_nagare.txt
>> update 49663_ruby_utf8_mizuno_nagare.txt
>> https://www.aozora.gr.jp/cards/001341/card49663.html
>> 水のながれ、永井荷風、
-rwxrwxrwx 1 level level 14467 Dec 14 01:36 ./aozorabunko/cards/001341/files/49664_ruby_38373.zip
11/12: ./aozorabunko/cards/001341/files/49664_ruby_38373.zip
>> update 49664_ruby_mukojima.txt
>> update 49664_ruby_utf8_mukojima.txt
>> https://www.aozora.gr.jp/cards/001341/card49664.html
>> 向嶋、永井荷風、
-rwxrwxrwx 1 level level 9378 Dec 14 01:36 ./aozorabunko/cards/001341/files/49673_ruby_69832.zip
12/12: ./aozorabunko/cards/001341/files/49673_ruby_69832.zip
>> update 49673_ruby_reibyo.txt
>> update 49673_ruby_utf8_reibyo.txt
>> https://www.aozora.gr.jp/cards/001341/card49673.html
>> 霊廟、永井荷風、
#Creating ./AozoraTxt/etc/filename_illegal.txt
Title Total : 30754/360 (Accept:12/Reject:0/Update:9/Rename:2/Empty:0/Multi txt:0/NPD:0)
Git Failed  : 0
Start: Sat Dec 14 01:35:50 JST 2019
End  : Sat Dec 14 01:37:46 JST 2019
