
======================================================================
#Extract Aozora Bunko Text Files
#Working folder: /mnt/c/Work
#Source: ./aozorabunko
#Target: ./AozoraTxt
#Date: Sat Feb  1 15:03:34 JST 2020
#Git pull
From https://github.com/aozorabunko/aozorabunko
   e199b09ee3..58d7ab2f17  master     -> origin/master
Updating e199b09ee3..58d7ab2f17
Fast-forward
 cards/000023/card55325.html                   | 234 +++++++++++++++++++++++++
 cards/000023/card55390.html                   | 234 +++++++++++++++++++++++++
 cards/000023/files/55325_70168.html           | 156 +++++++++++++++++
 cards/000023/files/55325_ruby_70119.zip       | Bin 0 -> 10357 bytes
 cards/000023/files/55390_70167.html           | 236 ++++++++++++++++++++++++++
 cards/000023/files/55390_ruby_70118.zip       | Bin 0 -> 10284 bytes
 cards/000879/card105.html                     |  10 +-
 cards/001823/card58337.html                   |   2 +-
 cards/002085/card59723.html                   | 229 +++++++++++++++++++++++++
 cards/002085/files/59723_70002.html           |  60 +++++++
 cards/002085/files/59723_txt_69949.zip        | Bin 0 -> 2457 bytes
 126 files changed, 4676 insertions(+), 3412 deletions(-)
Date: Sat Feb  1 15:06:40 JST 2020
#Updating
-rwxrwxrwx 1 level level 0 Jan 30 09:09 ./AozoraTxt/etc/update
-rwxrwxrwx 1 level level 10357 Feb  1 15:06 ./aozorabunko/cards/000023/files/55325_ruby_70119.zip
1/3: ./aozorabunko/cards/000023/files/55325_ruby_70119.zip
>> add 55325_ruby_yoshinno_ichiya.txt
>> add 55325_ruby_utf8_yoshinno_ichiya.txt
>> https://www.aozora.gr.jp/cards/000023/card55325.html
>> 余震の一夜、徳田秋聲、
-rwxrwxrwx 1 level level 10284 Feb  1 15:06 ./aozorabunko/cards/000023/files/55390_ruby_70118.zip
2/3: ./aozorabunko/cards/000023/files/55390_ruby_70118.zip
>> add 55390_ruby_bashoto_shida.txt
>> add 55390_ruby_utf8_bashoto_shida.txt
>> https://www.aozora.gr.jp/cards/000023/card55390.html
>> 芭蕉と歯朶、徳田秋聲、
-rwxrwxrwx 1 level level 2457 Feb  1 15:06 ./aozorabunko/cards/002085/files/59723_txt_69949.zip
3/3: ./aozorabunko/cards/002085/files/59723_txt_69949.zip
>> add 59723_txt_aoi_kao.txt
>> add 59723_txt_utf8_aoi_kao.txt
>> https://www.aozora.gr.jp/cards/002085/card59723.html
>> “青い顔”、間所紗織、
#Creating ./AozoraTxt/etc/filename_illegal.txt
Title Total : 30914/368 (Accept:3/Reject:0/Update:0/Rename:0/Empty:0/Multi txt:0/NPD:0)
Git Failed  : 0
Start: Sat Feb  1 15:03:34 JST 2020
End  : Sat Feb  1 15:07:36 JST 2020

======================================================================
#Extract Aozora Bunko Text Files
#Working folder: /mnt/c/Work
#Source: ./aozorabunko
#Target: ./AozoraTxt
#Date: Sun Feb  2 17:26:51 JST 2020
#Git pull
From https://github.com/aozorabunko/aozorabunko
   58d7ab2f17..26e0bcec91  master     -> origin/master
Updating 58d7ab2f17..26e0bcec91
Fast-forward
 cards/000023/card55325.html                   |   2 +-
 cards/000023/card55390.html                   |   2 +-
 cards/002043/card60318.html                   | 231 +++++++++++++++++
 cards/002043/files/60318_70101.html           | 352 ++++++++++++++++++++++++++
 cards/002043/files/60318_ruby_70100.zip       | Bin 0 -> 10701425 bytes
 cards/002085/card59723.html                   |   2 +-
 66 files changed, 871 insertions(+), 301 deletions(-)
Date: Sun Feb  2 17:28:31 JST 2020
#Updating
-rwxrwxrwx 1 level level 0 Feb  1 15:07 ./AozoraTxt/etc/update
-rwxrwxrwx 1 level level 10701425 Feb  2 17:28 ./aozorabunko/cards/002043/files/60318_ruby_70100.zip
1/1: ./aozorabunko/cards/002043/files/60318_ruby_70100.zip
>> add 60318_NPD_ruby_yokka_yamiyo.txt
>> add 60318_NPD_ruby_utf8_yokka_yamiyo.txt
>> https://www.aozora.gr.jp/cards/002043/card60318.html
>> 四日闇夜、THE FOUR DAYS' NIGHT、ロンドン危機シリーズ、A STORY IN THE "DOOM OF LONDON" SERIES、フレッド・Ｍ・ホワイト　Fred M. White、奥増夫訳、
#Creating ./AozoraTxt/etc/filename_illegal.txt
Title Total : 30914/370 (Accept:1/Reject:0/Update:0/Rename:0/Empty:0/Multi txt:0/NPD:1)
Git Failed  : 0
Start: Sun Feb  2 17:26:51 JST 2020
End  : Sun Feb  2 17:29:59 JST 2020

======================================================================
#Extract Aozora Bunko Text Files
#Working folder: /mnt/c/Work
#Source: ./aozorabunko
#Target: ./AozoraTxt
#Date: Mon Feb  3 22:00:11 JST 2020
#Git pull
From https://github.com/aozorabunko/aozorabunko
   26e0bcec91..e833344dc7  master     -> origin/master
Updating 26e0bcec91..e833344dc7
Fast-forward
 cards/000296/card50297.html                   | 234 ++++++++++++++++++++++++++
 cards/000296/files/50297_70169.html           |  66 ++++++++
 cards/000296/files/50297_ruby_70120.zip       | Bin 0 -> 5292 bytes
 cards/000879/card105.html                     |   8 +-
 cards/000879/files/105_15146.html             |  41 +++--
 cards/000879/files/105_ruby_773.zip           | Bin 11649 -> 11786 bytes
 cards/001373/card57029.html                   |   8 +-
 cards/001373/files/57029_70259.html           |  69 ++++++++
 cards/002043/card60318.html                   |   2 +-
 78 files changed, 1335 insertions(+), 956 deletions(-)
Date: Mon Feb  3 22:01:31 JST 2020
#Updating
-rwxrwxrwx 1 level level 0 Feb  2 17:29 ./AozoraTxt/etc/update
-rwxrwxrwx 1 level level 5292 Feb  3 22:01 ./aozorabunko/cards/000296/files/50297_ruby_70120.zip
1/2: ./aozorabunko/cards/000296/files/50297_ruby_70120.zip
>> add 50297_ruby_jinseino_rakuji.txt
>> add 50297_ruby_utf8_jinseino_rakuji.txt
>> https://www.aozora.gr.jp/cards/000296/card50297.html
>> 人生の楽事、福澤諭吉、
-rwxrwxrwx 1 level level 11786 Feb  3 22:01 ./aozorabunko/cards/000879/files/105_ruby_773.zip
2/2: ./aozorabunko/cards/000879/files/105_ruby_773.zip
>> update 105_ruby_nankinno_kirisuto.txt
>> update 105_ruby_utf8_nankinno_kirisuto.txt
>> https://www.aozora.gr.jp/cards/000879/card105.html
>> 南京の基督、芥川龍之介、
#Creating ./AozoraTxt/etc/filename_illegal.txt
Title Total : 30916/370 (Accept:2/Reject:0/Update:1/Rename:0/Empty:0/Multi txt:0/NPD:0)
Git Failed  : 0
Start: Mon Feb  3 22:00:11 JST 2020
End  : Mon Feb  3 22:03:04 JST 2020

======================================================================
#Extract Aozora Bunko Text Files
#Working folder: /mnt/c/Work
#Source: ./aozorabunko
#Target: ./AozoraTxt
#Date: Tue Feb  4 21:53:31 JST 2020
#Git pull
From https://github.com/aozorabunko/aozorabunko
   e833344dc7..1e36a3d8d5  master     -> origin/master
Updating e833344dc7..1e36a3d8d5
Fast-forward
 cards/000296/card50297.html                   |   2 +-
 cards/001579/card59414.html                   | 234 ++++++++++++++++++++++++++
 cards/001579/files/59414_70170.html           |  84 +++++++++
 cards/001579/files/59414_ruby_70121.zip       | Bin 0 -> 1496 bytes
 47 files changed, 998 insertions(+), 641 deletions(-)
Date: Tue Feb  4 21:55:01 JST 2020
#Updating
-rwxrwxrwx 1 level level 0 Feb  3 22:02 ./AozoraTxt/etc/update
-rwxrwxrwx 1 level level 1496 Feb  4 21:54 ./aozorabunko/cards/001579/files/59414_ruby_70121.zip
1/1: ./aozorabunko/cards/001579/files/59414_ruby_70121.zip
>> add 59414_ruby_kanmuri_matsujiroshini_okuru_shi.txt
>> add 59414_ruby_utf8_kanmuri_matsujiroshini_okuru_shi.txt
>> https://www.aozora.gr.jp/cards/001579/card59414.html
>> 冠松次郎氏におくる詩、室生犀星、
#Creating ./AozoraTxt/etc/filename_illegal.txt
Title Total : 30918/370 (Accept:1/Reject:0/Update:0/Rename:0/Empty:0/Multi txt:0/NPD:0)
Git Failed  : 0
Start: Tue Feb  4 21:53:31 JST 2020
End  : Tue Feb  4 21:56:21 JST 2020

======================================================================
#Extract Aozora Bunko Text Files
#Working folder: /mnt/c/Work
#Source: ./aozorabunko
#Target: ./AozoraTxt
#Date: Wed Feb  5 17:13:15 JST 2020
#Git pull
From https://github.com/aozorabunko/aozorabunko
   1e36a3d8d5..9f274c9af5  master     -> origin/master
Updating 1e36a3d8d5..9f274c9af5
Fast-forward
 cards/001579/card59414.html                   |    2 +-
 cards/001753/card59029.html                   |  234 ++
 cards/001753/card59034.html                   |  234 ++
 cards/001753/files/59029_70171.html           |   84 +
 cards/001753/files/59029_ruby_70122.zip       |  Bin 0 -> 4458 bytes
 cards/001753/files/59034_70172.html           |   82 +
 cards/001753/files/59034_ruby_70123.zip       |  Bin 0 -> 4971 bytes
 94 files changed, 9383 insertions(+), 2488 deletions(-)
Date: Wed Feb  5 17:14:35 JST 2020
#Updating
-rwxrwxrwx 1 level level 0 Feb  4 21:56 ./AozoraTxt/etc/update
-rwxrwxrwx 1 level level 4458 Feb  5 17:14 ./aozorabunko/cards/001753/files/59029_ruby_70122.zip
1/2: ./aozorabunko/cards/001753/files/59029_ruby_70122.zip
>> add 59029_ruby_kajika.txt
>> add 59029_ruby_utf8_kajika.txt
>> https://www.aozora.gr.jp/cards/001753/card59029.html
>> 河鹿、尾崎士郎、
-rwxrwxrwx 1 level level 4971 Feb  5 17:14 ./aozorabunko/cards/001753/files/59034_ruby_70123.zip
2/2: ./aozorabunko/cards/001753/files/59034_ruby_70123.zip
>> add 59034_ruby_sekireino_su.txt
>> add 59034_ruby_utf8_sekireino_su.txt
>> https://www.aozora.gr.jp/cards/001753/card59034.html
>> 鶺鴒の巣、尾崎士郎、
#Creating ./AozoraTxt/etc/filename_illegal.txt
Title Total : 30922/370 (Accept:2/Reject:0/Update:0/Rename:0/Empty:0/Multi txt:0/NPD:0)
Git Failed  : 0
Start: Wed Feb  5 17:13:15 JST 2020
End  : Wed Feb  5 17:15:59 JST 2020

======================================================================
#Extract Aozora Bunko Text Files
#Working folder: /mnt/c/Work
#Source: ./aozorabunko
#Target: ./AozoraTxt
#Date: Thu Feb  6 21:34:23 JST 2020
#Git pull
From https://github.com/aozorabunko/aozorabunko
   9f274c9af5..8d391e7344  master     -> origin/master
Updating 9f274c9af5..8d391e7344
Fast-forward
 cards/001373/card57029.html                   |  12 +-
 cards/001373/files/57029_70268.html           |  69 ++++++
 cards/001373/files/57029_ruby_70267.zip       | Bin 0 -> 5206 bytes
 cards/001670/card56402.html                   | 234 ++++++++++++++++++++
 cards/001670/files/56402_70173.html           | 302 ++++++++++++++++++++++++++
 cards/001670/files/56402_ruby_70124.zip       | Bin 0 -> 11271 bytes
 cards/001753/card59029.html                   |   2 +-
 cards/001753/card59034.html                   |   2 +-
 62 files changed, 1591 insertions(+), 990 deletions(-)
Date: Thu Feb  6 21:36:53 JST 2020
#Updating
-rwxrwxrwx 1 level level 0 Feb  5 17:15 ./AozoraTxt/etc/update
-rwxrwxrwx 1 level level 5206 Feb  6 21:36 ./aozorabunko/cards/001373/files/57029_ruby_70267.zip
1/2: ./aozorabunko/cards/001373/files/57029_ruby_70267.zip
>> update 57029_ruby_shikano_insho.txt
>> update 57029_ruby_utf8_shikano_insho.txt
>> https://www.aozora.gr.jp/cards/001373/card57029.html
>> 鹿の印象、木暮理太郎、
-rwxrwxrwx 1 level level 11271 Feb  6 21:36 ./aozorabunko/cards/001670/files/56402_ruby_70124.zip
2/2: ./aozorabunko/cards/001670/files/56402_ruby_70124.zip
>> add 56402_ruby_147shimano_saifu.txt
>> add 56402_ruby_utf8_147shimano_saifu.txt
>> https://www.aozora.gr.jp/cards/001670/card56402.html
>> 銭形平次捕物控、縞の財布、野村胡堂、
#Creating ./AozoraTxt/etc/filename_illegal.txt
Title Total : 30924/370 (Accept:2/Reject:0/Update:1/Rename:0/Empty:0/Multi txt:0/NPD:0)
Git Failed  : 0
Start: Thu Feb  6 21:34:23 JST 2020
End  : Thu Feb  6 21:39:53 JST 2020

======================================================================
#Extract Aozora Bunko Text Files
#Working folder: /mnt/c/Work
#Source: ./aozorabunko
#Target: ./AozoraTxt
#Date: Fri Feb  7 22:22:31 JST 2020
#Git pull
From https://github.com/aozorabunko/aozorabunko
   8d391e7344..7823ca6397  master     -> origin/master
Updating 8d391e7344..7823ca6397
Fast-forward
 cards/001670/card56402.html                   |   2 +-
 cards/001753/card59029.html                   |   2 +-
 cards/001753/card59034.html                   |   2 +-
 cards/001822/card57057.html                   | 235 ++++++++++++++++++++++++++
 cards/001822/files/57057_70174.html           |  74 ++++++++
 cards/001822/files/57057_ruby_70125.zip       | Bin 0 -> 3258 bytes
 85 files changed, 2915 insertions(+), 1861 deletions(-)
Date: Fri Feb  7 22:24:17 JST 2020
#Updating
-rwxrwxrwx 1 level level 0 Feb  6 21:39 ./AozoraTxt/etc/update
-rwxrwxrwx 1 level level 3258 Feb  7 22:24 ./aozorabunko/cards/001822/files/57057_ruby_70125.zip
1/1: ./aozorabunko/cards/001822/files/57057_ruby_70125.zip
>> add 57057_ruby_miyazakino_machi.txt
>> add 57057_ruby_utf8_miyazakino_machi.txt
>> https://www.aozora.gr.jp/cards/001822/card57057.html
>> 宮崎の町、中村地平、
#Creating ./AozoraTxt/etc/filename_illegal.txt
Title Total : 30926/370 (Accept:1/Reject:0/Update:0/Rename:0/Empty:0/Multi txt:0/NPD:0)
Git Failed  : 0
Start: Fri Feb  7 22:22:31 JST 2020
End  : Fri Feb  7 22:25:39 JST 2020

======================================================================
#Extract Aozora Bunko Text Files
#Working folder: /mnt/c/Work
#Source: ./aozorabunko
#Target: ./AozoraTxt
#Date: Sun Feb  9 01:02:27 JST 2020
#Git pull
From https://github.com/aozorabunko/aozorabunko
   7823ca6397..6eb6ad587d  master     -> origin/master
Updating 7823ca6397..6eb6ad587d
Fast-forward
 cards/001475/card51511.html                   | 234 ++++++++++++++++++++++++++
 cards/001475/card51585.html                   | 234 ++++++++++++++++++++++++++
 cards/001475/files/51511_70175.html           |  98 +++++++++++
 cards/001475/files/51511_ruby_70126.zip       | Bin 0 -> 3556 bytes
 cards/001475/files/51585_70176.html           |  85 ++++++++++
 cards/001475/files/51585_ruby_70127.zip       | Bin 0 -> 2260 bytes
 cards/001822/card57057.html                   |   2 +-
 95 files changed, 3727 insertions(+), 2423 deletions(-)
Date: Sun Feb  9 01:04:58 JST 2020
#Updating
-rwxrwxrwx 1 level level 0 Feb  7 22:25 ./AozoraTxt/etc/update
-rwxrwxrwx 1 level level 3556 Feb  9 01:04 ./aozorabunko/cards/001475/files/51511_ruby_70126.zip
1/2: ./aozorabunko/cards/001475/files/51511_ruby_70126.zip
>> add 51511_ruby_okamano_uta.txt
>> add 51511_ruby_utf8_okamano_uta.txt
>> https://www.aozora.gr.jp/cards/001475/card51511.html
>> おかまの唄、小川未明、
-rwxrwxrwx 1 level level 2260 Feb  9 01:04 ./aozorabunko/cards/001475/files/51585_ruby_70127.zip
2/2: ./aozorabunko/cards/001475/files/51585_ruby_70127.zip
>> add 51585_ruby_shirakabeno_uchi.txt
>> add 51585_ruby_utf8_shirakabeno_uchi.txt
>> https://www.aozora.gr.jp/cards/001475/card51585.html
>> 白壁のうち、小川未明、
#Creating ./AozoraTxt/etc/filename_illegal.txt
Title Total : 30930/370 (Accept:2/Reject:0/Update:0/Rename:0/Empty:0/Multi txt:0/NPD:0)
Git Failed  : 0
Start: Sun Feb  9 01:02:27 JST 2020
End  : Sun Feb  9 01:06:01 JST 2020

======================================================================
#Extract Aozora Bunko Text Files
#Working folder: /mnt/c/Work
#Source: ./aozorabunko
#Target: ./AozoraTxt
#Date: Sun Feb  9 18:24:39 JST 2020
#Git pull
From https://github.com/aozorabunko/aozorabunko
   6eb6ad587d..ee08bcd086  master     -> origin/master
Updating 6eb6ad587d..ee08bcd086
Fast-forward
 cards/000148/card59017.html                   | 234 ++++++++++++++++++++++++++
 cards/000148/files/59017_70177.html           |  81 +++++++++
 cards/000148/files/59017_ruby_70128.zip       | Bin 0 -> 6188 bytes
 cards/001475/card51511.html                   |   2 +-
 cards/001475/card51585.html                   |   2 +-
 47 files changed, 786 insertions(+), 475 deletions(-)
Date: Sun Feb  9 18:24:57 JST 2020
#Updating
-rwxrwxrwx 1 level level 0 Feb  9 01:05 ./AozoraTxt/etc/update
-rwxrwxrwx 1 level level 6188 Feb  9 18:24 ./aozorabunko/cards/000148/files/59017_ruby_70128.zip
1/1: ./aozorabunko/cards/000148/files/59017_ruby_70128.zip
>> add 59017_ruby_ohanashi.txt
>> add 59017_ruby_utf8_ohanashi.txt
>> https://www.aozora.gr.jp/cards/000148/card59017.html
>> おはなし、夏目漱石、
#Creating ./AozoraTxt/etc/filename_illegal.txt
Title Total : 30932/370 (Accept:1/Reject:0/Update:0/Rename:0/Empty:0/Multi txt:0/NPD:0)
Git Failed  : 0
Start: Sun Feb  9 18:24:39 JST 2020
End  : Sun Feb  9 18:25:12 JST 2020

======================================================================
#Extract Aozora Bunko Text Files
#Working folder: /mnt/c/Work
#Source: ./aozorabunko
#Target: ./AozoraTxt
#Date: Mon Feb 10 21:48:40 JST 2020
#Git pull
From https://github.com/aozorabunko/aozorabunko
   ee08bcd086..39b614e6f7  master     -> origin/master
Updating ee08bcd086..39b614e6f7
Fast-forward
 cards/000148/card59017.html                   |   2 +-
 cards/001652/card54385.html                   | 229 ++++++++++++++++++++++++++
 cards/001652/card54392.html                   | 229 ++++++++++++++++++++++++++
 cards/001652/files/54385_70178.html           |  67 ++++++++
 cards/001652/files/54385_txt_70129.zip        | Bin 0 -> 859 bytes
 cards/001652/files/54392_70179.html           |  63 +++++++
 cards/001652/files/54392_txt_70130.zip        | Bin 0 -> 715 bytes
 72 files changed, 1931 insertions(+), 1348 deletions(-)
Date: Mon Feb 10 21:55:27 JST 2020
#Updating
-rwxrwxrwx 1 level level 0 Feb  9 18:25 ./AozoraTxt/etc/update
-rwxrwxrwx 1 level level 859 Feb 10 21:54 ./aozorabunko/cards/001652/files/54385_txt_70129.zip
1/2: ./aozorabunko/cards/001652/files/54385_txt_70129.zip
>> add 54385_txt_kigi.txt
>> add 54385_txt_utf8_kigi.txt
>> https://www.aozora.gr.jp/cards/001652/card54385.html
>> 樹樹、森川義信、
-rwxrwxrwx 1 level level 715 Feb 10 21:54 ./aozorabunko/cards/001652/files/54392_txt_70130.zip
2/2: ./aozorabunko/cards/001652/files/54392_txt_70130.zip
>> add 54392_txt_mudai.txt
>> add 54392_txt_utf8_mudai.txt
>> https://www.aozora.gr.jp/cards/001652/card54392.html
>> （無題）、森川義信、
#Creating ./AozoraTxt/etc/filename_illegal.txt
Title Total : 30936/370 (Accept:2/Reject:0/Update:0/Rename:0/Empty:0/Multi txt:0/NPD:0)
Git Failed  : 0
Start: Mon Feb 10 21:48:40 JST 2020
End  : Mon Feb 10 21:57:24 JST 2020

======================================================================
#Extract Aozora Bunko Text Files
#Working folder: /mnt/c/Work
#Source: ./aozorabunko
#Target: ./AozoraTxt
#Date: Tue Feb 11 12:25:41 JST 2020
#Git pull
From https://github.com/aozorabunko/aozorabunko
   39b614e6f7..d6374b05b1  master     -> origin/master
Updating 39b614e6f7..d6374b05b1
Fast-forward
 cards/000933/card47712.html                   | 234 ++++++++++++++++++++++++++
 cards/000933/card47727.html                   | 234 ++++++++++++++++++++++++++
 cards/000933/card47822.html                   | 234 ++++++++++++++++++++++++++
 cards/000933/files/47712_70181.html           | 102 +++++++++++
 cards/000933/files/47712_ruby_70132.zip       | Bin 0 -> 4912 bytes
 cards/000933/files/47727_70182.html           | 137 +++++++++++++++
 cards/000933/files/47727_ruby_70133.zip       | Bin 0 -> 10552 bytes
 cards/000933/files/47822_70180.html           |  69 ++++++++
 cards/000933/files/47822_txt_70131.zip        | Bin 0 -> 2362 bytes
 cards/001652/card54385.html                   |   2 +-
 cards/001652/card54392.html                   |   2 +-
 53 files changed, 2013 insertions(+), 1011 deletions(-)
Date: Tue Feb 11 12:27:15 JST 2020
#Updating
-rwxrwxrwx 1 level level 0 Feb 10 21:56 ./AozoraTxt/etc/update
-rwxrwxrwx 1 level level 4912 Feb 11 12:26 ./aozorabunko/cards/000933/files/47712_ruby_70132.zip
1/3: ./aozorabunko/cards/000933/files/47712_ruby_70132.zip
>> add 47712_ruby_nihon_geinono_hanashi.txt
>> add 47712_ruby_utf8_nihon_geinono_hanashi.txt
>> https://www.aozora.gr.jp/cards/000933/card47712.html
>> 日本芸能の話、折口信夫、
-rwxrwxrwx 1 level level 10552 Feb 11 12:26 ./aozorabunko/cards/000933/files/47727_ruby_70133.zip
2/3: ./aozorabunko/cards/000933/files/47727_ruby_70133.zip
>> add 47727_ruby_wakano_hasseito_shogeijutsutono_kankei.txt
>> add 47727_ruby_utf8_wakano_hasseito_shogeijutsutono_kankei.txt
>> https://www.aozora.gr.jp/cards/000933/card47727.html
>> 和歌の発生と諸芸術との関係、折口信夫、
-rwxrwxrwx 1 level level 2362 Feb 11 12:26 ./aozorabunko/cards/000933/files/47822_txt_70131.zip
3/3: ./aozorabunko/cards/000933/files/47822_txt_70131.zip
>> add 47822_txt_bunrakuno_komyo.txt
>> add 47822_txt_utf8_bunrakuno_komyo.txt
>> https://www.aozora.gr.jp/cards/000933/card47822.html
>> 文楽の光明、折口信夫、
#Creating ./AozoraTxt/etc/filename_illegal.txt
Title Total : 30942/370 (Accept:3/Reject:0/Update:0/Rename:0/Empty:0/Multi txt:0/NPD:0)
Git Failed  : 0
Start: Tue Feb 11 12:25:41 JST 2020
End  : Tue Feb 11 12:28:22 JST 2020

======================================================================
#Extract Aozora Bunko Text Files
#Working folder: /mnt/c/Work
#Source: ./aozorabunko
#Target: ./AozoraTxt
#Date: Wed Feb 12 09:17:51 JST 2020
#Git pull
From https://github.com/aozorabunko/aozorabunko
   d6374b05b1..fc30e9db6a  master     -> origin/master
Updating d6374b05b1..fc30e9db6a
Fast-forward
 cards/000933/card47712.html                   |   2 +-
 cards/000933/card47727.html                   |   2 +-
 cards/000933/card47822.html                   |   2 +-
 cards/001652/card54385.html                   |   2 +-
 cards/001652/card54392.html                   |   2 +-
 cards/001670/card56404.html                   | 234 ++++++++++++++++++++
 cards/001670/files/56404_70183.html           | 295 ++++++++++++++++++++++++++
 cards/001670/files/56404_ruby_70134.zip       | Bin 0 -> 12151 bytes
 65 files changed, 1356 insertions(+), 832 deletions(-)
Date: Wed Feb 12 09:19:27 JST 2020
#Updating
-rwxrwxrwx 1 level level 0 Feb 11 12:28 ./AozoraTxt/etc/update
-rwxrwxrwx 1 level level 12151 Feb 12 09:19 ./aozorabunko/cards/001670/files/56404_ruby_70134.zip
1/1: ./aozorabunko/cards/001670/files/56404_ruby_70134.zip
>> add 56404_ruby_148hyottokono_men.txt
>> add 56404_ruby_utf8_148hyottokono_men.txt
>> https://www.aozora.gr.jp/cards/001670/card56404.html
>> 銭形平次捕物控、彦徳の面、野村胡堂、
#Creating ./AozoraTxt/etc/filename_illegal.txt
Title Total : 30944/370 (Accept:1/Reject:0/Update:0/Rename:0/Empty:0/Multi txt:0/NPD:0)
Git Failed  : 0
Start: Wed Feb 12 09:17:51 JST 2020
End  : Wed Feb 12 09:20:31 JST 2020

======================================================================
#Extract Aozora Bunko Text Files
#Working folder: /mnt/c/Work
#Source: ./aozorabunko
#Target: ./AozoraTxt
#Date: Thu Feb 13 22:01:27 JST 2020
#Git pull
From https://github.com/aozorabunko/aozorabunko
   fc30e9db6a..9947c48069  master     -> origin/master
Updating fc30e9db6a..9947c48069
Fast-forward
 cards/000311/card46262.html                   | 229 +++++++++++++++++++++++++
 cards/000311/files/46262_70185.html           | 121 +++++++++++++
 cards/000311/files/46262_txt_70216.zip        | Bin 0 -> 1771 bytes
 cards/001670/card56404.html                   |   2 +-
 cards/001808/card59872.html                   | 234 ++++++++++++++++++++++++++
 cards/001808/files/59872_70184.html           |  67 ++++++++
 cards/001808/files/59872_ruby_70135.zip       | Bin 0 -> 3124 bytes
 81 files changed, 1647 insertions(+), 997 deletions(-)
Date: Thu Feb 13 22:03:13 JST 2020
#Updating
-rwxrwxrwx 1 level level 0 Feb 12 09:20 ./AozoraTxt/etc/update
-rwxrwxrwx 1 level level 1771 Feb 13 22:02 ./aozorabunko/cards/000311/files/46262_txt_70216.zip
1/2: ./aozorabunko/cards/000311/files/46262_txt_70216.zip
>> add 46262_txt_32nikki1949.txt
>> add 46262_txt_utf8_32nikki1949.txt
>> https://www.aozora.gr.jp/cards/000311/card46262.html
>> 日記、一九四九年（昭和二十四年）、宮本百合子、
-rwxrwxrwx 1 level level 3124 Feb 13 22:02 ./aozorabunko/cards/001808/files/59872_ruby_70135.zip
2/2: ./aozorabunko/cards/001808/files/59872_ruby_70135.zip
>> add 59872_ruby_neko_ryori.txt
>> add 59872_ruby_utf8_neko_ryori.txt
>> https://www.aozora.gr.jp/cards/001808/card59872.html
>> 猫料理、村松梢風、
#Creating ./AozoraTxt/etc/filename_illegal.txt
Title Total : 30948/370 (Accept:2/Reject:0/Update:0/Rename:0/Empty:0/Multi txt:0/NPD:0)
Git Failed  : 0
Start: Thu Feb 13 22:01:27 JST 2020
End  : Thu Feb 13 22:04:23 JST 2020

======================================================================
#Extract Aozora Bunko Text Files
#Working folder: /mnt/c/Work
#Source: ./aozorabunko
#Target: ./AozoraTxt
#Date: Fri Feb 14 17:02:02 JST 2020
#Git pull
From https://github.com/aozorabunko/aozorabunko
   9947c48069..19c4105567  master     -> origin/master
Updating 9947c48069..19c4105567
Fast-forward
 cards/000311/card46262.html                   |   2 +-
 cards/001808/card59872.html                   |   2 +-
 cards/001869/card57727.html                   | 229 +++++++++++++++++
 cards/001869/card57813.html                   | 229 +++++++++++++++++
 cards/001869/files/57727_70186.html           | 349 ++++++++++++++++++++++++++
 cards/001869/files/57727_ruby_70137.zip       | Bin 0 -> 22166 bytes
 cards/001869/files/57813_70187.html           | 234 +++++++++++++++++
 cards/001869/files/57813_ruby_70138.zip       | Bin 0 -> 14870 bytes
 68 files changed, 2251 insertions(+), 1218 deletions(-)
Date: Fri Feb 14 17:03:14 JST 2020
#Updating
-rwxrwxrwx 1 level level 0 Feb 13 22:04 ./AozoraTxt/etc/update
-rwxrwxrwx 1 level level 22166 Feb 14 17:03 ./aozorabunko/cards/001869/files/57727_ruby_70137.zip
1/2: ./aozorabunko/cards/001869/files/57727_ruby_70137.zip
>> add 57727_ruby_hito_goroshi.txt
>> add 57727_ruby_utf8_hito_goroshi.txt
>> https://www.aozora.gr.jp/cards/001869/card57727.html
>> ひとごろし、山本周五郎、
-rwxrwxrwx 1 level level 14870 Feb 14 17:03 ./aozorabunko/cards/001869/files/57813_ruby_70138.zip
2/2: ./aozorabunko/cards/001869/files/57813_ruby_70138.zip
>> add 57813_ruby_furin.txt
>> add 57813_ruby_utf8_furin.txt
>> https://www.aozora.gr.jp/cards/001869/card57813.html
>> 日本婦道記、風鈴、山本周五郎、
#Creating ./AozoraTxt/etc/filename_illegal.txt
Title Total : 30952/370 (Accept:2/Reject:0/Update:0/Rename:0/Empty:0/Multi txt:0/NPD:0)
Git Failed  : 0
Start: Fri Feb 14 17:02:02 JST 2020
End  : Fri Feb 14 17:03:56 JST 2020

======================================================================
#Extract Aozora Bunko Text Files
#Working folder: /mnt/c/Work
#Source: ./aozorabunko
#Target: ./AozoraTxt
#Date: Sat Feb 15 10:31:56 JST 2020
#Git pull
From https://github.com/aozorabunko/aozorabunko
   19c4105567..cfefc0351b  master     -> origin/master
Updating 19c4105567..cfefc0351b
Fast-forward
 cards/001308/card49287.html                   | 234 ++++++++++++++++++++++
 cards/001308/files/49287_70188.html           | 275 ++++++++++++++++++++++++++
 cards/001308/files/49287_ruby_70139.zip       | Bin 0 -> 9350 bytes
 cards/001798/card59415.html                   | 234 ++++++++++++++++++++++
 cards/001798/files/59415_70189.html           | 122 ++++++++++++
 cards/001798/files/59415_ruby_70140.zip       | Bin 0 -> 3614 bytes
 cards/001808/card59872.html                   |   2 +-
 cards/001869/card57727.html                   |   2 +-
 cards/001869/card57813.html                   |   2 +-
 96 files changed, 3418 insertions(+), 2171 deletions(-)
Date: Sat Feb 15 10:32:37 JST 2020
#Updating
-rwxrwxrwx 1 level level 0 Feb 14 17:03 ./AozoraTxt/etc/update
-rwxrwxrwx 1 level level 9350 Feb 15 10:32 ./aozorabunko/cards/001308/files/49287_ruby_70139.zip
1/2: ./aozorabunko/cards/001308/files/49287_ruby_70139.zip
>> add 49287_ruby_kojo_shinbun.txt
>> add 49287_ruby_utf8_kojo_shinbun.txt
>> https://www.aozora.gr.jp/cards/001308/card49287.html
>> 工場新聞、徳永直、
-rwxrwxrwx 1 level level 3614 Feb 15 10:32 ./aozorabunko/cards/001798/files/59415_ruby_70140.zip
2/2: ./aozorabunko/cards/001798/files/59415_ruby_70140.zip
>> add 59415_ruby_yatsugatakeni_oikaesareru.txt
>> add 59415_ruby_utf8_yatsugatakeni_oikaesareru.txt
>> https://www.aozora.gr.jp/cards/001798/card59415.html
>> 八ガ岳に追いかえされる、梅崎春生、
#Creating ./AozoraTxt/etc/filename_illegal.txt
Title Total : 30956/370 (Accept:2/Reject:0/Update:0/Rename:0/Empty:0/Multi txt:0/NPD:0)
Git Failed  : 0
Start: Sat Feb 15 10:31:56 JST 2020
End  : Sat Feb 15 10:33:07 JST 2020
