
======================================================================
#Extract Aozora Bunko Text Files
#Working folder: /mnt/c/Work
#Source: ./aozorabunko
#Target: ./AozoraTxt
#Date: Thu Aug  1 23:30:12 JST 2019
#Git pull
From https://github.com/aozorabunko/aozorabunko
   563e5a7a4e..039043dc48  master     -> origin/master
Updating 563e5a7a4e..039043dc48
Fast-forward
 cards/001245/card58664.html                   | 229 ++++++++++++++++++++++++
 cards/001245/files/58664_68740.html           |  64 +++++++
 cards/001245/files/58664_txt_68691.zip        | Bin 0 -> 2803 bytes
 cards/001566/card58034.html                   |   2 +-
 cards/001566/card58443.html                   |   2 +-
 cards/001579/card53184.html                   | 234 +++++++++++++++++++++++++
 cards/001579/files/53184_68739.html           | 105 +++++++++++
 cards/001579/files/53184_ruby_68690.zip       | Bin 0 -> 5687 bytes
 cards/001963/card58854.html                   | 234 +++++++++++++++++++++++++
 cards/001963/files/58854_68738.html           |  66 +++++++
 cards/001963/files/58854_ruby_68689.zip       | Bin 0 -> 3005 bytes
 65 files changed, 2425 insertions(+), 1484 deletions(-)
Date: Thu Aug  1 23:31:14 JST 2019
#Updating
-rwxrwxrwx 1 level level 0 Jul 31 22:08 ./AozoraTxt/etc/update
-rwxrwxrwx 1 level level 2803 Aug  1 23:31 ./aozorabunko/cards/001245/files/58664_txt_68691.zip
1/3: ./aozorabunko/cards/001245/files/58664_txt_68691.zip
>> add 58664_txt_sogodaigakuno_tosho.txt
>> add 58664_txt_utf8_sogodaigakuno_tosho.txt
>> https://www.aozora.gr.jp/cards/001245/card58664.html
>> 綜合大學の圖書、會津八一、
-rwxrwxrwx 1 level level 5687 Aug  1 23:31 ./aozorabunko/cards/001579/files/53184_ruby_68690.zip
2/3: ./aozorabunko/cards/001579/files/53184_ruby_68690.zip
>> add 53184_ruby_sabishiki_uo.txt
>> add 53184_ruby_utf8_sabishiki_uo.txt
>> https://www.aozora.gr.jp/cards/001579/card53184.html
>> 寂しき魚、室生犀星、
-rwxrwxrwx 1 level level 3005 Aug  1 23:31 ./aozorabunko/cards/001963/files/58854_ruby_68689.zip
3/3: ./aozorabunko/cards/001963/files/58854_ruby_68689.zip
>> add 58854_ruby_nozomashii_ongaku.txt
>> add 58854_ruby_utf8_nozomashii_ongaku.txt
>> https://www.aozora.gr.jp/cards/001963/card58854.html
>> 望ましい音楽、信時潔、
#Creating ./AozoraTxt/etc/filename_illegal.txt
Title Total : 30316/346 (Accept:3/Reject:0/Update:0/Rename:0/Empty:0/Multi txt:0/NPD:0)
Git Failed  : 0
Start: Thu Aug  1 23:30:12 JST 2019
End  : Thu Aug  1 23:31:53 JST 2019

======================================================================
#Extract Aozora Bunko Text Files
#Working folder: /mnt/c/Work
#Source: ./aozorabunko
#Target: ./AozoraTxt
#Date: Sat Aug  3 00:53:15 JST 2019
#Git pull
From https://github.com/aozorabunko/aozorabunko
   039043dc48..75516f1487  master     -> origin/master
Updating 039043dc48..75516f1487
Fast-forward
 cards/000026/card55895.html                   | 229 ++++++++++++++++++++++++++
 cards/000026/card55929.html                   | 229 ++++++++++++++++++++++++++
 cards/000026/files/55895_68741.html           |  63 +++++++
 cards/000026/files/55895_ruby_68692.zip       | Bin 0 -> 968 bytes
 cards/000026/files/55929_68742.html           |  75 +++++++++
 cards/000026/files/55929_txt_68693.zip        | Bin 0 -> 1060 bytes
 cards/000810/card49947.html                   |  10 +-
 cards/000810/files/49947_40166.html           |  43 +++--
 cards/000810/files/49947_ruby_39182.zip       | Bin 161743 -> 2210694 bytes
 cards/001245/card58664.html                   |   2 +-
 cards/001579/card53184.html                   |   2 +-
 cards/001963/card58854.html                   |   2 +-
 110 files changed, 1879 insertions(+), 1277 deletions(-)
Date: Sat Aug  3 00:54:33 JST 2019
#Updating
-rwxrwxrwx 1 level level 0 Aug  1 23:31 ./AozoraTxt/etc/update
-rwxrwxrwx 1 level level 968 Aug  3 00:54 ./aozorabunko/cards/000026/files/55895_ruby_68692.zip
1/3: ./aozorabunko/cards/000026/files/55895_ruby_68692.zip
>> add 55895_ruby_kentaini_nigirareta_otoko.txt
>> add 55895_ruby_utf8_kentaini_nigirareta_otoko.txt
>> https://www.aozora.gr.jp/cards/000026/card55895.html
>> 倦怠に握られた男、中原中也、
-rwxrwxrwx 1 level level 1060 Aug  3 00:54 ./aozorabunko/cards/000026/files/55929_txt_68693.zip
2/3: ./aozorabunko/cards/000026/files/55929_txt_68693.zip
>> add 55929_txt_tenpini_kakete.txt
>> add 55929_txt_utf8_tenpini_kakete.txt
>> https://www.aozora.gr.jp/cards/000026/card55929.html
>> （テンピにかけて）、中原中也、
-rwxrwxrwx 1 level level 2210694 Aug  3 00:54 ./aozorabunko/cards/000810/files/49947_ruby_39182.zip
3/3: ./aozorabunko/cards/000810/files/49947_ruby_39182.zip
>> update 49947_ruby_kuidoraku_haruno_maki.txt
>> update 49947_ruby_utf8_kuidoraku_haruno_maki.txt
>> https://www.aozora.gr.jp/cards/000810/card49947.html
>> 食道楽、春の巻、村井弦斎、
#Creating ./AozoraTxt/etc/filename_illegal.txt
Title Total : 30320/346 (Accept:3/Reject:0/Update:1/Rename:0/Empty:0/Multi txt:0/NPD:0)
Git Failed  : 0
Start: Sat Aug  3 00:53:15 JST 2019
End  : Sat Aug  3 00:55:37 JST 2019

======================================================================
#Extract Aozora Bunko Text Files
#Working folder: /mnt/c/Work
#Source: ./aozorabunko
#Target: ./AozoraTxt
#Date: Sat Aug  3 22:58:42 JST 2019
#Git pull
From https://github.com/aozorabunko/aozorabunko
   75516f1487..24a019f49f  master     -> origin/master
Updating 75516f1487..24a019f49f
Fast-forward
 cards/000026/card55895.html                   |    2 +-
 cards/000026/card55929.html                   |    2 +-
 cards/001569/card59201.html                   |  234 ++
 cards/001569/files/59201_68743.html           |  111 +
 cards/001569/files/59201_ruby_68694.zip       |  Bin 0 -> 6846 bytes
 54 files changed, 7865 insertions(+), 1392 deletions(-)
Date: Sat Aug  3 23:01:14 JST 2019
#Updating
-rwxrwxrwx 1 level level 0 Aug  3 00:55 ./AozoraTxt/etc/update
-rwxrwxrwx 1 level level 6846 Aug  3 23:01 ./aozorabunko/cards/001569/files/59201_ruby_68694.zip
1/1: ./aozorabunko/cards/001569/files/59201_ruby_68694.zip
>> add 59201_ruby_hachigatsu_mikkano_yume.txt
>> add 59201_ruby_utf8_hachigatsu_mikkano_yume.txt
>> https://www.aozora.gr.jp/cards/001569/card59201.html
>> 八月三日の夢、中谷宇吉郎、
#Creating ./AozoraTxt/etc/filename_illegal.txt
Title Total : 30322/346 (Accept:1/Reject:0/Update:0/Rename:0/Empty:0/Multi txt:0/NPD:0)
Git Failed  : 0
Start: Sat Aug  3 22:58:42 JST 2019
End  : Sat Aug  3 23:02:55 JST 2019
