
======================================================================
#Extract Aozora Bunko Text Files
#Working folder: /mnt/c/Work
#Source: ./aozorabunko
#Target: ./AozoraTxt
#Date: Sun Sep  1 10:10:22 JST 2019
#Git pull
From https://github.com/aozorabunko/aozorabunko
   9971fd95f1..d3f8bd9162  master     -> origin/master
Updating 9971fd95f1..d3f8bd9162
Fast-forward
 cards/000800/card56836.html                   | 234 +++++++++++++++++++++++
 cards/000800/files/56836_69110.html           | 257 ++++++++++++++++++++++++++
 cards/000800/files/56836_ruby_69019.zip       | Bin 0 -> 16671 bytes
 cards/000933/card47682.html                   |   2 +-
 cards/000933/card47790.html                   |   2 +-
 cards/001336/card51298.html                   | 234 +++++++++++++++++++++++
 cards/001336/files/51298_69109.html           |  81 ++++++++
 cards/001336/files/51298_ruby_69018.zip       | Bin 0 -> 2933 bytes
 48 files changed, 2064 insertions(+), 1262 deletions(-)
Date: Sun Sep  1 10:12:20 JST 2019
#Updating
-rwxrwxrwx 1 level level 0 Aug 31 08:51 ./AozoraTxt/etc/update
-rwxrwxrwx 1 level level 16671 Sep  1 10:11 ./aozorabunko/cards/000800/files/56836_ruby_69019.zip
1/2: ./aozorabunko/cards/000800/files/56836_ruby_69019.zip
>> add 56836_ruby_kugatsu_tsuitachi.txt
>> add 56836_ruby_utf8_kugatsu_tsuitachi.txt
>> https://www.aozora.gr.jp/cards/000800/card56836.html
>> 九月一日、水上滝太郎、
-rwxrwxrwx 1 level level 2933 Sep  1 10:11 ./aozorabunko/cards/001336/files/51298_ruby_69018.zip
2/2: ./aozorabunko/cards/001336/files/51298_ruby_69018.zip
>> add 51298_ruby_kugatsu_sakujitsu.txt
>> add 51298_ruby_utf8_kugatsu_sakujitsu.txt
>> https://www.aozora.gr.jp/cards/001336/card51298.html
>> 九月朔日、心猿、
#Creating ./AozoraTxt/etc/filename_illegal.txt
Title Total : 30412/350 (Accept:2/Reject:0/Update:0/Rename:0/Empty:0/Multi txt:0/NPD:0)
Git Failed  : 0
Start: Sun Sep  1 10:10:22 JST 2019
End  : Sun Sep  1 10:13:58 JST 2019
