
======================================================================
#Extract Aozora Bunko Text Files
#Working folder: /mnt/c/Work
#Source: ./aozorabunko
#Target: ./AozoraTxt
#Date: Sat Jun  1 07:56:11 JST 2019
#Git pull
From https://github.com/aozorabunko/aozorabunko
   fe4fd69310..9e7c0b55c7  master     -> origin/master
Updating fe4fd69310..9e7c0b55c7
Fast-forward
 cards/000262/card54116.html                   | 229 +++++++++++++++++++
 cards/000262/files/54116_68236.html           | 303 ++++++++++++++++++++++++++
 cards/000262/files/54116_ruby_68191.zip       | Bin 0 -> 20238 bytes
 cards/001660/card54366.html                   |   4 +-
 57 files changed, 1826 insertions(+), 1297 deletions(-)
Date: Sat Jun  1 07:57:09 JST 2019
#Updating
-rwxrwxrwx 1 level level 0 May 31 21:54 ./AozoraTxt/etc/update
-rwxrwxrwx 1 level level 20238 Jun  1 07:57 ./aozorabunko/cards/000262/files/54116_ruby_68191.zip
1/1: ./aozorabunko/cards/000262/files/54116_ruby_68191.zip
>> add 54116_ruby_gokaino_mado_06.txt
>> add 54116_ruby_utf8_gokaino_mado_06.txt
>> 五階の窓、合作の六（終局）、小酒井不木、
#Creating ./AozoraTxt/etc/filename_illegal.txt
Title Total : 30124/316 (Accept:1/Reject:0/Update:0/Rename:0/Empty:0/Multi txt:0/NPD:0)
Git Failed  : 0
Start: Sat Jun  1 07:56:11 JST 2019
End  : Sat Jun  1 07:57:43 JST 2019

======================================================================
#Extract Aozora Bunko Text Files
#Working folder: /mnt/c/Work
#Source: ./aozorabunko
#Target: ./AozoraTxt
#Date: Sun Jun  2 07:30:50 JST 2019
#Git pull
From https://github.com/aozorabunko/aozorabunko
   9e7c0b55c7..fffc9d7368  master     -> origin/master
Updating 9e7c0b55c7..fffc9d7368
Fast-forward
 cards/000262/card54116.html                   |   2 +-
 cards/001663/card54405.html                   | 234 ++++++++++++++++++++++++++
 cards/001663/card54406.html                   | 234 ++++++++++++++++++++++++++
 cards/001663/card54407.html                   | 234 ++++++++++++++++++++++++++
 cards/001663/files/54405_68238.html           | 183 ++++++++++++++++++++
 cards/001663/files/54405_ruby_68193.zip       | Bin 0 -> 2684 bytes
 cards/001663/files/54406_68239.html           |  94 +++++++++++
 cards/001663/files/54406_txt_68194.zip        | Bin 0 -> 1478 bytes
 cards/001663/files/54407_68237.html           |  71 ++++++++
 cards/001663/files/54407_txt_68192.zip        | Bin 0 -> 1040 bytes
 186 files changed, 6455 insertions(+), 4551 deletions(-)
Date: Sun Jun  2 07:32:09 JST 2019
#Updating
-rwxrwxrwx 1 level level 0 Jun  1 07:57 ./AozoraTxt/etc/update
-rwxrwxrwx 1 level level 2684 Jun  2 07:31 ./aozorabunko/cards/001663/files/54405_ruby_68193.zip
1/3: ./aozorabunko/cards/001663/files/54405_ruby_68193.zip
>> add 54405_ruby_katamukeru_dendo.txt
>> add 54405_ruby_utf8_katamukeru_dendo.txt
>> 傾ける殿堂、上里春生、
-rwxrwxrwx 1 level level 1478 Jun  2 07:31 ./aozorabunko/cards/001663/files/54406_txt_68194.zip
2/3: ./aozorabunko/cards/001663/files/54406_txt_68194.zip
>> add 54406_txt_sagani_kochiyori.txt
>> add 54406_txt_utf8_sagani_kochiyori.txt
>> サガニー耕地より、上里春生、
-rwxrwxrwx 1 level level 1040 Jun  2 07:31 ./aozorabunko/cards/001663/files/54407_txt_68192.zip
3/3: ./aozorabunko/cards/001663/files/54407_txt_68192.zip
>> add 54407_txt_aru_tsukiyoni.txt
>> add 54407_txt_utf8_aru_tsukiyoni.txt
>> 或る月夜に、上里春生、
#Creating ./AozoraTxt/etc/filename_illegal.txt
Title Total : 30130/316 (Accept:3/Reject:0/Update:0/Rename:0/Empty:0/Multi txt:0/NPD:0)
Git Failed  : 0
Start: Sun Jun  2 07:30:50 JST 2019
End  : Sun Jun  2 07:32:43 JST 2019
