
======================================================================
#Extract Aozora Bunko Text Files
#Working folder: /mnt/c/Work
#Source: ./aozorabunko
#Target: ./AozoraTxt
#Date: Sun Mar  1 18:17:47 JST 2020
#Git pull
From https://github.com/aozorabunko/aozorabunko
   ed4fccf0df..a7a25c4e86  master     -> origin/master
Auto packing the repository in background for optimum performance.
See "git help gc" for manual housekeeping.
Updating ed4fccf0df..a7a25c4e86
Fast-forward
 cards/000067/card59978.html                   | 234 +++++++++++++++++++++++++
 cards/000067/files/59978_70435.html           |  69 ++++++++
 cards/000067/files/59978_ruby_70377.zip       | Bin 0 -> 3672 bytes
 cards/000076/card58305.html                   | 234 +++++++++++++++++++++++++
 cards/000076/files/58305_70434.html           |  68 ++++++++
 cards/000076/files/58305_ruby_70376.zip       | Bin 0 -> 2791 bytes
 cards/000082/card56257.html                   | 238 ++++++++++++++++++++++++++
 cards/000082/files/56257_70436.html           |  83 +++++++++
 cards/000082/files/56257_ruby_70378.zip       | Bin 0 -> 5716 bytes
 cards/001395/card55761.html                   | 229 +++++++++++++++++++++++++
 cards/001395/files/55761_70437.html           | 113 ++++++++++++
 cards/001395/files/55761_txt_70379.zip        | Bin 0 -> 12024 bytes
 cards/001475/card51601.html                   |   2 +-
 cards/001475/card51674.html                   |   2 +-
 cards/001602/card53797.html                   |   2 +-
 cards/001602/card53802.html                   |   2 +-
 cards/001848/card59608.html                   |   2 +-
 136 files changed, 4936 insertions(+), 3672 deletions(-)
Date: Sun Mar  1 18:37:32 JST 2020
#Updating
-rwxrwxrwx 1 level level 0 Feb 29 17:22 ./AozoraTxt/etc/update
-rwxrwxrwx 1 level level 3672 Mar  1 18:37 ./aozorabunko/cards/000067/files/59978_ruby_70377.zip
1/4: ./aozorabunko/cards/000067/files/59978_ruby_70377.zip
>> add 59978_ruby_akutagawa_ryunosukeno_tsuioku.txt
>> add 59978_ruby_utf8_akutagawa_ryunosukeno_tsuioku.txt
>> https://www.aozora.gr.jp/cards/000067/card59978.html
>> 芥川龍之介の追憶、萩原朔太郎、
-rwxrwxrwx 1 level level 2791 Mar  1 18:37 ./aozorabunko/cards/000076/files/58305_ruby_70376.zip
2/4: ./aozorabunko/cards/000076/files/58305_ruby_70376.zip
>> add 58305_ruby_ai.txt
>> add 58305_ruby_utf8_ai.txt
>> https://www.aozora.gr.jp/cards/000076/card58305.html
>> 愛、岡本かの子、
-rwxrwxrwx 1 level level 5716 Mar  1 18:37 ./aozorabunko/cards/000082/files/56257_ruby_70378.zip
3/4: ./aozorabunko/cards/000082/files/56257_ruby_70378.zip
>> add 56257_ruby_fukuro_musumeno_hanashi.txt
>> add 56257_ruby_utf8_fukuro_musumeno_hanashi.txt
>> https://www.aozora.gr.jp/cards/000082/card56257.html
>> 梟娘の話、岡本綺堂、
-rwxrwxrwx 1 level level 12024 Mar  1 18:37 ./aozorabunko/cards/001395/files/55761_txt_70379.zip
4/4: ./aozorabunko/cards/001395/files/55761_txt_70379.zip
>> add 55761_txt_nishino_kyono_omoide.txt
>> add 55761_txt_utf8_nishino_kyono_omoide.txt
>> https://www.aozora.gr.jp/cards/001395/card55761.html
>> 西の京の思ひ出、和辻哲郎、
#Creating ./AozoraTxt/etc/filename_illegal.txt
Title Total : 31018/374 (Accept:4/Reject:0/Update:0/Rename:0/Empty:0/Multi txt:0/NPD:0)
Git Failed  : 0
Start: Sun Mar  1 18:17:47 JST 2020
End  : Sun Mar  1 18:38:50 JST 2020

======================================================================
#Extract Aozora Bunko Text Files
#Working folder: /mnt/c/Work
#Source: ./aozorabunko
#Target: ./AozoraTxt
#Date: Mon Mar  2 22:29:00 JST 2020
#Git pull
From https://github.com/aozorabunko/aozorabunko
   a7a25c4e86..b63f7e4741  master     -> origin/master
Updating a7a25c4e86..b63f7e4741
Fast-forward
 cards/000067/card59978.html                   |   2 +-
 cards/000076/card58305.html                   |   2 +-
 cards/000082/card56257.html                   |   2 +-
 cards/001395/card55761.html                   |   2 +-
 cards/001848/card59608.html                   |   2 +-
 cards/002043/card60411.html                   | 231 +++++++++++++++++++++
 cards/002043/files/60411_70311.html           | 277 ++++++++++++++++++++++++++
 cards/002043/files/60411_ruby_70310.zip       | Bin 0 -> 4944938 bytes
 135 files changed, 3129 insertions(+), 2642 deletions(-)
Date: Mon Mar  2 22:29:46 JST 2020
#Updating
-rwxrwxrwx 1 level level 0 Mar  1 18:38 ./AozoraTxt/etc/update
-rwxrwxrwx 1 level level 4944938 Mar  2 22:29 ./aozorabunko/cards/002043/files/60411_ruby_70310.zip
1/1: ./aozorabunko/cards/002043/files/60411_ruby_70310.zip
>> add 60411_NPD_ruby_shino_dojo.txt
>> add 60411_NPD_ruby_utf8_shino_dojo.txt
>> https://www.aozora.gr.jp/cards/002043/card60411.html
>> 死の土壌、THE DUST OF DEATH、ロンドン危機シリーズ、A STORY IN THE "DOOM OF LONDON" SERIES、フレッド・Ｍ・ホワイト　Fred M. White、奥増夫訳、
#Creating ./AozoraTxt/etc/filename_illegal.txt
Title Total : 31018/376 (Accept:1/Reject:0/Update:0/Rename:0/Empty:0/Multi txt:0/NPD:1)
Git Failed  : 0
Start: Mon Mar  2 22:29:00 JST 2020
End  : Mon Mar  2 22:31:35 JST 2020

======================================================================
#Extract Aozora Bunko Text Files
#Working folder: /mnt/c/Work
#Source: ./aozorabunko
#Target: ./AozoraTxt
#Date: Tue Mar  3 22:35:49 JST 2020
#Git pull
From https://github.com/aozorabunko/aozorabunko
   b63f7e4741..ddbcb4a44b  master     -> origin/master
Updating b63f7e4741..ddbcb4a44b
Fast-forward
 cards/000252/card52313.html                   | 234 +++++++++++++++
 cards/000252/card52358.html                   | 234 +++++++++++++++
 cards/000252/files/52313_70439.html           | 143 +++++++++
 cards/000252/files/52313_ruby_70381.zip       | Bin 0 -> 10047 bytes
 cards/000252/files/52358_70440.html           | 405 ++++++++++++++++++++++++++
 cards/000252/files/52358_ruby_70382.zip       | Bin 0 -> 28126 bytes
 cards/001581/card58960.html                   | 234 +++++++++++++++
 cards/001581/files/58960_70438.html           |  76 +++++
 cards/001581/files/58960_txt_70380.zip        | Bin 0 -> 7626 bytes
 cards/002043/card60411.html                   |   2 +-
 60 files changed, 2266 insertions(+), 945 deletions(-)
Date: Tue Mar  3 22:38:33 JST 2020
#Updating
-rwxrwxrwx 1 level level 0 Mar  2 22:31 ./AozoraTxt/etc/update
-rwxrwxrwx 1 level level 10047 Mar  3 22:38 ./aozorabunko/cards/000252/files/52313_ruby_70381.zip
1/3: ./aozorabunko/cards/000252/files/52313_ruby_70381.zip
>> add 52313_ruby_oyakata_kobuse.txt
>> add 52313_ruby_utf8_oyakata_kobuse.txt
>> https://www.aozora.gr.jp/cards/000252/card52313.html
>> 親方コブセ、金史良、
-rwxrwxrwx 1 level level 28126 Mar  3 22:38 ./aozorabunko/cards/000252/files/52358_ruby_70382.zip
2/3: ./aozorabunko/cards/000252/files/52358_ruby_70382.zip
>> add 52358_ruby_tosonran.txt
>> add 52358_ruby_utf8_tosonran.txt
>> https://www.aozora.gr.jp/cards/000252/card52358.html
>> 土城廊、金史良、
-rwxrwxrwx 1 level level 7626 Mar  3 22:38 ./aozorabunko/cards/001581/files/58960_txt_70380.zip
3/3: ./aozorabunko/cards/001581/files/58960_txt_70380.zip
>> add 58960_txt_henshusha_konjaku.txt
>> add 58960_txt_utf8_henshusha_konjaku.txt
>> https://www.aozora.gr.jp/cards/001581/card58960.html
>> 編集者今昔、正宗白鳥、
#Creating ./AozoraTxt/etc/filename_illegal.txt
Title Total : 31024/376 (Accept:3/Reject:0/Update:0/Rename:0/Empty:0/Multi txt:0/NPD:0)
Git Failed  : 0
Start: Tue Mar  3 22:35:49 JST 2020
End  : Tue Mar  3 22:41:07 JST 2020

======================================================================
#Extract Aozora Bunko Text Files
#Working folder: /mnt/c/Work
#Source: ./aozorabunko
#Target: ./AozoraTxt
#Date: Wed Mar  4 23:39:20 JST 2020
#Git pull
From https://github.com/aozorabunko/aozorabunko
   ddbcb4a44b..59d4b94640  master     -> origin/master
Updating ddbcb4a44b..59d4b94640
Fast-forward
 cards/000025/card56501.html                   | 229 ++++++++++++++++++++++++++
 cards/000025/files/56501_70441.html           | 107 ++++++++++++
 cards/000025/files/56501_ruby_70383.zip       | Bin 0 -> 5395 bytes
 cards/000252/card52313.html                   |   2 +-
 cards/000252/card52358.html                   |   2 +-
 cards/001581/card58960.html                   |   2 +-
 80 files changed, 1408 insertions(+), 1079 deletions(-)
Date: Wed Mar  4 23:40:33 JST 2020
#Updating
-rwxrwxrwx 1 level level 0 Mar  3 22:40 ./AozoraTxt/etc/update
-rwxrwxrwx 1 level level 5395 Mar  4 23:40 ./aozorabunko/cards/000025/files/56501_ruby_70383.zip
1/1: ./aozorabunko/cards/000025/files/56501_ruby_70383.zip
>> add 56501_ruby_katawamono.txt
>> add 56501_ruby_utf8_katawamono.txt
>> https://www.aozora.gr.jp/cards/000025/card56501.html
>> かたわ者、有島武郎、
#Creating ./AozoraTxt/etc/filename_illegal.txt
Title Total : 31026/376 (Accept:1/Reject:0/Update:0/Rename:0/Empty:0/Multi txt:0/NPD:0)
Git Failed  : 0
Start: Wed Mar  4 23:39:20 JST 2020
End  : Wed Mar  4 23:41:32 JST 2020

======================================================================
#Extract Aozora Bunko Text Files
#Working folder: /mnt/c/Work
#Source: ./aozorabunko
#Target: ./AozoraTxt
#Date: Thu Mar  5 22:16:37 JST 2020
#Git pull
From https://github.com/aozorabunko/aozorabunko
   59d4b94640..0712516902  master     -> origin/master
Updating 59d4b94640..0712516902
Fast-forward
 cards/000025/card4994.html                    |    2 +-
 cards/000025/card56501.html                   |    2 +-
 cards/001062/card4993.html                    |    2 +-
 cards/001154/card43847.html                   |  234 ++
 cards/001154/files/43847_70443.html           |  422 ++++
 cards/001154/files/43847_ruby_70385.zip       |  Bin 0 -> 15574 bytes
 cards/001601/card53796.html                   |  234 ++
 cards/001601/files/53796_70442.html           |   90 +
 cards/001601/files/53796_ruby_70384.zip       |  Bin 0 -> 7277 bytes
 124 files changed, 9870 insertions(+), 2755 deletions(-)
Date: Thu Mar  5 22:18:09 JST 2020
#Updating
-rwxrwxrwx 1 level level 0 Mar  4 23:41 ./AozoraTxt/etc/update
-rwxrwxrwx 1 level level 15574 Mar  5 22:17 ./aozorabunko/cards/001154/files/43847_ruby_70385.zip
1/2: ./aozorabunko/cards/001154/files/43847_ruby_70385.zip
>> add 43847_ruby_hana_mondo.txt
>> add 43847_ruby_utf8_hana_mondo.txt
>> https://www.aozora.gr.jp/cards/001154/card43847.html
>> 花問答、岸田國士、
-rwxrwxrwx 1 level level 7277 Mar  5 22:17 ./aozorabunko/cards/001601/files/53796_ruby_70384.zip
2/2: ./aozorabunko/cards/001601/files/53796_ruby_70384.zip
>> add 53796_ruby_aika.txt
>> add 53796_ruby_utf8_aika.txt
>> https://www.aozora.gr.jp/cards/001601/card53796.html
>> 愛か、李光洙、
#Creating ./AozoraTxt/etc/filename_illegal.txt
Title Total : 31030/376 (Accept:2/Reject:0/Update:0/Rename:0/Empty:0/Multi txt:0/NPD:0)
Git Failed  : 0
Start: Thu Mar  5 22:16:37 JST 2020
End  : Thu Mar  5 22:19:28 JST 2020

======================================================================
#Extract Aozora Bunko Text Files
#Working folder: /mnt/c/Work
#Source: ./aozorabunko
#Target: ./AozoraTxt
#Date: Fri Mar  6 23:22:03 JST 2020
#Git pull
From https://github.com/aozorabunko/aozorabunko
   0712516902..50161d4042  master     -> origin/master
Updating 0712516902..50161d4042
Fast-forward
 cards/000237/card50039.html                   | 229 ++++++++++++++++++++++++
 cards/000237/files/50039_70445.html           |  65 +++++++
 cards/000237/files/50039_ruby_70387.zip       | Bin 0 -> 3783 bytes
 cards/001154/card43847.html                   |   2 +-
 cards/001601/card53796.html                   |   2 +-
 cards/001867/card58328.html                   | 234 ++++++++++++++++++++++++
 cards/001867/files/58328_70444.html           | 122 +++++++++++++
 cards/001867/files/58328_ruby_70386.zip       | Bin 0 -> 5934 bytes
 60 files changed, 1621 insertions(+), 977 deletions(-)
Date: Fri Mar  6 23:22:52 JST 2020
#Updating
-rwxrwxrwx 1 level level 0 Mar  5 22:19 ./AozoraTxt/etc/update
-rwxrwxrwx 1 level level 3783 Mar  6 23:22 ./aozorabunko/cards/000237/files/50039_ruby_70387.zip
1/2: ./aozorabunko/cards/000237/files/50039_ruby_70387.zip
>> add 50039_ruby_tamagawa_bokenki.txt
>> add 50039_ruby_utf8_tamagawa_bokenki.txt
>> https://www.aozora.gr.jp/cards/000237/card50039.html
>> 多摩川冒險記、大町桂月、
-rwxrwxrwx 1 level level 5934 Mar  6 23:22 ./aozorabunko/cards/001867/files/58328_ruby_70386.zip
2/2: ./aozorabunko/cards/001867/files/58328_ruby_70386.zip
>> add 58328_ruby_hibino_pan.txt
>> add 58328_ruby_utf8_hibino_pan.txt
>> https://www.aozora.gr.jp/cards/001867/card58328.html
>> 日日の麺麭、小山清、
#Creating ./AozoraTxt/etc/filename_illegal.txt
Title Total : 31034/376 (Accept:2/Reject:0/Update:0/Rename:0/Empty:0/Multi txt:0/NPD:0)
Git Failed  : 0
Start: Fri Mar  6 23:22:03 JST 2020
End  : Fri Mar  6 23:23:34 JST 2020
