
======================================================================
#Extract Aozora Bunko Text Files
#Working folder: /home/level/Work
#Source: ./aozorabunko
#Target: ./AozoraTxt
#Date: Sun Mar  3 19:28:38 JST 2019
#Git pull
From https://github.com/aozorabunko/aozorabunko
   4240139de6..24c1c757ff  master     -> origin/master
Updating 4240139de6..24c1c757ff
Fast-forward
 cards/000050/card33223.html                   |   2 +-
 cards/000258/card50189.html                   |  16 +-
 cards/000258/card50314.html                   |  20 +-
 cards/000258/card52334.html                   |  16 +-
 cards/000258/card52335.html                   |  16 +-
 cards/000258/card52948.html                   |  16 +-
 cards/000258/card52949.html                   |  16 +-
 cards/000258/card52950.html                   |  16 +-
 cards/000258/card52951.html                   |  28 +--
 cards/000258/card55378.html                   |  16 +-
 cards/000258/files/50189_34695.html           | 101 ++++++++++
 cards/000258/files/50189_ruby_34696.zip       | Bin 0 -> 3979 bytes
 cards/000258/files/50314_35074.html           |  95 +++++++++
 cards/000258/files/50314_ruby_67453.zip       | Bin 0 -> 4357 bytes
 cards/000258/files/52334_41382.html           | 119 +++++++++++
 cards/000258/files/52334_ruby_41381.zip       | Bin 0 -> 8192 bytes
 cards/000258/files/52335_41384.html           | 221 +++++++++++++++++++++
 cards/000258/files/52335_ruby_41383.zip       | Bin 0 -> 15679 bytes
 cards/000258/files/52948_42570.html           | 186 ++++++++++++++++++
 cards/000258/files/52948_ruby_42571.zip       | Bin 0 -> 14009 bytes
 cards/000258/files/52949_42575.html           |  78 ++++++++
 cards/000258/files/52949_ruby_42574.zip       | Bin 0 -> 3250 bytes
 cards/000258/files/52950_42573.html           |  78 ++++++++
 cards/000258/files/52950_ruby_42572.zip       | Bin 0 -> 3398 bytes
 cards/000258/files/52951_42569.html           |  87 ++++++++
 cards/000258/files/52951_ruby_42568.zip       | Bin 0 -> 6868 bytes
 cards/000258/files/55378_48350.html           | 153 +++++++++++++++
 cards/000258/files/55378_ruby_48349.zip       | Bin 0 -> 14676 bytes
 cards/000933/card58286.html                   | 234 ++++++++++++++++++++++
 cards/000933/files/58286_67319.html           |  64 ++++++
 cards/000933/files/58286_ruby_67370.zip       | Bin 0 -> 2635 bytes
 cards/001395/card55094.html                   |   2 +-
 cards/001492/card51194.html                   |  12 +-
 cards/001492/files/51194_ruby_67442.zip       | Bin 0 -> 6404277 bytes
 cards/001492/files/fig51194_01.png            | Bin 0 -> 30142 bytes
 cards/001492/files/fig51194_02.png            | Bin 0 -> 40651 bytes
 cards/001492/files/fig51194_03.png            | Bin 0 -> 107108 bytes
 cards/001492/files/fig51194_04.png            | Bin 0 -> 67376 bytes
 cards/001492/files/fig51194_05.png            | Bin 0 -> 16889 bytes
 cards/001492/files/fig51194_06.png            | Bin 0 -> 136548 bytes
 cards/001492/files/fig51194_07.png            | Bin 0 -> 46079 bytes
 cards/001492/files/fig51194_08.png            | Bin 0 -> 94563 bytes
 cards/001492/files/fig51194_09.png            | Bin 0 -> 158779 bytes
 cards/001492/files/fig51194_10.png            | Bin 0 -> 56646 bytes
 cards/001492/files/fig51194_11.png            | Bin 0 -> 51056 bytes
 cards/001492/files/fig51194_12.png            | Bin 0 -> 48227 bytes
 cards/001492/files/fig51194_13.png            | Bin 0 -> 71793 bytes
 cards/001492/files/fig51194_14.png            | Bin 0 -> 95146 bytes
 cards/001492/files/fig51194_15.png            | Bin 0 -> 32397 bytes
 cards/001492/files/fig51194_16.png            | Bin 0 -> 117056 bytes
 cards/001492/files/fig51194_17.png            | Bin 0 -> 112568 bytes
 cards/001492/files/fig51194_18.png            | Bin 0 -> 111908 bytes
 cards/001492/files/fig51194_19.png            | Bin 0 -> 151312 bytes
 cards/001492/files/fig51194_20.png            | Bin 0 -> 100065 bytes
 cards/001492/files/fig51194_21.png            | Bin 0 -> 201440 bytes
 cards/001492/files/fig51194_22.png            | Bin 0 -> 183673 bytes
 cards/001492/files/fig51194_23.png            | Bin 0 -> 175762 bytes
 cards/001492/files/fig51194_24.png            | Bin 0 -> 104203 bytes
 cards/001492/files/fig51194_25.png            | Bin 0 -> 38074 bytes
 cards/001492/files/fig51194_26.png            | Bin 0 -> 73865 bytes
 cards/001492/files/fig51194_27.png            | Bin 0 -> 82978 bytes
 cards/001492/files/fig51194_28.png            | Bin 0 -> 29175 bytes
 cards/001492/files/fig51194_29.png            | Bin 0 -> 162997 bytes
 cards/001492/files/fig51194_30.png            | Bin 0 -> 84466 bytes
 cards/001492/files/fig51194_31.png            | Bin 0 -> 204713 bytes
 cards/001492/files/fig51194_32.png            | Bin 0 -> 78381 bytes
 cards/001492/files/fig51194_33.png            | Bin 0 -> 146909 bytes
 cards/001492/files/fig51194_34.png            | Bin 0 -> 159643 bytes
 cards/001492/files/fig51194_35.png            | Bin 0 -> 193265 bytes
 cards/001492/files/fig51194_36.png            | Bin 0 -> 103289 bytes
 cards/001492/files/fig51194_37.png            | Bin 0 -> 29430 bytes
 cards/001492/files/fig51194_38.png            | Bin 0 -> 43550 bytes
 cards/001492/files/fig51194_39.png            | Bin 0 -> 62683 bytes
 cards/001492/files/fig51194_40.png            | Bin 0 -> 36981 bytes
 cards/001492/files/fig51194_41.png            | Bin 0 -> 121430 bytes
 cards/001492/files/fig51194_42.png            | Bin 0 -> 161306 bytes
 cards/001492/files/fig51194_43.png            | Bin 0 -> 63669 bytes
 cards/001492/files/fig51194_44.png            | Bin 0 -> 102334 bytes
 cards/001492/files/fig51194_45.png            | Bin 0 -> 82460 bytes
 cards/001492/files/fig51194_46.png            | Bin 0 -> 40193 bytes
 cards/001492/files/fig51194_47.png            | Bin 0 -> 97321 bytes
 cards/001492/files/fig51194_48.png            | Bin 0 -> 39333 bytes
 cards/001492/files/fig51194_49.png            | Bin 0 -> 97321 bytes
 cards/001492/files/fig51194_50.png            | Bin 0 -> 78980 bytes
 cards/001492/files/fig51194_51.png            | Bin 0 -> 38838 bytes
 cards/001492/files/fig51194_52.png            | Bin 0 -> 79321 bytes
 cards/001492/files/fig51194_53.png            | Bin 0 -> 146696 bytes
 cards/001492/files/fig51194_54.png            | Bin 0 -> 69444 bytes
 cards/001492/files/fig51194_55.png            | Bin 0 -> 63860 bytes
 cards/001492/files/fig51194_56.png            | Bin 0 -> 74231 bytes
 cards/001492/files/fig51194_57.png            | Bin 0 -> 66679 bytes
 cards/001492/files/fig51194_58.png            | Bin 0 -> 71008 bytes
 cards/001492/files/fig51194_59.png            | Bin 0 -> 76788 bytes
 cards/001492/files/fig51194_60.png            | Bin 0 -> 52519 bytes
 cards/001492/files/fig51194_61.png            | Bin 0 -> 65413 bytes
 cards/001492/files/fig51194_62.png            | Bin 0 -> 62974 bytes
 cards/001492/files/fig51194_63.png            | Bin 0 -> 89247 bytes
 cards/001492/files/fig51194_64.png            | Bin 0 -> 104473 bytes
 cards/001492/files/fig51194_65.png            | Bin 0 -> 97940 bytes
 cards/001492/files/fig51194_66.png            | Bin 0 -> 97302 bytes
 cards/001492/files/fig51194_67.png            | Bin 0 -> 94108 bytes
 cards/001492/files/fig51194_68.png            | Bin 0 -> 79031 bytes
 cards/001581/card58959.html                   | 234 ++++++++++++++++++++++
 cards/001581/card58961.html                   | 234 ++++++++++++++++++++++
 cards/001581/files/58959_67318.html           |  67 +++++++
 cards/001581/files/58959_ruby_67369.zip       | Bin 0 -> 2364 bytes
 cards/001581/files/58961_67320.html           |  63 ++++++
 cards/001581/files/58961_txt_67371.zip        | Bin 0 -> 1622 bytes
 cards/001607/card53836.html                   | 234 ++++++++++++++++++++++
 cards/001607/card54505.html                   | 229 ++++++++++++++++++++++
 cards/001607/card54547.html                   | 229 ++++++++++++++++++++++
 cards/001607/files/53836_67316.html           |  67 +++++++
 cards/001607/files/53836_txt_67367.zip        | Bin 0 -> 1352 bytes
 cards/001607/files/54505_67315.html           |  73 +++++++
 cards/001607/files/54505_ruby_67366.zip       | Bin 0 -> 1064 bytes
 cards/001607/files/54547_67317.html           | 109 +++++++++++
 cards/001607/files/54547_ruby_67368.zip       | Bin 0 -> 1845 bytes
 cards/001763/card58577.html                   |   2 +-
 cards/001763/card58578.html                   |   2 +-
 cgi/npc.idx                                   |   2 +-
 index.html                                    |  14 +-
 313 files changed, 7504 insertions(+), 4533 deletions(-)
Date: Sun Mar  3 19:29:29 JST 2019
#Updating
-rwxrwx---+ 1 level level 0 Jan 25 19:10 ./AozoraTxt/etc/update
-rwxrwx---+ 1 level level 11213 Feb 23 09:46 ./aozorabunko/cards/000019/files/58849_ruby_66942.zip
1/101: ./aozorabunko/cards/000019/files/58849_ruby_66942.zip
>> add 58849_ruby_naichingeru.txt
>> add 58849_ruby_utf8_naichingeru.txt
-rwxrwx---+ 1 level level 10809 Feb  1 23:44 ./aozorabunko/cards/000023/files/55326_ruby_66902.zip
2/101: ./aozorabunko/cards/000023/files/55326_ruby_66902.zip
>> update 55326_ruby_kagono_kotori.txt
>> update 55326_ruby_utf8_kagono_kotori.txt
-rwxrwx---+ 1 level level 6963 Feb  1 23:44 ./aozorabunko/cards/000023/files/55380_ruby_66903.zip
3/101: ./aozorabunko/cards/000023/files/55380_ruby_66903.zip
>> update 55380_ruby_mizugiwano_ie.txt
>> update 55380_ruby_utf8_mizugiwano_ie.txt
-rwxrwx---+ 1 level level 1034 Feb  1 23:44 ./aozorabunko/cards/000026/files/55896_txt_66711.zip
4/101: ./aozorabunko/cards/000026/files/55896_txt_66711.zip
>> update 55896_txt_koino_kokai.txt
>> update 55896_txt_utf8_koino_kokai.txt
-rwxrwx---+ 1 level level 963 Feb  1 23:44 ./aozorabunko/cards/000026/files/55918_txt_66712.zip
5/101: ./aozorabunko/cards/000026/files/55918_txt_66712.zip
>> update 55918_txt_tensaiga_ichido_koio_suruto.txt
>> update 55918_txt_utf8_tensaiga_ichido_koio_suruto.txt
-rwxrwx---+ 1 level level 1022 Feb  1 23:44 ./aozorabunko/cards/000026/files/55921_txt_66710.zip
6/101: ./aozorabunko/cards/000026/files/55921_txt_66710.zip
>> update 55921_txt_fusendamano_shototsu.txt
>> update 55921_txt_utf8_fusendamano_shototsu.txt
   NPD: ./aozorabunko/cards/000051/files/59484_ruby_66446.zip
-rwxrwx---+ 1 level level 202733 Feb 24 09:09 ./aozorabunko/cards/000129/files/2058_ruby_19627.zip
8/101: ./aozorabunko/cards/000129/files/2058_ruby_19627.zip
>> update 2058_ruby_shibue_chusai.txt
>> update 2058_ruby_utf8_shibue_chusai.txt
-rwxrwx---+ 1 level level 85127 Feb 10 10:10 ./aozorabunko/cards/000137/files/51868_ruby_60192.zip
9/101: ./aozorabunko/cards/000137/files/51868_ruby_60192.zip
>> update 51868_ruby_04homei_gobusaku_dankyo.txt
>> update 51868_ruby_utf8_04homei_gobusaku_dankyo.txt
-rwxrwx---+ 1 level level 5717 Feb  9 07:47 ./aozorabunko/cards/000148/files/55936_ruby_66914.zip
10/101: ./aozorabunko/cards/000148/files/55936_ruby_66914.zip
>> update 55936_ruby_kyoni_tsukeru_yube.txt
>> update 55936_ruby_utf8_kyoni_tsukeru_yube.txt
-rwxrwx---+ 1 level level 5183 Feb 11 10:03 ./aozorabunko/cards/000183/files/45301_ruby_39771.zip
11/101: ./aozorabunko/cards/000183/files/45301_ruby_39771.zip
>> update 45301_ruby_lamp_no_tayori.txt
>> update 45301_ruby_utf8_lamp_no_tayori.txt
-rwxrwx---+ 1 level level 17258 Feb 11 10:03 ./aozorabunko/cards/000183/files/45405_ruby_39781.zip
12/101: ./aozorabunko/cards/000183/files/45405_ruby_39781.zip
>> update 45405_ruby_yabuno_hotori.txt
>> update 45405_ruby_utf8_yabuno_hotori.txt
-rwxrwx---+ 1 level level 6748 Jan 28 23:49 ./aozorabunko/cards/000237/files/50026_ruby_66699.zip
13/101: ./aozorabunko/cards/000237/files/50026_ruby_66699.zip
>> update 50026_ruby_abukumagawa_suigenno_senkyo.txt
>> update 50026_ruby_utf8_abukumagawa_suigenno_senkyo.txt
-rwxrwx---+ 1 level level 5969 Jan 28 23:49 ./aozorabunko/cards/000255/files/47421_ruby_66707.zip
14/101: ./aozorabunko/cards/000255/files/47421_ruby_66707.zip
>> update 47421_ruby_sabakuno_uta.txt
>> update 47421_ruby_utf8_sabakuno_uta.txt
   NPD: ./aozorabunko/cards/000258/files/50189_ruby_34696.zip
   NPD: ./aozorabunko/cards/000258/files/50314_ruby_67453.zip
-rwxrwx---+ 1 level level 8184 Feb  6 21:39 ./aozorabunko/cards/000258/files/50327_ruby_35451.zip
17/101: ./aozorabunko/cards/000258/files/50327_ruby_35451.zip
>> update 50327_ruby_rokurokubi.txt
>> update 50327_ruby_utf8_rokurokubi.txt
   NPD: ./aozorabunko/cards/000258/files/52334_ruby_41381.zip
   NPD: ./aozorabunko/cards/000258/files/52335_ruby_41383.zip
   NPD: ./aozorabunko/cards/000258/files/52948_ruby_42571.zip
   NPD: ./aozorabunko/cards/000258/files/52949_ruby_42574.zip
   NPD: ./aozorabunko/cards/000258/files/52950_ruby_42572.zip
   NPD: ./aozorabunko/cards/000258/files/52951_ruby_42568.zip
   NPD: ./aozorabunko/cards/000258/files/55378_ruby_48349.zip
-rwxrwx---+ 1 level level 2809 Feb 11 10:03 ./aozorabunko/cards/000305/files/50382_ruby_38322.zip
25/101: ./aozorabunko/cards/000305/files/50382_ruby_38322.zip
>> update 50382_ruby_kugatsu_juyokkano_asa.txt
>> update 50382_ruby_utf8_kugatsu_juyokkano_asa.txt
-rwxrwx---+ 1 level level 6243 Feb 13 20:51 ./aozorabunko/cards/000311/files/46255_ruby_66920.zip
26/101: ./aozorabunko/cards/000311/files/46255_ruby_66920.zip
>> update 46255_ruby_25nikki1941.txt
>> update 46255_ruby_utf8_25nikki1941.txt
-rwxrwx---+ 1 level level 77229 Feb 17 20:35 ./aozorabunko/cards/000360/files/50918_ruby_66929.zip
27/101: ./aozorabunko/cards/000360/files/50918_ruby_66929.zip
>> update 50918_ruby_miren.txt
>> update 50918_ruby_utf8_miren.txt
-rwxrwx---+ 1 level level 6364 Feb 24 09:09 ./aozorabunko/cards/000594/files/55240_ruby_66943.zip
28/101: ./aozorabunko/cards/000594/files/55240_ruby_66943.zip
>> add 55240_ruby_02fukio_kushu.txt
>> add 55240_ruby_utf8_02fukio_kushu.txt
-rwxrwx---+ 1 level level 3936 Feb 10 12:33 ./aozorabunko/cards/000608/files/51135_ruby_65180.zip
29/101: ./aozorabunko/cards/000608/files/51135_ruby_65180.zip
>> update 51135_ruby_ken’ekito_nimotsu_kensa.txt
>> update 51135_ruby_utf8_ken’ekito_nimotsu_kensa.txt
-rwxrwx---+ 1 level level 845 Feb  6 21:39 ./aozorabunko/cards/000723/files/54994_ruby_66911.zip
30/101: ./aozorabunko/cards/000723/files/54994_ruby_66911.zip
>> update 54994_ruby_hotoka.txt
>> update 54994_ruby_utf8_hotoka.txt
-rwxrwx---+ 1 level level 5015 Feb  1 23:44 ./aozorabunko/cards/000933/files/47701_ruby_66713.zip
31/101: ./aozorabunko/cards/000933/files/47701_ruby_66713.zip
>> update 47701_ruby_tazugane.txt
>> update 47701_ruby_utf8_tazugane.txt
-rwxrwx---+ 1 level level 3957 Feb 11 10:03 ./aozorabunko/cards/000933/files/47724_txt_66917.zip
32/101: ./aozorabunko/cards/000933/files/47724_txt_66917.zip
>> update 47724_txt_minzoku_geinono_haru.txt
>> update 47724_txt_utf8_minzoku_geinono_haru.txt
-rwxrwx---+ 1 level level 2071 Feb 23 09:46 ./aozorabunko/cards/000933/files/47805_ruby_66941.zip
33/101: ./aozorabunko/cards/000933/files/47805_ruby_66941.zip
>> add 47805_ruby_jitsuaku_yakushao_nozomu.txt
>> add 47805_ruby_utf8_jitsuaku_yakushao_nozomu.txt
-rwxrwx---+ 1 level level 2635 Mar  3 19:29 ./aozorabunko/cards/000933/files/58286_ruby_67370.zip
34/101: ./aozorabunko/cards/000933/files/58286_ruby_67370.zip
>> add 58286_ruby_hinamatsurito_ohigan.txt
>> add 58286_ruby_utf8_hinamatsurito_ohigan.txt
-rwxrwx---+ 1 level level 2428 Feb 25 21:26 ./aozorabunko/cards/000997/files/46901_ruby_39721.zip
35/101: ./aozorabunko/cards/000997/files/46901_ruby_39721.zip
>> git-mv 46901_ruby_oboegaki .txt 46901_ruby_oboegaki.txt
>> git-mv 46901_ruby_utf8_oboegaki .txt 46901_ruby_utf8_oboegaki.txt
-rwxrwx---+ 1 level level 2444 Feb 25 21:26 ./aozorabunko/cards/001059/files/57009_ruby_66945.zip
36/101: ./aozorabunko/cards/001059/files/57009_ruby_66945.zip
>> add 57009_ruby_tsuma.txt
>> add 57009_ruby_utf8_tsuma.txt
-rwxrwx---+ 1 level level 12252 Feb 10 10:10 ./aozorabunko/cards/001085/files/58705_ruby_66916.zip
37/101: ./aozorabunko/cards/001085/files/58705_ruby_66916.zip
>> update 58705_ruby_kokorono_yuku_tokoro.txt
>> update 58705_ruby_utf8_kokorono_yuku_tokoro.txt
-rwxrwx---+ 1 level level 8218 Jan 28 23:49 ./aozorabunko/cards/001085/files/58706_ruby_66708.zip
38/101: ./aozorabunko/cards/001085/files/58706_ruby_66708.zip
>> update 58706_ruby_takano_ido.txt
>> update 58706_ruby_utf8_takano_ido.txt
   NPD: ./aozorabunko/cards/001091/files/46344_txt_23171.zip
-rwxrwx---+ 1 level level 9829 Feb 17 20:35 ./aozorabunko/cards/001095/files/57479_ruby_66931.zip
40/101: ./aozorabunko/cards/001095/files/57479_ruby_66931.zip
>> update 57479_ruby_kanzan.txt
>> update 57479_ruby_utf8_kanzan.txt
-rwxrwx---+ 1 level level 83803 Feb 22 21:39 ./aozorabunko/cards/001156/files/50723_ruby_66939.zip
41/101: ./aozorabunko/cards/001156/files/50723_ruby_66939.zip
>> add 50723_ruby_budo_batakeno_budo_zukuri.txt
>> add 50723_ruby_utf8_budo_batakeno_budo_zukuri.txt
-rwxrwx---+ 1 level level 9089 Feb 24 09:09 ./aozorabunko/cards/001263/files/50371_ruby_39708.zip
42/101: ./aozorabunko/cards/001263/files/50371_ruby_39708.zip
>> git-mv 50371_ruby_meijino_gojussen_ginka .txt 50371_ruby_meijino_gojussen_ginka.txt
>> git-mv 50371_ruby_utf8_meijino_gojussen_ginka .txt 50371_ruby_utf8_meijino_gojussen_ginka.txt
-rwxrwx---+ 1 level level 15414 Feb 15 21:57 ./aozorabunko/cards/001308/files/49291_ruby_66926.zip
43/101: ./aozorabunko/cards/001308/files/49291_ruby_66926.zip
>> update 49291_ruby_senso_zakki.txt
>> update 49291_ruby_utf8_senso_zakki.txt
-rwxrwx---+ 1 level level 4985 Feb 22 21:39 ./aozorabunko/cards/001310/files/55947_ruby_66940.zip
44/101: ./aozorabunko/cards/001310/files/55947_ruby_66940.zip
>> add 55947_ruby_yokoyama.txt
>> add 55947_ruby_utf8_yokoyama.txt
-rwxrwx---+ 1 level level 4964 Feb 10 12:36 ./aozorabunko/cards/001323/files/48280_ruby_60919.zip
45/101: ./aozorabunko/cards/001323/files/48280_ruby_60919.zip
>> update 48280_ruby_gakumonwa_engen’o_fukaku_suruni_aruno_ron.txt
>> update 48280_ruby_utf8_gakumonwa_engen’o_fukaku_suruni_aruno_ron.txt
-rwxrwx---+ 1 level level 2796 Feb 17 20:35 ./aozorabunko/cards/001341/files/58688_ruby_66930.zip
46/101: ./aozorabunko/cards/001341/files/58688_ruby_66930.zip
>> update 58688_ruby_ogai_kinenkanno_koto.txt
>> update 58688_ruby_utf8_ogai_kinenkanno_koto.txt
-rwxrwx---+ 1 level level 9952 Feb  2 09:47 ./aozorabunko/cards/001367/files/49436_txt_66904.zip
47/101: ./aozorabunko/cards/001367/files/49436_txt_66904.zip
>> update 49436_txt_nihon_shuppan_kyokai_ron.txt
>> update 49436_txt_utf8_nihon_shuppan_kyokai_ron.txt
-rwxrwx---+ 1 level level 32127 Feb 25 21:26 ./aozorabunko/cards/001383/files/56642_ruby_59574.zip
48/101: ./aozorabunko/cards/001383/files/56642_ruby_59574.zip
>> update 56642_ruby_in'ei_raisan.txt
>> update 56642_ruby_utf8_in'ei_raisan.txt
-rwxrwx---+ 1 level level 5638 Mar  1 21:19 ./aozorabunko/cards/001395/files/55094_txt_67364.zip
49/101: ./aozorabunko/cards/001395/files/55094_txt_67364.zip
>> add 55094_txt_hi_meiyo_kyojuno_ben.txt
>> add 55094_txt_utf8_hi_meiyo_kyojuno_ben.txt
-rwxrwx---+ 1 level level 1414 Feb 28 21:42 ./aozorabunko/cards/001398/files/53028_txt_66947.zip
50/101: ./aozorabunko/cards/001398/files/53028_txt_66947.zip
>> add 53028_txt_gisetsu.txt
>> add 53028_txt_utf8_gisetsu.txt
-rwxrwx---+ 1 level level 1902 Feb  9 07:47 ./aozorabunko/cards/001403/files/55059_ruby_66915.zip
51/101: ./aozorabunko/cards/001403/files/55059_ruby_66915.zip
>> update 55059_ruby_shun'okuno_shoni_tsuite.txt
>> update 55059_ruby_utf8_shun'okuno_shoni_tsuite.txt
-rwxrwx---+ 1 level level 6908 Feb 15 21:57 ./aozorabunko/cards/001429/files/58008_ruby_66923.zip
52/101: ./aozorabunko/cards/001429/files/58008_ruby_66923.zip
>> update 58008_ruby_galileo_galilei.txt
>> update 58008_ruby_utf8_galileo_galilei.txt
-rwxrwx---+ 1 level level 6857 Feb 12 21:17 ./aozorabunko/cards/001429/files/58020_ruby_66919.zip
53/101: ./aozorabunko/cards/001429/files/58020_ruby_66919.zip
>> update 58020_ruby_charles_darwin.txt
>> update 58020_ruby_utf8_charles_darwin.txt
-rwxrwx---+ 1 level level 6388 Jan 28 23:49 ./aozorabunko/cards/001429/files/58023_ruby_66702.zip
54/101: ./aozorabunko/cards/001429/files/58023_ruby_66702.zip
>> update 58023_ruby_robert_boyle.txt
>> update 58023_ruby_utf8_robert_boyle.txt
-rwxrwx---+ 1 level level 93895 Feb  8 19:32 ./aozorabunko/cards/001429/files/58049_ruby_66913.zip
55/101: ./aozorabunko/cards/001429/files/58049_ruby_66913.zip
>> update 58049_ruby_mendeleev.txt
>> update 58049_ruby_utf8_mendeleev.txt
-rwxrwx---+ 1 level level 6838 Feb 11 10:03 ./aozorabunko/cards/001429/files/58161_ruby_66918.zip
56/101: ./aozorabunko/cards/001429/files/58161_ruby_66918.zip
>> update 58161_ruby_thomas_edison.txt
>> update 58161_ruby_utf8_thomas_edison.txt
-rwxrwx---+ 1 level level 3120 Feb 10 21:18 ./aozorabunko/cards/001475/files/51496_ruby_63222.zip
57/101: ./aozorabunko/cards/001475/files/51496_ruby_63222.zip
>> update 51496_ruby_aoi_tamato_gin’irono_fue.txt
>> update 51496_ruby_utf8_aoi_tamato_gin’irono_fue.txt
-rwxrwx---+ 1 level level 4860 Feb  4 22:18 ./aozorabunko/cards/001475/files/51520_ruby_66906.zip
58/101: ./aozorabunko/cards/001475/files/51520_ruby_66906.zip
>> update 51520_ruby_katai_okina_te.txt
>> update 51520_ruby_utf8_katai_okina_te.txt
-rwxrwx---+ 1 level level 5093 Feb  4 22:18 ./aozorabunko/cards/001475/files/52970_ruby_66905.zip
59/101: ./aozorabunko/cards/001475/files/52970_ruby_66905.zip
>> update 52970_ruby_gakkino_seimei.txt
>> update 52970_ruby_utf8_gakkino_seimei.txt
   NPD: ./aozorabunko/cards/001492/files/51194_ruby_67442.zip
-rwxrwx---+ 1 level level 785040 Feb 27 20:39 ./aozorabunko/cards/001562/files/56146_ruby_66665.zip
61/101: ./aozorabunko/cards/001562/files/56146_ruby_66665.zip
>> update 56146_ruby_shin_suikoden.txt
>> update 56146_ruby_utf8_shin_suikoden.txt
-rwxrwx---+ 1 level level 16290 Jan 28 23:49 ./aozorabunko/cards/001569/files/57261_ruby_66706.zip
62/101: ./aozorabunko/cards/001569/files/57261_ruby_66706.zip
>> update 57261_ruby_uchu_ryokono_kagaku.txt
>> update 57261_ruby_utf8_uchu_ryokono_kagaku.txt
-rwxrwx---+ 1 level level 14323 Jan 28 23:49 ./aozorabunko/cards/001569/files/57262_ruby_66705.zip
63/101: ./aozorabunko/cards/001569/files/57262_ruby_66705.zip
>> update 57262_ruby_kagakuto_kokkyo.txt
>> update 57262_ruby_utf8_kagakuto_kokkyo.txt
-rwxrwx---+ 1 level level 2163 Feb  1 23:44 ./aozorabunko/cards/001579/files/56560_txt_66676.zip
64/101: ./aozorabunko/cards/001579/files/56560_txt_66676.zip
>> update 56560_txt_01seipurizumisutoni_atau.txt
>> update 56560_txt_utf8_01seipurizumisutoni_atau.txt
-rwxrwx---+ 1 level level 2364 Mar  3 19:29 ./aozorabunko/cards/001581/files/58959_ruby_67369.zip
65/101: ./aozorabunko/cards/001581/files/58959_ruby_67369.zip
>> add 58959_ruby_atarashikumo_naranu_jinsei.txt
>> add 58959_ruby_utf8_atarashikumo_naranu_jinsei.txt
-rwxrwx---+ 1 level level 1622 Mar  3 19:29 ./aozorabunko/cards/001581/files/58961_txt_67371.zip
66/101: ./aozorabunko/cards/001581/files/58961_txt_67371.zip
>> add 58961_txt_kaiso.txt
>> add 58961_txt_utf8_kaiso.txt
   NPD: ./aozorabunko/cards/001591/files/53534_ruby_67438.zip
-rwxrwx---+ 1 level level 1352 Mar  3 19:29 ./aozorabunko/cards/001607/files/53836_txt_67367.zip
68/101: ./aozorabunko/cards/001607/files/53836_txt_67367.zip
>> add 53836_txt_yuno_fu.txt
>> add 53836_txt_utf8_yuno_fu.txt
-rwxrwx---+ 1 level level 1064 Mar  3 19:29 ./aozorabunko/cards/001607/files/54505_ruby_67366.zip
69/101: ./aozorabunko/cards/001607/files/54505_ruby_67366.zip
>> add 54505_ruby_netami.txt
>> add 54505_ruby_utf8_netami.txt
-rwxrwx---+ 1 level level 1845 Mar  3 19:29 ./aozorabunko/cards/001607/files/54547_ruby_67368.zip
70/101: ./aozorabunko/cards/001607/files/54547_ruby_67368.zip
>> add 54547_ruby_wananaki.txt
>> add 54547_ruby_utf8_wananaki.txt
-rwxrwx---+ 1 level level 1167 Jan 28 23:49 ./aozorabunko/cards/001637/files/58801_ruby_66701.zip
71/101: ./aozorabunko/cards/001637/files/58801_ruby_66701.zip
>> update 58801_ruby_tochude.txt
>> update 58801_ruby_utf8_tochude.txt
-rwxrwx---+ 1 level level 1338 Jan 28 23:49 ./aozorabunko/cards/001637/files/58803_txt_66700.zip
72/101: ./aozorabunko/cards/001637/files/58803_txt_66700.zip
>> update 58803_txt_hoko.txt
>> update 58803_txt_utf8_hoko.txt
-rwxrwx---+ 1 level level 911 Feb 22 21:39 ./aozorabunko/cards/001652/files/54258_ruby_66938.zip
73/101: ./aozorabunko/cards/001652/files/54258_ruby_66938.zip
>> add 54258_ruby_gyoson.txt
>> add 54258_ruby_utf8_gyoson.txt
-rwxrwx---+ 1 level level 928 Feb 22 21:39 ./aozorabunko/cards/001652/files/54388_ruby_66937.zip
74/101: ./aozorabunko/cards/001652/files/54388_ruby_66937.zip
>> add 54388_ruby_mizoreno_naka.txt
>> add 54388_ruby_utf8_mizoreno_naka.txt
-rwxrwx---+ 1 level level 15571 Feb  1 23:44 ./aozorabunko/cards/001670/files/56298_ruby_66709.zip
75/101: ./aozorabunko/cards/001670/files/56298_ruby_66709.zip
>> update 56298_ruby_077hachigorono_koi.txt
>> update 56298_ruby_utf8_077hachigorono_koi.txt
-rwxrwx---+ 1 level level 18114 Feb 27 20:39 ./aozorabunko/cards/001670/files/56307_ruby_66946.zip
76/101: ./aozorabunko/cards/001670/files/56307_ruby_66946.zip
>> add 56307_ruby_080torimono_jingi.txt
>> add 56307_ruby_utf8_080torimono_jingi.txt
-rwxrwx---+ 1 level level 15932 Feb 18 21:31 ./aozorabunko/cards/001670/files/56311_ruby_66933.zip
77/101: ./aozorabunko/cards/001670/files/56311_ruby_66933.zip
>> add 56311_ruby_079jushichino_musume.txt
>> add 56311_ruby_utf8_079jushichino_musume.txt
-rwxrwx---+ 1 level level 15338 Feb  7 20:15 ./aozorabunko/cards/001670/files/56316_ruby_66912.zip
78/101: ./aozorabunko/cards/001670/files/56316_ruby_66912.zip
>> update 56316_ruby_078jitteno_michi.txt
>> update 56316_ruby_utf8_078jitteno_michi.txt
-rwxrwx---+ 1 level level 3091 Feb  6 21:39 ./aozorabunko/cards/001690/files/54996_txt_66909.zip
79/101: ./aozorabunko/cards/001690/files/54996_txt_66909.zip
>> update 54996_txt_haga_senseito_nihonshugi.txt
>> update 54996_txt_utf8_haga_senseito_nihonshugi.txt
   NPD: ./aozorabunko/cards/001721/files/55278_txt_67440.zip
-rwxrwx---+ 1 level level 1210 Feb 17 20:35 ./aozorabunko/cards/001749/files/54139_ruby_66932.zip
81/101: ./aozorabunko/cards/001749/files/54139_ruby_66932.zip
>> update 54139_ruby_umiyo.txt
>> update 54139_ruby_utf8_umiyo.txt
-rwxrwx---+ 1 level level 640 Jan 28 23:49 ./aozorabunko/cards/001749/files/58608_txt_66703.zip
82/101: ./aozorabunko/cards/001749/files/58608_txt_66703.zip
>> update 58608_txt_sanshokuki.txt
>> update 58608_txt_utf8_sanshokuki.txt
-rwxrwx---+ 1 level level 1417 Jan 28 23:49 ./aozorabunko/cards/001749/files/58750_ruby_66704.zip
83/101: ./aozorabunko/cards/001749/files/58750_ruby_66704.zip
>> update 58750_ruby_shi_shisho.txt
>> update 58750_ruby_utf8_shi_shisho.txt
-rwxrwx---+ 1 level level 6361 Feb 19 22:01 ./aozorabunko/cards/001753/files/59027_ruby_66934.zip
84/101: ./aozorabunko/cards/001753/files/59027_ruby_66934.zip
>> add 59027_ruby_akikazeto_haha.txt
>> add 59027_ruby_utf8_akikazeto_haha.txt
-rwxrwx---+ 1 level level 1618 Feb  5 21:47 ./aozorabunko/cards/001753/files/59036_txt_66908.zip
85/101: ./aozorabunko/cards/001753/files/59036_txt_66908.zip
>> update 59036_txt_takini_tsuite.txt
>> update 59036_txt_utf8_takini_tsuite.txt
-rwxrwx---+ 1 level level 6816 Feb 20 22:06 ./aozorabunko/cards/001763/files/58568_txt_66936.zip
86/101: ./aozorabunko/cards/001763/files/58568_txt_66936.zip
>> add 58568_txt_shinshishato_ishikawa_takuboku.txt
>> add 58568_txt_utf8_shinshishato_ishikawa_takuboku.txt
-rwxrwx---+ 1 level level 6117 Mar  1 21:19 ./aozorabunko/cards/001763/files/58577_txt_67363.zip
87/101: ./aozorabunko/cards/001763/files/58577_txt_67363.zip
>> add 58577_txt_akutagawa_ryunosukeo_kokusu.txt
>> add 58577_txt_utf8_akutagawa_ryunosukeo_kokusu.txt
-rwxrwx---+ 1 level level 2129 Mar  1 21:19 ./aozorabunko/cards/001763/files/58578_ruby_67365.zip
88/101: ./aozorabunko/cards/001763/files/58578_ruby_67365.zip
>> add 58578_ruby_saishono_homon.txt
>> add 58578_ruby_utf8_saishono_homon.txt
-rwxrwx---+ 1 level level 3361 Feb 15 21:57 ./aozorabunko/cards/001763/files/58911_txt_67012.zip
89/101: ./aozorabunko/cards/001763/files/58911_txt_67012.zip
>> update 58911_txt_monono_machigai.txt
>> update 58911_txt_utf8_monono_machigai.txt
-rwxrwx---+ 1 level level 2019 Feb  5 21:47 ./aozorabunko/cards/001763/files/59265_ruby_66907.zip
90/101: ./aozorabunko/cards/001763/files/59265_ruby_66907.zip
>> update 59265_ruby_sessaku_shosetsu_nagai_kafudenni_tsuite.txt
>> update 59265_ruby_utf8_sessaku_shosetsu_nagai_kafudenni_tsuite.txt
-rwxrwx---+ 1 level level 4485 Feb 20 22:06 ./aozorabunko/cards/001801/files/56655_ruby_66935.zip
91/101: ./aozorabunko/cards/001801/files/56655_ruby_66935.zip
>> add 56655_ruby_hakono_nakano_anata.txt
>> add 56655_ruby_utf8_hakono_nakano_anata.txt
-rwxrwx---+ 1 level level 3354 Feb 25 21:26 ./aozorabunko/cards/001801/files/59079_ruby_66944.zip
92/101: ./aozorabunko/cards/001801/files/59079_ruby_66944.zip
>> add 59079_ruby_jusan_nen.txt
>> add 59079_ruby_utf8_jusan_nen.txt
-rwxrwx---+ 1 level level 6249 Feb 15 21:57 ./aozorabunko/cards/001867/files/58324_ruby_66924.zip
93/101: ./aozorabunko/cards/001867/files/58324_ruby_66924.zip
>> update 58324_ruby_ibuse_masujini_yosete.txt
>> update 58324_ruby_utf8_ibuse_masujini_yosete.txt
-rwxrwx---+ 1 level level 25974 Feb 25 21:26 ./aozorabunko/cards/001869/files/57544_ruby_65443.zip
94/101: ./aozorabunko/cards/001869/files/57544_ruby_65443.zip
>> update 57544_ruby_03mujina_nagaya.txt
>> update 57544_ruby_utf8_03mujina_nagaya.txt
-rwxrwx---+ 1 level level 22903 Feb 14 22:12 ./aozorabunko/cards/001869/files/57583_ruby_66921.zip
95/101: ./aozorabunko/cards/001869/files/57583_ruby_66921.zip
>> update 57583_ruby_ame_agaru.txt
>> update 57583_ruby_utf8_ame_agaru.txt
-rwxrwx---+ 1 level level 11498 Feb 14 22:12 ./aozorabunko/cards/001869/files/57821_ruby_67013.zip
96/101: ./aozorabunko/cards/001869/files/57821_ruby_67013.zip
>> update 57821_ruby_matsuno_hana.txt
>> update 57821_ruby_utf8_matsuno_hana.txt
-rwxrwx---+ 1 level level 6535 Feb  6 21:39 ./aozorabunko/cards/001870/files/58920_ruby_66910.zip
97/101: ./aozorabunko/cards/001870/files/58920_ruby_66910.zip
>> update 58920_ruby_hakodate_hakkei.txt
>> update 58920_ruby_utf8_hakodate_hakkei.txt
-rwxrwx---+ 1 level level 9252 Feb 16 09:19 ./aozorabunko/cards/001879/files/57986_ruby_66927.zip
98/101: ./aozorabunko/cards/001879/files/57986_ruby_66927.zip
>> update 57986_ruby_seiryokuno_chushin'o_gikaini_utsusubeshi.txt
>> update 57986_ruby_utf8_seiryokuno_chushin'o_gikaini_utsusubeshi.txt
-rwxrwx---+ 1 level level 9593 Feb 16 09:19 ./aozorabunko/cards/001879/files/58108_ruby_66928.zip
99/101: ./aozorabunko/cards/001879/files/58108_ruby_66928.zip
>> update 58108_ruby_senkyoninni_atau.txt
>> update 58108_ruby_utf8_senkyoninni_atau.txt
-rwxrwx---+ 1 level level 1704607 Feb 27 20:39 ./aozorabunko/cards/001908/files/58142_ruby_62063.zip
100/101: ./aozorabunko/cards/001908/files/58142_ruby_62063.zip
>> update 58142_ruby_futatsuno_e.txt
>> update 58142_ruby_utf8_futatsuno_e.txt
   NPD: ./aozorabunko/cards/002043/files/59483_ruby_66785.zip
#Creating ./AozoraTxt/etc/filename_illegal.txt
Title  Total: 29859 (Accepted:86/Reject:0/Rename:4/Empty:0/Multi txt:0/NPD:15)
Git Failed  : 0
Start: Sun Mar  3 19:28:38 JST 2019
End  : Sun Mar  3 19:33:40 JST 2019

======================================================================
#Extract Aozora Bunko Text Files
#Working folder: /home/level/Work
#Source: ./aozorabunko
#Target: ./AozoraTxt
#Date: Mon Mar  4 21:30:17 JST 2019
#Git pull
From https://github.com/aozorabunko/aozorabunko
   24c1c757ff..536728081a  master     -> origin/master
Updating 24c1c757ff..536728081a
Fast-forward
 cards/000025/card56503.html                   |  229 +++
 cards/000025/files/56503_67321.html           |  136 ++
 cards/000025/files/56503_ruby_67372.zip       |  Bin 0 -> 14147 bytes
 cards/000933/card58286.html                   |    2 +-
 cards/001492/card51194.html                   |   16 +-
 cards/001492/files/51194_67460.html           | 2011 +++++++++++++++++++++++++
 cards/001581/card58959.html                   |    2 +-
 cards/001581/card58961.html                   |    2 +-
 cgi/npc.idx                                   |    2 +-
 index.html                                    |   18 +-
 71 files changed, 3459 insertions(+), 1101 deletions(-)
Date: Mon Mar  4 21:30:56 JST 2019
#Updating
-rwxrwx---+ 1 level level 0 Mar  3 19:33 ./AozoraTxt/etc/update
-rwxrwx---+ 1 level level 14147 Mar  4 21:30 ./aozorabunko/cards/000025/files/56503_ruby_67372.zip
1/1: ./aozorabunko/cards/000025/files/56503_ruby_67372.zip
>> add 56503_ruby_furansesuno_kao.txt
>> add 56503_ruby_utf8_furansesuno_kao.txt
#Creating ./AozoraTxt/etc/filename_illegal.txt
Title  Total: 29861 (Accepted:1/Reject:0/Rename:0/Empty:0/Multi txt:0/NPD:0)
Git Failed  : 0
Start: Mon Mar  4 21:30:17 JST 2019
End  : Mon Mar  4 21:31:16 JST 2019

======================================================================
#Extract Aozora Bunko Text Files
#Working folder: /home/level/Work
#Source: ./aozorabunko
#Target: ./AozoraTxt
#Date: Tue Mar  5 21:14:59 JST 2019
#Git pull
From https://github.com/aozorabunko/aozorabunko
   536728081a..9291fecce6  master     -> origin/master
Updating 536728081a..9291fecce6
Fast-forward
 cards/000025/card56503.html                   |   2 +-
 cards/001154/card50682.html                   | 229 ++++++++++++++++++++++++++
 cards/001154/files/50682_67322.html           |  96 +++++++++++
 cards/001154/files/50682_ruby_67373.zip       | Bin 0 -> 3220 bytes
 cgi/npc.idx                                   |   2 +-
 index.html                                    |   8 +-
 54 files changed, 1114 insertions(+), 792 deletions(-)
Date: Tue Mar  5 21:15:46 JST 2019
#Updating
-rwxrwx---+ 1 level level 0 Mar  4 21:31 ./AozoraTxt/etc/update
-rwxrwx---+ 1 level level 3220 Mar  5 21:15 ./aozorabunko/cards/001154/files/50682_ruby_67373.zip
1/1: ./aozorabunko/cards/001154/files/50682_ruby_67373.zip
>> add 50682_ruby_budo_batakeno_budo_zukuri_koki.txt
>> add 50682_ruby_utf8_budo_batakeno_budo_zukuri_koki.txt
#Creating ./AozoraTxt/etc/filename_illegal.txt
Title Total : 29863 (Accept:1/Reject:0/Rename:0/Empty:0/Multi txt:0/NPD:0)
Git Failed  : 0
Start: Tue Mar  5 21:14:59 JST 2019
End  : Tue Mar  5 21:16:43 JST 2019

======================================================================
#Extract Aozora Bunko Text Files
#Working folder: /home/level/Work
#Source: ./aozorabunko
#Target: ./AozoraTxt
#Date: Wed Mar  6 22:08:51 JST 2019
#Git pull
From https://github.com/aozorabunko/aozorabunko
   9291fecce6..45de9ef28a  master     -> origin/master
Updating 9291fecce6..45de9ef28a
Fast-forward
 cards/000083/card59173.html                   | 234 ++++++++
 cards/000083/files/59173_67324.html           | 130 ++++
 cards/000083/files/59173_ruby_67375.zip       | Bin 0 -> 9724 bytes
 cards/000237/card50037.html                   | 229 ++++++++
 cards/000237/files/50037_67323.html           | 106 ++++
 cards/000237/files/50037_ruby_67374.zip       | Bin 0 -> 5770 bytes
 cards/001154/card50682.html                   |   2 +-
 cards/001657/card54333.html                   |  26 +-
 cards/001657/files/54333_67472.html           | 817 ++++++++++++++++++++++++++
 cards/001657/files/54333_ruby_67471.zip       | Bin 0 -> 1115871 bytes
 cards/001657/files/fig54333_01.png            | Bin 0 -> 39279 bytes
 cards/001657/files/fig54333_02.png            | Bin 0 -> 40764 bytes
 cards/001657/files/fig54333_03.png            | Bin 0 -> 27593 bytes
 cards/001657/files/fig54333_04.png            | Bin 0 -> 81361 bytes
 cards/001657/files/fig54333_05.png            | Bin 0 -> 228301 bytes
 cards/001657/files/fig54333_06.png            | Bin 0 -> 144098 bytes
 cards/001657/files/fig54333_07.png            | Bin 0 -> 483731 bytes
 cards/001867/card58196.html                   | 234 ++++++++
 cards/001867/files/58196_67325.html           | 185 ++++++
 cards/001867/files/58196_ruby_67376.zip       | Bin 0 -> 16407 bytes
 cgi/npc.idx                                   |   2 +-
 index.html                                    |  14 +-
 118 files changed, 4340 insertions(+), 2138 deletions(-)
Date: Wed Mar  6 22:09:38 JST 2019
#Updating
-rwxrwx---+ 1 level level 0 Mar  5 21:16 ./AozoraTxt/etc/update
-rwxrwx---+ 1 level level 9724 Mar  6 22:09 ./aozorabunko/cards/000083/files/59173_ruby_67375.zip
1/4: ./aozorabunko/cards/000083/files/59173_ruby_67375.zip
>> add 59173_ruby_umino_nakanite.txt
>> add 59173_ruby_utf8_umino_nakanite.txt
-rwxrwx---+ 1 level level 5770 Mar  6 22:09 ./aozorabunko/cards/000237/files/50037_ruby_67374.zip
2/4: ./aozorabunko/cards/000237/files/50037_ruby_67374.zip
>> add 50037_ruby_shirakawano_nanoka.txt
>> add 50037_ruby_utf8_shirakawano_nanoka.txt
   NPD: ./aozorabunko/cards/001657/files/54333_ruby_67471.zip
-rwxrwx---+ 1 level level 16407 Mar  6 22:09 ./aozorabunko/cards/001867/files/58196_ruby_67376.zip
4/4: ./aozorabunko/cards/001867/files/58196_ruby_67376.zip
>> add 58196_ruby_wagashieno_sho.txt
>> add 58196_ruby_utf8_wagashieno_sho.txt
#Creating ./AozoraTxt/etc/filename_illegal.txt
Title Total : 29869 (Accept:3/Reject:0/Rename:0/Empty:0/Multi txt:0/NPD:1)
Git Failed  : 0
Start: Wed Mar  6 22:08:51 JST 2019
End  : Wed Mar  6 22:10:12 JST 2019

======================================================================
#Extract Aozora Bunko Text Files
#Working folder: /home/level/Work
#Source: ./aozorabunko
#Target: ./AozoraTxt
#Date: Thu Mar  7 21:48:46 JST 2019
#Git pull
From https://github.com/aozorabunko/aozorabunko
   45de9ef28a..da03263178  master     -> origin/master
Updating 45de9ef28a..da03263178
Fast-forward
 cards/000083/card59173.html                   |   2 +-
 cards/000237/card50037.html                   |   2 +-
 cards/001670/card56277.html                   | 234 ++++++++++++
 cards/001670/files/56277_67326.html           | 490 ++++++++++++++++++++++++++
 cards/001670/files/56277_ruby_67377.zip       | Bin 0 -> 17914 bytes
 cards/001867/card58196.html                   |   2 +-
 cgi/npc.idx                                   |   2 +-
 index.html                                    |  14 +-
 79 files changed, 1747 insertions(+), 1032 deletions(-)
Date: Thu Mar  7 21:49:34 JST 2019
#Updating
-rwxrwx---+ 1 level level 0 Mar  6 22:10 ./AozoraTxt/etc/update
-rwxrwx---+ 1 level level 17914 Mar  7 21:49 ./aozorabunko/cards/001670/files/56277_ruby_67377.zip
1/1: ./aozorabunko/cards/001670/files/56277_ruby_67377.zip
>> add 56277_ruby_081junanno_tsujin.txt
>> add 56277_ruby_utf8_081junanno_tsujin.txt
#Creating ./AozoraTxt/etc/filename_illegal.txt
Title Total : 29871 (Accept:1/Reject:0/Rename:0/Empty:0/Multi txt:0/NPD:0)
Git Failed  : 0
Start: Thu Mar  7 21:48:46 JST 2019
End  : Thu Mar  7 21:50:32 JST 2019

======================================================================
#Extract Aozora Bunko Text Files
#Working folder: /home/level/Work
#Source: ./aozorabunko
#Target: ./AozoraTxt
#Date: Fri Mar  8 22:10:45 JST 2019
#Git pull
From https://github.com/aozorabunko/aozorabunko
   da03263178..d8a6083235  master     -> origin/master
Updating da03263178..d8a6083235
Fast-forward
 cards/000214/card48819.html                   | 243 ++++++++++++++
 cards/000214/card48837.html                   | 243 ++++++++++++++
 cards/000214/files/48819_67327.html           | 237 ++++++++++++++
 cards/000214/files/48819_ruby_67378.zip       | Bin 0 -> 9908 bytes
 cards/000214/files/48837_67328.html           |  78 +++++
 cards/000214/files/48837_ruby_67379.zip       | Bin 0 -> 3785 bytes
 cards/001670/card56277.html                   |   2 +-
 cgi/npc.idx                                   |   2 +-
 index.html                                    |  13 +-
 212 files changed, 10844 insertions(+), 8300 deletions(-)
Date: Fri Mar  8 22:12:33 JST 2019
#Updating
-rwxrwx---+ 1 level level 0 Mar  7 21:50 ./AozoraTxt/etc/update
-rwxrwx---+ 1 level level 9908 Mar  8 22:12 ./aozorabunko/cards/000214/files/48819_ruby_67378.zip
1/2: ./aozorabunko/cards/000214/files/48819_ruby_67378.zip
>> add 48819_ruby_aruhi.txt
>> add 48819_ruby_utf8_aruhi.txt
-rwxrwx---+ 1 level level 3785 Mar  8 22:12 ./aozorabunko/cards/000214/files/48837_ruby_67379.zip
2/2: ./aozorabunko/cards/000214/files/48837_ruby_67379.zip
>> add 48837_ruby_kandan.txt
>> add 48837_ruby_utf8_kandan.txt
#Creating ./AozoraTxt/etc/filename_illegal.txt
Title Total : 29875 (Accept:2/Reject:0/Rename:0/Empty:0/Multi txt:0/NPD:0)
Git Failed  : 0
Start: Fri Mar  8 22:10:45 JST 2019
End  : Fri Mar  8 22:13:25 JST 2019

======================================================================
#Extract Aozora Bunko Text Files
#Working folder: /home/level/Work
#Source: ./aozorabunko
#Target: ./AozoraTxt
#Date: Sat Mar  9 08:13:51 JST 2019
#Git pull
From https://github.com/aozorabunko/aozorabunko
   d8a6083235..969067fcbe  master     -> origin/master
Updating d8a6083235..969067fcbe
Fast-forward
 cards/000214/card48819.html                   |   2 +-
 cards/000214/card48837.html                   |   2 +-
 cards/001475/card51558.html                   | 234 ++++++++++++++++++++++++++
 cards/001475/card52661.html                   | 234 ++++++++++++++++++++++++++
 cards/001475/files/51558_67330.html           |  69 ++++++++
 cards/001475/files/51558_ruby_67381.zip       | Bin 0 -> 1696 bytes
 cards/001475/files/52661_67329.html           | 103 ++++++++++++
 cards/001475/files/52661_ruby_67380.zip       | Bin 0 -> 4303 bytes
 cgi/npc.idx                                   |   2 +-
 index.html                                    |  14 +-
 113 files changed, 2592 insertions(+), 1962 deletions(-)
Date: Sat Mar  9 08:14:18 JST 2019
#Updating
-rwxrwx---+ 1 level level 0 Mar  8 22:13 ./AozoraTxt/etc/update
-rwxrwx---+ 1 level level 1696 Mar  9 08:14 ./aozorabunko/cards/001475/files/51558_ruby_67381.zip
1/2: ./aozorabunko/cards/001475/files/51558_ruby_67381.zip
>> add 51558_ruby_kemurito_kyodai.txt
>> add 51558_ruby_utf8_kemurito_kyodai.txt
-rwxrwx---+ 1 level level 4303 Mar  9 08:14 ./aozorabunko/cards/001475/files/52661_ruby_67380.zip
2/2: ./aozorabunko/cards/001475/files/52661_ruby_67380.zip
>> add 52661_ruby_funede_tsuita_machi.txt
>> add 52661_ruby_utf8_funede_tsuita_machi.txt
#Creating ./AozoraTxt/etc/filename_illegal.txt
Title Total : 29879 (Accept:2/Reject:0/Rename:0/Empty:0/Multi txt:0/NPD:0)
Git Failed  : 0
Start: Sat Mar  9 08:13:51 JST 2019
End  : Sat Mar  9 08:14:50 JST 2019

======================================================================
#Extract Aozora Bunko Text Files
#Working folder: /home/level/Work
#Source: ./aozorabunko
#Target: ./AozoraTxt
#Date: Sun Mar 10 07:55:50 JST 2019
#Git pull
From https://github.com/aozorabunko/aozorabunko
   969067fcbe..b1d7ad52d9  master     -> origin/master
Updating 969067fcbe..b1d7ad52d9
Fast-forward
 cards/000214/card48819.html                   |   2 +-
 cards/000214/card48837.html                   |   2 +-
 cards/001475/card51558.html                   |   2 +-
 cards/001475/card52661.html                   |   2 +-
 cards/002052/card59606.html                   | 231 ++++++++++++++++++++++++++
 cards/002052/files/59606_67437.html           | 139 ++++++++++++++++
 cards/002052/files/59606_ruby_67436.zip       | Bin 0 -> 3661580 bytes
 cards/002052/files/fig59606_01.png            | Bin 0 -> 2037289 bytes
 cards/002052/files/fig59606_02.png            | Bin 0 -> 1619299 bytes
 cgi/npc.idx                                   |   2 +-
 index.html                                    |   9 +-
 49 files changed, 595 insertions(+), 222 deletions(-)
Date: Sun Mar 10 07:56:41 JST 2019
#Updating
-rwxrwx---+ 1 level level 0 Mar  9 08:14 ./AozoraTxt/etc/update
   NPD: ./aozorabunko/cards/002052/files/59606_ruby_67436.zip
#Creating ./AozoraTxt/etc/filename_illegal.txt
Title Total : 29878 (Accept:0/Reject:0/Rename:0/Empty:0/Multi txt:0/NPD:1)
Git Failed  : 0
Start: Sun Mar 10 07:55:50 JST 2019
End  : Sun Mar 10 07:57:13 JST 2019

======================================================================
#Extract Aozora Bunko Text Files
#Working folder: /home/level/Work
#Source: ./aozorabunko
#Target: ./AozoraTxt
#Date: Mon Mar 11 21:16:17 JST 2019
#Git pull
From https://github.com/aozorabunko/aozorabunko
   b1d7ad52d9..1e0ba90421  master     -> origin/master
Updating b1d7ad52d9..1e0ba90421
Fast-forward
 cards/000026/card55908.html                   | 229 ++++++++++++++++++++++++++
 cards/000026/card55927.html                   | 229 ++++++++++++++++++++++++++
 cards/000026/files/55908_67331.html           |  70 ++++++++
 cards/000026/files/55908_txt_67382.zip        | Bin 0 -> 1128 bytes
 cards/000026/files/55927_67332.html           |  72 ++++++++
 cards/000026/files/55927_txt_67383.zip        | Bin 0 -> 1165 bytes
 cards/002052/card59606.html                   |   2 +-
 cgi/npc.idx                                   |   2 +-
 index.html                                    |  15 +-
 61 files changed, 1619 insertions(+), 1024 deletions(-)
Date: Mon Mar 11 21:16:58 JST 2019
#Updating
-rwxrwx---+ 1 level level 0 Mar 10 07:57 ./AozoraTxt/etc/update
-rwxrwx---+ 1 level level 1128 Mar 11 21:16 ./aozorabunko/cards/000026/files/55908_txt_67382.zip
1/2: ./aozorabunko/cards/000026/files/55908_txt_67382.zip
>> add 55908_txt_58gono_denshade_jorokaini_itta_otokoga.txt
>> add 55908_txt_utf8_58gono_denshade_jorokaini_itta_otokoga.txt
-rwxrwx---+ 1 level level 1165 Mar 11 21:16 ./aozorabunko/cards/000026/files/55927_txt_67383.zip
2/2: ./aozorabunko/cards/000026/files/55927_txt_67383.zip
>> add 55927_txt_mottomo_junsuini_ijiwarui_yatsu.txt
>> add 55927_txt_utf8_mottomo_junsuini_ijiwarui_yatsu.txt
#Creating ./AozoraTxt/etc/filename_illegal.txt
Title Total : 29882 (Accept:2/Reject:0/Rename:0/Empty:0/Multi txt:0/NPD:0)
Git Failed  : 0
Start: Mon Mar 11 21:16:17 JST 2019
End  : Mon Mar 11 21:17:52 JST 2019

======================================================================
#Extract Aozora Bunko Text Files
#Working folder: /home/level/Work
#Source: ./aozorabunko
#Target: ./AozoraTxt
#Date: Tue Mar 12 22:08:42 JST 2019
#Git pull
From https://github.com/aozorabunko/aozorabunko
   1e0ba90421..306522a405  master     -> origin/master
Updating 1e0ba90421..306522a405
Fast-forward
 cards/000026/card55908.html                   |    2 +-
 cards/000026/card55927.html                   |    2 +-
 cards/000113/card4325.html                    |   38 +-
 cards/000113/card4326.html                    |   38 +-
 cards/000113/card4327.html                    |   38 +-
 cards/000113/files/4325_67523.html            | 3959 +++++++++++++++++++++++++
 cards/000113/files/4325_ruby_67522.zip        |  Bin 0 -> 118478 bytes
 cards/000113/files/4326_67524.html            | 2398 +++++++++++++++
 cards/000113/files/4326_ruby_67508.zip        |  Bin 0 -> 74797 bytes
 cards/000113/files/4327_67525.html            | 1823 ++++++++++++
 cards/000113/files/4327_ruby_67507.zip        |  Bin 0 -> 59970 bytes
 cards/001493/card51196.html                   |   28 +-
 cards/001493/files/51196_67513.html           |  851 ++++++
 cards/001493/files/51196_ruby_67512.zip       |  Bin 0 -> 150081 bytes
 cards/001657/card54333.html                   |    2 +-
 cards/001869/card57820.html                   |  229 ++
 cards/001869/files/57820_67333.html           |  214 ++
 cards/001869/files/57820_ruby_67384.zip       |  Bin 0 -> 13262 bytes
 cgi/npc.idx                                   |    2 +-
 index.html                                    |    9 +-
 99 files changed, 10895 insertions(+), 1463 deletions(-)
Date: Tue Mar 12 22:09:32 JST 2019
#Updating
-rwxrwx---+ 1 level level 0 Mar 11 21:17 ./AozoraTxt/etc/update
   NPD: ./aozorabunko/cards/000113/files/4325_ruby_67522.zip
   NPD: ./aozorabunko/cards/000113/files/4326_ruby_67508.zip
   NPD: ./aozorabunko/cards/000113/files/4327_ruby_67507.zip
   NPD: ./aozorabunko/cards/001493/files/51196_ruby_67512.zip
-rwxrwx---+ 1 level level 13262 Mar 12 22:09 ./aozorabunko/cards/001869/files/57820_ruby_67384.zip
5/5: ./aozorabunko/cards/001869/files/57820_ruby_67384.zip
>> add 57820_ruby_itoguruma.txt
>> add 57820_ruby_utf8_itoguruma.txt
#Creating ./AozoraTxt/etc/filename_illegal.txt
Title Total : 29884 (Accept:1/Reject:0/Rename:0/Empty:0/Multi txt:0/NPD:4)
Git Failed  : 0
Start: Tue Mar 12 22:08:42 JST 2019
End  : Tue Mar 12 22:10:16 JST 2019

======================================================================
#Extract Aozora Bunko Text Files
#Working folder: /home/level/Work
#Source: ./aozorabunko
#Target: ./AozoraTxt
#Date: Wed Mar 13 21:43:04 JST 2019
#Git pull
From https://github.com/aozorabunko/aozorabunko
   306522a405..5561b40253  master     -> origin/master
Updating 306522a405..5561b40253
Fast-forward
 cards/001168/card58179.html                   |  229 +++
 cards/001168/files/58179_67334.html           |   59 +
 cards/001168/files/58179_txt_67385.zip        |  Bin 0 -> 905 bytes
 cards/001492/card51195.html                   |   28 +-
 cards/001492/files/51195_67538.html           | 2065 +++++++++++++++++++++++++
 cards/001492/files/51195_ruby_67539.zip       |  Bin 0 -> 3443114 bytes
 cards/001492/files/fig51195_01.png            |  Bin 0 -> 33891 bytes
 cards/001492/files/fig51195_02.png            |  Bin 0 -> 60748 bytes
 cards/001492/files/fig51195_03.png            |  Bin 0 -> 63324 bytes
 cards/001492/files/fig51195_04.png            |  Bin 0 -> 96812 bytes
 cards/001492/files/fig51195_05.png            |  Bin 0 -> 53727 bytes
 cards/001492/files/fig51195_06.png            |  Bin 0 -> 30726 bytes
 cards/001492/files/fig51195_07.png            |  Bin 0 -> 20691 bytes
 cards/001492/files/fig51195_08.png            |  Bin 0 -> 18409 bytes
 cards/001492/files/fig51195_09.png            |  Bin 0 -> 17859 bytes
 cards/001492/files/fig51195_10.png            |  Bin 0 -> 14375 bytes
 cards/001492/files/fig51195_11.png            |  Bin 0 -> 25870 bytes
 cards/001492/files/fig51195_12.png            |  Bin 0 -> 69818 bytes
 cards/001492/files/fig51195_13.png            |  Bin 0 -> 133355 bytes
 cards/001492/files/fig51195_14.png            |  Bin 0 -> 76941 bytes
 cards/001492/files/fig51195_15.png            |  Bin 0 -> 38798 bytes
 cards/001492/files/fig51195_16.png            |  Bin 0 -> 51243 bytes
 cards/001492/files/fig51195_17.png            |  Bin 0 -> 78856 bytes
 cards/001492/files/fig51195_18.png            |  Bin 0 -> 72635 bytes
 cards/001492/files/fig51195_19.png            |  Bin 0 -> 85018 bytes
 cards/001492/files/fig51195_20.png            |  Bin 0 -> 61642 bytes
 cards/001492/files/fig51195_21.png            |  Bin 0 -> 116941 bytes
 cards/001492/files/fig51195_22.png            |  Bin 0 -> 54160 bytes
 cards/001492/files/fig51195_23.png            |  Bin 0 -> 67621 bytes
 cards/001492/files/fig51195_24.png            |  Bin 0 -> 81151 bytes
 cards/001492/files/fig51195_25.png            |  Bin 0 -> 72625 bytes
 cards/001492/files/fig51195_26.png            |  Bin 0 -> 71194 bytes
 cards/001492/files/fig51195_27.png            |  Bin 0 -> 80528 bytes
 cards/001492/files/fig51195_28.png            |  Bin 0 -> 42436 bytes
 cards/001492/files/fig51195_29.png            |  Bin 0 -> 152430 bytes
 cards/001492/files/fig51195_30.png            |  Bin 0 -> 182403 bytes
 cards/001492/files/fig51195_31.png            |  Bin 0 -> 85888 bytes
 cards/001492/files/fig51195_32.png            |  Bin 0 -> 115190 bytes
 cards/001492/files/fig51195_33.png            |  Bin 0 -> 131431 bytes
 cards/001492/files/fig51195_34.png            |  Bin 0 -> 101486 bytes
 cards/001492/files/fig51195_35.png            |  Bin 0 -> 81890 bytes
 cards/001492/files/fig51195_36.png            |  Bin 0 -> 91096 bytes
 cards/001492/files/fig51195_37.png            |  Bin 0 -> 86797 bytes
 cards/001492/files/fig51195_38.png            |  Bin 0 -> 79832 bytes
 cards/001492/files/fig51195_39.png            |  Bin 0 -> 90948 bytes
 cards/001492/files/fig51195_40.png            |  Bin 0 -> 119352 bytes
 cards/001492/files/fig51195_41.png            |  Bin 0 -> 136811 bytes
 cards/001492/files/fig51195_42.png            |  Bin 0 -> 90954 bytes
 cards/001492/files/fig51195_43.png            |  Bin 0 -> 23778 bytes
 cards/001869/card57820.html                   |    2 +-
 cgi/npc.idx                                   |    2 +-
 index.html                                    |    8 +-
 153 files changed, 4525 insertions(+), 2123 deletions(-)
Date: Wed Mar 13 21:44:32 JST 2019
#Updating
-rwxrwx---+ 1 level level 0 Mar 12 22:10 ./AozoraTxt/etc/update
-rwxrwx---+ 1 level level 905 Mar 13 21:44 ./aozorabunko/cards/001168/files/58179_txt_67385.zip
1/2: ./aozorabunko/cards/001168/files/58179_txt_67385.zip
>> add 58179_txt_shoo_miru_tanoshisa.txt
>> add 58179_txt_utf8_shoo_miru_tanoshisa.txt
   NPD: ./aozorabunko/cards/001492/files/51195_ruby_67539.zip
#Creating ./AozoraTxt/etc/filename_illegal.txt
Title Total : 29886 (Accept:1/Reject:0/Rename:0/Empty:0/Multi txt:0/NPD:1)
Git Failed  : 0
Start: Wed Mar 13 21:43:04 JST 2019
End  : Wed Mar 13 21:46:18 JST 2019

======================================================================
#Extract Aozora Bunko Text Files
#Working folder: /home/level/Work
#Source: ./aozorabunko
#Target: ./AozoraTxt
#Date: Thu Mar 14 21:16:40 JST 2019
#Git pull
From https://github.com/aozorabunko/aozorabunko
   5561b40253..ed65feb7cf  master     -> origin/master
Updating 5561b40253..ed65feb7cf
Fast-forward
 cards/001168/card58179.html                   |   2 +-
 cards/001429/card58005.html                   | 234 ++++++++++++++++++++++++++
 cards/001429/files/58005_67335.html           |  74 ++++++++
 cards/001429/files/58005_ruby_67386.zip       | Bin 0 -> 7051 bytes
 cgi/npc.idx                                   |   2 +-
 index.html                                    |   8 +-
 84 files changed, 1995 insertions(+), 1690 deletions(-)
Date: Thu Mar 14 21:18:04 JST 2019
#Updating
-rwxrwx---+ 1 level level 0 Mar 13 21:46 ./AozoraTxt/etc/update
-rwxrwx---+ 1 level level 7051 Mar 14 21:17 ./aozorabunko/cards/001429/files/58005_ruby_67386.zip
1/1: ./aozorabunko/cards/001429/files/58005_ruby_67386.zip
>> add 58005_ruby_ainshutain_kyojuo_wagakunini_mukaete.txt
>> add 58005_ruby_utf8_ainshutain_kyojuo_wagakunini_mukaete.txt
#Creating ./AozoraTxt/etc/filename_illegal.txt
Title Total : 29888 (Accept:1/Reject:0/Rename:0/Empty:0/Multi txt:0/NPD:0)
Git Failed  : 0
Start: Thu Mar 14 21:16:40 JST 2019
End  : Thu Mar 14 21:19:10 JST 2019

======================================================================
#Extract Aozora Bunko Text Files
#Working folder: /home/level/Work
#Source: ./aozorabunko
#Target: ./AozoraTxt
#Date: Fri Mar 15 21:43:35 JST 2019
#Git pull
From https://github.com/aozorabunko/aozorabunko
   ed65feb7cf..b3ee9d6ee9  master     -> origin/master
Updating ed65feb7cf..b3ee9d6ee9
Fast-forward
 cards/000311/card46256.html                   | 229 +++++++++++
 cards/000311/files/46256_67336.html           | 228 ++++++++++
 cards/000311/files/46256_ruby_67387.zip       | Bin 0 -> 9607 bytes
 cards/001429/card58005.html                   |   2 +-
 cards/001783/card56524.html                   |  28 +-
 cards/001783/files/56524_67545.html           | 572 ++++++++++++++++++++++++++
 cards/001783/files/56524_ruby_67544.zip       | Bin 0 -> 80070 bytes
 cgi/npc.idx                                   |   2 +-
 index.html                                    |   8 +-
 113 files changed, 2785 insertions(+), 1749 deletions(-)
Date: Fri Mar 15 21:44:21 JST 2019
#Updating
-rwxrwx---+ 1 level level 0 Mar 14 21:19 ./AozoraTxt/etc/update
-rwxrwx---+ 1 level level 9607 Mar 15 21:44 ./aozorabunko/cards/000311/files/46256_ruby_67387.zip
1/2: ./aozorabunko/cards/000311/files/46256_ruby_67387.zip
>> add 46256_ruby_26nikki1943.txt
>> add 46256_ruby_utf8_26nikki1943.txt
   NPD: ./aozorabunko/cards/001783/files/56524_ruby_67544.zip
#Creating ./AozoraTxt/etc/filename_illegal.txt
Title Total : 29890 (Accept:1/Reject:0/Rename:0/Empty:0/Multi txt:0/NPD:1)
Git Failed  : 0
Start: Fri Mar 15 21:43:35 JST 2019
End  : Fri Mar 15 21:45:10 JST 2019

======================================================================
#Extract Aozora Bunko Text Files
#Working folder: /home/level/Work
#Source: ./aozorabunko
#Target: ./AozoraTxt
#Date: Sat Mar 16 07:40:25 JST 2019
#Git pull
From https://github.com/aozorabunko/aozorabunko
   b3ee9d6ee9..63f0013f1b  master     -> origin/master
Updating b3ee9d6ee9..63f0013f1b
Fast-forward
 cards/000117/card973.html                     |  38 ++---
 cards/000117/files/973_67589.html             | 168 ++++++++++++++++++
 cards/000117/files/973_ruby_67588.zip         | Bin 0 -> 11404 bytes
 cards/000311/card46256.html                   |   2 +-
 cards/001779/card57520.html                   | 229 +++++++++++++++++++++++++
 cards/001779/card58462.html                   | 234 ++++++++++++++++++++++++++
 cards/001779/files/57520_67338.html           | 200 ++++++++++++++++++++++
 cards/001779/files/57520_ruby_67389.zip       | Bin 0 -> 11134 bytes
 cards/001779/files/58462_67337.html           | 167 ++++++++++++++++++
 cards/001779/files/58462_ruby_67388.zip       | Bin 0 -> 12859 bytes
 cgi/npc.idx                                   |   2 +-
 index.html                                    |   9 +-
 126 files changed, 2165 insertions(+), 1182 deletions(-)
Date: Sat Mar 16 07:41:20 JST 2019
#Updating
-rwxrwx---+ 1 level level 0 Mar 15 21:45 ./AozoraTxt/etc/update
   NPD: ./aozorabunko/cards/000117/files/973_ruby_67588.zip
-rwxrwx---+ 1 level level 11134 Mar 16 07:41 ./aozorabunko/cards/001779/files/57520_ruby_67389.zip
2/3: ./aozorabunko/cards/001779/files/57520_ruby_67389.zip
>> add 57520_ruby_hinawaju.txt
>> add 57520_ruby_utf8_hinawaju.txt
-rwxrwx---+ 1 level level 12859 Mar 16 07:41 ./aozorabunko/cards/001779/files/58462_ruby_67388.zip
3/3: ./aozorabunko/cards/001779/files/58462_ruby_67388.zip
>> add 58462_ruby_dangai.txt
>> add 58462_ruby_utf8_dangai.txt
#Creating ./AozoraTxt/etc/filename_illegal.txt
Title Total : 29894 (Accept:2/Reject:0/Rename:0/Empty:0/Multi txt:0/NPD:1)
Git Failed  : 0
Start: Sat Mar 16 07:40:25 JST 2019
End  : Sat Mar 16 07:42:07 JST 2019

======================================================================
#Extract Aozora Bunko Text Files
#Working folder: /home/level/Work
#Source: ./aozorabunko
#Target: ./AozoraTxt
#Date: Sun Mar 17 21:04:43 JST 2019
#Git pull
From https://github.com/aozorabunko/aozorabunko
   63f0013f1b..5e52154d9c  master     -> origin/master
Updating 63f0013f1b..5e52154d9c
Fast-forward
 cards/000117/card973.html                     |  26 +--
 cards/001779/card57520.html                   |   2 +-
 cards/001779/card58462.html                   |   2 +-
 cards/001956/card58808.html                   | 229 +++++++++++++++++++++++++
 cards/001956/files/58808_67340.html           |  66 ++++++++
 cards/001956/files/58808_txt_67391.zip        | Bin 0 -> 3148 bytes
 cards/001983/card58955.html                   | 234 ++++++++++++++++++++++++++
 cards/001983/files/58955_67341.html           |  84 +++++++++
 cards/001983/files/58955_ruby_67392.zip       | Bin 0 -> 3941 bytes
 cards/002013/card59226.html                   | 229 +++++++++++++++++++++++++
 cards/002013/files/59226_67339.html           |  76 +++++++++
 cards/002013/files/59226_txt_67390.zip        | Bin 0 -> 2260 bytes
 cgi/npc.idx                                   |   2 +-
 index.html                                    |  15 +-
 80 files changed, 2928 insertions(+), 2020 deletions(-)
Date: Sun Mar 17 21:05:30 JST 2019
#Updating
-rwxrwx---+ 1 level level 0 Mar 16 07:42 ./AozoraTxt/etc/update
-rwxrwx---+ 1 level level 3148 Mar 17 21:05 ./aozorabunko/cards/001956/files/58808_txt_67391.zip
1/3: ./aozorabunko/cards/001956/files/58808_txt_67391.zip
>> add 58808_txt_shiroto_toshokanjinno_shuki.txt
>> add 58808_txt_utf8_shiroto_toshokanjinno_shuki.txt
-rwxrwx---+ 1 level level 3941 Mar 17 21:05 ./aozorabunko/cards/001983/files/58955_ruby_67392.zip
2/3: ./aozorabunko/cards/001983/files/58955_ruby_67392.zip
>> add 58955_ruby_yokomitsusanto_kajiikun.txt
>> add 58955_ruby_utf8_yokomitsusanto_kajiikun.txt
-rwxrwx---+ 1 level level 2260 Mar 17 21:05 ./aozorabunko/cards/002013/files/59226_txt_67390.zip
3/3: ./aozorabunko/cards/002013/files/59226_txt_67390.zip
>> add 59226_txt_01jo_fukio_kushu.txt
>> add 59226_txt_utf8_01jo_fukio_kushu.txt
#Creating ./AozoraTxt/etc/filename_illegal.txt
Title Total : 29900 (Accept:3/Reject:0/Rename:0/Empty:0/Multi txt:0/NPD:0)
Git Failed  : 0
Start: Sun Mar 17 21:04:43 JST 2019
End  : Sun Mar 17 21:06:22 JST 2019

======================================================================
#Extract Aozora Bunko Text Files
#Working folder: /home/level/Work
#Source: ./aozorabunko
#Target: ./AozoraTxt
#Date: Mon Mar 18 22:21:22 JST 2019
#Git pull
Already up to date.
Date: Mon Mar 18 22:21:28 JST 2019
#Updating
-rwxrwx---+ 1 level level 0 Mar 17 21:06 ./AozoraTxt/etc/update
#Creating ./AozoraTxt/etc/filename_illegal.txt
Title Total : 29900 (Accept:0/Reject:0/Rename:0/Empty:0/Multi txt:0/NPD:0)
Git Failed  : 0
Start: Mon Mar 18 22:21:22 JST 2019
End  : Mon Mar 18 22:22:10 JST 2019

======================================================================
#Extract Aozora Bunko Text Files
#Working folder: /cygdrive/c/Work
#Source: ./aozorabunko
#Target: ./AozoraTxt
#Date: Tue Mar 19 22:00:02     2019
#Git pull
From https://github.com/aozorabunko/aozorabunko
   5e52154d9c..c25b78623f  master     -> origin/master
Updating 5e52154d9c..c25b78623f
Fast-forward
 cards/001085/card58707.html                   | 238 +++++++++++++++
 cards/001085/files/58707_67343.html           | 349 +++++++++++++++++++++
 cards/001085/files/58707_ruby_67394.zip       | Bin 0 -> 8701 bytes
 cards/001492/card51195.html                   |   8 +-
 cards/001492/files/51195_67538.html           | 162 +++++-----
 cards/001492/files/51195_ruby_67539.zip       | Bin 3443114 -> 3443123 bytes
 cards/001670/card56286.html                   | 234 +++++++++++++++
 cards/001670/files/56286_67342.html           | 417 ++++++++++++++++++++++++++
 cards/001670/files/56286_ruby_67393.zip       | Bin 0 -> 15236 bytes
 cards/001783/card56524.html                   |   8 +-
 cards/001783/files/56524_67545.html           |   3 +-
 cards/001783/files/56524_ruby_67544.zip       | Bin 80070 -> 80100 bytes
 cards/001956/card58808.html                   |   2 +-
 cards/001983/card58955.html                   |   2 +-
 cards/002013/card59226.html                   |   2 +-
 cgi/npc.idx                                   |   2 +-
 index.html                                    |  20 +-
 195 files changed, 7736 insertions(+), 5088 deletions(-)
Date: Tue Mar 19 22:00:46     2019
#Updating
-rwxrwx---+ 1 level level 0 Mar 19 00:00 ./AozoraTxt/etc/update
-rwxrwx---+ 1 level なし 8701 Mar 19 22:00 ./aozorabunko/cards/001085/files/58707_ruby_67394.zip
1/4: ./aozorabunko/cards/001085/files/58707_ruby_67394.zip
>> add 58707_ruby_cathleen_ni_hoolihan.txt
>> add 58707_ruby_utf8_cathleen_ni_hoolihan.txt
   NPD: ./aozorabunko/cards/001492/files/51195_ruby_67539.zip
-rwxrwx---+ 1 level なし 15236 Mar 19 22:00 ./aozorabunko/cards/001670/files/56286_ruby_67393.zip
3/4: ./aozorabunko/cards/001670/files/56286_ruby_67393.zip
>> add 56286_ruby_082otsubone_oroku.txt
>> add 56286_ruby_utf8_082otsubone_oroku.txt
   NPD: ./aozorabunko/cards/001783/files/56524_ruby_67544.zip
#Creating ./AozoraTxt/etc/filename_illegal.txt
Title Total : 29904 (Accept:2/Reject:0/Rename:0/Empty:0/Multi txt:0/NPD:2)
Git Failed  : 0
Start: Tue Mar 19 22:24:47 JST 2019
End  : Tue Mar 19 22:25:00 JST 2019

======================================================================
#Extract Aozora Bunko Text Files
#Working folder: /home/level/Work
#Source: ./aozorabunko
#Target: ./AozoraTxt
#Date: Wed Mar 20 21:54:56 JST 2019
#Git pull
From https://github.com/aozorabunko/aozorabunko
   c25b78623f..72089c52f6  master     -> origin/master
Updating c25b78623f..72089c52f6
Fast-forward
 cards/000255/card47259.html                   | 234 ++++++++++++++++++++++++++
 cards/000255/card47261.html                   | 234 ++++++++++++++++++++++++++
 cards/000255/files/47259_67344.html           |  71 ++++++++
 cards/000255/files/47259_ruby_67395.zip       | Bin 0 -> 3433 bytes
 cards/000255/files/47261_67345.html           |  68 ++++++++
 cards/000255/files/47261_ruby_67396.zip       | Bin 0 -> 2862 bytes
 cards/001085/card58707.html                   |   2 +-
 cgi/npc.idx                                   |   2 +-
 index.html                                    |   9 +-
 41 files changed, 1652 insertions(+), 1050 deletions(-)
Date: Wed Mar 20 21:55:43 JST 2019
#Updating
-rwxrwx---+ 1 level level 0 Mar 19 22:24 ./AozoraTxt/etc/update
-rwxrwx---+ 1 level level 3433 Mar 20 21:55 ./aozorabunko/cards/000255/files/47259_ruby_67395.zip
1/2: ./aozorabunko/cards/000255/files/47259_ruby_67395.zip
>> add 47259_ruby_taishumono_sunkan.txt
>> add 47259_ruby_utf8_taishumono_sunkan.txt
-rwxrwx---+ 1 level level 2862 Mar 20 21:55 ./aozorabunko/cards/000255/files/47261_ruby_67396.zip
2/2: ./aozorabunko/cards/000255/files/47261_ruby_67396.zip
>> add 47261_ruby_tantei_shosetsuo_tsukutte_moraitai_hitobito.txt
>> add 47261_ruby_utf8_tantei_shosetsuo_tsukutte_moraitai_hitobito.txt
#Creating ./AozoraTxt/etc/filename_illegal.txt
Title Total : 29908 (Accept:2/Reject:0/Rename:0/Empty:0/Multi txt:0/NPD:0)
Git Failed  : 0
Start: Wed Mar 20 21:54:56 JST 2019
End  : Wed Mar 20 21:56:31 JST 2019

======================================================================
#Extract Aozora Bunko Text Files
#Working folder: /home/level/Work
#Source: ./aozorabunko
#Target: ./AozoraTxt
#Date: Thu Mar 21 09:20:57 JST 2019
#Git pull
From https://github.com/aozorabunko/aozorabunko
   72089c52f6..836b7b7130  master     -> origin/master
Updating 72089c52f6..836b7b7130
Fast-forward
 cards/000255/card47259.html                   |   2 +-
 cards/000255/card47261.html                   |   2 +-
 cards/001241/card46428.html                   | 238 ++++++++++++++++++++++++++
 cards/001241/files/46428_67347.html           | 170 ++++++++++++++++++
 cards/001241/files/46428_ruby_67398.zip       | Bin 0 -> 11884 bytes
 cards/001241/files/fig46428_01.png            | Bin 0 -> 1093 bytes
 cards/001520/card56741.html                   | 234 +++++++++++++++++++++++++
 cards/001520/files/56741_67346.html           | 109 ++++++++++++
 cards/001520/files/56741_ruby_67397.zip       | Bin 0 -> 9928 bytes
 cgi/npc.idx                                   |   2 +-
 index.html                                    |  12 +-
 64 files changed, 2189 insertions(+), 1443 deletions(-)
Date: Thu Mar 21 09:22:26 JST 2019
#Updating
-rwxrwx---+ 1 level level 0 Mar 20 21:56 ./AozoraTxt/etc/update
-rwxrwx---+ 1 level level 11884 Mar 21 09:22 ./aozorabunko/cards/001241/files/46428_ruby_67398.zip
1/2: ./aozorabunko/cards/001241/files/46428_ruby_67398.zip
>> add 46428_ruby_kobodaishito_keikyotono_kankei.txt
>> add 46428_ruby_utf8_kobodaishito_keikyotono_kankei.txt
-rwxrwx---+ 1 level level 9928 Mar 21 09:22 ./aozorabunko/cards/001520/files/56741_ruby_67397.zip
2/2: ./aozorabunko/cards/001520/files/56741_ruby_67397.zip
>> add 56741_ruby_genzaino_nihon_minyo.txt
>> add 56741_ruby_utf8_genzaino_nihon_minyo.txt
#Creating ./AozoraTxt/etc/filename_illegal.txt
Title Total : 29912 (Accept:2/Reject:0/Rename:0/Empty:0/Multi txt:0/NPD:0)
Git Failed  : 0
Start: Thu Mar 21 09:33:09 JST 2019
End  : Thu Mar 21 09:33:21 JST 2019

======================================================================
#Extract Aozora Bunko Text Files
#Working folder: /home/level/Work
#Source: ./aozorabunko
#Target: ./AozoraTxt
#Date: Fri Mar 22 21:51:53 JST 2019
#Git pull
From https://github.com/aozorabunko/aozorabunko
   836b7b7130..6c3aeecce4  master     -> origin/master
Updating 836b7b7130..6c3aeecce4
Fast-forward
 cards/001241/card46428.html                   |   2 +-
 cards/001520/card56741.html                   |   2 +-
 cards/001938/card58505.html                   | 229 ++++++++++++++++++++++++++
 cards/001938/card58506.html                   | 229 ++++++++++++++++++++++++++
 cards/001938/files/58505_67349.html           |  64 +++++++
 cards/001938/files/58505_txt_67400.zip        | Bin 0 -> 1885 bytes
 cards/001938/files/58506_67348.html           |  62 +++++++
 cards/001938/files/58506_txt_67399.zip        | Bin 0 -> 1562 bytes
 cgi/npc.idx                                   |   2 +-
 index.html                                    |  12 +-
 61 files changed, 2128 insertions(+), 1552 deletions(-)
Date: Fri Mar 22 21:52:52 JST 2019
#Updating
-rwxrw-r--+ 1 level level 0 Mar 21 09:23 ./AozoraTxt/etc/update
-rwxrwx---+ 1 level level 1885 Mar 22 21:52 ./aozorabunko/cards/001938/files/58505_txt_67400.zip
1/2: ./aozorabunko/cards/001938/files/58505_txt_67400.zip
>> add 58505_txt_shogenrin_atogaki.txt
>> add 58505_txt_utf8_shogenrin_atogaki.txt
-rwxrwx---+ 1 level level 1562 Mar 22 21:52 ./aozorabunko/cards/001938/files/58506_txt_67399.zip
2/2: ./aozorabunko/cards/001938/files/58506_txt_67399.zip
>> add 58506_txt_sinjisen_jobun.txt
>> add 58506_txt_utf8_sinjisen_jobun.txt
#Creating ./AozoraTxt/etc/filename_illegal.txt
Title Total : 29916 (Accept:2/Reject:0/Rename:0/Empty:0/Multi txt:0/NPD:0)
Git Failed  : 0
Start: Fri Mar 22 22:01:42 JST 2019
End  : Fri Mar 22 22:02:00 JST 2019

======================================================================
#Extract Aozora Bunko Text Files
#Working folder: /home/level/Work
#Source: ./aozorabunko
#Target: ./AozoraTxt
#Date: Sat Mar 23 09:26:10 JST 2019
#Git pull
From https://github.com/aozorabunko/aozorabunko
   6c3aeecce4..adcda0889a  master     -> origin/master
Updating 6c3aeecce4..adcda0889a
Fast-forward
 cards/000800/card56833.html                   | 234 +++++++++++++++++++++++
 cards/000800/files/56833_67350.html           | 255 ++++++++++++++++++++++++++
 cards/000800/files/56833_ruby_67401.zip       | Bin 0 -> 14532 bytes
 cards/000879/card3769.html                    |   2 +-
 cards/001154/card44552.html                   |   2 +-
 cards/001154/card44553.html                   |   2 +-
 cards/001154/card44554.html                   |   2 +-
 cards/001403/card55080.html                   | 234 +++++++++++++++++++++++
 cards/001403/files/55080_67351.html           |  86 +++++++++
 cards/001403/files/55080_txt_67402.zip        | Bin 0 -> 5814 bytes
 cards/001938/card58505.html                   |   2 +-
 cards/001938/card58506.html                   |   2 +-
 cards/002036/card59409.html                   | 231 +++++++++++++++++++++++
 cards/002036/files/59409_67528.html           | 223 ++++++++++++++++++++++
 cards/002036/files/59409_ruby_67527.zip       | Bin 0 -> 18596 bytes
 cgi/npc.idx                                   |   2 +-
 index.html                                    |  15 +-
 87 files changed, 3628 insertions(+), 2370 deletions(-)
Date: Sat Mar 23 09:26:58 JST 2019
#Updating
-rwxrw-r--+ 1 level level 0 Mar 22 22:01 ./AozoraTxt/etc/update
-rwxrwx---+ 1 level level 14532 Mar 23 09:26 ./aozorabunko/cards/000800/files/56833_ruby_67401.zip
1/3: ./aozorabunko/cards/000800/files/56833_ruby_67401.zip
>> add 56833_ruby_isan.txt
>> add 56833_ruby_utf8_isan.txt
-rwxrwx---+ 1 level level 5814 Mar 23 09:26 ./aozorabunko/cards/001403/files/55080_txt_67402.zip
2/3: ./aozorabunko/cards/001403/files/55080_txt_67402.zip
>> add 55080_txt_toki_kanshoni_tsuite.txt
>> add 55080_txt_utf8_toki_kanshoni_tsuite.txt
   NPD: ./aozorabunko/cards/002036/files/59409_ruby_67527.zip
#Creating ./AozoraTxt/etc/filename_illegal.txt
Title Total : 29920 (Accept:2/Reject:0/Rename:0/Empty:0/Multi txt:0/NPD:1)
Git Failed  : 0
Start: Sat Mar 23 09:26:10 JST 2019
End  : Sat Mar 23 09:27:29 JST 2019

======================================================================
#Extract Aozora Bunko Text Files
#Working folder: /home/level/Work
#Source: ./aozorabunko
#Target: ./AozoraTxt
#Date: Sun Mar 24 09:49:01 JST 2019
#Git pull
From https://github.com/aozorabunko/aozorabunko
   adcda0889a..01a93b3eee  master     -> origin/master
Updating adcda0889a..01a93b3eee
Fast-forward
 cards/000800/card56833.html                   |   2 +-
 cards/001190/card50913.html                   |   2 +-
 cards/001192/card46832.html                   |   4 +-
 cards/001192/card50914.html                   |   4 +-
 cards/001199/card56654.html                   |   2 +-
 cards/001389/card49703.html                   |   2 +-
 cards/001389/card49704.html                   |   2 +-
 cards/001389/card49705.html                   |   2 +-
 cards/001393/card49853.html                   |   2 +-
 cards/001393/card50710.html                   |   2 +-
 cards/001393/card54926.html                   |   2 +-
 cards/001393/card55606.html                   |   2 +-
 cards/001393/card55880.html                   |   2 +-
 cards/001393/card57320.html                   |   2 +-
 cards/001403/card55080.html                   |   2 +-
 cards/001407/card50112.html                   |   2 +-
 cards/001749/card59317.html                   | 234 ++++++++++++++++++++++++++
 cards/001749/files/59317_67352.html           |  96 +++++++++++
 cards/001749/files/59317_ruby_67403.zip       | Bin 0 -> 998 bytes
 cards/001952/card58702.html                   |   8 +-
 cards/002036/card59409.html                   |   2 +-
 cgi/npc.idx                                   |   2 +-
 index.html                                    |  14 +-
 98 files changed, 1523 insertions(+), 1202 deletions(-)
Date: Sun Mar 24 09:50:11 JST 2019
#Updating
-rwxrw-r--+ 1 level level 0 Mar 23 09:27 ./AozoraTxt/etc/update
-rwxrwx---+ 1 level level 998 Mar 24 09:50 ./aozorabunko/cards/001749/files/59317_ruby_67403.zip
1/1: ./aozorabunko/cards/001749/files/59317_ruby_67403.zip
>> add 59317_ruby_kajii_kun.txt
>> add 59317_ruby_utf8_kajii_kun.txt
#Creating ./AozoraTxt/etc/filename_illegal.txt
Title Total : 29922 (Accept:1/Reject:0/Update:0/Rename:0/Empty:0/Multi txt:0/NPD:0)
Git Failed  : 0
Start: Sun Mar 24 09:49:01 JST 2019
End  : Sun Mar 24 09:51:00 JST 2019

======================================================================
#Extract Aozora Bunko Text Files
#Working folder: /home/level/Work
#Source: ./aozorabunko
#Target: ./AozoraTxt
#Date: Mon Mar 25 21:40:00 JST 2019
#Git pull
From https://github.com/aozorabunko/aozorabunko
   01a93b3eee..7fcefa4ff7  master     -> origin/master
Updating 01a93b3eee..7fcefa4ff7
Fast-forward
 cards/000064/card55662.html                   | 229 +++++++++++++++++++++++++
 cards/000064/files/55662_67354.html           | 115 +++++++++++++
 cards/000064/files/55662_ruby_67405.zip       | Bin 0 -> 16723 bytes
 cards/000158/card53185.html                   | 234 ++++++++++++++++++++++++++
 cards/000158/files/53185_67353.html           |  89 ++++++++++
 cards/000158/files/53185_ruby_67404.zip       | Bin 0 -> 1784 bytes
 cards/001403/card49953.html                   |   2 +-
 cards/001403/card50293.html                   |   4 +-
 cards/001403/card54990.html                   |   2 +-
 cards/001749/card59317.html                   |   2 +-
 cgi/npc.idx                                   |   2 +-
 index.html                                    |  17 +-
 127 files changed, 3892 insertions(+), 3228 deletions(-)
Date: Mon Mar 25 21:40:52 JST 2019
#Updating
-rwxrw-r--+ 1 level level 0 Mar 24 09:50 ./AozoraTxt/etc/update
-rwxrwx---+ 1 level level 16723 Mar 25 21:40 ./aozorabunko/cards/000064/files/55662_ruby_67405.zip
1/2: ./aozorabunko/cards/000064/files/55662_ruby_67405.zip
>> add 55662_ruby_tamadasuki.txt
>> add 55662_ruby_utf8_tamadasuki.txt
-rwxrwx---+ 1 level level 1784 Mar 25 21:40 ./aozorabunko/cards/000158/files/53185_ruby_67404.zip
2/2: ./aozorabunko/cards/000158/files/53185_ruby_67404.zip
>> add 53185_ruby_shiawase.txt
>> add 53185_ruby_utf8_shiawase.txt
#Creating ./AozoraTxt/etc/filename_illegal.txt
Title Total : 29926 (Accept:2/Reject:0/Update:0/Rename:0/Empty:0/Multi txt:0/NPD:0)
Git Failed  : 0
Start: Mon Mar 25 21:40:00 JST 2019
End  : Mon Mar 25 21:41:34 JST 2019

======================================================================
#Extract Aozora Bunko Text Files
#Working folder: /home/level/Work
#Source: ./aozorabunko
#Target: ./AozoraTxt
#Date: Tue Mar 26 21:49:53 JST 2019
#Git pull
From https://github.com/aozorabunko/aozorabunko
   7fcefa4ff7..1b86a713a7  master     -> origin/master
Updating 7fcefa4ff7..1b86a713a7
Fast-forward
 cards/000064/card55662.html                   |   2 +-
 cards/000158/card53185.html                   |   2 +-
 cards/001492/card51195.html                   |   6 +-
 cards/001492/files/51195_67538.html           |   8 +-
 cards/001492/files/51195_ruby_67539.zip       | Bin 3443123 -> 3443123 bytes
 cards/001561/card52527.html                   |  28 +-
 cards/001561/files/52527_67622.html           | 218 +++++++
 cards/001561/files/52527_txt_67621.zip        | Bin 0 -> 1690551 bytes
 cards/001561/files/fig52527_01.png            | Bin 0 -> 203209 bytes
 cards/001561/files/fig52527_02.png            | Bin 0 -> 263421 bytes
 cards/001561/files/fig52527_03.png            | Bin 0 -> 23904 bytes
 cards/001561/files/fig52527_04.png            | Bin 0 -> 31055 bytes
 cards/001561/files/fig52527_05.png            | Bin 0 -> 73189 bytes
 cards/001561/files/fig52527_06.png            | Bin 0 -> 86820 bytes
 cards/001561/files/fig52527_07.png            | Bin 0 -> 410439 bytes
 cards/001561/files/fig52527_08.png            | Bin 0 -> 124275 bytes
 cards/001561/files/fig52527_09.png            | Bin 0 -> 94104 bytes
 cards/001561/files/fig52527_10.png            | Bin 0 -> 91587 bytes
 cards/001561/files/fig52527_11.png            | Bin 0 -> 185683 bytes
 cards/001561/files/fig52527_12.png            | Bin 0 -> 70241 bytes
 cards/001574/card52528.html                   |  28 +-
 cards/001574/files/52528_67626.html           | 214 +++++++
 cards/001574/files/52528_ruby_67625.zip       | Bin 0 -> 25922 bytes
 cards/001579/card53505.html                   | 234 +++++++
 cards/001579/card55432.html                   | 229 +++++++
 cards/001579/card59235.html                   | 234 +++++++
 cards/001579/files/53505_67357.html           | 152 +++++
 cards/001579/files/53505_ruby_67408.zip       | Bin 0 -> 44934 bytes
 cards/001579/files/55432_67355.html           | 148 +++++
 cards/001579/files/55432_ruby_67406.zip       | Bin 0 -> 8866 bytes
 cards/001579/files/59235_67356.html           | 141 ++++
 cards/001579/files/59235_ruby_67407.zip       | Bin 0 -> 12892 bytes
 cards/001600/card53757.html                   |  28 +-
 cards/001600/files/53757_67624.html           | 886 ++++++++++++++++++++++++++
 cards/001600/files/53757_ruby_67623.zip       | Bin 0 -> 8164741 bytes
 cards/001600/files/fig53757_01.png            | Bin 0 -> 4219967 bytes
 cards/001600/files/fig53757_02.png            | Bin 0 -> 229250 bytes
 cards/001600/files/fig53757_03.png            | Bin 0 -> 374986 bytes
 cards/001600/files/fig53757_04.png            | Bin 0 -> 330926 bytes
 cards/001600/files/fig53757_05.png            | Bin 0 -> 180992 bytes
 cards/001600/files/fig53757_06.png            | Bin 0 -> 594488 bytes
 cards/001600/files/fig53757_07.png            | Bin 0 -> 481211 bytes
 cards/001600/files/fig53757_08.png            | Bin 0 -> 387399 bytes
 cards/001600/files/fig53757_09.png            | Bin 0 -> 389110 bytes
 cards/001600/files/fig53757_10.png            | Bin 0 -> 50170 bytes
 cards/001600/files/fig53757_11.png            | Bin 0 -> 133714 bytes
 cards/001600/files/fig53757_12.png            | Bin 0 -> 98588 bytes
 cards/001600/files/fig53757_13.png            | Bin 0 -> 252925 bytes
 cards/001600/files/fig53757_14.png            | Bin 0 -> 126211 bytes
 cards/001600/files/fig53757_15.png            | Bin 0 -> 10509 bytes
 cards/001600/files/fig53757_16.png            | Bin 0 -> 21100 bytes
 cards/001600/files/fig53757_17.png            | Bin 0 -> 210162 bytes
 cgi/npc.idx                                   |   2 +-
 index.html                                    |  13 +-
 144 files changed, 5262 insertions(+), 3236 deletions(-)
Date: Tue Mar 26 21:51:12 JST 2019
#Updating
-rwxrw-r--+ 1 level level 0 Mar 25 21:41 ./AozoraTxt/etc/update
   NPD: ./aozorabunko/cards/001492/files/51195_ruby_67539.zip
   NPD: ./aozorabunko/cards/001561/files/52527_txt_67621.zip
   NPD: ./aozorabunko/cards/001574/files/52528_ruby_67625.zip
-rwxrwx---+ 1 level level 44934 Mar 26 21:51 ./aozorabunko/cards/001579/files/53505_ruby_67408.zip
4/7: ./aozorabunko/cards/001579/files/53505_ruby_67408.zip
>> add 53505_ruby_warewa_utaedomo_yaburekabure.txt
>> add 53505_ruby_utf8_warewa_utaedomo_yaburekabure.txt
-rwxrwx---+ 1 level level 8866 Mar 26 21:51 ./aozorabunko/cards/001579/files/55432_ruby_67406.zip
5/7: ./aozorabunko/cards/001579/files/55432_ruby_67406.zip
>> add 55432_ruby_kishade_atta_onna.txt
>> add 55432_ruby_utf8_kishade_atta_onna.txt
-rwxrwx---+ 1 level level 12892 Mar 26 21:51 ./aozorabunko/cards/001579/files/59235_ruby_67407.zip
6/7: ./aozorabunko/cards/001579/files/59235_ruby_67407.zip
>> add 59235_ruby_shogaino_kakine.txt
>> add 59235_ruby_utf8_shogaino_kakine.txt
   NPD: ./aozorabunko/cards/001600/files/53757_ruby_67623.zip
#Creating ./AozoraTxt/etc/filename_illegal.txt
Title Total : 29932 (Accept:3/Reject:0/Update:0/Rename:0/Empty:0/Multi txt:0/NPD:4)
Git Failed  : 0
Start: Tue Mar 26 21:49:53 JST 2019
End  : Tue Mar 26 21:52:05 JST 2019

======================================================================
#Extract Aozora Bunko Text Files
#Working folder: /home/level/Work
#Source: ./aozorabunko
#Target: ./AozoraTxt
#Date: Wed Mar 27 21:15:29 JST 2019
#Git pull
From https://github.com/aozorabunko/aozorabunko
   1b86a713a7..fe049cf81d  master     -> origin/master
Updating 1b86a713a7..fe049cf81d
Fast-forward
 cards/001111/card42789.html                   |    2 +-
 cards/001579/card53505.html                   |    2 +-
 cards/001579/card55432.html                   |    2 +-
 cards/001579/card59235.html                   |    2 +-
 cards/002043/card59605.html                   |  231 +++
 cards/002043/files/59605_67424.html           | 2506 +++++++++++++++++++++++++
 cards/002043/files/59605_ruby_67423.zip       |  Bin 0 -> 10432733 bytes
 cards/002043/files/fig59605_01.png            |  Bin 0 -> 1082136 bytes
 cards/002043/files/fig59605_02.png            |  Bin 0 -> 653628 bytes
 cards/002043/files/fig59605_03.png            |  Bin 0 -> 678293 bytes
 cards/002043/files/fig59605_04.png            |  Bin 0 -> 585538 bytes
 cards/002043/files/fig59605_05.png            |  Bin 0 -> 1301042 bytes
 cards/002043/files/fig59605_06.png            |  Bin 0 -> 682729 bytes
 cards/002043/files/fig59605_07.png            |  Bin 0 -> 574078 bytes
 cards/002043/files/fig59605_08.png            |  Bin 0 -> 892534 bytes
 cards/002043/files/fig59605_09.png            |  Bin 0 -> 643684 bytes
 cards/002043/files/fig59605_10.png            |  Bin 0 -> 602546 bytes
 cards/002043/files/fig59605_11.png            |  Bin 0 -> 1234835 bytes
 cards/002043/files/fig59605_12.png            |  Bin 0 -> 702949 bytes
 cards/002043/files/fig59605_13.png            |  Bin 0 -> 637608 bytes
 cgi/npc.idx                                   |    2 +-
 index.html                                    |   10 +-
 96 files changed, 4250 insertions(+), 1527 deletions(-)
Date: Wed Mar 27 21:16:27 JST 2019
#Updating
-rwxrw-r--+ 1 level level 0 Mar 26 21:52 ./AozoraTxt/etc/update
   NPD: ./aozorabunko/cards/002043/files/59605_ruby_67423.zip
#Creating ./AozoraTxt/etc/filename_illegal.txt
Title Total : 29932 (Accept:0/Reject:0/Update:0/Rename:0/Empty:0/Multi txt:0/NPD:1)
Git Failed  : 0
Start: Wed Mar 27 21:15:29 JST 2019
End  : Wed Mar 27 21:17:04 JST 2019

======================================================================
#Extract Aozora Bunko Text Files
#Working folder: /home/level/Work
#Source: ./aozorabunko
#Target: ./AozoraTxt
#Date: Thu Mar 28 22:46:48 JST 2019
#Git pull
From https://github.com/aozorabunko/aozorabunko
   fe049cf81d..7f4db438a6  master     -> origin/master
Updating fe049cf81d..7f4db438a6
Fast-forward
 cards/001670/card56351.html                   | 234 +++++++++++++
 cards/001670/files/56351_67358.html           | 486 ++++++++++++++++++++++++++
 cards/001670/files/56351_ruby_67409.zip       | Bin 0 -> 15627 bytes
 cards/002043/card59605.html                   |   2 +-
 cgi/npc.idx                                   |   2 +-
 index.html                                    |   8 +-
 43 files changed, 1813 insertions(+), 1096 deletions(-)
Date: Thu Mar 28 22:48:57 JST 2019
#Updating
-rwxrw-r--+ 1 level level 0 Mar 27 21:17 ./AozoraTxt/etc/update
-rwxrwx---+ 1 level level 15627 Mar 28 22:48 ./aozorabunko/cards/001670/files/56351_ruby_67409.zip
1/1: ./aozorabunko/cards/001670/files/56351_ruby_67409.zip
>> add 56351_ruby_083teppo_jiru.txt
>> add 56351_ruby_utf8_083teppo_jiru.txt
#Creating ./AozoraTxt/etc/filename_illegal.txt
Title Total : 29934 (Accept:1/Reject:0/Update:0/Rename:0/Empty:0/Multi txt:0/NPD:0)
Git Failed  : 0
Start: Thu Mar 28 22:46:48 JST 2019
End  : Thu Mar 28 22:50:51 JST 2019

======================================================================
#Extract Aozora Bunko Text Files
#Working folder: /home/level/Work
#Source: ./aozorabunko
#Target: ./AozoraTxt
#Date: Fri Mar 29 23:42:26 JST 2019
#Git pull
From https://github.com/aozorabunko/aozorabunko
   7f4db438a6..b508b07ef0  master     -> origin/master
Updating 7f4db438a6..b508b07ef0
Fast-forward
 cards/001670/card56351.html                   |   2 +-
 cards/001749/card55862.html                   | 234 ++++++++++++++++++++++++++
 cards/001749/files/55862_67359.html           |  66 ++++++++
 cards/001749/files/55862_txt_67410.zip        | Bin 0 -> 806 bytes
 cgi/npc.idx                                   |   2 +-
 index.html                                    |   8 +-
 136 files changed, 1453 insertions(+), 1156 deletions(-)
Date: Fri Mar 29 23:44:20 JST 2019
#Updating
-rwxrw-r--+ 1 level level 0 Mar 28 22:50 ./AozoraTxt/etc/update
-rwxrwx---+ 1 level level 806 Mar 29 23:44 ./aozorabunko/cards/001749/files/55862_txt_67410.zip
1/1: ./aozorabunko/cards/001749/files/55862_txt_67410.zip
>> add 55862_txt_boshun_tansoku.txt
>> add 55862_txt_utf8_boshun_tansoku.txt
#Creating ./AozoraTxt/etc/filename_illegal.txt
Title Total : 29936 (Accept:1/Reject:0/Update:0/Rename:0/Empty:0/Multi txt:0/NPD:0)
Git Failed  : 0
Start: Fri Mar 29 23:42:26 JST 2019
End  : Fri Mar 29 23:45:14 JST 2019

======================================================================
#Extract Aozora Bunko Text Files
#Working folder: /home/level/Work
#Source: ./aozorabunko
#Target: ./AozoraTxt
#Date: Sat Mar 30 10:24:32 JST 2019
#Git pull
From https://github.com/aozorabunko/aozorabunko
   b508b07ef0..6a673078db  master     -> origin/master
Updating b508b07ef0..6a673078db
Fast-forward
 cards/001475/card51057.html                   | 234 ++++++++++++++++++++++++++
 cards/001475/card52992.html                   | 234 ++++++++++++++++++++++++++
 cards/001475/files/51057_67361.html           |  81 +++++++++
 cards/001475/files/51057_ruby_67412.zip       | Bin 0 -> 3070 bytes
 cards/001475/files/52992_67360.html           |  74 ++++++++
 cards/001475/files/52992_ruby_67411.zip       | Bin 0 -> 1738 bytes
 cards/001749/card55862.html                   |   2 +-
 cgi/npc.idx                                   |   2 +-
 index.html                                    |   9 +-
 115 files changed, 2149 insertions(+), 1531 deletions(-)
Date: Sat Mar 30 10:25:24 JST 2019
#Updating
-rwxrw-r--+ 1 level level 0 Mar 29 23:45 ./AozoraTxt/etc/update
-rwxrwx---+ 1 level level 3070 Mar 30 10:25 ./aozorabunko/cards/001475/files/51057_ruby_67412.zip
1/2: ./aozorabunko/cards/001475/files/51057_ruby_67412.zip
>> add 51057_ruby_hitono_minoue.txt
>> add 51057_ruby_utf8_hitono_minoue.txt
-rwxrwx---+ 1 level level 1738 Mar 30 10:25 ./aozorabunko/cards/001475/files/52992_ruby_67411.zip
2/2: ./aozorabunko/cards/001475/files/52992_ruby_67411.zip
>> add 52992_ruby_haru_chikaki_hi.txt
>> add 52992_ruby_utf8_haru_chikaki_hi.txt
#Creating ./AozoraTxt/etc/filename_illegal.txt
Title Total : 29940 (Accept:2/Reject:0/Update:0/Rename:0/Empty:0/Multi txt:0/NPD:0)
Git Failed  : 0
Start: Sat Mar 30 10:24:32 JST 2019
End  : Sat Mar 30 10:26:06 JST 2019

======================================================================
#Extract Aozora Bunko Text Files
#Working folder: /home/level/Work
#Source: ./aozorabunko
#Target: ./AozoraTxt
#Date: Sun Mar 31 09:14:14 JST 2019
#Git pull
From https://github.com/aozorabunko/aozorabunko
   6a673078db..b1a4bc1392  master     -> origin/master
Updating 6a673078db..b1a4bc1392
Fast-forward
 cards/000933/card47800.html                   | 234 ++++++++++++++++++++++++++
 cards/000933/files/47800_67362.html           |  73 ++++++++
 cards/000933/files/47800_ruby_67413.zip       | Bin 0 -> 4364 bytes
 cards/001475/card51057.html                   |   2 +-
 cards/001475/card52992.html                   |   2 +-
 cgi/npc.idx                                   |   2 +-
 index.html                                    |   9 +-
 113 files changed, 2970 insertions(+), 2667 deletions(-)
Date: Sun Mar 31 09:15:02 JST 2019
#Updating
-rwxrw-r--+ 1 level level 0 Mar 30 10:26 ./AozoraTxt/etc/update
-rwxrwx---+ 1 level level 4364 Mar 31 09:14 ./aozorabunko/cards/000933/files/47800_ruby_67413.zip
1/1: ./aozorabunko/cards/000933/files/47800_ruby_67413.zip
>> add 47800_ruby_shizen_nyoninto_kabuki_onna.txt
>> add 47800_ruby_utf8_shizen_nyoninto_kabuki_onna.txt
#Creating ./AozoraTxt/etc/filename_illegal.txt
Title Total : 29942 (Accept:1/Reject:0/Update:0/Rename:0/Empty:0/Multi txt:0/NPD:0)
Git Failed  : 0
Start: Sun Mar 31 09:14:14 JST 2019
End  : Sun Mar 31 09:15:43 JST 2019
