#Extract Aozora Bunko Text Files
#Working folder: /c/Work
#Source: ./aozorabunko
#Target: ./aozoratxt
#Commit List: ./aozoratxt/tmp/commit_tmp.txt
#Extracting
1: 0828288bd12d1bc7277b5eb05e7462a44f890269	cards/000040/files/452_txt_290.zip
> 452_keiba.txt
2: 0828288bd12d1bc7277b5eb05e7462a44f890269	cards/000040/files/452_txt.zip
  ignore 452_keiba.txt
3: 0828288bd12d1bc7277b5eb05e7462a44f890269	cards/000040/files/452_ruby_291.zip
  remove 452_keiba.txt
> 452_keiba.txt
4: 0828288bd12d1bc7277b5eb05e7462a44f890269	cards/000040/files/380_txt.zip
> 380_hourou.txt
5: 2b408c7d835c80dbb1e33c312a876e92a4311f14	cards/000040/files/380_ruby_2698.zip
  remove 380_hourou.txt
> 380_horo.txt
6: 0828288bd12d1bc7277b5eb05e7462a44f890269	cards/000040/files/380_ruby.zip
  ignore 380_hourou_ruby.txt
7: 0828288bd12d1bc7277b5eb05e7462a44f890269	cards/000048/files/1752_ruby.zip
> 1752_bungeisakuhin.txt
8: 0828288bd12d1bc7277b5eb05e7462a44f890269	cards/000048/files/1052_ruby_21360.zip
> 1052_giwaku.txt
9: 43ee1ddb980909b9869b2266eadf0ce899eca88d	cards/001774/files/56171_ruby_51039.zip
10: 43ee1ddb980909b9869b2266eadf0ce899eca88d	cards/001774/files/56171_ruby_53103.zip
> 56171_girisha_juji.txt
11: 43ee1ddb980909b9869b2266eadf0ce899eca88d	cards/001774/files/56171_ruby_51038.zip
  ignore 56171_girishajuuji.txt
Title  Total:15024 (Accepted:5/Rejected:5/Rename:0/Empty:1/Multi txt:0)
