
======================================================================
#Extract Aozora Bunko Text Files
#Working folder: /home/level
#Source: ./aozorabunko
#Target: ./AozoraTxt
#Date: Sat Apr  1 09:34:12 JST 2023
#Git pull
From https://github.com/aozorabunko/aozorabunko
   fe3435c593..090129cefa  master     -> origin/master
Updating fe3435c593..090129cefa
Fast-forward
 cards/000025/card61236.html                   |  234 ++
 cards/000025/files/61236_77093.html           |  181 ++
 cards/000025/files/61236_ruby_77094.zip       |  Bin 0 -> 25534 bytes
 cards/000083/card57848.html                   |  229 ++
 cards/000083/card60740.html                   |  229 ++
 cards/000083/files/57848_77095.html           |  355 +++
 cards/000083/files/57848_ruby_77096.zip       |  Bin 0 -> 11824 bytes
 cards/000083/files/60740_77091.html           |   66 +
 cards/000083/files/60740_ruby_77092.zip       |  Bin 0 -> 3554 bytes
 cards/000096/card61139.html                   |  234 ++
 cards/000096/files/61139_77097.html           |  209 ++
 cards/000096/files/61139_ruby_77098.zip       |  Bin 0 -> 14620 bytes
 cards/000121/card56249.html                   |  229 ++
 cards/000121/files/56249_77121.html           |  116 +
 cards/000121/files/56249_ruby_77122.zip       |  Bin 0 -> 2938 bytes
 cards/000227/card60964.html                   |  234 ++
 cards/000227/files/60964_77099.html           |   78 +
 cards/000227/files/60964_ruby_77100.zip       |  Bin 0 -> 916 bytes
 cards/000293/card60450.html                   |  234 ++
 cards/000293/files/60450_77101.html           |   82 +
 cards/000293/files/60450_ruby_77102.zip       |  Bin 0 -> 8578 bytes
 cards/000928/card56879.html                   |    2 +-
 cards/001266/card55790.html                   |  234 ++
 cards/001266/files/55790_76865.html           |   70 +
 cards/001266/files/55790_txt_76864.zip        |  Bin 0 -> 2926 bytes
 cards/001699/card62061.html                   |  231 ++
 cards/001699/files/62061_76808.html           |   66 +
 cards/001699/files/62061_txt_76807.zip        |  Bin 0 -> 2185 bytes
 cards/002177/card60791.html                   |  229 ++
 cards/002177/files/60791_76867.html           | 2979 +++++++++++++++++++++++++
 cards/002177/files/60791_ruby_76866.zip       |  Bin 0 -> 45452 bytes
 cards/002265/card62111.html                   |  231 ++
 cards/002265/files/62111_77104.html           |  279 +++
 cards/002265/files/62111_ruby_77103.zip       |  Bin 0 -> 14622 bytes
 277 files changed, 14309 insertions(+), 7257 deletions(-)
Date: Sat Apr  1 09:34:19 JST 2023
#Updating
-rw-r--r-- 1 level level 0 Feb 23 09:43 ./AozoraTxt/etc/update
     1	./aozorabunko/cards/000121/files/56249_ruby_77122.zip
     2	./aozorabunko/cards/001699/files/62061_txt_76807.zip
     3	./aozorabunko/cards/000083/files/57848_ruby_77096.zip
     4	./aozorabunko/cards/000083/files/60740_ruby_77092.zip
     5	./aozorabunko/cards/000025/files/61236_ruby_77094.zip
     6	./aozorabunko/cards/002177/files/60791_ruby_76866.zip
     7	./aozorabunko/cards/001266/files/55790_txt_76864.zip
     8	./aozorabunko/cards/002265/files/62111_ruby_77103.zip
     9	./aozorabunko/cards/000227/files/60964_ruby_77100.zip
    10	./aozorabunko/cards/000096/files/61139_ruby_77098.zip
    11	./aozorabunko/cards/000293/files/60450_ruby_77102.zip
1/11: ./aozorabunko/cards/000121/files/56249_ruby_77122.zip
>> add 56249_ruby_kusa.txt
>> add 56249_ruby_utf8_kusa.txt
>> https://www.aozora.gr.jp/cards/000121/card56249.html
>> 草、新美南吉
2/11: ./aozorabunko/cards/001699/files/62061_txt_76807.zip
>> add 62061_NPD_txt_azathoth.txt
>> add 62061_NPD_txt_utf8_azathoth.txt
>> https://www.aozora.gr.jp/cards/001699/card62061.html
>> 断章　アザトース、AZATHOTH、Ｈ・Ｐ・ラヴクラフト　H. P. Lovecraft、Morishous T.H.E creative 訳
3/11: ./aozorabunko/cards/000083/files/57848_ruby_77096.zip
>> add 57848_ruby_kesano_ryojin.txt
>> add 57848_ruby_utf8_kesano_ryojin.txt
>> https://www.aozora.gr.jp/cards/000083/card57848.html
>> 袈裟の良人、菊池寛
4/11: ./aozorabunko/cards/000083/files/60740_ruby_77092.zip
>> add 60740_ruby_gakusei_jidaino_kume_masao.txt
>> add 60740_ruby_utf8_gakusei_jidaino_kume_masao.txt
>> https://www.aozora.gr.jp/cards/000083/card60740.html
>> 学生時代の久米正雄、菊池寛
5/11: ./aozorabunko/cards/000025/files/61236_ruby_77094.zip
>> add 61236_ruby_jikken_shitsu.txt
>> add 61236_ruby_utf8_jikken_shitsu.txt
>> https://www.aozora.gr.jp/cards/000025/card61236.html
>> 實驗室、有島武郎
6/11: ./aozorabunko/cards/002177/files/60791_ruby_76866.zip
>> add 60791_ruby_01tazugane.txt
>> add 60791_ruby_utf8_01tazugane.txt
>> https://www.aozora.gr.jp/cards/002177/card60791.html
>> 鵠が音、折口春洋
7/11: ./aozorabunko/cards/001266/files/55790_txt_76864.zip
>> add 55790_txt_watashino_shinjo.txt
>> add 55790_txt_utf8_watashino_shinjo.txt
>> https://www.aozora.gr.jp/cards/001266/card55790.html
>> 私の信条、牧野富太郎
8/11: ./aozorabunko/cards/002265/files/62111_ruby_77103.zip
>> add 62111_NPD_ruby_kanten.txt
>> add 62111_NPD_ruby_utf8_kanten.txt
>> https://www.aozora.gr.jp/cards/002265/card62111.html
>> 観点、THE POINT OF VIEW、マンダプーツシリーズ　第３回、MANDERPOOTZ SERIES、スタンリイ・Ｇ・ワインバウム　Stanley G. Weinbaum、奥増夫訳
9/11: ./aozorabunko/cards/000227/files/60964_ruby_77100.zip
>> add 60964_ruby_metsubono_yorokobi.txt
>> add 60964_ruby_utf8_metsubono_yorokobi.txt
>> https://www.aozora.gr.jp/cards/000227/card60964.html
>> 滅亡の喜び、生田春月
10/11: ./aozorabunko/cards/000096/files/61139_ruby_77098.zip
>> add 61139_ruby_dotei.txt
>> add 61139_ruby_utf8_dotei.txt
>> https://www.aozora.gr.jp/cards/000096/card61139.html
>> 童貞、夢野久作
11/11: ./aozorabunko/cards/000293/files/60450_ruby_77102.zip
>> add 60450_ruby_kumono_sakeme.txt
>> add 60450_ruby_utf8_kumono_sakeme.txt
>> https://www.aozora.gr.jp/cards/000293/card60450.html
>> 雲の裂け目、原民喜
#Creating ./AozoraTxt/etc/filename_illegal.txt
Title Total : 33822/492 (Accept:11/Reject:0/Update:0/Rename:0/Empty:0/Multi txt:0/NPD:2)
Git Failed  : 0
Start: Sat Apr  1 09:34:12 JST 2023
End  : Sat Apr  1 09:34:21 JST 2023
