
======================================================================
#Extract Aozora Bunko Text Files
#Working folder: /home/level
#Source: ./aozorabunko
#Target: ./AozoraTxt
#Date: Wed Feb  1 08:09:32 JST 2023
#Git pull
From https://github.com/aozorabunko/aozorabunko
   65ecbad5ac..94c048782d  master     -> origin/master
Updating 65ecbad5ac..94c048782d
Fast-forward
 cards/002265/card62104.html                   | 231 +++++++++++++
 cards/002265/files/62104_76817.html           | 450 ++++++++++++++++++++++++++
 cards/002265/files/62104_ruby_76816.zip       | Bin 0 -> 18292 bytes
 114 files changed, 3536 insertions(+), 2673 deletions(-)
Date: Wed Feb  1 08:09:36 JST 2023
#Updating
-rw-r--r-- 1 level level 0 Jan 24 18:41 ./AozoraTxt/etc/update
     1	./aozorabunko/cards/002265/files/62104_ruby_76816.zip
1/1: ./aozorabunko/cards/002265/files/62104_ruby_76816.zip
>> add 62104_NPD_ruby_riso.txt
>> add 62104_NPD_ruby_utf8_riso.txt
>> https://www.aozora.gr.jp/cards/002265/card62104.html
>> 理想、THE IDEAL、マンダプーツシリーズ　第２回、MANDERPOOTZ SERIES、スタンリイ・Ｇ・ワインバウム　Stanley G. Weinbaum、奥増夫訳
#Creating ./AozoraTxt/etc/filename_illegal.txt
Title Total : 33788/488 (Accept:1/Reject:0/Update:0/Rename:0/Empty:0/Multi txt:0/NPD:1)
Git Failed  : 0
Start: Wed Feb  1 08:09:32 JST 2023
End  : Wed Feb  1 08:09:38 JST 2023

======================================================================
#Extract Aozora Bunko Text Files
#Working folder: /home/level
#Source: ./aozorabunko
#Target: ./AozoraTxt
#Date: Fri Feb  3 19:40:17 JST 2023
#Git pull
From https://github.com/aozorabunko/aozorabunko
   94c048782d..9de734e7c7  master     -> origin/master
Updating 94c048782d..9de734e7c7
Fast-forward
 cards/000241/card61285.html                   | 234 ++++++++++++++++++++++++++
 cards/000241/files/61285_76844.html           | 113 +++++++++++++
 cards/000241/files/61285_ruby_76843.zip       | Bin 0 -> 4500 bytes
 58 files changed, 1484 insertions(+), 1140 deletions(-)
Date: Fri Feb  3 19:40:22 JST 2023
#Updating
-rw-r--r-- 1 level level 0 Feb  1 08:09 ./AozoraTxt/etc/update
     1	./aozorabunko/cards/000241/files/61285_ruby_76843.zip
1/1: ./aozorabunko/cards/000241/files/61285_ruby_76843.zip
>> add 61285_ruby_kataonami.txt
>> add 61285_ruby_utf8_kataonami.txt
>> https://www.aozora.gr.jp/cards/000241/card61285.html
>> 片男波、小栗風葉
#Creating ./AozoraTxt/etc/filename_illegal.txt
Title Total : 33790/488 (Accept:1/Reject:0/Update:0/Rename:0/Empty:0/Multi txt:0/NPD:0)
Git Failed  : 0
Start: Fri Feb  3 19:40:17 JST 2023
End  : Fri Feb  3 19:40:24 JST 2023

======================================================================
#Extract Aozora Bunko Text Files
#Working folder: /home/level
#Source: ./aozorabunko
#Target: ./AozoraTxt
#Date: Thu Feb  9 08:15:24 JST 2023
#Git pull
From https://github.com/aozorabunko/aozorabunko
   9de734e7c7..66ba026e96  master     -> origin/master
Updating 9de734e7c7..66ba026e96
Fast-forward
 cards/000148/card50420.html                   | 229 ++++++++++
 cards/000148/files/50420_76846.html           | 612 ++++++++++++++++++++++++++
 cards/000148/files/50420_ruby_76845.zip       | Bin 0 -> 84031 bytes
 236 files changed, 3188 insertions(+), 2147 deletions(-)
Date: Thu Feb  9 08:15:29 JST 2023
#Updating
-rw-r--r-- 1 level level 0 Feb  3 19:40 ./AozoraTxt/etc/update
     1	./aozorabunko/cards/000148/files/50420_ruby_76845.zip
1/1: ./aozorabunko/cards/000148/files/50420_ruby_76845.zip
>> add 50420_ruby_bocchan.txt
>> add 50420_ruby_utf8_bocchan.txt
>> https://www.aozora.gr.jp/cards/000148/card50420.html
>> 坊っちやん、夏目金之助
#Creating ./AozoraTxt/etc/filename_illegal.txt
Title Total : 33792/488 (Accept:1/Reject:0/Update:0/Rename:0/Empty:0/Multi txt:0/NPD:0)
Git Failed  : 0
Start: Thu Feb  9 08:15:24 JST 2023
End  : Thu Feb  9 08:15:30 JST 2023

======================================================================
#Extract Aozora Bunko Text Files
#Working folder: /home/level
#Source: ./aozorabunko
#Target: ./AozoraTxt
#Date: Sat Feb 11 09:54:08 JST 2023
#Git pull
From https://github.com/aozorabunko/aozorabunko
   66ba026e96..8219943e9d  master     -> origin/master
Updating 66ba026e96..8219943e9d
Fast-forward
 80 files changed, 356 insertions(+), 356 deletions(-)
Date: Sat Feb 11 09:54:10 JST 2023
#Updating
-rw-r--r-- 1 level level 0 Feb  9 08:15 ./AozoraTxt/etc/update
#Creating ./AozoraTxt/etc/filename_illegal.txt
Title Total : 33792/488 (Accept:0/Reject:0/Update:0/Rename:0/Empty:0/Multi txt:0/NPD:0)
Git Failed  : 0
Start: Sat Feb 11 09:54:08 JST 2023
End  : Sat Feb 11 09:54:11 JST 2023

======================================================================
#Extract Aozora Bunko Text Files
#Working folder: /home/level
#Source: ./aozorabunko
#Target: ./AozoraTxt
#Date: Wed Feb 15 12:32:26 JST 2023
#Git pull
From https://github.com/aozorabunko/aozorabunko
   8219943e9d..197b6d5f1c  master     -> origin/master
Updating 8219943e9d..197b6d5f1c
Fast-forward
 cards/001166/card60626.html                   | 234 ++++++++++++++++
 cards/001166/files/60626_76848.html           | 386 ++++++++++++++++++++++++++
 cards/001166/files/60626_ruby_76847.zip       | Bin 0 -> 50874 bytes
 cards/001869/card57651.html                   | 229 +++++++++++++++
 cards/001869/files/57651_76850.html           | 260 +++++++++++++++++
 cards/001869/files/57651_ruby_76849.zip       | Bin 0 -> 11614 bytes
 95 files changed, 1838 insertions(+), 732 deletions(-)
Date: Wed Feb 15 12:32:30 JST 2023
#Updating
-rw-r--r-- 1 level level 0 Feb 11 09:54 ./AozoraTxt/etc/update
     1	./aozorabunko/cards/001166/files/60626_ruby_76847.zip
     2	./aozorabunko/cards/001869/files/57651_ruby_76849.zip
1/2: ./aozorabunko/cards/001166/files/60626_ruby_76847.zip
>> add 60626_ruby_kindaibino_kenkyu.txt
>> add 60626_ruby_utf8_kindaibino_kenkyu.txt
>> https://www.aozora.gr.jp/cards/001166/card60626.html
>> 近代美の研究、中井正一
2/2: ./aozorabunko/cards/001869/files/57651_ruby_76849.zip
>> add 57651_ruby_sumadera_fukin.txt
>> add 57651_ruby_utf8_sumadera_fukin.txt
>> https://www.aozora.gr.jp/cards/001869/card57651.html
>> 須磨寺附近、山本周五郎
#Creating ./AozoraTxt/etc/filename_illegal.txt
Title Total : 33796/488 (Accept:2/Reject:0/Update:0/Rename:0/Empty:0/Multi txt:0/NPD:0)
Git Failed  : 0
Start: Wed Feb 15 12:32:26 JST 2023
End  : Wed Feb 15 12:32:31 JST 2023
