
======================================================================
#Extract Aozora Bunko Text Files
#Working folder: /home/level/Work
#Source: ./aozorabunko
#Target: ./AozoraTxt
#Date: Thu Apr  1 08:06:30 JST 2021
#Git pull
From https://github.com/aozorabunko/aozorabunko
   2a01d7f72c..bf4771ce3f  master     -> origin/master
Updating 2a01d7f72c..bf4771ce3f
Fast-forward
 cards/000214/card48820.html                   | 243 +++++++++++++
 cards/000214/files/48820_72850.html           | 133 +++++++
 cards/000214/files/48820_ruby_72798.zip       | Bin 0 -> 4556 bytes
 cards/000933/card47825.html                   | 234 ++++++++++++
 cards/000933/card47827.html                   | 234 ++++++++++++
 cards/000933/files/47825_73007.html           |  71 ++++
 cards/000933/files/47825_ruby_72960.zip       | Bin 0 -> 2310 bytes
 cards/000933/files/47827_73008.html           |  74 ++++
 cards/000933/files/47827_ruby_72961.zip       | Bin 0 -> 6348 bytes
 cards/001750/card55813.html                   | 229 ++++++++++++
 cards/001750/files/55813_72851.html           | 497 ++++++++++++++++++++++++++
 cards/001750/files/55813_ruby_72799.zip       | Bin 0 -> 13891 bytes
 140 files changed, 5052 insertions(+), 2765 deletions(-)
Date: Thu Apr  1 08:06:35 JST 2021
#Updating
-rwxrwxrwx 1 level level 0 Mar 29 08:09 ./AozoraTxt/etc/update
-rwxrwxrwx 1 level level 4556 Apr  1 08:06 ./aozorabunko/cards/000214/files/48820_ruby_72798.zip
1/4: ./aozorabunko/cards/000214/files/48820_ruby_72798.zip
>> add 48820_ruby_aruhino_inbanuma.txt
>> add 48820_ruby_utf8_aruhino_inbanuma.txt
>> https://www.aozora.gr.jp/cards/000214/card48820.html
>> ある日の印旛沼、田山録弥
-rwxrwxrwx 1 level level 2310 Apr  1 08:06 ./aozorabunko/cards/000933/files/47825_ruby_72960.zip
2/4: ./aozorabunko/cards/000933/files/47825_ruby_72960.zip
>> add 47825_ruby_mimonowa_gappogatsuji.txt
>> add 47825_ruby_utf8_mimonowa_gappogatsuji.txt
>> https://www.aozora.gr.jp/cards/000933/card47825.html
>> 見ものは合邦辻、折口信夫
-rwxrwxrwx 1 level level 6348 Apr  1 08:06 ./aozorabunko/cards/000933/files/47827_ruby_72961.zip
3/4: ./aozorabunko/cards/000933/files/47827_ruby_72961.zip
>> add 47827_ruby_yuranosukeno_seiritsu.txt
>> add 47827_ruby_utf8_yuranosukeno_seiritsu.txt
>> https://www.aozora.gr.jp/cards/000933/card47827.html
>> 由良助の成立、折口信夫
-rwxrwxrwx 1 level level 13891 Apr  1 08:06 ./aozorabunko/cards/001750/files/55813_ruby_72799.zip
4/4: ./aozorabunko/cards/001750/files/55813_ruby_72799.zip
>> add 55813_ruby_kokorono_antena.txt
>> add 55813_ruby_utf8_kokorono_antena.txt
>> https://www.aozora.gr.jp/cards/001750/card55813.html
>> 心のアンテナ、佐々木邦
#Creating ./AozoraTxt/etc/filename_illegal.txt
Title Total : 32248/410 (Accept:4/Reject:0/Update:0/Rename:0/Empty:0/Multi txt:0/NPD:0)
Git Failed  : 0
Start: Thu Apr  1 08:06:30 JST 2021
End  : Thu Apr  1 08:06:40 JST 2021

======================================================================
#Extract Aozora Bunko Text Files
#Working folder: /home/level/Work
#Source: ./aozorabunko
#Target: ./AozoraTxt
#Date: Fri Apr  2 08:54:51 JST 2021
#Git pull
From https://github.com/aozorabunko/aozorabunko
   bf4771ce3f..67237ee221  master     -> origin/master
Updating bf4771ce3f..67237ee221
Fast-forward
 cards/000019/card60190.html                   | 238 ++++++++++++++++++++++++++
 cards/000019/card60191.html                   | 238 ++++++++++++++++++++++++++
 cards/000019/files/60190_73009.html           | 127 ++++++++++++++
 cards/000019/files/60190_ruby_72962.zip       | Bin 0 -> 5380 bytes
 cards/000019/files/60191_73010.html           |  79 +++++++++
 cards/000019/files/60191_ruby_72963.zip       | Bin 0 -> 4133 bytes
 cards/001168/card58182.html                   | 229 +++++++++++++++++++++++++
 cards/001168/files/58182_73011.html           |  59 +++++++
 cards/001168/files/58182_txt_72964.zip        | Bin 0 -> 1203 bytes
 76 files changed, 3035 insertions(+), 2089 deletions(-)
Date: Fri Apr  2 08:54:54 JST 2021
#Updating
-rwxrwxrwx 1 level level 0 Apr  1 08:06 ./AozoraTxt/etc/update
-rwxrwxrwx 1 level level 5380 Apr  2 08:54 ./aozorabunko/cards/000019/files/60190_ruby_72962.zip
1/3: ./aozorabunko/cards/000019/files/60190_ruby_72962.zip
>> add 60190_ruby_hadakano_osama.txt
>> add 60190_ruby_utf8_hadakano_osama.txt
>> https://www.aozora.gr.jp/cards/000019/card60190.html
>> はだかの王さま、（皇帝のあたらしい着物）、ハンス・クリスチャン・アンデルセン　Hans Christian Andersen、矢崎源九郎訳
-rwxrwxrwx 1 level level 4133 Apr  2 08:54 ./aozorabunko/cards/000019/files/60191_ruby_72963.zip
2/3: ./aozorabunko/cards/000019/files/60191_ruby_72963.zip
>> add 60191_ruby_macchi_urino_shojo.txt
>> add 60191_ruby_utf8_macchi_urino_shojo.txt
>> https://www.aozora.gr.jp/cards/000019/card60191.html
>> マッチ売りの少女、ハンス・クリスチャン・アンデルセン　Hans Christian Andersen、矢崎源九郎訳
-rwxrwxrwx 1 level level 1203 Apr  2 08:54 ./aozorabunko/cards/001168/files/58182_txt_72964.zip
3/3: ./aozorabunko/cards/001168/files/58182_txt_72964.zip
>> add 58182_txt_toshodaiji_mokucho_nyoraigyozo.txt
>> add 58182_txt_utf8_toshodaiji_mokucho_nyoraigyozo.txt
>> https://www.aozora.gr.jp/cards/001168/card58182.html
>> 唐招提寺木彫如來形像、高村光太郎
#Creating ./AozoraTxt/etc/filename_illegal.txt
Title Total : 32254/410 (Accept:3/Reject:0/Update:0/Rename:0/Empty:0/Multi txt:0/NPD:0)
Git Failed  : 0
Start: Fri Apr  2 08:54:51 JST 2021
End  : Fri Apr  2 08:54:59 JST 2021

======================================================================
#Extract Aozora Bunko Text Files
#Working folder: /home/level/Work
#Source: ./aozorabunko
#Target: ./AozoraTxt
#Date: Sat Apr  3 09:13:36 JST 2021
#Git pull
From https://github.com/aozorabunko/aozorabunko
   67237ee221..25debe8759  master     -> origin/master
Updating 67237ee221..25debe8759
Fast-forward
 cards/001257/card60229.html                   | 238 ++++++++++++++++++++++++++
 cards/001257/card60230.html                   | 238 ++++++++++++++++++++++++++
 cards/001257/files/60229_73012.html           | 130 ++++++++++++++
 cards/001257/files/60229_ruby_72965.zip       | Bin 0 -> 16169 bytes
 cards/001257/files/60230_73013.html           |  70 ++++++++
 cards/001257/files/60230_ruby_72966.zip       | Bin 0 -> 3961 bytes
 44 files changed, 1522 insertions(+), 873 deletions(-)
Date: Sat Apr  3 09:13:38 JST 2021
#Updating
-rwxrwxrwx 1 level level 0 Apr  2 08:54 ./AozoraTxt/etc/update
-rwxrwxrwx 1 level level 16169 Apr  3 09:13 ./aozorabunko/cards/001257/files/60229_ruby_72965.zip
1/2: ./aozorabunko/cards/001257/files/60229_ruby_72965.zip
>> add 60229_ruby_yurei_hanamuko.txt
>> add 60229_ruby_utf8_yurei_hanamuko.txt
>> https://www.aozora.gr.jp/cards/001257/card60229.html
>> 幽霊花婿、ある旅人の話、ワシントン・アーヴィング　Washington Irving、吉田甲子太郎訳
-rwxrwxrwx 1 level level 3961 Apr  3 09:13 ./aozorabunko/cards/001257/files/60230_ruby_72966.zip
2/2: ./aozorabunko/cards/001257/files/60230_ruby_72966.zip
>> add 60230_ruby_watakushi_jishinni_tsuite.txt
>> add 60230_ruby_utf8_watakushi_jishinni_tsuite.txt
>> https://www.aozora.gr.jp/cards/001257/card60230.html
>> わたくし自身について、ワシントン・アーヴィング　Washington Irving、吉田甲子太郎訳
#Creating ./AozoraTxt/etc/filename_illegal.txt
Title Total : 32258/410 (Accept:2/Reject:0/Update:0/Rename:0/Empty:0/Multi txt:0/NPD:0)
Git Failed  : 0
Start: Sat Apr  3 09:13:36 JST 2021
End  : Sat Apr  3 09:13:41 JST 2021
