
======================================================================
#Extract Aozora Bunko Text Files
#Working folder: /home/level
#Source: ./aozorabunko
#Target: ./AozoraTxt
#Date: Thu Jul  1 20:29:12 JST 2021
#Git pull
From https://github.com/aozorabunko/aozorabunko
   e55486649a..a95380bf70  master     -> origin/master
Updating e55486649a..a95380bf70
Fast-forward
 cards/002043/card61095.html                   | 231 ++++++++++++++++++++++++++
 cards/002043/files/61095_73627.html           | 188 +++++++++++++++++++++
 cards/002043/files/61095_ruby_73626.zip       | Bin 0 -> 1368685 bytes
 55 files changed, 1740 insertions(+), 1333 deletions(-)
Date: Thu Jul  1 20:29:14 JST 2021
#Updating
-rw-r--r-- 1 level level 0 Jun 30 20:19 ./AozoraTxt/etc/update
     1	./aozorabunko/cards/002043/files/61095_ruby_73626.zip
1/1: ./aozorabunko/cards/002043/files/61095_ruby_73626.zip
>> add 61095_NPD_ruby_akuno_teio_01.txt
>> add 61095_NPD_ruby_utf8_akuno_teio_01.txt
>> https://www.aozora.gr.jp/cards/002043/card61095.html
>> 悪の帝王、THE MASTER CRIMINAL、第一話　皇帝の首、I. THE HEAD OF THE CAESARS、フレッド・Ｍ・ホワイト　Fred M. White、奥増夫訳
#Creating ./AozoraTxt/etc/filename_illegal.txt
Title Total : 32492/418 (Accept:1/Reject:0/Update:0/Rename:0/Empty:0/Multi txt:0/NPD:1)
Git Failed  : 0
Start: Thu Jul  1 20:29:12 JST 2021
End  : Thu Jul  1 20:29:15 JST 2021

======================================================================
#Extract Aozora Bunko Text Files
#Working folder: /home/level
#Source: ./aozorabunko
#Target: ./AozoraTxt
#Date: Fri Jul  2 20:01:52 JST 2021
#Git pull
From https://github.com/aozorabunko/aozorabunko
   a95380bf70..bf22d72f74  master     -> origin/master
Updating a95380bf70..bf22d72f74
Fast-forward
 cards/002032/card59403.html                   | 239 ++++++++++++++++++++++++++
 cards/002032/files/59403_73673.html           | 116 +++++++++++++
 cards/002032/files/59403_ruby_73634.zip       | Bin 0 -> 15874 bytes
 57 files changed, 1530 insertions(+), 1107 deletions(-)
Date: Fri Jul  2 20:01:57 JST 2021
#Updating
-rw-r--r-- 1 level level 0 Jul  2 06:22 ./AozoraTxt/etc/update
     1	./aozorabunko/cards/002032/files/59403_ruby_73634.zip
1/1: ./aozorabunko/cards/002032/files/59403_ruby_73634.zip
>> add 59403_ruby_kuroiwayamao_saguru.txt
>> add 59403_ruby_utf8_kuroiwayamao_saguru.txt
>> https://www.aozora.gr.jp/cards/002032/card59403.html
>> 黒岩山を探る、沼井鐵太郎
#Creating ./AozoraTxt/etc/filename_illegal.txt
Title Total : 32494/418 (Accept:1/Reject:0/Update:0/Rename:0/Empty:0/Multi txt:0/NPD:0)
Git Failed  : 0
Start: Fri Jul  2 20:01:52 JST 2021
End  : Fri Jul  2 20:01:58 JST 2021

======================================================================
#Extract Aozora Bunko Text Files
#Working folder: /home/level
#Source: ./aozorabunko
#Target: ./AozoraTxt
#Date: Sat Jul  3 08:22:33 JST 2021
#Git pull
From https://github.com/aozorabunko/aozorabunko
   bf22d72f74..fae4d08405  master     -> origin/master
Updating bf22d72f74..fae4d08405
Fast-forward
 cards/001344/card49789.html                   | 229 ++++++++++++++++++++++++++
 cards/001344/files/49789_73674.html           | 100 +++++++++++
 cards/001344/files/49789_ruby_73635.zip       | Bin 0 -> 3030 bytes
 58 files changed, 1571 insertions(+), 922 deletions(-)
Date: Sat Jul  3 08:22:39 JST 2021
#Updating
-rw-r--r-- 1 level level 0 Jul  2 20:01 ./AozoraTxt/etc/update
     1	./aozorabunko/cards/001344/files/49789_ruby_73635.zip
1/1: ./aozorabunko/cards/001344/files/49789_ruby_73635.zip
>> add 49789_ruby_tetsuno_jino_kotaito_kodaino_bunka.txt
>> add 49789_ruby_utf8_tetsuno_jino_kotaito_kodaino_bunka.txt
>> https://www.aozora.gr.jp/cards/001344/card49789.html
>> 「鐵」の字の古体と古代の文化、喜田貞吉
#Creating ./AozoraTxt/etc/filename_illegal.txt
Title Total : 32496/418 (Accept:1/Reject:0/Update:0/Rename:0/Empty:0/Multi txt:0/NPD:0)
Git Failed  : 0
Start: Sat Jul  3 08:22:33 JST 2021
End  : Sat Jul  3 08:22:39 JST 2021
