
======================================================================
#Extract Aozora Bunko Text Files
#Working folder: /home/level
#Source: ./aozorabunko
#Target: ./AozoraTxt
#Date: Tue Jun  1 08:54:25 JST 2021
#Git pull
From https://github.com/aozorabunko/aozorabunko
   71b2148f7d..1c8287fb6f  master     -> origin/master
Updating 71b2148f7d..1c8287fb6f
Fast-forward
 cards/002043/card60946.html                   | 231 ++++++++++++++++++++++++++
 cards/002043/files/60946_73139.html           | 139 ++++++++++++++++
 cards/002043/files/60946_ruby_73138.zip       | Bin 0 -> 6154 bytes
 43 files changed, 1103 insertions(+), 734 deletions(-)
Date: Tue Jun  1 08:54:32 JST 2021
#Updating
-rw-r--r-- 1 level level 0 May 31 13:03 ./AozoraTxt/etc/update
     1	./aozorabunko/cards/002043/files/60946_ruby_73138.zip
1/1: ./aozorabunko/cards/002043/files/60946_ruby_73138.zip
>> add 60946_NPD_ruby_shingeki_06.txt
>> add 60946_NPD_ruby_utf8_shingeki_06.txt
>> https://www.aozora.gr.jp/cards/002043/card60946.html
>> 真劇シリーズ、REAL DRAMAS、第六話　手錠、No. 6: A PAIR OF HANDCUFFS、フレッド・Ｍ・ホワイト　Fred M. White、奥増夫訳
#Creating ./AozoraTxt/etc/filename_illegal.txt
Title Total : 32414/416 (Accept:1/Reject:0/Update:0/Rename:0/Empty:0/Multi txt:0/NPD:1)
Git Failed  : 0
Start: Tue Jun  1 08:54:25 JST 2021
End  : Tue Jun  1 08:54:33 JST 2021

======================================================================
#Extract Aozora Bunko Text Files
#Working folder: /home/level
#Source: ./aozorabunko
#Target: ./AozoraTxt
#Date: Wed Jun  2 08:23:08 JST 2021
#Git pull
From https://github.com/aozorabunko/aozorabunko
   1c8287fb6f..7cabf76d77  master     -> origin/master
Updating 1c8287fb6f..7cabf76d77
Fast-forward
 cards/001224/card55157.html                   | 229 ++++++++++++
 cards/001224/files/55157_73448.html           | 479 ++++++++++++++++++++++++++
 cards/001224/files/55157_ruby_73409.zip       | Bin 0 -> 12312 bytes
 27 files changed, 950 insertions(+), 245 deletions(-)
Date: Wed Jun  2 08:23:11 JST 2021
#Updating
-rw-r--r-- 1 level level 0 Jun  1 08:54 ./AozoraTxt/etc/update
     1	./aozorabunko/cards/001224/files/55157_ruby_73409.zip
1/1: ./aozorabunko/cards/001224/files/55157_ruby_73409.zip
>> add 55157_ruby_mofuku.txt
>> add 55157_ruby_utf8_mofuku.txt
>> https://www.aozora.gr.jp/cards/001224/card55157.html
>> 喪服、久生十蘭
#Creating ./AozoraTxt/etc/filename_illegal.txt
Title Total : 32416/416 (Accept:1/Reject:0/Update:0/Rename:0/Empty:0/Multi txt:0/NPD:0)
Git Failed  : 0
Start: Wed Jun  2 08:23:08 JST 2021
End  : Wed Jun  2 08:23:12 JST 2021
