
======================================================================
#Extract Aozora Bunko Text Files
#Working folder: /home/level
#Source: ./aozorabunko
#Target: ./AozoraTxt
#Date: Sun Aug  1 11:59:19 JST 2021
#Git pull
From https://github.com/aozorabunko/aozorabunko
   2b8cf50e8d..c59f06ac53  master     -> origin/master
Updating 2b8cf50e8d..c59f06ac53
Fast-forward
 cards/000067/card59983.html                   | 234 +++++++++++++++
 cards/000067/card59984.html                   | 234 +++++++++++++++
 cards/000067/files/59983_73858.html           | 213 ++++++++++++++
 cards/000067/files/59983_ruby_73822.zip       | Bin 0 -> 12889 bytes
 cards/000067/files/59984_73859.html           |  78 +++++
 cards/000067/files/59984_txt_73823.zip        | Bin 0 -> 3538 bytes
 cards/001579/card55429.html                   | 229 +++++++++++++++
 cards/001579/card60539.html                   | 234 +++++++++++++++
 cards/001579/files/55429_73857.html           | 401 ++++++++++++++++++++++++++
 cards/001579/files/55429_ruby_73821.zip       | Bin 0 -> 14496 bytes
 cards/001579/files/60539_73860.html           | 173 +++++++++++
 cards/001579/files/60539_ruby_73824.zip       | Bin 0 -> 5398 bytes
 81 files changed, 3523 insertions(+), 1668 deletions(-)
Date: Sun Aug  1 11:59:21 JST 2021
#Updating
-rw-r--r-- 1 level level 0 Jul 31 08:07 ./AozoraTxt/etc/update
     1	./aozorabunko/cards/000067/files/59983_ruby_73822.zip
     2	./aozorabunko/cards/000067/files/59984_txt_73823.zip
     3	./aozorabunko/cards/001579/files/60539_ruby_73824.zip
     4	./aozorabunko/cards/001579/files/55429_ruby_73821.zip
1/4: ./aozorabunko/cards/000067/files/59983_ruby_73822.zip
>> add 59983_ruby_muro_saiseini_atau.txt
>> add 59983_ruby_utf8_muro_saiseini_atau.txt
>> https://www.aozora.gr.jp/cards/000067/card59983.html
>> 室生犀星に與ふ、萩原朔太郎
2/4: ./aozorabunko/cards/000067/files/59984_txt_73823.zip
>> add 59984_txt_muro_saiseini_tsuite.txt
>> add 59984_txt_utf8_muro_saiseini_tsuite.txt
>> https://www.aozora.gr.jp/cards/000067/card59984.html
>> 室生犀星に就いて、萩原朔太郎
3/4: ./aozorabunko/cards/001579/files/60539_ruby_73824.zip
>> add 60539_ruby_ongaku_dokei.txt
>> add 60539_ruby_utf8_ongaku_dokei.txt
>> https://www.aozora.gr.jp/cards/001579/card60539.html
>> 音楽時計、室生犀星
4/4: ./aozorabunko/cards/001579/files/55429_ruby_73821.zip
>> add 55429_ruby_inochi.txt
>> add 55429_ruby_utf8_inochi.txt
>> https://www.aozora.gr.jp/cards/001579/card55429.html
>> 命、室生犀星
#Creating ./AozoraTxt/etc/filename_illegal.txt
Title Total : 32578/422 (Accept:4/Reject:0/Update:0/Rename:0/Empty:0/Multi txt:0/NPD:0)
Git Failed  : 0
Start: Sun Aug  1 11:59:19 JST 2021
End  : Sun Aug  1 11:59:21 JST 2021

======================================================================
#Extract Aozora Bunko Text Files
#Working folder: /home/level
#Source: ./aozorabunko
#Target: ./AozoraTxt
#Date: Mon Aug  2 13:48:35 JST 2021
#Git pull
From https://github.com/aozorabunko/aozorabunko
   c59f06ac53..e08c7a0e2f  master     -> origin/master
Updating c59f06ac53..e08c7a0e2f
Fast-forward
 cards/002043/card61096.html                   | 231 ++++++++++++++++++++++
 cards/002043/files/61096_73629.html           | 263 ++++++++++++++++++++++++++
 cards/002043/files/61096_ruby_73628.zip       | Bin 0 -> 1240652 bytes
 67 files changed, 1931 insertions(+), 1442 deletions(-)
Date: Mon Aug  2 13:48:39 JST 2021
#Updating
-rw-r--r-- 1 level level 0 Aug  1 11:59 ./AozoraTxt/etc/update
     1	./aozorabunko/cards/002043/files/61096_ruby_73628.zip
1/1: ./aozorabunko/cards/002043/files/61096_ruby_73628.zip
>> add 61096_NPD_ruby_akuno_teio_02.txt
>> add 61096_NPD_ruby_utf8_akuno_teio_02.txt
>> https://www.aozora.gr.jp/cards/002043/card61096.html
>> 悪の帝王、THE MASTER CRIMINAL、第二話　ウィンザー城、II. AT WINDSOR、フレッド・Ｍ・ホワイト　Fred M. White、奥増夫訳
#Creating ./AozoraTxt/etc/filename_illegal.txt
Title Total : 32578/424 (Accept:1/Reject:0/Update:0/Rename:0/Empty:0/Multi txt:0/NPD:1)
Git Failed  : 0
Start: Mon Aug  2 13:48:35 JST 2021
End  : Mon Aug  2 13:48:40 JST 2021

======================================================================
#Extract Aozora Bunko Text Files
#Working folder: /home/level
#Source: ./aozorabunko
#Target: ./AozoraTxt
#Date: Tue Aug  3 07:43:42 JST 2021
#Git pull
From https://github.com/aozorabunko/aozorabunko
   e08c7a0e2f..8d5d4ca95c  master     -> origin/master
Updating e08c7a0e2f..8d5d4ca95c
Fast-forward
 cards/001779/card57245.html                   | 234 ++++++++++++++++++
 cards/001779/files/57245_73861.html           | 337 ++++++++++++++++++++++++++
 cards/001779/files/57245_ruby_73825.zip       | Bin 0 -> 46950 bytes
 47 files changed, 1219 insertions(+), 651 deletions(-)
Date: Tue Aug  3 07:43:44 JST 2021
#Updating
-rw-r--r-- 1 level level 0 Aug  2 13:48 ./AozoraTxt/etc/update
     1	./aozorabunko/cards/001779/files/57245_ruby_73825.zip
1/1: ./aozorabunko/cards/001779/files/57245_ruby_73825.zip
>> add 57245_ruby_mushi.txt
>> add 57245_ruby_utf8_mushi.txt
>> https://www.aozora.gr.jp/cards/001779/card57245.html
>> 蟲、江戸川乱歩
#Creating ./AozoraTxt/etc/filename_illegal.txt
Title Total : 32580/424 (Accept:1/Reject:0/Update:0/Rename:0/Empty:0/Multi txt:0/NPD:0)
Git Failed  : 0
Start: Tue Aug  3 07:43:42 JST 2021
End  : Tue Aug  3 07:43:44 JST 2021

======================================================================
#Extract Aozora Bunko Text Files
#Working folder: /home/level
#Source: ./aozorabunko
#Target: ./AozoraTxt
#Date: Wed Aug  4 08:58:30 JST 2021
#Git pull
From https://github.com/aozorabunko/aozorabunko
   8d5d4ca95c..664d3f22e7  master     -> origin/master
Updating 8d5d4ca95c..664d3f22e7
Fast-forward
 cards/000933/card47795.html                   | 234 ++++++++++++++++++++++++++
 cards/000933/files/47795_73862.html           |  61 +++++++
 cards/000933/files/47795_txt_73826.zip        | Bin 0 -> 1723 bytes
 43 files changed, 1358 insertions(+), 1066 deletions(-)
Date: Wed Aug  4 08:58:33 JST 2021
#Updating
-rw-r--r-- 1 level level 0 Aug  3 07:43 ./AozoraTxt/etc/update
     1	./aozorabunko/cards/000933/files/47795_txt_73826.zip
1/1: ./aozorabunko/cards/000933/files/47795_txt_73826.zip
>> add 47795_txt_gidayuto_shamisen.txt
>> add 47795_txt_utf8_gidayuto_shamisen.txt
>> https://www.aozora.gr.jp/cards/000933/card47795.html
>> 義太夫と三味線、折口信夫
#Creating ./AozoraTxt/etc/filename_illegal.txt
Title Total : 32582/424 (Accept:1/Reject:0/Update:0/Rename:0/Empty:0/Multi txt:0/NPD:0)
Git Failed  : 0
Start: Wed Aug  4 08:58:30 JST 2021
End  : Wed Aug  4 08:58:35 JST 2021

======================================================================
#Extract Aozora Bunko Text Files
#Working folder: /home/level
#Source: ./aozorabunko
#Target: ./AozoraTxt
#Date: Thu Aug  5 15:12:28 JST 2021
#Git pull
From https://github.com/aozorabunko/aozorabunko
   664d3f22e7..25ec21591a  master     -> origin/master
Updating 664d3f22e7..25ec21591a
Fast-forward
 cards/001750/card55828.html                   |  229 ++
 cards/001750/files/55828_73863.html           |  479 ++++
 cards/001750/files/55828_ruby_73827.zip       |  Bin 0 -> 17080 bytes
 36 files changed, 7305 insertions(+), 463 deletions(-)
Date: Thu Aug  5 15:12:34 JST 2021
#Updating
-rw-r--r-- 1 level level 0 Aug  4 08:58 ./AozoraTxt/etc/update
     1	./aozorabunko/cards/001750/files/55828_ruby_73827.zip
1/1: ./aozorabunko/cards/001750/files/55828_ruby_73827.zip
>> add 55828_ruby_mura_ichiban_sokeisen.txt
>> add 55828_ruby_utf8_mura_ichiban_sokeisen.txt
>> https://www.aozora.gr.jp/cards/001750/card55828.html
>> 村一番早慶戦、佐々木邦
#Creating ./AozoraTxt/etc/filename_illegal.txt
Title Total : 32584/424 (Accept:1/Reject:0/Update:0/Rename:0/Empty:0/Multi txt:0/NPD:0)
Git Failed  : 0
Start: Thu Aug  5 15:12:28 JST 2021
End  : Thu Aug  5 15:12:35 JST 2021

======================================================================
#Extract Aozora Bunko Text Files
#Working folder: /home/level
#Source: ./aozorabunko
#Target: ./AozoraTxt
#Date: Fri Aug  6 10:09:33 JST 2021
#Git pull
From https://github.com/aozorabunko/aozorabunko
   25ec21591a..752c235d5b  master     -> origin/master
Updating 25ec21591a..752c235d5b
Fast-forward
 cards/000293/card60444.html                   | 229 ++++++++++++++++++++++++++
 cards/000293/files/60444_73864.html           |  66 ++++++++
 cards/000293/files/60444_txt_73828.zip        | Bin 0 -> 1298 bytes
 27 files changed, 709 insertions(+), 417 deletions(-)
Date: Fri Aug  6 10:09:35 JST 2021
#Updating
-rw-r--r-- 1 level level 0 Aug  5 15:12 ./AozoraTxt/etc/update
     1	./aozorabunko/cards/000293/files/60444_txt_73828.zip
1/1: ./aozorabunko/cards/000293/files/60444_txt_73828.zip
>> add 60444_txt_genbaku_taiken_igo.txt
>> add 60444_txt_utf8_genbaku_taiken_igo.txt
>> https://www.aozora.gr.jp/cards/000293/card60444.html
>> 原爆体験以後、原民喜
#Creating ./AozoraTxt/etc/filename_illegal.txt
Title Total : 32586/424 (Accept:1/Reject:0/Update:0/Rename:0/Empty:0/Multi txt:0/NPD:0)
Git Failed  : 0
Start: Fri Aug  6 10:09:33 JST 2021
End  : Fri Aug  6 10:09:35 JST 2021

======================================================================
#Extract Aozora Bunko Text Files
#Working folder: /home/level
#Source: ./aozorabunko
#Target: ./AozoraTxt
#Date: Sat Aug  7 09:43:33 JST 2021
#Git pull
From https://github.com/aozorabunko/aozorabunko
   752c235d5b..fdb52a60b6  master     -> origin/master
Updating 752c235d5b..fdb52a60b6
Fast-forward
 cards/001869/card57630.html                   | 229 ++++++++++++++++++
 cards/001869/files/57630_73865.html           | 330 ++++++++++++++++++++++++++
 cards/001869/files/57630_ruby_73829.zip       | Bin 0 -> 22260 bytes
 90 files changed, 4010 insertions(+), 3370 deletions(-)
Date: Sat Aug  7 09:43:35 JST 2021
#Updating
-rw-r--r-- 1 level level 0 Aug  6 10:09 ./AozoraTxt/etc/update
     1	./aozorabunko/cards/001869/files/57630_ruby_73829.zip
1/1: ./aozorabunko/cards/001869/files/57630_ruby_73829.zip
>> add 57630_ruby_shicchoki.txt
>> add 57630_ruby_utf8_shicchoki.txt
>> https://www.aozora.gr.jp/cards/001869/card57630.html
>> 失蝶記、山本周五郎
#Creating ./AozoraTxt/etc/filename_illegal.txt
Title Total : 32588/424 (Accept:1/Reject:0/Update:0/Rename:0/Empty:0/Multi txt:0/NPD:0)
Git Failed  : 0
Start: Sat Aug  7 09:43:33 JST 2021
End  : Sat Aug  7 09:43:35 JST 2021

======================================================================
#Extract Aozora Bunko Text Files
#Working folder: /home/level
#Source: ./aozorabunko
#Target: ./AozoraTxt
#Date: Sun Aug  8 09:50:22 JST 2021
#Git pull
From https://github.com/aozorabunko/aozorabunko
   fdb52a60b6..35985c2875  master     -> origin/master
Updating fdb52a60b6..35985c2875
Fast-forward
 cards/001566/card58032.html                   | 229 +++++++++++++++++++++++
 cards/001566/files/58032_73866.html           | 258 ++++++++++++++++++++++++++
 cards/001566/files/58032_ruby_73830.zip       | Bin 0 -> 31801 bytes
 89 files changed, 2170 insertions(+), 1686 deletions(-)
Date: Sun Aug  8 09:50:24 JST 2021
#Updating
-rw-r--r-- 1 level level 0 Aug  7 09:43 ./AozoraTxt/etc/update
     1	./aozorabunko/cards/001566/files/58032_ruby_73830.zip
1/1: ./aozorabunko/cards/001566/files/58032_ruby_73830.zip
>> add 58032_ruby_shokuryomeii.txt
>> add 58032_ruby_utf8_shokuryomeii.txt
>> https://www.aozora.gr.jp/cards/001566/card58032.html
>> 食料名彙、柳田國男
#Creating ./AozoraTxt/etc/filename_illegal.txt
Title Total : 32590/424 (Accept:1/Reject:0/Update:0/Rename:0/Empty:0/Multi txt:0/NPD:0)
Git Failed  : 0
Start: Sun Aug  8 09:50:22 JST 2021
End  : Sun Aug  8 09:50:24 JST 2021

======================================================================
#Extract Aozora Bunko Text Files
#Working folder: /home/level
#Source: ./aozorabunko
#Target: ./AozoraTxt
#Date: Mon Aug  9 13:24:45 JST 2021
#Git pull
From https://github.com/aozorabunko/aozorabunko
   35985c2875..5a8ac4b512  master     -> origin/master
Updating 35985c2875..5a8ac4b512
Fast-forward
 cards/000456/card60726.html                   | 229 ++++++++++++++++++++++++++
 cards/000456/files/60726_73867.html           |  73 ++++++++
 cards/000456/files/60726_ruby_73831.zip       | Bin 0 -> 1047 bytes
 cards/001344/card54427.html                   |  12 +-
 cards/001344/files/54427_49944.html           |  10 +-
 cards/001344/files/54427_ruby_49215.zip       | Bin 45246 -> 45302 bytes
 68 files changed, 1236 insertions(+), 885 deletions(-)
Date: Mon Aug  9 13:24:46 JST 2021
#Updating
-rw-r--r-- 1 level level 0 Aug  8 09:50 ./AozoraTxt/etc/update
     1	./aozorabunko/cards/001344/files/54427_ruby_49215.zip
     2	./aozorabunko/cards/000456/files/60726_ruby_73831.zip
1/2: ./aozorabunko/cards/001344/files/54427_ruby_49215.zip
>> update 54427_ruby_tokushuburakuno_seiritsu.txt
>> update 54427_ruby_utf8_tokushuburakuno_seiritsu.txt
>> https://www.aozora.gr.jp/cards/001344/card54427.html
>> 特殊部落の成立沿革を略叙してその解放に及ぶ、喜田貞吉
2/2: ./aozorabunko/cards/000456/files/60726_ruby_73831.zip
>> add 60726_ruby_ohyakudo_mode.txt
>> add 60726_ruby_utf8_ohyakudo_mode.txt
>> https://www.aozora.gr.jp/cards/000456/card60726.html
>> お百度詣、大塚楠緒子
#Creating ./AozoraTxt/etc/filename_illegal.txt
Title Total : 32592/424 (Accept:2/Reject:0/Update:1/Rename:0/Empty:0/Multi txt:0/NPD:0)
Git Failed  : 0
Start: Mon Aug  9 13:24:45 JST 2021
End  : Mon Aug  9 13:24:47 JST 2021

======================================================================
#Extract Aozora Bunko Text Files
#Working folder: /home/level
#Source: ./aozorabunko
#Target: ./AozoraTxt
#Date: Tue Aug 10 08:13:42 JST 2021
#Git pull
From https://github.com/aozorabunko/aozorabunko
   5a8ac4b512..a61620253a  master     -> origin/master
Updating 5a8ac4b512..a61620253a
Fast-forward
 cards/000214/card48865.html                   | 243 ++++++++++++++++++++++++++
 cards/000214/files/48865_73868.html           |  90 ++++++++++
 cards/000214/files/48865_ruby_73832.zip       | Bin 0 -> 4365 bytes
 55 files changed, 2006 insertions(+), 1682 deletions(-)
Date: Tue Aug 10 08:13:44 JST 2021
#Updating
-rw-r--r-- 1 level level 0 Aug  9 13:24 ./AozoraTxt/etc/update
     1	./aozorabunko/cards/000214/files/48865_ruby_73832.zip
1/1: ./aozorabunko/cards/000214/files/48865_ruby_73832.zip
>> add 48865_ruby_kokorono_kaidan.txt
>> add 48865_ruby_utf8_kokorono_kaidan.txt
>> https://www.aozora.gr.jp/cards/000214/card48865.html
>> 心の階段、田山録弥
#Creating ./AozoraTxt/etc/filename_illegal.txt
Title Total : 32594/424 (Accept:1/Reject:0/Update:0/Rename:0/Empty:0/Multi txt:0/NPD:0)
Git Failed  : 0
Start: Tue Aug 10 08:13:42 JST 2021
End  : Tue Aug 10 08:13:44 JST 2021

======================================================================
#Extract Aozora Bunko Text Files
#Working folder: /home/level
#Source: ./aozorabunko
#Target: ./AozoraTxt
#Date: Wed Aug 11 08:28:15 JST 2021
#Git pull
From https://github.com/aozorabunko/aozorabunko
   a61620253a..e87102a1b5  master     -> origin/master
Updating a61620253a..e87102a1b5
Fast-forward
 cards/001562/card33224.html                   |   243 +
 cards/001562/files/33224_73869.html           | 12917 ++++++++++++++++++++++++
 cards/001562/files/33224_ruby_73833.zip       |   Bin 0 -> 613418 bytes
 32 files changed, 13578 insertions(+), 424 deletions(-)
Date: Wed Aug 11 08:28:18 JST 2021
#Updating
-rw-r--r-- 1 level level 0 Aug 10 08:13 ./AozoraTxt/etc/update
     1	./aozorabunko/cards/001562/files/33224_ruby_73833.zip
1/1: ./aozorabunko/cards/001562/files/33224_ruby_73833.zip
>> add 33224_ruby_shinran.txt
>> add 33224_ruby_utf8_shinran.txt
>> https://www.aozora.gr.jp/cards/001562/card33224.html
>> 親鸞、吉川英治
#Creating ./AozoraTxt/etc/filename_illegal.txt
Title Total : 32596/424 (Accept:1/Reject:0/Update:0/Rename:0/Empty:0/Multi txt:0/NPD:0)
Git Failed  : 0
Start: Wed Aug 11 08:28:15 JST 2021
End  : Wed Aug 11 08:28:18 JST 2021

======================================================================
#Extract Aozora Bunko Text Files
#Working folder: /home/level
#Source: ./aozorabunko
#Target: ./AozoraTxt
#Date: Thu Aug 12 08:05:56 JST 2021
#Git pull
From https://github.com/aozorabunko/aozorabunko
   e87102a1b5..95ad105bdd  master     -> origin/master
Updating e87102a1b5..95ad105bdd
Fast-forward
 cards/000448/card55727.html                   | 229 ++++++++++++++++++++++++++
 cards/000448/card55728.html                   | 229 ++++++++++++++++++++++++++
 cards/000448/files/55727_73871.html           | 139 ++++++++++++++++
 cards/000448/files/55727_ruby_73835.zip       | Bin 0 -> 43927 bytes
 cards/000448/files/55728_73870.html           | 105 ++++++++++++
 cards/000448/files/55728_ruby_73834.zip       | Bin 0 -> 40446 bytes
 58 files changed, 1430 insertions(+), 733 deletions(-)
Date: Thu Aug 12 08:06:00 JST 2021
#Updating
-rw-r--r-- 1 level level 0 Aug 11 08:28 ./AozoraTxt/etc/update
     1	./aozorabunko/cards/000448/files/55727_ruby_73835.zip
     2	./aozorabunko/cards/000448/files/55728_ruby_73834.zip
1/2: ./aozorabunko/cards/000448/files/55727_ruby_73835.zip
>> add 55727_ruby_03mineno_chidorikubo.txt
>> add 55727_ruby_utf8_03mineno_chidorikubo.txt
>> https://www.aozora.gr.jp/cards/000448/card55727.html
>> 探檢實記　地中の秘密、嶺の千鳥窪、江見水蔭
2/2: ./aozorabunko/cards/000448/files/55728_ruby_73834.zip
>> add 55728_ruby_04magometo_negata.txt
>> add 55728_ruby_utf8_04magometo_negata.txt
>> https://www.aozora.gr.jp/cards/000448/card55728.html
>> 探檢實記　地中の秘密、馬籠と根方、江見水蔭
#Creating ./AozoraTxt/etc/filename_illegal.txt
Title Total : 32600/424 (Accept:2/Reject:0/Update:0/Rename:0/Empty:0/Multi txt:0/NPD:0)
Git Failed  : 0
Start: Thu Aug 12 08:05:56 JST 2021
End  : Thu Aug 12 08:06:00 JST 2021

======================================================================
#Extract Aozora Bunko Text Files
#Working folder: /home/level
#Source: ./aozorabunko
#Target: ./AozoraTxt
#Date: Fri Aug 13 08:13:53 JST 2021
#Git pull
From https://github.com/aozorabunko/aozorabunko
   95ad105bdd..7b99da02b6  master     -> origin/master
Updating 95ad105bdd..7b99da02b6
Fast-forward
 cards/000232/card60235.html                   | 234 ++++++++++++++++++++++++++
 cards/000232/files/60235_73872.html           | 170 +++++++++++++++++++
 cards/000232/files/60235_ruby_73836.zip       | Bin 0 -> 7758 bytes
 46 files changed, 941 insertions(+), 541 deletions(-)
Date: Fri Aug 13 08:13:56 JST 2021
#Updating
-rw-r--r-- 1 level level 0 Aug 12 08:06 ./AozoraTxt/etc/update
     1	./aozorabunko/cards/000232/files/60235_ruby_73836.zip
1/1: ./aozorabunko/cards/000232/files/60235_ruby_73836.zip
>> add 60235_ruby_urasoi_ko.txt
>> add 60235_ruby_utf8_urasoi_ko.txt
>> https://www.aozora.gr.jp/cards/000232/card60235.html
>> 浦添考、伊波普猷
#Creating ./AozoraTxt/etc/filename_illegal.txt
Title Total : 32602/424 (Accept:1/Reject:0/Update:0/Rename:0/Empty:0/Multi txt:0/NPD:0)
Git Failed  : 0
Start: Fri Aug 13 08:13:53 JST 2021
End  : Fri Aug 13 08:13:57 JST 2021

======================================================================
#Extract Aozora Bunko Text Files
#Working folder: /home/level
#Source: ./aozorabunko
#Target: ./AozoraTxt
#Date: Sat Aug 14 08:42:44 JST 2021
#Git pull
From https://github.com/aozorabunko/aozorabunko
   7b99da02b6..e0a625b7c9  master     -> origin/master
Updating 7b99da02b6..e0a625b7c9
Fast-forward
 cards/001093/card42598.html                   |   8 +-
 cards/001093/files/42598_29605.html           | 200 ++++++++--------
 cards/001093/files/42598_ruby_29535.zip       | Bin 168984 -> 166758 bytes
 cards/001750/card55826.html                   | 229 ++++++++++++++++++
 cards/001750/files/55826_73873.html           | 319 ++++++++++++++++++++++++++
 cards/001750/files/55826_ruby_73837.zip       | Bin 0 -> 11206 bytes
 86 files changed, 1722 insertions(+), 1005 deletions(-)
Date: Sat Aug 14 08:42:48 JST 2021
#Updating
-rw-r--r-- 1 level level 0 Aug 13 08:13 ./AozoraTxt/etc/update
     1	./aozorabunko/cards/001093/files/42598_ruby_29535.zip
     2	./aozorabunko/cards/001750/files/55826_ruby_73837.zip
1/2: ./aozorabunko/cards/001093/files/42598_ruby_29535.zip
>> update 42598_ruby_11_moyuru_ibara.txt
>> update 42598_ruby_utf8_11_moyuru_ibara.txt
>> https://www.aozora.gr.jp/cards/001093/card42598.html
>> ジャン・クリストフ、JEAN-CHRISTOPHE、第九巻　燃ゆる荊、ロマン・ローラン　Romain Rolland、豊島与志雄訳
2/2: ./aozorabunko/cards/001750/files/55826_ruby_73837.zip
>> add 55826_ruby_henjin_den.txt
>> add 55826_ruby_utf8_henjin_den.txt
>> https://www.aozora.gr.jp/cards/001750/card55826.html
>> 変人伝、佐々木邦
#Creating ./AozoraTxt/etc/filename_illegal.txt
Title Total : 32604/424 (Accept:2/Reject:0/Update:1/Rename:0/Empty:0/Multi txt:0/NPD:0)
Git Failed  : 0
Start: Sat Aug 14 08:42:44 JST 2021
End  : Sat Aug 14 08:42:49 JST 2021

======================================================================
#Extract Aozora Bunko Text Files
#Working folder: /home/level
#Source: ./aozorabunko
#Target: ./AozoraTxt
#Date: Sun Aug 15 09:24:21 JST 2021
#Git pull
From https://github.com/aozorabunko/aozorabunko
   e0a625b7c9..a2e9a5bf83  master     -> origin/master
Updating e0a625b7c9..a2e9a5bf83
Fast-forward
 cards/001569/card59766.html                   | 234 ++++++++++++++++++++++++++
 cards/001569/card59799.html                   | 234 ++++++++++++++++++++++++++
 cards/001569/files/59766_73874.html           |  67 ++++++++
 cards/001569/files/59766_txt_73838.zip        | Bin 0 -> 2030 bytes
 cards/001569/files/59799_73875.html           |  69 ++++++++
 cards/001569/files/59799_txt_73839.zip        | Bin 0 -> 1859 bytes
 59 files changed, 2467 insertions(+), 1868 deletions(-)
Date: Sun Aug 15 09:24:24 JST 2021
#Updating
-rw-r--r-- 1 level level 0 Aug 14 08:42 ./AozoraTxt/etc/update
     1	./aozorabunko/cards/001569/files/59799_txt_73839.zip
     2	./aozorabunko/cards/001569/files/59766_txt_73838.zip
1/2: ./aozorabunko/cards/001569/files/59799_txt_73839.zip
>> add 59799_txt_monowa_kangaeyo.txt
>> add 59799_txt_utf8_monowa_kangaeyo.txt
>> https://www.aozora.gr.jp/cards/001569/card59799.html
>> ものは考えよう、中谷宇吉郎
2/2: ./aozorabunko/cards/001569/files/59766_txt_73838.zip
>> add 59766_txt_kagakuno_kokusai_rengo.txt
>> add 59766_txt_utf8_kagakuno_kokusai_rengo.txt
>> https://www.aozora.gr.jp/cards/001569/card59766.html
>> 科学の国際連合、中谷宇吉郎
#Creating ./AozoraTxt/etc/filename_illegal.txt
Title Total : 32608/424 (Accept:2/Reject:0/Update:0/Rename:0/Empty:0/Multi txt:0/NPD:0)
Git Failed  : 0
Start: Sun Aug 15 09:24:21 JST 2021
End  : Sun Aug 15 09:24:25 JST 2021

======================================================================
#Extract Aozora Bunko Text Files
#Working folder: /home/level
#Source: ./aozorabunko
#Target: ./AozoraTxt
#Date: Mon Aug 16 07:58:04 JST 2021
#Git pull
From https://github.com/aozorabunko/aozorabunko
   a2e9a5bf83..d1859537a7  master     -> origin/master
Updating a2e9a5bf83..d1859537a7
Fast-forward
 cards/001869/card57666.html                   | 229 ++++++++++++++++++++++++++
 cards/001869/files/57666_73876.html           | 179 ++++++++++++++++++++
 cards/001869/files/57666_ruby_73840.zip       | Bin 0 -> 8295 bytes
 61 files changed, 1420 insertions(+), 995 deletions(-)
Date: Mon Aug 16 07:58:10 JST 2021
#Updating
-rw-r--r-- 1 level level 0 Aug 15 09:24 ./AozoraTxt/etc/update
     1	./aozorabunko/cards/001869/files/57666_ruby_73840.zip
1/1: ./aozorabunko/cards/001869/files/57666_ruby_73840.zip
>> add 57666_ruby_tomesanto_sono_onna.txt
>> add 57666_ruby_utf8_tomesanto_sono_onna.txt
>> https://www.aozora.gr.jp/cards/001869/card57666.html
>> 留さんとその女、山本周五郎
#Creating ./AozoraTxt/etc/filename_illegal.txt
Title Total : 32610/424 (Accept:1/Reject:0/Update:0/Rename:0/Empty:0/Multi txt:0/NPD:0)
Git Failed  : 0
Start: Mon Aug 16 07:58:04 JST 2021
End  : Mon Aug 16 07:58:11 JST 2021

======================================================================
#Extract Aozora Bunko Text Files
#Working folder: /home/level
#Source: ./aozorabunko
#Target: ./AozoraTxt
#Date: Tue Aug 17 20:25:30 JST 2021
#Git pull
From https://github.com/aozorabunko/aozorabunko
   d1859537a7..7977745099  master     -> origin/master
Updating d1859537a7..7977745099
Fast-forward
 cards/001938/card60590.html                   | 229 ++++++++++++++++++++++++++
 cards/001938/files/60590_73877.html           |  92 +++++++++++
 cards/001938/files/60590_ruby_73841.zip       | Bin 0 -> 4664 bytes
 100 files changed, 1892 insertions(+), 1574 deletions(-)
Date: Tue Aug 17 20:25:32 JST 2021
#Updating
-rw-r--r-- 1 level level 0 Aug 16 07:58 ./AozoraTxt/etc/update
     1	./aozorabunko/cards/001938/files/60590_ruby_73841.zip
1/1: ./aozorabunko/cards/001938/files/60590_ruby_73841.zip
>> add 60590_ruby_kiseruno_gogen.txt
>> add 60590_ruby_utf8_kiseruno_gogen.txt
>> https://www.aozora.gr.jp/cards/001938/card60590.html
>> キセルの語源、新村出
#Creating ./AozoraTxt/etc/filename_illegal.txt
Title Total : 32612/424 (Accept:1/Reject:0/Update:0/Rename:0/Empty:0/Multi txt:0/NPD:0)
Git Failed  : 0
Start: Tue Aug 17 20:25:30 JST 2021
End  : Tue Aug 17 20:25:32 JST 2021

======================================================================
#Extract Aozora Bunko Text Files
#Working folder: /home/level
#Source: ./aozorabunko
#Target: ./AozoraTxt
#Date: Wed Aug 18 20:01:53 JST 2021
#Git pull
From https://github.com/aozorabunko/aozorabunko
   7977745099..41a7d21561  master     -> origin/master
Updating 7977745099..41a7d21561
Fast-forward
 cards/000906/card42608.html                   |   8 +-
 cards/000906/files/42608_29607.html           | 138 ++++++++-------
 cards/000906/files/42608_ruby_29537.zip       | Bin 10988 -> 11090 bytes
 cards/001093/card42598.html                   |   6 +-
 cards/001093/files/42598_29605.html           |   6 +-
 cards/001093/files/42598_ruby_29535.zip       | Bin 166758 -> 166760 bytes
 cards/001475/card53126.html                   | 234 ++++++++++++++++++++++++++
 cards/001475/files/53126_73878.html           | 124 ++++++++++++++
 cards/001475/files/53126_ruby_73842.zip       | Bin 0 -> 6173 bytes
 83 files changed, 1998 insertions(+), 1556 deletions(-)
Date: Wed Aug 18 20:01:54 JST 2021
#Updating
-rw-r--r-- 1 level level 0 Aug 17 20:25 ./AozoraTxt/etc/update
     1	./aozorabunko/cards/001475/files/53126_ruby_73842.zip
     2	./aozorabunko/cards/001093/files/42598_ruby_29535.zip
     3	./aozorabunko/cards/000906/files/42608_ruby_29537.zip
1/3: ./aozorabunko/cards/001475/files/53126_ruby_73842.zip
>> add 53126_ruby_onsen'e_dekaketa_suzume.txt
>> add 53126_ruby_utf8_onsen'e_dekaketa_suzume.txt
>> https://www.aozora.gr.jp/cards/001475/card53126.html
>> 温泉へ出かけたすずめ、小川未明
2/3: ./aozorabunko/cards/001093/files/42598_ruby_29535.zip
>> update 42598_ruby_11_moyuru_ibara.txt
>> update 42598_ruby_utf8_11_moyuru_ibara.txt
>> https://www.aozora.gr.jp/cards/001093/card42598.html
>> ジャン・クリストフ、JEAN-CHRISTOPHE、第九巻　燃ゆる荊、ロマン・ローラン　Romain Rolland、豊島与志雄訳
3/3: ./aozorabunko/cards/000906/files/42608_ruby_29537.zip
>> update 42608_ruby_13_koki.txt
>> update 42608_ruby_utf8_13_koki.txt
>> https://www.aozora.gr.jp/cards/000906/card42608.html
>> ジャン・クリストフ、JEAN-CHRISTOPHE、後記、ロマン・ローラン　Romain Rolland、豊島与志雄、豊島与志雄訳
#Creating ./AozoraTxt/etc/filename_illegal.txt
Title Total : 32614/424 (Accept:3/Reject:0/Update:2/Rename:0/Empty:0/Multi txt:0/NPD:0)
Git Failed  : 0
Start: Wed Aug 18 20:01:53 JST 2021
End  : Wed Aug 18 20:01:55 JST 2021
