
======================================================================
#Extract Aozora Bunko Text Files
#Working folder: /home/level
#Source: ./aozorabunko
#Target: ./AozoraTxt
#Date: Wed Dec  1 08:09:37 JST 2021
#Git pull
From https://github.com/aozorabunko/aozorabunko
   57b741da09..62f5e3ef5e  master     -> origin/master
Updating 57b741da09..62f5e3ef5e
Fast-forward
 cards/002152/card60464.html                   | 229 ++++++++++++++++++++++++++
 cards/002152/files/60464_74597.html           |  67 ++++++++
 cards/002152/files/60464_ruby_74560.zip       | Bin 0 -> 2535 bytes
 soramoyou/soramoyouindex.html                 |  54 ++++++
 43 files changed, 1070 insertions(+), 726 deletions(-)
Date: Wed Dec  1 08:09:39 JST 2021
#Updating
-rw-r--r-- 1 level level 0 Nov 30 08:09 ./AozoraTxt/etc/update
     1	./aozorabunko/cards/002152/files/60464_ruby_74560.zip
1/1: ./aozorabunko/cards/002152/files/60464_ruby_74560.zip
>> add 60464_ruby_orimupiya_senshu_yosen.txt
>> add 60464_ruby_utf8_orimupiya_senshu_yosen.txt
>> https://www.aozora.gr.jp/cards/002152/card60464.html
>> オリムピヤ選手豫選、長瀬金平
#Creating ./AozoraTxt/etc/filename_illegal.txt
Title Total : 32874/432 (Accept:1/Reject:0/Update:0/Rename:0/Empty:0/Multi txt:0/NPD:0)
Git Failed  : 0
Start: Wed Dec  1 08:09:37 JST 2021
End  : Wed Dec  1 08:09:39 JST 2021
