
======================================================================
#Extract Aozora Bunko Text Files
#Working folder: /home/level
#Source: ./aozorabunko
#Target: ./AozoraTxt
#Date: Sat May  1 12:35:47 JST 2021
#Git pull
From https://github.com/aozorabunko/aozorabunko
   021f61e95b..57753f541c  master     -> origin/master
Updating 021f61e95b..57753f541c
Fast-forward
 cards/002043/card60945.html                   | 231 ++++++++++++++++++++++++++
 cards/002043/files/60945_73137.html           | 160 ++++++++++++++++++
 cards/002043/files/60945_ruby_73136.zip       | Bin 0 -> 6873 bytes
 42 files changed, 1114 insertions(+), 737 deletions(-)
Date: Sat May  1 12:35:50 JST 2021
#Updating
-rw-r--r-- 1 level level 0 Apr 30 09:10 ./AozoraTxt/etc/update
     1	./aozorabunko/cards/002043/files/60945_ruby_73136.zip
1/1: ./aozorabunko/cards/002043/files/60945_ruby_73136.zip
>> add 60945_NPD_ruby_shingeki_05.txt
>> add 60945_NPD_ruby_utf8_shingeki_05.txt
>> https://www.aozora.gr.jp/cards/002043/card60945.html
>> 真劇シリーズ、REAL DRAMAS、第五話　所有者、No. 5: THE MAN IN POSSESSION、フレッド・Ｍ・ホワイト　Fred M. White、奥増夫訳
#Creating ./AozoraTxt/etc/filename_illegal.txt
Title Total : 32334/414 (Accept:1/Reject:0/Update:0/Rename:0/Empty:0/Multi txt:0/NPD:1)
Git Failed  : 0
Start: Sat May  1 12:35:47 JST 2021
End  : Sat May  1 12:35:51 JST 2021

======================================================================
#Extract Aozora Bunko Text Files
#Working folder: /home/level
#Source: ./aozorabunko
#Target: ./AozoraTxt
#Date: Sun May  2 10:10:48 JST 2021
#Git pull
From https://github.com/aozorabunko/aozorabunko
   57753f541c..8358c3dc8c  master     -> origin/master
Updating 57753f541c..8358c3dc8c
Fast-forward
 cards/001474/card50904.html                   | 229 ++++++++++++++++++++++++++
 cards/001474/files/50904_73190.html           |  90 ++++++++++
 cards/001474/files/50904_txt_73230.zip        | Bin 0 -> 8076 bytes
 37 files changed, 1242 insertions(+), 915 deletions(-)
Date: Sun May  2 10:10:51 JST 2021
#Updating
-rw-r--r-- 1 level level 0 May  1 12:35 ./AozoraTxt/etc/update
     1	./aozorabunko/cards/001474/files/50904_txt_73230.zip
1/1: ./aozorabunko/cards/001474/files/50904_txt_73230.zip
>> add 50904_txt_kokeino_ronri.txt
>> add 50904_txt_utf8_kokeino_ronri.txt
>> https://www.aozora.gr.jp/cards/001474/card50904.html
>> 固形の論理、丘浅次郎
#Creating ./AozoraTxt/etc/filename_illegal.txt
Title Total : 32336/414 (Accept:1/Reject:0/Update:0/Rename:0/Empty:0/Multi txt:0/NPD:0)
Git Failed  : 0
Start: Sun May  2 10:10:48 JST 2021
End  : Sun May  2 10:10:52 JST 2021

======================================================================
#Extract Aozora Bunko Text Files
#Working folder: /home/level
#Source: ./aozorabunko
#Target: ./AozoraTxt
#Date: Mon May  3 08:27:26 JST 2021
#Git pull
From https://github.com/aozorabunko/aozorabunko
   8358c3dc8c..e7f15ce760  master     -> origin/master
Updating 8358c3dc8c..e7f15ce760
Fast-forward
 cards/001383/card59827.html                   | 234 +++++++++
 cards/001383/files/59827_73191.html           | 675 ++++++++++++++++++++++++++
 cards/001383/files/59827_ruby_73151.zip       | Bin 0 -> 69248 bytes
 77 files changed, 1497 insertions(+), 582 deletions(-)
Date: Mon May  3 08:27:30 JST 2021
#Updating
-rw-r--r-- 1 level level 0 May  2 10:10 ./AozoraTxt/etc/update
     1	./aozorabunko/cards/001383/files/59827_ruby_73151.zip
1/1: ./aozorabunko/cards/001383/files/59827_ruby_73151.zip
>> add 59827_ruby_nekoto_shozoto_futarino_onna_shinkana.txt
>> add 59827_ruby_utf8_nekoto_shozoto_futarino_onna_shinkana.txt
>> https://www.aozora.gr.jp/cards/001383/card59827.html
>> 猫と庄造と二人のおんな、谷崎潤一郎
#Creating ./AozoraTxt/etc/filename_illegal.txt
Title Total : 32338/414 (Accept:1/Reject:0/Update:0/Rename:0/Empty:0/Multi txt:0/NPD:0)
Git Failed  : 0
Start: Mon May  3 08:27:26 JST 2021
End  : Mon May  3 08:27:31 JST 2021

======================================================================
#Extract Aozora Bunko Text Files
#Working folder: /home/level
#Source: ./aozorabunko
#Target: ./AozoraTxt
#Date: Tue May  4 10:53:42 JST 2021
#Git pull
From https://github.com/aozorabunko/aozorabunko
   e7f15ce760..88a9de4ac9  master     -> origin/master
Auto packing the repository in background for optimum performance.
See "git help gc" for manual housekeeping.
Updating e7f15ce760..88a9de4ac9
Fast-forward
Auto packing the repository in background for optimum performance.
See "git help gc" for manual housekeeping.
 cards/001750/card57367.html                   |  229 ++
 cards/001750/files/57367_73192.html           | 4561 +++++++++++++++++++++++++
 cards/001750/files/57367_ruby_73152.zip       |  Bin 0 -> 92986 bytes
 112 files changed, 5914 insertions(+), 1127 deletions(-)
Date: Tue May  4 10:53:55 JST 2021
#Updating
-rw-r--r-- 1 level level 0 May  3 08:27 ./AozoraTxt/etc/update
     1	./aozorabunko/cards/001750/files/57367_ruby_73152.zip
1/1: ./aozorabunko/cards/001750/files/57367_ruby_73152.zip
>> add 57367_ruby_garamasadon.txt
>> add 57367_ruby_utf8_garamasadon.txt
>> https://www.aozora.gr.jp/cards/001750/card57367.html
>> ガラマサどん、佐々木邦
#Creating ./AozoraTxt/etc/filename_illegal.txt
Title Total : 32340/414 (Accept:1/Reject:0/Update:0/Rename:0/Empty:0/Multi txt:0/NPD:0)
Git Failed  : 0
Start: Tue May  4 10:53:42 JST 2021
End  : Tue May  4 10:53:57 JST 2021

======================================================================
#Extract Aozora Bunko Text Files
#Working folder: /home/level
#Source: ./aozorabunko
#Target: ./AozoraTxt
#Date: Wed May  5 08:16:53 JST 2021
#Git pull
fatal: unable to access 'https://github.com/aozorabunko/aozorabunko/': Could not resolve host: github.com
Date: Wed May  5 08:17:00 JST 2021
#Updating
-rw-r--r-- 1 level level 0 May  4 10:53 ./AozoraTxt/etc/update
#Creating ./AozoraTxt/etc/filename_illegal.txt
Title Total : 32340/414 (Accept:0/Reject:0/Update:0/Rename:0/Empty:0/Multi txt:0/NPD:0)
Git Failed  : 0
Start: Wed May  5 08:16:53 JST 2021
End  : Wed May  5 08:17:02 JST 2021

======================================================================
#Extract Aozora Bunko Text Files
#Working folder: /home/level
#Source: ./aozorabunko
#Target: ./AozoraTxt
#Date: Wed May  5 08:18:23 JST 2021
#Git pull
From https://github.com/aozorabunko/aozorabunko
   88a9de4ac9..c875312a82  master     -> origin/master
Updating 88a9de4ac9..c875312a82
Fast-forward
 cards/000119/card56248.html                   |  234 ++
 cards/000119/files/56248_73193.html           |   90 +
 cards/000119/files/56248_ruby_73153.zip       |  Bin 0 -> 6685 bytes
 cards/001949/card59135.html                   |    8 +-
 cards/001949/files/59135_70962.html           |    7 +-
 cards/001949/files/59135_txt_70912.zip        |  Bin 29944 -> 32330 bytes
 54 files changed, 7109 insertions(+), 650 deletions(-)
Date: Wed May  5 08:18:25 JST 2021
#Updating
-rw-r--r-- 1 level level 0 May  5 08:17 ./AozoraTxt/etc/update
     1	./aozorabunko/cards/001949/files/59135_txt_70912.zip
     2	./aozorabunko/cards/000119/files/56248_ruby_73153.zip
1/2: ./aozorabunko/cards/001949/files/59135_txt_70912.zip
ERROR: empty
total 96
-rw-r--r-- 1 level level 97706 May  4 13:48 04shinkenpono_kaisetsu_kaisetsu.html
>> https://www.aozora.gr.jp/cards/001949/card59135.html
2/2: ./aozorabunko/cards/000119/files/56248_ruby_73153.zip
>> add 56248_ruby_miira.txt
>> add 56248_ruby_utf8_miira.txt
>> https://www.aozora.gr.jp/cards/000119/card56248.html
>> 木乃伊、中島敦
#Creating ./AozoraTxt/etc/filename_illegal.txt
Title Total : 32342/414 (Accept:1/Reject:0/Update:0/Rename:0/Empty:1/Multi txt:0/NPD:0)
Git Failed  : 0
Start: Wed May  5 08:18:23 JST 2021
End  : Wed May  5 08:18:26 JST 2021

======================================================================
#Extract Aozora Bunko Text Files
#Working folder: /home/level
#Source: ./aozorabunko
#Target: ./AozoraTxt
#Date: Thu May  6 08:37:56 JST 2021
#Git pull
fatal: unable to access 'https://github.com/aozorabunko/aozorabunko/': Could not resolve host: github.com
Date: Thu May  6 08:38:03 JST 2021
#Updating
-rw-r--r-- 1 level level 0 May  6 08:36 ./AozoraTxt/etc/update
#Creating ./AozoraTxt/etc/filename_illegal.txt
Title Total : 32342/414 (Accept:0/Reject:0/Update:0/Rename:0/Empty:0/Multi txt:0/NPD:0)
Git Failed  : 0
Start: Thu May  6 08:37:56 JST 2021
End  : Thu May  6 08:38:03 JST 2021

======================================================================
#Extract Aozora Bunko Text Files
#Working folder: /home/level
#Source: ./aozorabunko
#Target: ./AozoraTxt
#Date: Thu May  6 08:39:24 JST 2021
#Git pull
From https://github.com/aozorabunko/aozorabunko
   c875312a82..be443ca7fe  master     -> origin/master
Updating c875312a82..be443ca7fe
Fast-forward
 cards/000216/card60583.html                   | 229 +++++++++++++++++++++++++
 cards/000216/files/60583_73195.html           |  70 ++++++++
 cards/000216/files/60583_txt_73155.zip        | Bin 0 -> 3849 bytes
 cards/001124/card59433.html                   | 238 ++++++++++++++++++++++++++
 cards/001124/files/59433_73194.html           | 154 +++++++++++++++++
 cards/001124/files/59433_ruby_73154.zip       | Bin 0 -> 11513 bytes
 88 files changed, 2286 insertions(+), 1607 deletions(-)
Date: Thu May  6 08:39:27 JST 2021
#Updating
-rw-r--r-- 1 level level 0 May  6 08:38 ./AozoraTxt/etc/update
     1	./aozorabunko/cards/001124/files/59433_ruby_73154.zip
     2	./aozorabunko/cards/000216/files/60583_txt_73155.zip
1/2: ./aozorabunko/cards/001124/files/59433_ruby_73154.zip
>> add 59433_ruby_kokyo.txt
>> add 59433_ruby_utf8_kokyo.txt
>> https://www.aozora.gr.jp/cards/001124/card59433.html
>> 故郷、魯迅、佐藤春夫訳
2/2: ./aozorabunko/cards/000216/files/60583_txt_73155.zip
>> add 60583_txt_haruo_henken.txt
>> add 60583_txt_utf8_haruo_henken.txt
>> https://www.aozora.gr.jp/cards/000216/card60583.html
>> 春夫偏見、直木三十五
#Creating ./AozoraTxt/etc/filename_illegal.txt
Title Total : 32346/414 (Accept:2/Reject:0/Update:0/Rename:0/Empty:0/Multi txt:0/NPD:0)
Git Failed  : 0
Start: Thu May  6 08:39:24 JST 2021
End  : Thu May  6 08:39:28 JST 2021
