
======================================================================
#Extract Aozora Bunko Text Files
#Working folder: /home/level/Work
#Source: ./aozorabunko
#Target: ./AozoraTxt
#Date: Mon Mar  1 08:44:44 JST 2021
#Git pull
From https://github.com/aozorabunko/aozorabunko
   7ca397d5ea..57f784d6d9  master     -> origin/master
Updating 7ca397d5ea..57f784d6d9
Fast-forward
 cards/000076/card58344.html                   | 234 ++++++++++++
 cards/000076/card58398.html                   | 234 ++++++++++++
 cards/000076/files/58344_72801.html           | 115 ++++++
 cards/000076/files/58344_ruby_72749.zip       | Bin 0 -> 5327 bytes
 cards/000076/files/58398_72800.html           | 512 ++++++++++++++++++++++++++
 cards/000076/files/58398_ruby_72748.zip       | Bin 0 -> 30808 bytes
 49 files changed, 2311 insertions(+), 1221 deletions(-)
Date: Mon Mar  1 08:44:51 JST 2021
#Updating
-rwxrwxrwx 1 level level 0 Feb 28 17:36 ./AozoraTxt/etc/update
-rwxrwxrwx 1 level level 5327 Mar  1 08:44 ./aozorabunko/cards/000076/files/58344_ruby_72749.zip
1/2: ./aozorabunko/cards/000076/files/58344_ruby_72749.zip
>> add 58344_ruby_operano_tsuji.txt
>> add 58344_ruby_utf8_operano_tsuji.txt
>> https://www.aozora.gr.jp/cards/000076/card58344.html
>> オペラの辻、岡本かの子
-rwxrwxrwx 1 level level 30808 Mar  1 08:44 ./aozorabunko/cards/000076/files/58398_ruby_72748.zip
2/2: ./aozorabunko/cards/000076/files/58398_ruby_72748.zip
>> add 58398_ruby_ananto_jujutsushino_musume.txt
>> add 58398_ruby_utf8_ananto_jujutsushino_musume.txt
>> https://www.aozora.gr.jp/cards/000076/card58398.html
>> 阿難と呪術師の娘、岡本かの子
#Creating ./AozoraTxt/etc/filename_illegal.txt
Title Total : 32144/408 (Accept:2/Reject:0/Update:0/Rename:0/Empty:0/Multi txt:0/NPD:0)
Git Failed  : 0
Start: Mon Mar  1 08:44:44 JST 2021
End  : Mon Mar  1 08:44:57 JST 2021
