
======================================================================
#Extract Aozora Bunko Text Files
#Working folder: /home/level
#Source: ./aozorabunko
#Target: ./AozoraTxt
#Date: Fri Oct  1 07:56:03 JST 2021
#Git pull
From https://github.com/aozorabunko/aozorabunko
   aa06853abd..6475c4afb8  master     -> origin/master
Updating aa06853abd..6475c4afb8
Fast-forward
 cards/002043/card61141.html                   | 231 +++++++++++++++++++++++++
 cards/002043/files/61141_73972.html           | 238 ++++++++++++++++++++++++++
 cards/002043/files/61141_ruby_73971.zip       | Bin 0 -> 2556960 bytes
 kaikei/index.html                             |  15 +-
 kaikei/term22.html                            |  40 +++++
 kaikei/term2200.jpg                           | Bin 0 -> 703720 bytes
 71 files changed, 2012 insertions(+), 1502 deletions(-)
Date: Fri Oct  1 07:56:07 JST 2021
#Updating
-rw-r--r-- 1 level level 0 Sep 30 20:53 ./AozoraTxt/etc/update
     1	./aozorabunko/cards/002043/files/61141_ruby_73971.zip
1/1: ./aozorabunko/cards/002043/files/61141_ruby_73971.zip
>> add 61141_NPD_ruby_akuno_teio_04.txt
>> add 61141_NPD_ruby_utf8_akuno_teio_04.txt
>> https://www.aozora.gr.jp/cards/002043/card61141.html
>> 悪の帝王、THE MASTER CRIMINAL、第四話　モリソン号賠償金、IV. THE “MORRISON RAID” INDEMNITY、フレッド・Ｍ・ホワイト　Fred M. White、奥増夫訳
#Creating ./AozoraTxt/etc/filename_illegal.txt
Title Total : 32718/428 (Accept:1/Reject:0/Update:0/Rename:0/Empty:0/Multi txt:0/NPD:1)
Git Failed  : 0
Start: Fri Oct  1 07:56:03 JST 2021
End  : Fri Oct  1 07:56:07 JST 2021

======================================================================
#Extract Aozora Bunko Text Files
#Working folder: /home/level
#Source: ./aozorabunko
#Target: ./AozoraTxt
#Date: Sat Oct  2 07:23:49 JST 2021
#Git pull
From https://github.com/aozorabunko/aozorabunko
   6475c4afb8..498fb43f4a  master     -> origin/master
Updating 6475c4afb8..498fb43f4a
Fast-forward
 cards/001869/card57629.html                   | 229 ++++++++++++++++++++++++++
 cards/001869/files/57629_74199.html           | 195 ++++++++++++++++++++++
 cards/001869/files/57629_ruby_74162.zip       | Bin 0 -> 15122 bytes
 78 files changed, 3657 insertions(+), 3236 deletions(-)
Date: Sat Oct  2 07:23:51 JST 2021
#Updating
-rw-r--r-- 1 level level 0 Oct  1 07:56 ./AozoraTxt/etc/update
     1	./aozorabunko/cards/001869/files/57629_ruby_74162.zip
1/1: ./aozorabunko/cards/001869/files/57629_ruby_74162.zip
>> add 57629_ruby_shijimi_dani.txt
>> add 57629_ruby_utf8_shijimi_dani.txt
>> https://www.aozora.gr.jp/cards/001869/card57629.html
>> 蜆谷、山本周五郎
#Creating ./AozoraTxt/etc/filename_illegal.txt
Title Total : 32720/428 (Accept:1/Reject:0/Update:0/Rename:0/Empty:0/Multi txt:0/NPD:0)
Git Failed  : 0
Start: Sat Oct  2 07:23:49 JST 2021
End  : Sat Oct  2 07:23:51 JST 2021
