
======================================================================
#Extract Aozora Bunko Text Files
#Working folder: /home/level
#Source: ./aozorabunko
#Target: ./AozoraTxt
#Date: Mon Nov  1 20:10:11 JST 2021
#Git pull
From https://github.com/aozorabunko/aozorabunko
   6c2197ac66..580dd122a6  master     -> origin/master
Updating 6c2197ac66..580dd122a6
Fast-forward
 cards/000067/card59980.html                   | 234 ++++++++++++++++++++++++
 cards/000067/card59988.html                   | 234 ++++++++++++++++++++++++
 cards/000067/files/59980_74402.html           |  68 +++++++
 cards/000067/files/59980_ruby_74364.zip       | Bin 0 -> 3516 bytes
 cards/000067/files/59988_74401.html           |  84 +++++++++
 cards/000067/files/59988_txt_74363.zip        | Bin 0 -> 1677 bytes
 cards/001091/card60028.html                   | 247 ++++++++++++++++++++++++++
 cards/001091/files/60028_74403.html           | 173 ++++++++++++++++++
 cards/001091/files/60028_ruby_74365.zip       | Bin 0 -> 3306 bytes
 cards/001562/card56757.html                   |   8 +-
 cards/001562/files/56757_57471.html           |   6 +-
 cards/001562/files/56757_ruby_57434.zip       | Bin 230600 -> 226694 bytes
 cards/001569/card59778.html                   | 229 ++++++++++++++++++++++++
 cards/001569/files/59778_74235.html           |  68 +++++++
 cards/001569/files/59778_txt_74198.zip        | Bin 0 -> 1959 bytes
 216 files changed, 6237 insertions(+), 4872 deletions(-)
Date: Mon Nov  1 20:10:17 JST 2021
#Updating
-rw-r--r-- 1 level level 0 Oct 30 07:47 ./AozoraTxt/etc/update
     1	./aozorabunko/cards/000067/files/59988_txt_74363.zip
     2	./aozorabunko/cards/000067/files/59980_ruby_74364.zip
     3	./aozorabunko/cards/001569/files/59778_txt_74198.zip
     4	./aozorabunko/cards/001562/files/56757_ruby_57434.zip
     5	./aozorabunko/cards/001091/files/60028_ruby_74365.zip
1/5: ./aozorabunko/cards/000067/files/59988_txt_74363.zip
>> add 59988_txt_kyojo.txt
>> add 59988_txt_utf8_kyojo.txt
>> https://www.aozora.gr.jp/cards/000067/card59988.html
>> 橋上、――詩壇の議論家に捧ぐ――、萩原朔太郎
2/5: ./aozorabunko/cards/000067/files/59980_ruby_74364.zip
>> add 59980_ruby_joshikikano_hijoshiki.txt
>> add 59980_ruby_utf8_joshikikano_hijoshiki.txt
>> https://www.aozora.gr.jp/cards/000067/card59980.html
>> 常識家の非常識、萩原朔太郎
3/5: ./aozorabunko/cards/001569/files/59778_txt_74198.zip
>> add 59778_txt_koda_ayasanto_shinsendo.txt
>> add 59778_txt_utf8_koda_ayasanto_shinsendo.txt
>> https://www.aozora.gr.jp/cards/001569/card59778.html
>> 幸田文さんと神仙道、中谷宇吉郎
4/5: ./aozorabunko/cards/001562/files/56757_ruby_57434.zip
>> update 56757_ruby_shinsho_taikoki06.txt
>> update 56757_ruby_utf8_shinsho_taikoki06.txt
>> https://www.aozora.gr.jp/cards/001562/card56757.html
>> 新書太閤記、第六分冊、吉川英治
5/5: ./aozorabunko/cards/001091/files/60028_ruby_74365.zip
>> add 60028_ruby_okusama_gitsuneno_gokonrei.txt
>> add 60028_ruby_utf8_okusama_gitsuneno_gokonrei.txt
>> https://www.aozora.gr.jp/cards/001091/card60028.html
>> おくさま狐の御婚礼、ヤーコップ、ウィルヘルム・グリム　Jacob u. Wilhelm Grimm、金田鬼一訳
#Creating ./AozoraTxt/etc/filename_illegal.txt
Title Total : 32800/430 (Accept:5/Reject:0/Update:1/Rename:0/Empty:0/Multi txt:0/NPD:0)
Git Failed  : 0
Start: Mon Nov  1 20:10:11 JST 2021
End  : Mon Nov  1 20:10:19 JST 2021

======================================================================
#Extract Aozora Bunko Text Files
#Working folder: /home/level
#Source: ./aozorabunko
#Target: ./AozoraTxt
#Date: Tue Nov  2 08:14:24 JST 2021
#Git pull
From https://github.com/aozorabunko/aozorabunko
   580dd122a6..a156d8c2d2  master     -> origin/master
Updating 580dd122a6..a156d8c2d2
Fast-forward
 cards/000167/card895.html                     |   4 +-
 cards/000167/card896.html                     |   4 +-
 cards/001059/card60757.html                   | 234 ++++++++++++++++++++++++++
 cards/001059/files/60757_74404.html           |  74 ++++++++
 cards/001059/files/60757_txt_74366.zip        | Bin 0 -> 4421 bytes
 cards/001383/card61185.html                   |  20 ---
 102 files changed, 3086 insertions(+), 2724 deletions(-)
Date: Tue Nov  2 08:14:27 JST 2021
#Updating
-rw-r--r-- 1 level level 0 Nov  1 20:10 ./AozoraTxt/etc/update
     1	./aozorabunko/cards/001059/files/60757_txt_74366.zip
1/1: ./aozorabunko/cards/001059/files/60757_txt_74366.zip
>> add 60757_txt_kitahara_hakushukun'o_tomurau.txt
>> add 60757_txt_utf8_kitahara_hakushukun'o_tomurau.txt
>> https://www.aozora.gr.jp/cards/001059/card60757.html
>> 北原白秋君を弔ふ、齋藤茂吉
#Creating ./AozoraTxt/etc/filename_illegal.txt
Title Total : 32802/430 (Accept:1/Reject:0/Update:0/Rename:0/Empty:0/Multi txt:0/NPD:0)
Git Failed  : 0
Start: Tue Nov  2 08:14:24 JST 2021
End  : Tue Nov  2 08:14:27 JST 2021

======================================================================
#Extract Aozora Bunko Text Files
#Working folder: /home/level
#Source: ./aozorabunko
#Target: ./AozoraTxt
#Date: Wed Nov  3 08:11:34 JST 2021
#Git pull
From https://github.com/aozorabunko/aozorabunko
   a156d8c2d2..19755989b3  master     -> origin/master
Updating a156d8c2d2..19755989b3
Fast-forward
 cards/001383/card61185.html                   |   2 +-
 cards/002043/card61207.html                   | 231 +++++++++++++++++++++++
 cards/002043/files/61207_74318.html           | 254 ++++++++++++++++++++++++++
 cards/002043/files/61207_ruby_74317.zip       | Bin 0 -> 1323800 bytes
 112 files changed, 4742 insertions(+), 3445 deletions(-)
Date: Wed Nov  3 08:11:38 JST 2021
#Updating
-rw-r--r-- 1 level level 0 Nov  2 08:14 ./AozoraTxt/etc/update
     1	./aozorabunko/cards/002043/files/61207_ruby_74317.zip
1/1: ./aozorabunko/cards/002043/files/61207_ruby_74317.zip
>> add 61207_NPD_ruby_akuno_teio_05.txt
>> add 61207_NPD_ruby_utf8_akuno_teio_05.txt
>> https://www.aozora.gr.jp/cards/002043/card61207.html
>> 悪の帝王、THE MASTER CRIMINAL、第五話　クレオパトラの衣装、V. CLEOPATRA'S ROBE、フレッド・Ｍ・ホワイト　Fred M. White、奥増夫訳
#Creating ./AozoraTxt/etc/filename_illegal.txt
Title Total : 32802/432 (Accept:1/Reject:0/Update:0/Rename:0/Empty:0/Multi txt:0/NPD:1)
Git Failed  : 0
Start: Wed Nov  3 08:11:34 JST 2021
End  : Wed Nov  3 08:11:38 JST 2021

======================================================================
#Extract Aozora Bunko Text Files
#Working folder: /home/level
#Source: ./aozorabunko
#Target: ./AozoraTxt
#Date: Thu Nov  4 19:52:11 JST 2021
#Git pull
From https://github.com/aozorabunko/aozorabunko
   19755989b3..5eb3cfc43b  master     -> origin/master
Updating 19755989b3..5eb3cfc43b
Fast-forward
 cards/000050/card4582.html                    | 238 ++++++++++++++++++
 cards/000050/card4583.html                    | 238 ++++++++++++++++++
 cards/000050/files/4582_74406.html            | 252 +++++++++++++++++++
 cards/000050/files/4582_ruby_74368.zip        | Bin 0 -> 19128 bytes
 cards/000050/files/4583_74405.html            | 337 ++++++++++++++++++++++++++
 cards/000050/files/4583_ruby_74367.zip        | Bin 0 -> 16347 bytes
 cards/000121/card638.html                     |   2 +-
 64 files changed, 2271 insertions(+), 1225 deletions(-)
Date: Thu Nov  4 19:52:15 JST 2021
#Updating
-rw-r--r-- 1 level level 0 Nov  3 08:11 ./AozoraTxt/etc/update
     1	./aozorabunko/cards/000050/files/4582_ruby_74368.zip
     2	./aozorabunko/cards/000050/files/4583_ruby_74367.zip
1/2: ./aozorabunko/cards/000050/files/4582_ruby_74368.zip
>> add 4582_ruby_indo_sarasa.txt
>> add 4582_ruby_utf8_indo_sarasa.txt
>> https://www.aozora.gr.jp/cards/000050/card4582.html
>> 印度更紗、泉鏡太郎
2/2: ./aozorabunko/cards/000050/files/4583_ruby_74367.zip
>> add 4583_ruby_arare_furu.txt
>> add 4583_ruby_utf8_arare_furu.txt
>> https://www.aozora.gr.jp/cards/000050/card4583.html
>> 霰ふる、泉鏡太郎
#Creating ./AozoraTxt/etc/filename_illegal.txt
Title Total : 32806/432 (Accept:2/Reject:0/Update:0/Rename:0/Empty:0/Multi txt:0/NPD:0)
Git Failed  : 0
Start: Thu Nov  4 19:52:11 JST 2021
End  : Thu Nov  4 19:52:16 JST 2021

======================================================================
#Extract Aozora Bunko Text Files
#Working folder: /home/level
#Source: ./aozorabunko
#Target: ./AozoraTxt
#Date: Fri Nov  5 20:59:30 JST 2021
#Git pull
From https://github.com/aozorabunko/aozorabunko
   5eb3cfc43b..45e970c5d2  master     -> origin/master
Updating 5eb3cfc43b..45e970c5d2
Fast-forward
 cards/001869/card57539.html                   |  229 ++
 cards/001869/files/57539_74407.html           |  460 ++++
 cards/001869/files/57539_ruby_74369.zip       |  Bin 0 -> 22645 bytes
 88 files changed, 8687 insertions(+), 1869 deletions(-)
Date: Fri Nov  5 20:59:33 JST 2021
#Updating
-rw-r--r-- 1 level level 0 Nov  4 19:52 ./AozoraTxt/etc/update
     1	./aozorabunko/cards/001869/files/57539_ruby_74369.zip
1/1: ./aozorabunko/cards/001869/files/57539_ruby_74369.zip
>> add 57539_ruby_ishiga_ogoru.txt
>> add 57539_ruby_utf8_ishiga_ogoru.txt
>> https://www.aozora.gr.jp/cards/001869/card57539.html
>> いしが奢る、山本周五郎
#Creating ./AozoraTxt/etc/filename_illegal.txt
Title Total : 32808/432 (Accept:1/Reject:0/Update:0/Rename:0/Empty:0/Multi txt:0/NPD:0)
Git Failed  : 0
Start: Fri Nov  5 20:59:30 JST 2021
End  : Fri Nov  5 20:59:34 JST 2021
