
======================================================================
#Extract Aozora Bunko Text Files
#Working folder: /home/level
#Source: ./aozorabunko
#Target: ./AozoraTxt
#Date: Tue Mar  1 08:11:58 JST 2022
#Git pull
From https://github.com/aozorabunko/aozorabunko
   9f82fbf37a..4257a71e6c  master     -> origin/master
Updating 9f82fbf37a..4257a71e6c
Fast-forward
 cards/000076/card58391.html                   | 234 ++++++++++++++++++++++++++
 cards/000076/files/58391_75153.html           | 212 +++++++++++++++++++++++
 cards/000076/files/58391_ruby_75115.zip       | Bin 0 -> 15734 bytes
 cards/000083/card60665.html                   | 229 +++++++++++++++++++++++++
 cards/000083/card60739.html                   | 229 +++++++++++++++++++++++++
 cards/000083/files/60665_75154.html           | 102 +++++++++++
 cards/000083/files/60665_ruby_75116.zip       | Bin 0 -> 3687 bytes
 cards/000083/files/60739_75152.html           |  67 ++++++++
 cards/000083/files/60739_ruby_75114.zip       | Bin 0 -> 2407 bytes
 109 files changed, 4535 insertions(+), 3470 deletions(-)
Date: Tue Mar  1 08:12:02 JST 2022
#Updating
-rw-r--r-- 1 level level 0 Feb 28 21:34 ./AozoraTxt/etc/update
     1	./aozorabunko/cards/000083/files/60739_ruby_75114.zip
     2	./aozorabunko/cards/000083/files/60665_ruby_75116.zip
     3	./aozorabunko/cards/000076/files/58391_ruby_75115.zip
1/3: ./aozorabunko/cards/000083/files/60739_ruby_75114.zip
>> add 60739_ruby_akutagawano_insho.txt
>> add 60739_ruby_utf8_akutagawano_insho.txt
>> https://www.aozora.gr.jp/cards/000083/card60739.html
>> 芥川の印象、菊池寛
2/3: ./aozorabunko/cards/000083/files/60665_ruby_75116.zip
>> add 60665_ruby_shukuhai.txt
>> add 60665_ruby_utf8_shukuhai.txt
>> https://www.aozora.gr.jp/cards/000083/card60665.html
>> 祝盃、菊池寛
3/3: ./aozorabunko/cards/000076/files/58391_ruby_75115.zip
>> add 58391_ruby_kayano_oitachi.txt
>> add 58391_ruby_utf8_kayano_oitachi.txt
>> https://www.aozora.gr.jp/cards/000076/card58391.html
>> かやの生立、岡本かの子
#Creating ./AozoraTxt/etc/filename_illegal.txt
Title Total : 33090/450 (Accept:3/Reject:0/Update:0/Rename:0/Empty:0/Multi txt:0/NPD:0)
Git Failed  : 0
Start: Tue Mar  1 08:11:58 JST 2022
End  : Tue Mar  1 08:12:03 JST 2022

======================================================================
#Extract Aozora Bunko Text Files
#Working folder: /home/level
#Source: ./aozorabunko
#Target: ./AozoraTxt
#Date: Wed Mar  2 07:25:38 JST 2022
#Git pull
From https://github.com/aozorabunko/aozorabunko
   4257a71e6c..7cec14a164  master     -> origin/master
Updating 4257a71e6c..7cec14a164
Fast-forward
 cards/002043/card61390.html                   | 231 +++++++++++++++++++++++
 cards/002043/files/61390_75057.html           | 261 ++++++++++++++++++++++++++
 cards/002043/files/61390_ruby_75056.zip       | Bin 0 -> 1561609 bytes
 62 files changed, 1666 insertions(+), 1190 deletions(-)
Date: Wed Mar  2 07:25:41 JST 2022
#Updating
-rw-r--r-- 1 level level 0 Mar  1 08:12 ./AozoraTxt/etc/update
     1	./aozorabunko/cards/002043/files/61390_ruby_75056.zip
1/1: ./aozorabunko/cards/002043/files/61390_ruby_75056.zip
>> add 61390_NPD_ruby_akuno_teio_09.txt
>> add 61390_NPD_ruby_utf8_akuno_teio_09.txt
>> https://www.aozora.gr.jp/cards/002043/card61390.html
>> 悪の帝王、THE MASTER CRIMINAL、第九話　緋紋城、IX. REDBURN CASTLE、フレッド・Ｍ・ホワイト　Fred M. White、奥増夫訳
#Creating ./AozoraTxt/etc/filename_illegal.txt
Title Total : 33090/452 (Accept:1/Reject:0/Update:0/Rename:0/Empty:0/Multi txt:0/NPD:1)
Git Failed  : 0
Start: Wed Mar  2 07:25:38 JST 2022
End  : Wed Mar  2 07:25:42 JST 2022

======================================================================
#Extract Aozora Bunko Text Files
#Working folder: /home/level
#Source: ./aozorabunko
#Target: ./AozoraTxt
#Date: Thu Mar  3 08:10:25 JST 2022
#Git pull
From https://github.com/aozorabunko/aozorabunko
   7cec14a164..e25609bac9  master     -> origin/master
Updating 7cec14a164..e25609bac9
Fast-forward
 cards/001569/card59794.html                   | 229 ++++++++++++++++++++++++++
 cards/001569/files/59794_75155.html           |  72 ++++++++
 cards/001569/files/59794_ruby_75117.zip       | Bin 0 -> 2857 bytes
 22 files changed, 425 insertions(+), 127 deletions(-)
Date: Thu Mar  3 08:10:27 JST 2022
#Updating
-rw-r--r-- 1 level level 0 Mar  2 07:25 ./AozoraTxt/etc/update
     1	./aozorabunko/cards/001569/files/59794_ruby_75117.zip
1/1: ./aozorabunko/cards/001569/files/59794_ruby_75117.zip
>> add 59794_ruby_nezuyoi_hokuriku_bunka.txt
>> add 59794_ruby_utf8_nezuyoi_hokuriku_bunka.txt
>> https://www.aozora.gr.jp/cards/001569/card59794.html
>> 根強い北陸文化、中谷宇吉郎
#Creating ./AozoraTxt/etc/filename_illegal.txt
Title Total : 33092/452 (Accept:1/Reject:0/Update:0/Rename:0/Empty:0/Multi txt:0/NPD:0)
Git Failed  : 0
Start: Thu Mar  3 08:10:25 JST 2022
End  : Thu Mar  3 08:10:27 JST 2022

======================================================================
#Extract Aozora Bunko Text Files
#Working folder: /home/level
#Source: ./aozorabunko
#Target: ./AozoraTxt
#Date: Fri Mar  4 22:51:41 JST 2022
#Git pull
fatal: unable to access 'https://github.com/aozorabunko/aozorabunko/': Could not resolve host: github.com
Date: Fri Mar  4 22:51:49 JST 2022
#Updating
-rw-r--r-- 1 level level 0 Mar  3 08:10 ./AozoraTxt/etc/update
#Creating ./AozoraTxt/etc/filename_illegal.txt
Title Total : 33092/452 (Accept:0/Reject:0/Update:0/Rename:0/Empty:0/Multi txt:0/NPD:0)
Git Failed  : 0
Start: Fri Mar  4 22:51:41 JST 2022
End  : Fri Mar  4 22:51:50 JST 2022

======================================================================
#Extract Aozora Bunko Text Files
#Working folder: /home/level
#Source: ./aozorabunko
#Target: ./AozoraTxt
#Date: Fri Mar  4 22:56:29 JST 2022
#Git pull
From https://github.com/aozorabunko/aozorabunko
   e25609bac9..018ab8be28  master     -> origin/master
Updating e25609bac9..018ab8be28
Fast-forward
 cards/000025/card60287.html                   | 234 ++++++++++++++++++++++++++
 cards/000025/files/60287_75156.html           |  86 ++++++++++
 cards/000025/files/60287_txt_75118.zip        | Bin 0 -> 6124 bytes
 52 files changed, 1126 insertions(+), 809 deletions(-)
Date: Fri Mar  4 22:56:31 JST 2022
#Updating
-rw-r--r-- 1 level level 0 Mar  4 22:51 ./AozoraTxt/etc/update
     1	./aozorabunko/cards/000025/files/60287_txt_75118.zip
1/1: ./aozorabunko/cards/000025/files/60287_txt_75118.zip
>> add 60287_txt_haru.txt
>> add 60287_txt_utf8_haru.txt
>> https://www.aozora.gr.jp/cards/000025/card60287.html
>> 春、有島武郎
#Creating ./AozoraTxt/etc/filename_illegal.txt
Title Total : 33094/452 (Accept:1/Reject:0/Update:0/Rename:0/Empty:0/Multi txt:0/NPD:0)
Git Failed  : 0
Start: Fri Mar  4 22:56:29 JST 2022
End  : Fri Mar  4 22:56:31 JST 2022

======================================================================
#Extract Aozora Bunko Text Files
#Working folder: /home/level
#Source: ./aozorabunko
#Target: ./AozoraTxt
#Date: Sat Mar  5 08:33:48 JST 2022
#Git pull
From https://github.com/aozorabunko/aozorabunko
   018ab8be28..e7d46d6964  master     -> origin/master
Updating 018ab8be28..e7d46d6964
Fast-forward
 cards/001869/card57755.html                   |  229 ++
 cards/001869/files/57755_75157.html           |  299 +++
 cards/001869/files/57755_ruby_75119.zip       |  Bin 0 -> 21163 bytes
 29 files changed, 6988 insertions(+), 326 deletions(-)
Date: Sat Mar  5 08:33:50 JST 2022
#Updating
-rw-r--r-- 1 level level 0 Mar  4 22:56 ./AozoraTxt/etc/update
     1	./aozorabunko/cards/001869/files/57755_ruby_75119.zip
1/1: ./aozorabunko/cards/001869/files/57755_ruby_75119.zip
>> add 57755_ruby_meian_yome_mondo .txt
>> add 57755_ruby_utf8_meian_yome_mondo .txt
>> https://www.aozora.gr.jp/cards/001869/card57755.html
>> 明暗嫁問答、山本周五郎
#Creating ./AozoraTxt/etc/filename_illegal.txt
Title Total : 33096/452 (Accept:1/Reject:0/Update:0/Rename:0/Empty:0/Multi txt:0/NPD:0)
Git Failed  : 0
Start: Sat Mar  5 08:33:48 JST 2022
End  : Sat Mar  5 08:33:50 JST 2022

======================================================================
#Extract Aozora Bunko Text Files
#Working folder: /home/level
#Source: ./aozorabunko
#Target: ./AozoraTxt
#Date: Sun Mar  6 19:59:13 JST 2022
#Git pull
From https://github.com/aozorabunko/aozorabunko
   e7d46d6964..249bbb3f38  master     -> origin/master
Updating e7d46d6964..249bbb3f38
Fast-forward
 cards/000083/card60713.html                   | 229 +++++++++++++++++++++++++
 cards/000083/card60760.html                   | 234 ++++++++++++++++++++++++++
 cards/000083/files/60713_75159.html           |  72 ++++++++
 cards/000083/files/60713_ruby_75121.zip       | Bin 0 -> 3531 bytes
 cards/000083/files/60760_75158.html           |  95 +++++++++++
 cards/000083/files/60760_ruby_75120.zip       | Bin 0 -> 6076 bytes
 83 files changed, 3327 insertions(+), 2702 deletions(-)
Date: Sun Mar  6 19:59:17 JST 2022
#Updating
-rw-r--r-- 1 level level 0 Mar  5 08:33 ./AozoraTxt/etc/update
     1	./aozorabunko/cards/000083/files/60760_ruby_75120.zip
     2	./aozorabunko/cards/000083/files/60713_ruby_75121.zip
1/2: ./aozorabunko/cards/000083/files/60760_ruby_75120.zip
>> add 60760_ruby_shishao_warau.txt
>> add 60760_ruby_utf8_shishao_warau.txt
>> https://www.aozora.gr.jp/cards/000083/card60760.html
>> 死者を嗤う、菊池寛
2/2: ./aozorabunko/cards/000083/files/60713_ruby_75121.zip
>> add 60713_ruby_tenno_haizai.txt
>> add 60713_ruby_utf8_tenno_haizai.txt
>> https://www.aozora.gr.jp/cards/000083/card60713.html
>> 天の配剤、菊池寛
#Creating ./AozoraTxt/etc/filename_illegal.txt
Title Total : 33100/452 (Accept:2/Reject:0/Update:0/Rename:0/Empty:0/Multi txt:0/NPD:0)
Git Failed  : 0
Start: Sun Mar  6 19:59:13 JST 2022
End  : Sun Mar  6 19:59:18 JST 2022

======================================================================
#Extract Aozora Bunko Text Files
#Working folder: /home/level
#Source: ./aozorabunko
#Target: ./AozoraTxt
#Date: Tue Mar  8 20:50:11 JST 2022
#Git pull
From https://github.com/aozorabunko/aozorabunko
   249bbb3f38..904b741d2e  master     -> origin/master
Updating 249bbb3f38..904b741d2e
Fast-forward
 cards/001091/card59536.html                   |   8 +-
 cards/001091/card59849.html                   |  12 +-
 cards/001091/card60028.html                   |   8 +-
 cards/001091/card60125.html                   |   8 +-
 cards/001091/files/59536_69548.html           |   3 +-
 cards/001091/files/59536_ruby_69497.zip       | Bin 5592 -> 5593 bytes
 cards/001091/files/59849_73210.html           |   3 +-
 cards/001091/files/59849_ruby_73170.zip       | Bin 1689 -> 1573 bytes
 cards/001091/files/60028_74403.html           |   3 +-
 cards/001091/files/60028_ruby_74365.zip       | Bin 3306 -> 3320 bytes
 cards/001091/files/60125_72100.html           |   3 +-
 cards/001091/files/60125_ruby_72059.zip       | Bin 1856 -> 1869 bytes
 cards/001475/card52631.html                   | 234 ++++++++++++
 cards/001475/files/52631_75160.html           |  92 +++++
 cards/001475/files/52631_ruby_75122.zip       | Bin 0 -> 4039 bytes
 cards/001529/card60804.html                   | 243 +++++++++++++
 cards/001529/files/60804_75161.html           | 492 ++++++++++++++++++++++++++
 cards/001529/files/60804_ruby_75123.zip       | Bin 0 -> 33135 bytes
 134 files changed, 2410 insertions(+), 1359 deletions(-)
Date: Tue Mar  8 20:50:21 JST 2022
#Updating
-rw-r--r-- 1 level level 0 Mar  6 19:59 ./AozoraTxt/etc/update
     1	./aozorabunko/cards/001475/files/52631_ruby_75122.zip
     2	./aozorabunko/cards/001529/files/60804_ruby_75123.zip
     3	./aozorabunko/cards/001091/files/59849_ruby_73170.zip
     4	./aozorabunko/cards/001091/files/60028_ruby_74365.zip
     5	./aozorabunko/cards/001091/files/59536_ruby_69497.zip
     6	./aozorabunko/cards/001091/files/60125_ruby_72059.zip
1/6: ./aozorabunko/cards/001475/files/52631_ruby_75122.zip
>> add 52631_ruby_kodomowa_gyakutaini_mokujusu.txt
>> add 52631_ruby_utf8_kodomowa_gyakutaini_mokujusu.txt
>> https://www.aozora.gr.jp/cards/001475/card52631.html
>> 子供は虐待に黙従す、小川未明
2/6: ./aozorabunko/cards/001529/files/60804_ruby_75123.zip
>> add 60804_ruby_heike_monogatari03.txt
>> add 60804_ruby_utf8_heike_monogatari03.txt
>> https://www.aozora.gr.jp/cards/001529/card60804.html
>> 現代語訳　平家物語、第三巻、尾崎士郎訳
3/6: ./aozorabunko/cards/001091/files/59849_ruby_73170.zip
>> update 59849_ruby_toshiyorino_ojisanto_mago.txt
>> update 59849_ruby_utf8_toshiyorino_ojisanto_mago.txt
>> https://www.aozora.gr.jp/cards/001091/card59849.html
>> としよりのお祖父さんと孫、ヤーコップ、ウィルヘルム・グリム　Jacob u. Wilhelm Grimm、金田鬼一訳
4/6: ./aozorabunko/cards/001091/files/60028_ruby_74365.zip
>> update 60028_ruby_okusama_gitsuneno_gokonrei.txt
>> update 60028_ruby_utf8_okusama_gitsuneno_gokonrei.txt
>> https://www.aozora.gr.jp/cards/001091/card60028.html
>> おくさま狐の御婚礼、ヤーコップ、ウィルヘルム・グリム　Jacob u. Wilhelm Grimm、金田鬼一訳
5/6: ./aozorabunko/cards/001091/files/59536_ruby_69497.zip
>> update 59536_ruby_kawaisona_konahikino_wakai_monoto_koneko.txt
>> update 59536_ruby_utf8_kawaisona_konahikino_wakai_monoto_koneko.txt
>> https://www.aozora.gr.jp/cards/001091/card59536.html
>> かわいそうな粉ひきの若いものと小猫、ヤーコップ、ウィルヘルム・グリム　Jacob u. Wilhelm Grimm、金田鬼一訳
6/6: ./aozorabunko/cards/001091/files/60125_ruby_72059.zip
>> update 60125_ruby_kitsuneto_neko.txt
>> update 60125_ruby_utf8_kitsuneto_neko.txt
>> https://www.aozora.gr.jp/cards/001091/card60125.html
>> 狐と猫、ヤーコップ、ウィルヘルム・グリム　Jacob u. Wilhelm Grimm、金田鬼一訳
#Creating ./AozoraTxt/etc/filename_illegal.txt
Title Total : 33104/452 (Accept:6/Reject:0/Update:4/Rename:0/Empty:0/Multi txt:0/NPD:0)
Git Failed  : 0
Start: Tue Mar  8 20:50:11 JST 2022
End  : Tue Mar  8 20:50:22 JST 2022
