
======================================================================
#Extract Aozora Bunko Text Files
#Working folder: /home/level
#Source: ./aozorabunko
#Target: ./AozoraTxt
#Date: Sat Oct  1 18:34:24 JST 2022
#Git pull
From https://github.com/aozorabunko/aozorabunko
   af9de6ecf9..acb32ff8bd  master     -> origin/master
Updating af9de6ecf9..acb32ff8bd
Fast-forward
 cards/001869/card57538.html                   | 229 ++++++++++++++++
 cards/001869/files/57538_76392.html           | 365 ++++++++++++++++++++++++++
 cards/001869/files/57538_ruby_76357.zip       | Bin 0 -> 13050 bytes
 53 files changed, 2089 insertions(+), 1393 deletions(-)
Date: Sat Oct  1 18:34:28 JST 2022
#Updating
-rw-r--r-- 1 level level 0 Sep 30 07:54 ./AozoraTxt/etc/update
     1	./aozorabunko/cards/001869/files/57538_ruby_76357.zip
1/1: ./aozorabunko/cards/001869/files/57538_ruby_76357.zip
>> add 57538_ruby_irimuko_jumanryo.txt
>> add 57538_ruby_utf8_irimuko_jumanryo.txt
>> https://www.aozora.gr.jp/cards/001869/card57538.html
>> 入婿十万両、山本周五郎
#Creating ./AozoraTxt/etc/filename_illegal.txt
Title Total : 33556/476 (Accept:1/Reject:0/Update:0/Rename:0/Empty:0/Multi txt:0/NPD:0)
Git Failed  : 0
Start: Sat Oct  1 18:34:24 JST 2022
End  : Sat Oct  1 18:34:31 JST 2022
