
======================================================================
#Extract Aozora Bunko Text Files
#Working folder: /home/level
#Source: ./aozorabunko
#Target: ./AozoraTxt
#Date: Wed Jun  1 08:13:18 JST 2022
#Git pull
From https://github.com/aozorabunko/aozorabunko
   e1e2a6a058..23e8457b43  master     -> origin/master
Updating e1e2a6a058..23e8457b43
Fast-forward
 cards/002043/card61558.html                   | 231 ++++++++++++++++++++++++
 cards/002043/files/61558_75415.html           | 249 ++++++++++++++++++++++++++
 cards/002043/files/61558_ruby_75414.zip       | Bin 0 -> 1502131 bytes
 124 files changed, 4921 insertions(+), 3797 deletions(-)
Date: Wed Jun  1 08:13:22 JST 2022
#Updating
-rw-r--r-- 1 level level 0 May 31 08:20 ./AozoraTxt/etc/update
     1	./aozorabunko/cards/002043/files/61558_ruby_75414.zip
1/1: ./aozorabunko/cards/002043/files/61558_ruby_75414.zip
>> add 61558_NPD_ruby_akuno_teio_12.txt
>> add 61558_NPD_ruby_utf8_akuno_teio_12.txt
>> https://www.aozora.gr.jp/cards/002043/card61558.html
>> 悪の帝王、THE MASTER CRIMINAL、第十二話　マルコス将軍、XII. GENERAL MARCOS、フレッド・Ｍ・ホワイト　Fred M. White、奥増夫訳
#Creating ./AozoraTxt/etc/filename_illegal.txt
Title Total : 33288/466 (Accept:1/Reject:0/Update:0/Rename:0/Empty:0/Multi txt:0/NPD:1)
Git Failed  : 0
Start: Wed Jun  1 08:13:18 JST 2022
End  : Wed Jun  1 08:13:23 JST 2022

======================================================================
#Extract Aozora Bunko Text Files
#Working folder: /home/level
#Source: ./aozorabunko
#Target: ./AozoraTxt
#Date: Fri Jun  3 06:25:16 JST 2022
#Git pull
From https://github.com/aozorabunko/aozorabunko
   23e8457b43..db15202e51  master     -> origin/master
Updating 23e8457b43..db15202e51
Fast-forward
 cards/001566/card60320.html                   | 229 ++++++++++++++++++++++++++
 cards/001566/files/60320_75645.html           |  76 +++++++++
 cards/001566/files/60320_ruby_75615.zip       | Bin 0 -> 3766 bytes
 73 files changed, 2630 insertions(+), 1858 deletions(-)
Date: Fri Jun  3 06:25:24 JST 2022
#Updating
-rw-r--r-- 1 level level 0 Jun  1 08:13 ./AozoraTxt/etc/update
     1	./aozorabunko/cards/001566/files/60320_ruby_75615.zip
1/1: ./aozorabunko/cards/001566/files/60320_ruby_75615.zip
>> add 60320_ruby_obakeno_koe.txt
>> add 60320_ruby_utf8_obakeno_koe.txt
>> https://www.aozora.gr.jp/cards/001566/card60320.html
>> おばけの声、柳田國男
#Creating ./AozoraTxt/etc/filename_illegal.txt
Title Total : 33290/466 (Accept:1/Reject:0/Update:0/Rename:0/Empty:0/Multi txt:0/NPD:0)
Git Failed  : 0
Start: Fri Jun  3 06:25:16 JST 2022
End  : Fri Jun  3 06:25:25 JST 2022

======================================================================
#Extract Aozora Bunko Text Files
#Working folder: /home/level
#Source: ./aozorabunko
#Target: ./AozoraTxt
#Date: Fri Jun  3 08:21:23 JST 2022
#Git pull
From https://github.com/aozorabunko/aozorabunko
   db15202e51..86baea55a0  master     -> origin/master
Updating db15202e51..86baea55a0
Fast-forward
 cards/001869/card57695.html                   | 229 ++++++++++++++++++++++
 cards/001869/files/57695_75646.html           | 267 ++++++++++++++++++++++++++
 cards/001869/files/57695_ruby_75616.zip       | Bin 0 -> 22085 bytes
 34 files changed, 1094 insertions(+), 601 deletions(-)
Date: Fri Jun  3 08:21:25 JST 2022
#Updating
-rw-r--r-- 1 level level 0 Jun  3 06:25 ./AozoraTxt/etc/update
     1	./aozorabunko/cards/001869/files/57695_ruby_75616.zip
1/1: ./aozorabunko/cards/001869/files/57695_ruby_75616.zip
>> add 57695_ruby_enyoki.txt
>> add 57695_ruby_utf8_enyoki.txt
>> https://www.aozora.gr.jp/cards/001869/card57695.html
>> 艶妖記、忍術千一夜　第一話、山本周五郎
#Creating ./AozoraTxt/etc/filename_illegal.txt
Title Total : 33292/466 (Accept:1/Reject:0/Update:0/Rename:0/Empty:0/Multi txt:0/NPD:0)
Git Failed  : 0
Start: Fri Jun  3 08:21:23 JST 2022
End  : Fri Jun  3 08:21:26 JST 2022
