
======================================================================
#Extract Aozora Bunko Text Files
#Working folder: /home/level
#Source: ./aozorabunko
#Target: ./AozoraTxt
#Date: Sat Apr  2 07:22:15 JST 2022
#Git pull
From https://github.com/aozorabunko/aozorabunko
   02b5a5dcf9..c814ded381  master     -> origin/master
Updating 02b5a5dcf9..c814ded381
Fast-forward
 cards/001168/card60292.html                   | 234 +++++++++++++++++++++++
 cards/001168/files/60292_75290.html           |  82 ++++++++
 cards/001168/files/60292_ruby_75258.zip       | Bin 0 -> 2958 bytes
 cards/002043/card61391.html                   | 231 +++++++++++++++++++++++
 cards/002043/files/61391_75059.html           | 262 ++++++++++++++++++++++++++
 cards/002043/files/61391_ruby_75058.zip       | Bin 0 -> 1559202 bytes
 83 files changed, 2629 insertions(+), 1763 deletions(-)
Date: Sat Apr  2 07:22:17 JST 2022
#Updating
-rw-r--r-- 1 level level 0 Mar 31 20:17 ./AozoraTxt/etc/update
     1	./aozorabunko/cards/002043/files/61391_ruby_75058.zip
     2	./aozorabunko/cards/001168/files/60292_ruby_75258.zip
1/2: ./aozorabunko/cards/002043/files/61391_ruby_75058.zip
>> add 61391_NPD_ruby_akuno_teio_10.txt
>> add 61391_NPD_ruby_utf8_akuno_teio_10.txt
>> https://www.aozora.gr.jp/cards/002043/card61391.html
>> 悪の帝王、THE MASTER CRIMINAL、第十話　クライソリン株式会社、X. "CRYSOLINE LIMITED"、フレッド・Ｍ・ホワイト　Fred M. White、奥増夫訳
2/2: ./aozorabunko/cards/001168/files/60292_ruby_75258.zip
>> add 60292_ruby_kodai_egypt_no_sakuhin.txt
>> add 60292_ruby_utf8_kodai_egypt_no_sakuhin.txt
>> https://www.aozora.gr.jp/cards/001168/card60292.html
>> 古代エジプトの作品、高村光太郎
#Creating ./AozoraTxt/etc/filename_illegal.txt
Title Total : 33162/454 (Accept:2/Reject:0/Update:0/Rename:0/Empty:0/Multi txt:0/NPD:1)
Git Failed  : 0
Start: Sat Apr  2 07:22:15 JST 2022
End  : Sat Apr  2 07:22:17 JST 2022

======================================================================
#Extract Aozora Bunko Text Files
#Working folder: /home/level
#Source: ./aozorabunko
#Target: ./AozoraTxt
#Date: Sun Apr  3 19:10:55 JST 2022
#Git pull
From https://github.com/aozorabunko/aozorabunko
   c814ded381..22bf71cfed  master     -> origin/master
Updating c814ded381..22bf71cfed
Fast-forward
 cards/001257/card60227.html                   | 238 ++++++++++++++++++++++++++
 cards/001257/card60228.html                   | 238 ++++++++++++++++++++++++++
 cards/001257/files/60227_75292.html           | 103 +++++++++++
 cards/001257/files/60227_ruby_75260.zip       | Bin 0 -> 8833 bytes
 cards/001257/files/60228_75291.html           |  89 ++++++++++
 cards/001257/files/60228_ruby_75259.zip       | Bin 0 -> 7990 bytes
 100 files changed, 1965 insertions(+), 1190 deletions(-)
Date: Sun Apr  3 19:10:57 JST 2022
#Updating
-rw-r--r-- 1 level level 0 Apr  2 07:22 ./AozoraTxt/etc/update
     1	./aozorabunko/cards/001257/files/60228_ruby_75259.zip
     2	./aozorabunko/cards/001257/files/60227_ruby_75260.zip
1/2: ./aozorabunko/cards/001257/files/60228_ruby_75259.zip
>> add 60228_ruby_funatabi.txt
>> add 60228_ruby_utf8_funatabi.txt
>> https://www.aozora.gr.jp/cards/001257/card60228.html
>> 船旅、ワシントン・アーヴィング　Washington Irving、吉田甲子太郎訳
2/2: ./aozorabunko/cards/001257/files/60227_ruby_75260.zip
>> add 60227_ruby_tsuma.txt
>> add 60227_ruby_utf8_tsuma.txt
>> https://www.aozora.gr.jp/cards/001257/card60227.html
>> 妻、ワシントン・アーヴィング　Washington Irving、吉田甲子太郎訳
#Creating ./AozoraTxt/etc/filename_illegal.txt
Title Total : 33166/454 (Accept:2/Reject:0/Update:0/Rename:0/Empty:0/Multi txt:0/NPD:0)
Git Failed  : 0
Start: Sun Apr  3 19:10:55 JST 2022
End  : Sun Apr  3 19:10:57 JST 2022

======================================================================
#Extract Aozora Bunko Text Files
#Working folder: /home/level
#Source: ./aozorabunko
#Target: ./AozoraTxt
#Date: Mon Apr  4 08:15:45 JST 2022
#Git pull
From https://github.com/aozorabunko/aozorabunko
   22bf71cfed..4a5cbd889d  master     -> origin/master
Updating 22bf71cfed..4a5cbd889d
Fast-forward
 cards/001569/card59789.html                   | 229 ++++++++++++++++++++++++++
 cards/001569/files/59789_75293.html           |  85 ++++++++++
 cards/001569/files/59789_ruby_75261.zip       | Bin 0 -> 3399 bytes
 82 files changed, 1495 insertions(+), 1185 deletions(-)
Date: Mon Apr  4 08:16:01 JST 2022
#Updating
-rw-r--r-- 1 level level 0 Apr  3 19:10 ./AozoraTxt/etc/update
     1	./aozorabunko/cards/001569/files/59789_ruby_75261.zip
1/1: ./aozorabunko/cards/001569/files/59789_ruby_75261.zip
>> add 59789_ruby_torindono_sato_zuke.txt
>> add 59789_ruby_utf8_torindono_sato_zuke.txt
>> https://www.aozora.gr.jp/cards/001569/card59789.html
>> 桃林堂の砂糖づけ、中谷宇吉郎
#Creating ./AozoraTxt/etc/filename_illegal.txt
Title Total : 33168/454 (Accept:1/Reject:0/Update:0/Rename:0/Empty:0/Multi txt:0/NPD:0)
Git Failed  : 0
Start: Mon Apr  4 08:15:45 JST 2022
End  : Mon Apr  4 08:16:01 JST 2022

======================================================================
#Extract Aozora Bunko Text Files
#Working folder: /home/level
#Source: ./aozorabunko
#Target: ./AozoraTxt
#Date: Tue Apr  5 08:07:01 JST 2022
#Git pull
From https://github.com/aozorabunko/aozorabunko
   4a5cbd889d..c71deb35b6  master     -> origin/master
Updating 4a5cbd889d..c71deb35b6
Fast-forward
 cards/001869/card57774.html                   |  229 ++
 cards/001869/files/57774_75294.html           |  345 +++
 cards/001869/files/57774_ruby_75262.zip       |  Bin 0 -> 25619 bytes
 52 files changed, 7298 insertions(+), 590 deletions(-)
Date: Tue Apr  5 08:07:03 JST 2022
#Updating
-rw-r--r-- 1 level level 0 Apr  4 08:16 ./AozoraTxt/etc/update
     1	./aozorabunko/cards/001869/files/57774_ruby_75262.zip
1/1: ./aozorabunko/cards/001869/files/57774_ruby_75262.zip
>> add 57774_ruby_wakatono_jonanki.txt
>> add 57774_ruby_utf8_wakatono_jonanki.txt
>> https://www.aozora.gr.jp/cards/001869/card57774.html
>> 若殿女難記、山本周五郎
#Creating ./AozoraTxt/etc/filename_illegal.txt
Title Total : 33170/454 (Accept:1/Reject:0/Update:0/Rename:0/Empty:0/Multi txt:0/NPD:0)
Git Failed  : 0
Start: Tue Apr  5 08:07:01 JST 2022
End  : Tue Apr  5 08:07:03 JST 2022
