
======================================================================
#Extract Aozora Bunko Text Files
#Working folder: /home/level
#Source: ./aozorabunko
#Target: ./AozoraTxt
#Date: Thu Sep  1 08:04:31 JST 2022
#Git pull
From https://github.com/aozorabunko/aozorabunko
   d5e333a7ad..9739ea2152  master     -> origin/master
Updating d5e333a7ad..9739ea2152
Fast-forward
 cards/001763/card61298.html                   | 234 ++++++++++++++++++++++++++
 cards/001763/files/61298_76223.html           |  60 +++++++
 cards/001763/files/61298_ruby_76191.zip       | Bin 0 -> 1212 bytes
 50 files changed, 1548 insertions(+), 1195 deletions(-)
Date: Thu Sep  1 08:04:33 JST 2022
#Updating
-rw-r--r-- 1 level level 0 Aug 31 08:10 ./AozoraTxt/etc/update
     1	./aozorabunko/cards/001763/files/61298_ruby_76191.zip
1/1: ./aozorabunko/cards/001763/files/61298_ruby_76191.zip
>> add 61298_ruby_saberu_raisan.txt
>> add 61298_ruby_utf8_saberu_raisan.txt
>> https://www.aozora.gr.jp/cards/001763/card61298.html
>> サーベル礼讃、佐藤春夫
#Creating ./AozoraTxt/etc/filename_illegal.txt
Title Total : 33492/474 (Accept:1/Reject:0/Update:0/Rename:0/Empty:0/Multi txt:0/NPD:0)
Git Failed  : 0
Start: Thu Sep  1 08:04:31 JST 2022
End  : Thu Sep  1 08:04:35 JST 2022

======================================================================
#Extract Aozora Bunko Text Files
#Working folder: /home/level
#Source: ./aozorabunko
#Target: ./AozoraTxt
#Date: Fri Sep  2 19:33:41 JST 2022
#Git pull
From https://github.com/aozorabunko/aozorabunko
   9739ea2152..3b2acb98a7  master     -> origin/master
Updating 9739ea2152..3b2acb98a7
Fast-forward
 cards/001030/card48297.html                   |  10 +-
 cards/001030/files/48297_41481.html           |  13 +-
 cards/001030/files/48297_txt_40642.zip        | Bin 3292 -> 3343 bytes
 cards/001095/card42844.html                   |   6 +-
 cards/001869/card57775.html                   | 229 ++++++++++++++++++++++++++
 cards/001869/files/57775_76224.html           | 174 +++++++++++++++++++
 cards/001869/files/57775_ruby_76192.zip       | Bin 0 -> 11295 bytes
 65 files changed, 2172 insertions(+), 1115 deletions(-)
Date: Fri Sep  2 19:33:44 JST 2022
#Updating
-rw-r--r-- 1 level level 0 Sep  1 08:04 ./AozoraTxt/etc/update
     1	./aozorabunko/cards/001030/files/48297_txt_40642.zip
     2	./aozorabunko/cards/001869/files/57775_ruby_76192.zip
1/2: ./aozorabunko/cards/001030/files/48297_txt_40642.zip
>> update 48297_txt_ehon.txt
>> update 48297_txt_utf8_ehon.txt
>> https://www.aozora.gr.jp/cards/001030/card48297.html
>> 「繪本」、堀辰雄
2/2: ./aozorabunko/cards/001869/files/57775_ruby_76192.zip
>> add 57775_ruby_ran.txt
>> add 57775_ruby_utf8_ran.txt
>> https://www.aozora.gr.jp/cards/001869/card57775.html
>> 蘭、山本周五郎
#Creating ./AozoraTxt/etc/filename_illegal.txt
Title Total : 33494/474 (Accept:2/Reject:0/Update:1/Rename:0/Empty:0/Multi txt:0/NPD:0)
Git Failed  : 0
Start: Fri Sep  2 19:33:41 JST 2022
End  : Fri Sep  2 19:33:45 JST 2022

======================================================================
#Extract Aozora Bunko Text Files
#Working folder: /home/level
#Source: ./aozorabunko
#Target: ./AozoraTxt
#Date: Sat Sep  3 11:08:14 JST 2022
#Git pull
From https://github.com/aozorabunko/aozorabunko
   3b2acb98a7..55da32b04f  master     -> origin/master
Updating 3b2acb98a7..55da32b04f
Fast-forward
 cards/000081/card464.html                     |   4 +-
 cards/000963/card45636.html                   |  12 +-
 cards/000963/files/45636_42548.html           |   7 +-
 cards/000963/files/45636_ruby_42358.zip       | Bin 5806 -> 5847 bytes
 cards/002088/card60957.html                   | 229 ++++++++++++++++++++++++++
 cards/002088/files/60957_76225.html           |  74 +++++++++
 cards/002088/files/60957_ruby_76193.zip       | Bin 0 -> 924 bytes
 64 files changed, 1382 insertions(+), 1018 deletions(-)
Date: Sat Sep  3 11:08:16 JST 2022
#Updating
-rw-r--r-- 1 level level 0 Sep  2 19:33 ./AozoraTxt/etc/update
     1	./aozorabunko/cards/000963/files/45636_ruby_42358.zip
     2	./aozorabunko/cards/002088/files/60957_ruby_76193.zip
1/2: ./aozorabunko/cards/000963/files/45636_ruby_42358.zip
>> update 45636_ruby_kifuhoiza.txt
>> update 45636_ruby_utf8_kifuhoiza.txt
>> https://www.aozora.gr.jp/cards/000963/card45636.html
>> キフホイザー、野上豐一郎
2/2: ./aozorabunko/cards/002088/files/60957_ruby_76193.zip
>> add 60957_ruby_shinshuno_ki.txt
>> add 60957_ruby_utf8_shinshuno_ki.txt
>> https://www.aozora.gr.jp/cards/002088/card60957.html
>> 新秋の記、木下夕爾
#Creating ./AozoraTxt/etc/filename_illegal.txt
Title Total : 33496/474 (Accept:2/Reject:0/Update:1/Rename:0/Empty:0/Multi txt:0/NPD:0)
Git Failed  : 0
Start: Sat Sep  3 11:08:14 JST 2022
End  : Sat Sep  3 11:08:17 JST 2022

======================================================================
#Extract Aozora Bunko Text Files
#Working folder: /home/level
#Source: ./aozorabunko
#Target: ./AozoraTxt
#Date: Tue Sep  6 17:08:04 JST 2022
#Git pull
From https://github.com/aozorabunko/aozorabunko
   55da32b04f..c49fa6a6a0  master     -> origin/master
Updating 55da32b04f..c49fa6a6a0
Fast-forward
 cards/000220/card59500.html                   |  234 ++
 cards/000220/files/59500_76227.html           |   84 +
 cards/000220/files/59500_ruby_76195.zip       |  Bin 0 -> 5218 bytes
 cards/001869/card57627.html                   |  229 ++
 cards/001869/card57662.html                   |  229 ++
 cards/001869/files/57627_76226.html           |  155 ++
 cards/001869/files/57627_ruby_76194.zip       |  Bin 0 -> 14345 bytes
 cards/001869/files/57662_76228.html           |  201 ++
 cards/001869/files/57662_ruby_76196.zip       |  Bin 0 -> 14656 bytes
 152 files changed, 11460 insertions(+), 4011 deletions(-)
Date: Tue Sep  6 17:08:08 JST 2022
#Updating
-rw-r--r-- 1 level level 0 Sep  3 11:08 ./AozoraTxt/etc/update
     1	./aozorabunko/cards/000220/files/59500_ruby_76195.zip
     2	./aozorabunko/cards/001869/files/57662_ruby_76196.zip
     3	./aozorabunko/cards/001869/files/57627_ruby_76194.zip
1/3: ./aozorabunko/cards/000220/files/59500_ruby_76195.zip
>> add 59500_ruby_kaichono_hibiki.txt
>> add 59500_ruby_utf8_kaichono_hibiki.txt
>> https://www.aozora.gr.jp/cards/000220/card59500.html
>> 海潮の響、吉江喬松
2/3: ./aozorabunko/cards/001869/files/57662_ruby_76196.zip
>> add 57662_ruby_nemuno_kino_kage.txt
>> add 57662_ruby_utf8_nemuno_kino_kage.txt
>> https://www.aozora.gr.jp/cards/001869/card57662.html
>> 合歓木の蔭、山本周五郎
3/3: ./aozorabunko/cards/001869/files/57627_ruby_76194.zip
>> add 57627_ruby_zakuro.txt
>> add 57627_ruby_utf8_zakuro.txt
>> https://www.aozora.gr.jp/cards/001869/card57627.html
>> 柘榴、山本周五郎
#Creating ./AozoraTxt/etc/filename_illegal.txt
Title Total : 33502/474 (Accept:3/Reject:0/Update:0/Rename:0/Empty:0/Multi txt:0/NPD:0)
Git Failed  : 0
Start: Tue Sep  6 17:08:04 JST 2022
End  : Tue Sep  6 17:08:08 JST 2022

======================================================================
#Extract Aozora Bunko Text Files
#Working folder: /home/level
#Source: ./aozorabunko
#Target: ./AozoraTxt
#Date: Wed Sep  7 08:14:43 JST 2022
#Git pull
From https://github.com/aozorabunko/aozorabunko
   c49fa6a6a0..60d39fbfc3  master     -> origin/master
Updating c49fa6a6a0..60d39fbfc3
Fast-forward
 cards/000050/card4581.html                    | 229 ++++++++++++
 cards/000050/files/4581_76229.html            | 482 ++++++++++++++++++++++++++
 cards/000050/files/4581_ruby_76197.zip        | Bin 0 -> 27661 bytes
 cards/000235/card2259.html                    |   2 +-
 cards/000235/card51172.html                   |   2 +-
 cards/001714/card56196.html                   | 229 ++++++++++++
 cards/001714/files/56196_76230.html           |  99 ++++++
 cards/001714/files/56196_txt_76198.zip        | Bin 0 -> 3994 bytes
 85 files changed, 2793 insertions(+), 2145 deletions(-)
Date: Wed Sep  7 08:14:46 JST 2022
#Updating
-rw-r--r-- 1 level level 0 Sep  6 17:08 ./AozoraTxt/etc/update
     1	./aozorabunko/cards/001714/files/56196_txt_76198.zip
     2	./aozorabunko/cards/000050/files/4581_ruby_76197.zip
1/2: ./aozorabunko/cards/001714/files/56196_txt_76198.zip
>> add 56196_txt_yoshikawasanno_koeto_me.txt
>> add 56196_txt_utf8_yoshikawasanno_koeto_me.txt
>> https://www.aozora.gr.jp/cards/001714/card56196.html
>> 吉川さんの声と眼、平野零児
2/2: ./aozorabunko/cards/000050/files/4581_ruby_76197.zip
>> add 4581_ruby_asajiu.txt
>> add 4581_ruby_utf8_asajiu.txt
>> https://www.aozora.gr.jp/cards/000050/card4581.html
>> 淺茅生、泉鏡太郎
#Creating ./AozoraTxt/etc/filename_illegal.txt
Title Total : 33506/474 (Accept:2/Reject:0/Update:0/Rename:0/Empty:0/Multi txt:0/NPD:0)
Git Failed  : 0
Start: Wed Sep  7 08:14:43 JST 2022
End  : Wed Sep  7 08:14:46 JST 2022
