
======================================================================
#Extract Aozora Bunko Text Files
#Working folder: /home/level
#Source: ./aozorabunko
#Target: ./AozoraTxt
#Date: Sat Jan  1 14:35:13 JST 2022
#Git pull
From https://github.com/aozorabunko/aozorabunko
   9277764da9..4ce47d09c5  master     -> origin/master
Updating 9277764da9..4ce47d09c5
Fast-forward
 annotation/annotation.css                     |   75 ++
 annotation/duplication.html                   |  124 +-
 annotation/emphasis.html                      | 1149 +++++++++----------
 annotation/etc.html                           | 1499 +++++++++++--------------
 annotation/external_character.html            |  383 +++----
 annotation/extra.html                         |  332 +++---
 annotation/graphics.html                      |  302 +++--
 annotation/heading.html                       |  612 +++++-----
 annotation/henkoten.html                      |  401 +++----
 annotation/index.html                         |  376 +++----
 annotation/kunten.html                        |  258 ++---
 annotation/layout_1.html                      |  326 +++---
 annotation/layout_2.html                      |  890 +++++++--------
 annotation/layout_3.html                      |  249 ++--
 aozora-manual/img/waritsuke.png               |  Bin 0 -> 13587 bytes
 aozora-manual/index-input.html                |   47 +-
 aozora-manual/index-proofreading.html         |   13 +-
 aozora-manual/index.html                      |    5 +-
 cards/001916/card61171.html                   |  229 ++++
 cards/001916/files/61171_74826.html           |  168 +++
 cards/001916/files/61171_ruby_74825.zip       |  Bin 0 -> 11700 bytes
 cards/001917/card61172.html                   |  229 ++++
 cards/001917/files/61172_74830.html           |  108 ++
 cards/001917/files/61172_txt_74829.zip        |  Bin 0 -> 9873 bytes
 cards/001918/card61170.html                   |  229 ++++
 cards/001918/files/61170_74828.html           |  221 ++++
 cards/001918/files/61170_ruby_74827.zip       |  Bin 0 -> 14791 bytes
 guide/aozora_bunko_faq.html                   |  132 ++-
 guide/kijyunn.html                            |    9 +-
 houkokusyo/20130629_tomita.pdf                |  Bin 0 -> 329287 bytes
 houkokusyo/kadai.html                         |   14 +-
 houkokusyo/publiccoment2021.html              |  109 ++
 houkokusyo/undercovid19.html                  |   63 ++
 images/annotation.png                         |  Bin 0 -> 10429 bytes
 soramoyou/soramoyou2021.html                  |  210 ++++
 soramoyou/soramoyouindex.html                 |  175 +--
 133 files changed, 11754 insertions(+), 5628 deletions(-)
Date: Sat Jan  1 14:35:16 JST 2022
#Updating
-rw-r--r-- 1 level level 0 Dec 31 09:21 ./AozoraTxt/etc/update
     1	./aozorabunko/cards/001916/files/61171_ruby_74825.zip
     2	./aozorabunko/cards/001918/files/61170_ruby_74827.zip
     3	./aozorabunko/cards/001917/files/61172_txt_74829.zip
1/3: ./aozorabunko/cards/001916/files/61171_ruby_74825.zip
>> add 61171_NPD_ruby_tetsudomokeino_yoru.txt
>> add 61171_NPD_ruby_utf8_tetsudomokeino_yoru.txt
>> https://www.aozora.gr.jp/cards/001916/card61171.html
>> 鉄道模型の夜、円城塔
2/3: ./aozorabunko/cards/001918/files/61170_ruby_74827.zip
>> add 61170_NPD_ruby_kujirayokan.txt
>> add 61170_NPD_ruby_utf8_kujirayokan.txt
>> https://www.aozora.gr.jp/cards/001918/card61170.html
>> くじらようかん、澤西祐典
3/3: ./aozorabunko/cards/001917/files/61172_txt_74829.zip
>> add 61172_NPD_txt_sanjunoto_nite.txt
>> add 61172_NPD_txt_utf8_sanjunoto_nite.txt
>> https://www.aozora.gr.jp/cards/001917/card61172.html
>> 三重塔にて、福永信
#Creating ./AozoraTxt/etc/filename_illegal.txt
Title Total : 32946/442 (Accept:3/Reject:0/Update:0/Rename:0/Empty:0/Multi txt:0/NPD:3)
Git Failed  : 0
Start: Sat Jan  1 14:35:13 JST 2022
End  : Sat Jan  1 14:35:18 JST 2022

======================================================================
#Extract Aozora Bunko Text Files
#Working folder: /home/level
#Source: ./aozorabunko
#Target: ./AozoraTxt
#Date: Sun Jan  2 10:16:26 JST 2022
#Git pull
From https://github.com/aozorabunko/aozorabunko
   4ce47d09c5..73795d744f  master     -> origin/master
Updating 4ce47d09c5..73795d744f
Fast-forward
 cards/001529/card60756.html                   | 243 +++++++++++++++
 cards/001529/files/60756_74787.html           | 426 ++++++++++++++++++++++++++
 cards/001529/files/60756_ruby_74753.zip       | Bin 0 -> 29654 bytes
 73 files changed, 1035 insertions(+), 322 deletions(-)
Date: Sun Jan  2 10:16:28 JST 2022
#Updating
-rw-r--r-- 1 level level 0 Jan  1 14:35 ./AozoraTxt/etc/update
     1	./aozorabunko/cards/001529/files/60756_ruby_74753.zip
1/1: ./aozorabunko/cards/001529/files/60756_ruby_74753.zip
>> add 60756_ruby_heike_monogatari01.txt
>> add 60756_ruby_utf8_heike_monogatari01.txt
>> https://www.aozora.gr.jp/cards/001529/card60756.html
>> 現代語訳　平家物語、第一巻、尾崎士郎訳
#Creating ./AozoraTxt/etc/filename_illegal.txt
Title Total : 32948/442 (Accept:1/Reject:0/Update:0/Rename:0/Empty:0/Multi txt:0/NPD:0)
Git Failed  : 0
Start: Sun Jan  2 10:16:26 JST 2022
End  : Sun Jan  2 10:16:28 JST 2022

======================================================================
#Extract Aozora Bunko Text Files
#Working folder: /home/level
#Source: ./aozorabunko
#Target: ./AozoraTxt
#Date: Mon Jan  3 13:29:11 JST 2022
#Git pull
From https://github.com/aozorabunko/aozorabunko
   73795d744f..d93213138b  master     -> origin/master
Updating 73795d744f..d93213138b
Fast-forward
 cards/000196/card60669.html                   | 243 ++++++++++++++++++++++++++
 cards/000196/files/60669_74788.html           | 145 +++++++++++++++
 cards/000196/files/60669_ruby_74754.zip       | Bin 0 -> 21297 bytes
 cards/001916/card61171.html                   |   6 +-
 cards/001916/files/61171_74826.html           |   4 +-
 cards/001916/files/61171_ruby_74825.zip       | Bin 11700 -> 11700 bytes
 37 files changed, 621 insertions(+), 239 deletions(-)
Date: Mon Jan  3 13:29:13 JST 2022
#Updating
-rw-r--r-- 1 level level 0 Jan  2 10:16 ./AozoraTxt/etc/update
     1	./aozorabunko/cards/000196/files/60669_ruby_74754.zip
     2	./aozorabunko/cards/001916/files/61171_ruby_74825.zip
1/2: ./aozorabunko/cards/000196/files/60669_ruby_74754.zip
>> add 60669_ruby_gendaigo_yaku_hojoki.txt
>> add 60669_ruby_utf8_gendaigo_yaku_hojoki.txt
>> https://www.aozora.gr.jp/cards/000196/card60669.html
>> 現代語訳　方丈記、鴨長明、佐藤春夫訳
2/2: ./aozorabunko/cards/001916/files/61171_ruby_74825.zip
>> update 61171_NPD_ruby_tetsudomokeino_yoru.txt
>> update 61171_NPD_ruby_utf8_tetsudomokeino_yoru.txt
>> https://www.aozora.gr.jp/cards/001916/card61171.html
>> 鉄道模型の夜、円城塔
#Creating ./AozoraTxt/etc/filename_illegal.txt
Title Total : 32950/442 (Accept:2/Reject:0/Update:1/Rename:0/Empty:0/Multi txt:0/NPD:1)
Git Failed  : 0
Start: Mon Jan  3 13:29:11 JST 2022
End  : Mon Jan  3 13:29:13 JST 2022

======================================================================
#Extract Aozora Bunko Text Files
#Working folder: /home/level
#Source: ./aozorabunko
#Target: ./AozoraTxt
#Date: Tue Jan  4 09:03:34 JST 2022
#Git pull
From https://github.com/aozorabunko/aozorabunko
   d93213138b..1abb91a914  master     -> origin/master
Updating d93213138b..1abb91a914
Fast-forward
 cards/000096/card60727.html                   | 234 ++++++++++++++++++++++++
 cards/000096/files/60727_74789.html           |  75 ++++++++
 cards/000096/files/60727_ruby_74755.zip       | Bin 0 -> 3704 bytes
 cards/001091/card59844.html                   | 247 ++++++++++++++++++++++++++
 cards/001091/files/59844_74790.html           | 156 ++++++++++++++++
 cards/001091/files/59844_ruby_74756.zip       | Bin 0 -> 60013 bytes
 55 files changed, 1216 insertions(+), 511 deletions(-)
Date: Tue Jan  4 09:03:38 JST 2022
#Updating
-rw-r--r-- 1 level level 0 Jan  3 13:29 ./AozoraTxt/etc/update
     1	./aozorabunko/cards/001091/files/59844_ruby_74756.zip
     2	./aozorabunko/cards/000096/files/60727_ruby_74755.zip
1/2: ./aozorabunko/cards/001091/files/59844_ruby_74756.zip
>> add 59844_ruby_rikomonono_eruze.txt
>> add 59844_ruby_utf8_rikomonono_eruze.txt
>> https://www.aozora.gr.jp/cards/001091/card59844.html
>> りこうもののエルゼ、グリム　Grimm、矢崎源九郎訳
2/2: ./aozorabunko/cards/000096/files/60727_ruby_74755.zip
>> add 60727_ruby_kin_ginno_isho.txt
>> add 60727_ruby_utf8_kin_ginno_isho.txt
>> https://www.aozora.gr.jp/cards/000096/card60727.html
>> 金銀の衣裳、夢野久作
#Creating ./AozoraTxt/etc/filename_illegal.txt
Title Total : 32954/442 (Accept:2/Reject:0/Update:0/Rename:0/Empty:0/Multi txt:0/NPD:0)
Git Failed  : 0
Start: Tue Jan  4 09:03:34 JST 2022
End  : Tue Jan  4 09:03:38 JST 2022

======================================================================
#Extract Aozora Bunko Text Files
#Working folder: /home/level
#Source: ./aozorabunko
#Target: ./AozoraTxt
#Date: Wed Jan  5 10:59:06 JST 2022
#Git pull
From https://github.com/aozorabunko/aozorabunko
   1abb91a914..b46ec15f9c  master     -> origin/master
Updating 1abb91a914..b46ec15f9c
Fast-forward
 cards/001801/card59967.html                   |  234 ++
 cards/001801/files/59967_74791.html           |  152 ++
 cards/001801/files/59967_ruby_74757.zip       |  Bin 0 -> 6318 bytes
 54 files changed, 14211 insertions(+), 1549 deletions(-)
Date: Wed Jan  5 10:59:08 JST 2022
#Updating
-rw-r--r-- 1 level level 0 Jan  4 09:03 ./AozoraTxt/etc/update
     1	./aozorabunko/cards/001801/files/59967_ruby_74757.zip
1/1: ./aozorabunko/cards/001801/files/59967_ruby_74757.zip
>> add 59967_ruby_aino_owari.txt
>> add 59967_ruby_utf8_aino_owari.txt
>> https://www.aozora.gr.jp/cards/001801/card59967.html
>> 愛の終り、山川方夫
#Creating ./AozoraTxt/etc/filename_illegal.txt
Title Total : 32956/442 (Accept:1/Reject:0/Update:0/Rename:0/Empty:0/Multi txt:0/NPD:0)
Git Failed  : 0
Start: Wed Jan  5 10:59:06 JST 2022
End  : Wed Jan  5 10:59:08 JST 2022

======================================================================
#Extract Aozora Bunko Text Files
#Working folder: /home/level
#Source: ./aozorabunko
#Target: ./AozoraTxt
#Date: Thu Jan  6 07:41:43 JST 2022
#Git pull
From https://github.com/aozorabunko/aozorabunko
   b46ec15f9c..7297ac2c57  master     -> origin/master
Updating b46ec15f9c..7297ac2c57
Fast-forward
 cards/001529/card60855.html                   | 238 ++++++++++++++++++++++++++
 cards/001529/files/60855_74792.html           |  94 ++++++++++
 cards/001529/files/60855_ruby_74758.zip       | Bin 0 -> 4343 bytes
 80 files changed, 2540 insertions(+), 1980 deletions(-)
Date: Thu Jan  6 07:41:47 JST 2022
#Updating
-rw-r--r-- 1 level level 0 Jan  5 10:59 ./AozoraTxt/etc/update
     1	./aozorabunko/cards/001529/files/60855_ruby_74758.zip
1/1: ./aozorabunko/cards/001529/files/60855_ruby_74758.zip
>> add 60855_ruby_suzanano_monogatari.txt
>> add 60855_ruby_utf8_suzanano_monogatari.txt
>> https://www.aozora.gr.jp/cards/001529/card60855.html
>> スザナの物語、――経典外聖書――、THE HISTORY OF SUSANNA、村崎敏郎訳
#Creating ./AozoraTxt/etc/filename_illegal.txt
Title Total : 32958/442 (Accept:1/Reject:0/Update:0/Rename:0/Empty:0/Multi txt:0/NPD:0)
Git Failed  : 0
Start: Thu Jan  6 07:41:43 JST 2022
End  : Thu Jan  6 07:41:48 JST 2022

======================================================================
#Extract Aozora Bunko Text Files
#Working folder: /home/level
#Source: ./aozorabunko
#Target: ./AozoraTxt
#Date: Fri Jan  7 20:58:11 JST 2022
#Git pull
From https://github.com/aozorabunko/aozorabunko
   7297ac2c57..2816ad5f17  master     -> origin/master
Updating 7297ac2c57..2816ad5f17
Fast-forward
 cards/001869/card57577.html                   | 229 +++++++++++++++++++++
 cards/001869/files/57577_74793.html           | 281 ++++++++++++++++++++++++++
 cards/001869/files/57577_ruby_74759.zip       | Bin 0 -> 13439 bytes
 75 files changed, 1585 insertions(+), 1021 deletions(-)
Date: Fri Jan  7 20:58:15 JST 2022
#Updating
-rw-r--r-- 1 level level 0 Jan  6 07:41 ./AozoraTxt/etc/update
     1	./aozorabunko/cards/001869/files/57577_ruby_74759.zip
1/1: ./aozorabunko/cards/001869/files/57577_ruby_74759.zip
>> add 57577_ruby_kin_gojuryo.txt
>> add 57577_ruby_utf8_kin_gojuryo.txt
>> https://www.aozora.gr.jp/cards/001869/card57577.html
>> 金五十両、山本周五郎
#Creating ./AozoraTxt/etc/filename_illegal.txt
Title Total : 32960/442 (Accept:1/Reject:0/Update:0/Rename:0/Empty:0/Multi txt:0/NPD:0)
Git Failed  : 0
Start: Fri Jan  7 20:58:11 JST 2022
End  : Fri Jan  7 20:58:16 JST 2022

======================================================================
#Extract Aozora Bunko Text Files
#Working folder: /home/level
#Source: ./aozorabunko
#Target: ./AozoraTxt
#Date: Sat Jan  8 09:39:31 JST 2022
#Git pull
From https://github.com/aozorabunko/aozorabunko
   2816ad5f17..78ffad23dd  master     -> origin/master
Updating 2816ad5f17..78ffad23dd
Fast-forward
 cards/001257/card60226.html                   | 238 ++++++++++++++++++++++++++
 cards/001257/files/60226_74794.html           | 104 +++++++++++
 cards/001257/files/60226_ruby_74760.zip       | Bin 0 -> 6596 bytes
 51 files changed, 1654 insertions(+), 1324 deletions(-)
Date: Sat Jan  8 09:39:35 JST 2022
#Updating
-rw-r--r-- 1 level level 0 Jan  7 20:58 ./AozoraTxt/etc/update
     1	./aozorabunko/cards/001257/files/60226_ruby_74760.zip
1/1: ./aozorabunko/cards/001257/files/60226_ruby_74760.zip
>> add 60226_ruby_shoshin.txt
>> add 60226_ruby_utf8_shoshin.txt
>> https://www.aozora.gr.jp/cards/001257/card60226.html
>> 傷心、ワシントン・アーヴィング　Washington Irving、吉田甲子太郎訳
#Creating ./AozoraTxt/etc/filename_illegal.txt
Title Total : 32962/442 (Accept:1/Reject:0/Update:0/Rename:0/Empty:0/Multi txt:0/NPD:0)
Git Failed  : 0
Start: Sat Jan  8 09:39:31 JST 2022
End  : Sat Jan  8 09:39:35 JST 2022

======================================================================
#Extract Aozora Bunko Text Files
#Working folder: /home/level
#Source: ./aozorabunko
#Target: ./AozoraTxt
#Date: Sun Jan  9 09:29:34 JST 2022
#Git pull
From https://github.com/aozorabunko/aozorabunko
   78ffad23dd..cb0ba660b4  master     -> origin/master
Updating 78ffad23dd..cb0ba660b4
Fast-forward
 cards/001569/card59761.html                   | 229 ++++++++++++++++++++++++++
 cards/001569/files/59761_74795.html           |  94 +++++++++++
 cards/001569/files/59761_ruby_74761.zip       | Bin 0 -> 4448 bytes
 52 files changed, 1704 insertions(+), 1321 deletions(-)
Date: Sun Jan  9 09:29:41 JST 2022
#Updating
-rw-r--r-- 1 level level 0 Jan  8 09:39 ./AozoraTxt/etc/update
     1	./aozorabunko/cards/001569/files/59761_ruby_74761.zip
1/1: ./aozorabunko/cards/001569/files/59761_ruby_74761.zip
>> add 59761_ruby_asueno_wadai.txt
>> add 59761_ruby_utf8_asueno_wadai.txt
>> https://www.aozora.gr.jp/cards/001569/card59761.html
>> あすへの話題、中谷宇吉郎
#Creating ./AozoraTxt/etc/filename_illegal.txt
Title Total : 32964/442 (Accept:1/Reject:0/Update:0/Rename:0/Empty:0/Multi txt:0/NPD:0)
Git Failed  : 0
Start: Sun Jan  9 09:29:34 JST 2022
End  : Sun Jan  9 09:29:41 JST 2022

======================================================================
#Extract Aozora Bunko Text Files
#Working folder: /home/level
#Source: ./aozorabunko
#Target: ./AozoraTxt
#Date: Mon Jan 10 10:25:48 JST 2022
#Git pull
From https://github.com/aozorabunko/aozorabunko
   cb0ba660b4..5616d5a71c  master     -> origin/master
Updating cb0ba660b4..5616d5a71c
Fast-forward
 cards/000182/card946.html                     |  22 +-
 cards/000182/files/946_74853.html             | 649 ++++++++++++++++++++++++++
 cards/000182/files/946_ruby_4400.zip          | Bin 0 -> 95506 bytes
 cards/001475/card53130.html                   | 234 ++++++++++
 cards/001475/files/53130_74796.html           |  97 ++++
 cards/001475/files/53130_ruby_74762.zip       | Bin 0 -> 3751 bytes
 90 files changed, 2835 insertions(+), 1828 deletions(-)
Date: Mon Jan 10 10:25:55 JST 2022
#Updating
-rw-r--r-- 1 level level 0 Jan  9 09:29 ./AozoraTxt/etc/update
     1	./aozorabunko/cards/001475/files/53130_ruby_74762.zip
     2	./aozorabunko/cards/000182/files/946_ruby_4400.zip
1/2: ./aozorabunko/cards/001475/files/53130_ruby_74762.zip
>> add 53130_ruby_shojoga_konakattara.txt
>> add 53130_ruby_utf8_shojoga_konakattara.txt
>> https://www.aozora.gr.jp/cards/001475/card53130.html
>> 少女がこなかったら、小川未明
2/2: ./aozorabunko/cards/000182/files/946_ruby_4400.zip
>> git-mv 946_ruby_zennokenkyuu_ruby.txt 946_ruby_zenno_kenkyu.txt
>> git-mv 946_ruby_utf8_zennokenkyuu_ruby.txt 946_ruby_utf8_zenno_kenkyu.txt
>> https://www.aozora.gr.jp/cards/000182/card946.html
>> 善の研究、西田幾多郎
#Creating ./AozoraTxt/etc/filename_illegal.txt
Title Total : 32966/442 (Accept:2/Reject:0/Update:0/Rename:2/Empty:0/Multi txt:0/NPD:0)
Git Failed  : 0
Start: Mon Jan 10 10:25:48 JST 2022
End  : Mon Jan 10 10:25:55 JST 2022

======================================================================
#Extract Aozora Bunko Text Files
#Working folder: /home/level
#Source: ./aozorabunko
#Target: ./AozoraTxt
#Date: Wed Jan 12 08:13:23 JST 2022
#Git pull
From https://github.com/aozorabunko/aozorabunko
   5616d5a71c..d522566da0  master     -> origin/master
Updating 5616d5a71c..d522566da0
Fast-forward
 cards/000214/card48942.html                   | 243 ++++++++++++++++++++++++++
 cards/000214/files/48942_74797.html           | 155 ++++++++++++++++
 cards/000214/files/48942_ruby_74763.zip       | Bin 0 -> 4910 bytes
 cards/000326/card59616.html                   | 243 ++++++++++++++++++++++++++
 cards/000326/files/59616_74798.html           | 148 ++++++++++++++++
 cards/000326/files/59616_ruby_74764.zip       | Bin 0 -> 8068 bytes
 77 files changed, 2613 insertions(+), 1786 deletions(-)
Date: Wed Jan 12 08:13:26 JST 2022
#Updating
-rw-r--r-- 1 level level 0 Jan 10 10:25 ./AozoraTxt/etc/update
     1	./aozorabunko/cards/000326/files/59616_ruby_74764.zip
     2	./aozorabunko/cards/000214/files/48942_ruby_74763.zip
1/2: ./aozorabunko/cards/000326/files/59616_ruby_74764.zip
>> add 59616_ruby_jojo_shakuryo.txt
>> add 59616_ruby_utf8_jojo_shakuryo.txt
>> https://www.aozora.gr.jp/cards/000326/card59616.html
>> 情状酌量、モーリス・ルヴェル　Maurice Level、田中早苗訳
2/2: ./aozorabunko/cards/000214/files/48942_ruby_74763.zip
>> add 48942_ruby_nono_hanao.txt
>> add 48942_ruby_utf8_nono_hanao.txt
>> https://www.aozora.gr.jp/cards/000214/card48942.html
>> 野の花を、田山録弥
#Creating ./AozoraTxt/etc/filename_illegal.txt
Title Total : 32970/442 (Accept:2/Reject:0/Update:0/Rename:0/Empty:0/Multi txt:0/NPD:0)
Git Failed  : 0
Start: Wed Jan 12 08:13:23 JST 2022
End  : Wed Jan 12 08:13:28 JST 2022

======================================================================
#Extract Aozora Bunko Text Files
#Working folder: /home/level
#Source: ./aozorabunko
#Target: ./AozoraTxt
#Date: Thu Jan 13 18:14:56 JST 2022
#Git pull
From https://github.com/aozorabunko/aozorabunko
   d522566da0..bdbd31d2f7  master     -> origin/master
Updating d522566da0..bdbd31d2f7
Fast-forward
 cards/000042/card61019.html                   | 234 ++++++++++++++++++++++++++
 cards/000042/files/61019_74799.html           |  67 ++++++++
 cards/000042/files/61019_ruby_74765.zip       | Bin 0 -> 3224 bytes
 65 files changed, 1582 insertions(+), 1164 deletions(-)
Date: Thu Jan 13 18:14:59 JST 2022
#Updating
-rw-r--r-- 1 level level 0 Jan 12 08:13 ./AozoraTxt/etc/update
     1	./aozorabunko/cards/000042/files/61019_ruby_74765.zip
1/1: ./aozorabunko/cards/000042/files/61019_ruby_74765.zip
>> add 61019_ruby_musen_denshinno_kinjo.txt
>> add 61019_ruby_utf8_musen_denshinno_kinjo.txt
>> https://www.aozora.gr.jp/cards/000042/card61019.html
>> 無線電信の近状、寺田寅彦
#Creating ./AozoraTxt/etc/filename_illegal.txt
Title Total : 32972/442 (Accept:1/Reject:0/Update:0/Rename:0/Empty:0/Multi txt:0/NPD:0)
Git Failed  : 0
Start: Thu Jan 13 18:14:56 JST 2022
End  : Thu Jan 13 18:15:00 JST 2022

======================================================================
#Extract Aozora Bunko Text Files
#Working folder: /home/level
#Source: ./aozorabunko
#Target: ./AozoraTxt
#Date: Fri Jan 14 21:38:55 JST 2022
#Git pull
From https://github.com/aozorabunko/aozorabunko
   bdbd31d2f7..872ab7fa51  master     -> origin/master
Updating bdbd31d2f7..872ab7fa51
Fast-forward
 cards/002043/card61302.html                   | 232 +++++++++++++++++++++++++
 cards/002043/files/61302_74822.html           | 240 ++++++++++++++++++++++++++
 cards/002043/files/61302_ruby_74821.zip       | Bin 0 -> 2283663 bytes
 58 files changed, 1684 insertions(+), 1182 deletions(-)
Date: Fri Jan 14 21:38:57 JST 2022
#Updating
-rw-r--r-- 1 level level 0 Jan 13 18:15 ./AozoraTxt/etc/update
     1	./aozorabunko/cards/002043/files/61302_ruby_74821.zip
1/1: ./aozorabunko/cards/002043/files/61302_ruby_74821.zip
>> add 61302_NPD_ruby_akuno_teio_07.txt
>> add 61302_NPD_ruby_utf8_akuno_teio_07.txt
>> https://www.aozora.gr.jp/cards/002043/card61302.html
>> 悪の帝王、THE MASTER CRIMINAL、第七話　大統領死す、VII. THE DEATH OF THE PRESIDENT、フレッド・Ｍ・ホワイト　Fred M. White、奥増夫訳
#Creating ./AozoraTxt/etc/filename_illegal.txt
Title Total : 32972/444 (Accept:1/Reject:0/Update:0/Rename:0/Empty:0/Multi txt:0/NPD:1)
Git Failed  : 0
Start: Fri Jan 14 21:38:55 JST 2022
End  : Fri Jan 14 21:38:57 JST 2022

======================================================================
#Extract Aozora Bunko Text Files
#Working folder: /home/level
#Source: ./aozorabunko
#Target: ./AozoraTxt
#Date: Tue Jan 18 22:14:25 JST 2022
#Git pull
From https://github.com/aozorabunko/aozorabunko
   872ab7fa51..2c63f66b18  master     -> origin/master
Updating 872ab7fa51..2c63f66b18
Fast-forward
 cards/000076/card58345.html                   | 234 ++++++++++++++++++++++
 cards/000076/files/58345_74804.html           |  99 ++++++++++
 cards/000076/files/58345_ruby_74770.zip       | Bin 0 -> 2597 bytes
 cards/000169/card52168.html                   | 234 ++++++++++++++++++++++
 cards/000169/card52171.html                   | 234 ++++++++++++++++++++++
 cards/000169/files/52168_74802.html           |  80 ++++++++
 cards/000169/files/52168_txt_74768.zip        | Bin 0 -> 1398 bytes
 cards/000169/files/52171_74803.html           |  64 ++++++
 cards/000169/files/52171_ruby_74769.zip       | Bin 0 -> 1170 bytes
 cards/001299/card60879.html                   | 231 ++++++++++++++++++++++
 cards/001299/card60881.html                   | 231 ++++++++++++++++++++++
 cards/001299/files/60879_74121.html           |  98 ++++++++++
 cards/001299/files/60879_ruby_74120.zip       | Bin 0 -> 5046 bytes
 cards/001299/files/60881_74123.html           |  87 +++++++++
 cards/001299/files/60881_ruby_74122.zip       | Bin 0 -> 5276 bytes
 cards/001341/card60613.html                   | 234 ++++++++++++++++++++++
 cards/001341/files/60613_74800.html           | 117 +++++++++++
 cards/001341/files/60613_ruby_74766.zip       | Bin 0 -> 7599 bytes
 cards/001869/card57699.html                   | 229 ++++++++++++++++++++++
 cards/001869/files/57699_74801.html           | 269 ++++++++++++++++++++++++++
 cards/001869/files/57699_ruby_74767.zip       | Bin 0 -> 22927 bytes
 179 files changed, 5922 insertions(+), 3334 deletions(-)
Date: Tue Jan 18 22:14:29 JST 2022
#Updating
-rw-r--r-- 1 level level 0 Jan 14 21:38 ./AozoraTxt/etc/update
     1	./aozorabunko/cards/001341/files/60613_ruby_74766.zip
     2	./aozorabunko/cards/000169/files/52171_ruby_74769.zip
     3	./aozorabunko/cards/000169/files/52168_txt_74768.zip
     4	./aozorabunko/cards/001299/files/60879_ruby_74120.zip
     5	./aozorabunko/cards/001299/files/60881_ruby_74122.zip
     6	./aozorabunko/cards/000076/files/58345_ruby_74770.zip
     7	./aozorabunko/cards/001869/files/57699_ruby_74767.zip
1/7: ./aozorabunko/cards/001341/files/60613_ruby_74766.zip
>> add 60613_ruby_aru_yoru.txt
>> add 60613_ruby_utf8_aru_yoru.txt
>> https://www.aozora.gr.jp/cards/001341/card60613.html
>> 或夜、永井荷風
2/7: ./aozorabunko/cards/000169/files/52171_ruby_74769.zip
>> add 52171_ruby_yottsuno_dotoku.txt
>> add 52171_ruby_utf8_yottsuno_dotoku.txt
>> https://www.aozora.gr.jp/cards/000169/card52171.html
>> 四つの道徳、大杉栄
3/7: ./aozorabunko/cards/000169/files/52168_txt_74768.zip
>> add 52168_txt_naniga_atarashiindai.txt
>> add 52168_txt_utf8_naniga_atarashiindai.txt
>> https://www.aozora.gr.jp/cards/000169/card52168.html
>> 何が新しいんだい、大杉栄
4/7: ./aozorabunko/cards/001299/files/60879_ruby_74120.zip
>> add 60879_NPD_ruby_nagahano_onibaba.txt
>> add 60879_NPD_ruby_utf8_nagahano_onibaba.txt
>> https://www.aozora.gr.jp/cards/001299/card60879.html
>> 長歯の鬼婆、THE HAGS OF THE LONG TEETH、ダグラス・ハイド　Douglas Hyde、館野浩美訳
5/7: ./aozorabunko/cards/001299/files/60881_ruby_74122.zip
>> add 60881_NPD_ruby_neilocarree.txt
>> add 60881_NPD_ruby_utf8_neilocarree.txt
>> https://www.aozora.gr.jp/cards/001299/card60881.html
>> ニール・オキャリー、NEIL O’CARREE、ダグラス・ハイド　Douglas Hyde、館野浩美訳
6/7: ./aozorabunko/cards/000076/files/58345_ruby_74770.zip
>> add 58345_ruby_operano_kito.txt
>> add 58345_ruby_utf8_operano_kito.txt
>> https://www.aozora.gr.jp/cards/000076/card58345.html
>> オペラの帰途、岡本かの子
7/7: ./aozorabunko/cards/001869/files/57699_ruby_74767.zip
>> add 57699_ruby_nowaki.txt
>> add 57699_ruby_utf8_nowaki.txt
>> https://www.aozora.gr.jp/cards/001869/card57699.html
>> 野分、山本周五郎
#Creating ./AozoraTxt/etc/filename_illegal.txt
Title Total : 32982/448 (Accept:7/Reject:0/Update:0/Rename:0/Empty:0/Multi txt:0/NPD:2)
Git Failed  : 0
Start: Tue Jan 18 22:14:25 JST 2022
End  : Tue Jan 18 22:14:30 JST 2022

======================================================================
#Extract Aozora Bunko Text Files
#Working folder: /home/level
#Source: ./aozorabunko
#Target: ./AozoraTxt
#Date: Fri Jan 21 16:46:01 JST 2022
#Git pull
From https://github.com/aozorabunko/aozorabunko
   2c63f66b18..d96e481374  master     -> origin/master
Updating 2c63f66b18..d96e481374
Fast-forward
 cards/000137/card60898.html                   | 234 +++++++++++++++++++++++++
 cards/000137/card60900.html                   | 234 +++++++++++++++++++++++++
 cards/000137/files/60898_74806.html           |  75 ++++++++
 cards/000137/files/60898_ruby_74772.zip       | Bin 0 -> 1085 bytes
 cards/000137/files/60900_74807.html           |  75 ++++++++
 cards/000137/files/60900_ruby_74773.zip       | Bin 0 -> 1067 bytes
 cards/000326/card59617.html                   | 243 ++++++++++++++++++++++++++
 cards/000326/files/59617_74805.html           | 146 ++++++++++++++++
 cards/000326/files/59617_ruby_74771.zip       | Bin 0 -> 6085 bytes
 cards/000416/card57054.html                   | 234 +++++++++++++++++++++++++
 cards/000416/card57122.html                   | 234 +++++++++++++++++++++++++
 cards/000416/files/57054_74808.html           |  68 +++++++
 cards/000416/files/57054_ruby_74774.zip       | Bin 0 -> 1643 bytes
 cards/000416/files/57122_74809.html           |  67 +++++++
 cards/000416/files/57122_ruby_74775.zip       | Bin 0 -> 1604 bytes
 cards/001095/card42625.html                   |  10 +-
 cards/001095/files/42625_21289.html           |  36 ++--
 cards/001095/files/42625_ruby_21261.zip       | Bin 22953 -> 22926 bytes
 guide/aozora_bunko_faq.html                   |   4 +-
 119 files changed, 4208 insertions(+), 2613 deletions(-)
Date: Fri Jan 21 16:46:06 JST 2022
#Updating
-rw-r--r-- 1 level level 0 Jan 18 22:14 ./AozoraTxt/etc/update
     1	./aozorabunko/cards/000326/files/59617_ruby_74771.zip
     2	./aozorabunko/cards/000416/files/57122_ruby_74775.zip
     3	./aozorabunko/cards/000416/files/57054_ruby_74774.zip
     4	./aozorabunko/cards/001095/files/42625_ruby_21261.zip
     5	./aozorabunko/cards/000137/files/60900_ruby_74773.zip
     6	./aozorabunko/cards/000137/files/60898_ruby_74772.zip
1/6: ./aozorabunko/cards/000326/files/59617_ruby_74771.zip
>> add 59617_ruby_chiisaki_mono.txt
>> add 59617_ruby_utf8_chiisaki_mono.txt
>> https://www.aozora.gr.jp/cards/000326/card59617.html
>> 小さきもの、モーリス・ルヴェル　Maurice Level、田中早苗訳
2/6: ./aozorabunko/cards/000416/files/57122_ruby_74775.zip
>> add 57122_ruby_fufugenkano_kokato_sekininno_shozai.txt
>> add 57122_ruby_utf8_fufugenkano_kokato_sekininno_shozai.txt
>> https://www.aozora.gr.jp/cards/000416/card57122.html
>> 夫婦喧嘩の功過と責任の所在（アンケート回答）、伊藤野枝
3/6: ./aozorabunko/cards/000416/files/57054_ruby_74774.zip
>> add 57054_ruby_gendaito_fujinno_saikatsu_joni_kaete.txt
>> add 57054_ruby_utf8_gendaito_fujinno_saikatsu_joni_kaete.txt
>> https://www.aozora.gr.jp/cards/000416/card57054.html
>> 「現代と婦人の生活」序に代へて、伊藤野枝
4/6: ./aozorabunko/cards/001095/files/42625_ruby_21261.zip
>> update 42625_ruby_nihon_bunka_shikan.txt
>> update 42625_ruby_utf8_nihon_bunka_shikan.txt
>> https://www.aozora.gr.jp/cards/001095/card42625.html
>> 日本文化私観、坂口安吾
5/6: ./aozorabunko/cards/000137/files/60900_ruby_74773.zip
>> add 60900_ruby_mitama_ubuya.txt
>> add 60900_ruby_utf8_mitama_ubuya.txt
>> https://www.aozora.gr.jp/cards/000137/card60900.html
>> 御霊うぶや、岩野泡鳴
6/6: ./aozorabunko/cards/000137/files/60898_ruby_74772.zip
>> add 60898_ruby_kuroki_subune.txt
>> add 60898_ruby_utf8_kuroki_subune.txt
>> https://www.aozora.gr.jp/cards/000137/card60898.html
>> 黒き素船、岩野泡鳴
#Creating ./AozoraTxt/etc/filename_illegal.txt
Title Total : 32992/448 (Accept:6/Reject:0/Update:1/Rename:0/Empty:0/Multi txt:0/NPD:0)
Git Failed  : 0
Start: Fri Jan 21 16:46:01 JST 2022
End  : Fri Jan 21 16:46:07 JST 2022
