
======================================================================
#Extract Aozora Bunko Text Files
#Working folder: /home/level
#Source: ./aozorabunko
#Target: ./AozoraTxt
#Date: Thu Dec  1 08:17:19 JST 2022
#Git pull
From https://github.com/aozorabunko/aozorabunko
   9dabd9fbaf..b5161262fb  master     -> origin/master
Updating 9dabd9fbaf..b5161262fb
Fast-forward
 cards/001869/card58865.html                   | 229 +++++++++++++++++++++
 cards/001869/files/58865_76749.html           | 275 ++++++++++++++++++++++++++
 cards/001869/files/58865_ruby_76713.zip       | Bin 0 -> 10362 bytes
 56 files changed, 1627 insertions(+), 814 deletions(-)
Date: Thu Dec  1 08:17:23 JST 2022
#Updating
-rw-r--r-- 1 level level 0 Nov 30 21:53 ./AozoraTxt/etc/update
     1	./aozorabunko/cards/001869/files/58865_ruby_76713.zip
1/1: ./aozorabunko/cards/001869/files/58865_ruby_76713.zip
>> add 58865_ruby_danmari_denku.txt
>> add 58865_ruby_utf8_danmari_denku.txt
>> https://www.aozora.gr.jp/cards/001869/card58865.html
>> だんまり伝九、山本周五郎
#Creating ./AozoraTxt/etc/filename_illegal.txt
Title Total : 33698/482 (Accept:1/Reject:0/Update:0/Rename:0/Empty:0/Multi txt:0/NPD:0)
Git Failed  : 0
Start: Thu Dec  1 08:17:19 JST 2022
End  : Thu Dec  1 08:17:25 JST 2022
