
======================================================================
#Extract Aozora Bunko Text Files
#Working folder: /home/level
#Source: ./aozorabunko
#Target: ./AozoraTxt
#Date: Fri Jul  1 07:34:39 JST 2022
#Git pull
From https://github.com/aozorabunko/aozorabunko
   81ccbcd419..e3dbb1acfe  master     -> origin/master
Updating 81ccbcd419..e3dbb1acfe
Fast-forward
 cards/002176/card60788.html                   | 243 ++++++++++++++++++++++++++
 cards/002176/files/60788_75889.html           | 135 ++++++++++++++
 cards/002176/files/60788_txt_75924.zip        | Bin 0 -> 26291 bytes
 35 files changed, 743 insertions(+), 341 deletions(-)
Date: Fri Jul  1 07:34:42 JST 2022
#Updating
-rw-r--r-- 1 level level 0 Jun 30 19:08 ./AozoraTxt/etc/update
     1	./aozorabunko/cards/002176/files/60788_txt_75924.zip
1/1: ./aozorabunko/cards/002176/files/60788_txt_75924.zip
>> add 60788_txt_miyoshi_jitsuroku_monogatari.txt
>> add 60788_txt_utf8_miyoshi_jitsuroku_monogatari.txt
>> https://www.aozora.gr.jp/cards/002176/card60788.html
>> 三次実録物語、稲生武大夫
#Creating ./AozoraTxt/etc/filename_illegal.txt
Title Total : 33350/468 (Accept:1/Reject:0/Update:0/Rename:0/Empty:0/Multi txt:0/NPD:0)
Git Failed  : 0
Start: Fri Jul  1 07:34:39 JST 2022
End  : Fri Jul  1 07:34:43 JST 2022
